[1.186s] Invoking command in '/home/a/experiment-AI/toTransfer/WebotsSimulations/ros2_ws/src/client': PYTHONPATH=/home/a/experiment-AI/toTransfer/WebotsSimulations/ros2_ws/build/client/prefix_override:/home/a/experiment-AI/toTransfer/WebotsSimulations/ros2_ws/install/client/lib/python3.8/site-packages:${PYTHONPATH} /usr/bin/python3 setup.py egg_info --egg-base ../../build/client build --build-base /home/a/experiment-AI/toTransfer/WebotsSimulations/ros2_ws/build/client/build install --record /home/a/experiment-AI/toTransfer/WebotsSimulations/ros2_ws/build/client/install.log --install-scripts $base/lib/client --single-version-externally-managed
[1.429s] running egg_info
[1.429s] creating ../../build/client/client.egg-info
[1.429s] writing ../../build/client/client.egg-info/PKG-INFO
[1.429s] writing dependency_links to ../../build/client/client.egg-info/dependency_links.txt
[1.430s] writing entry points to ../../build/client/client.egg-info/entry_points.txt
[1.430s] writing requirements to ../../build/client/client.egg-info/requires.txt
[1.430s] writing top-level names to ../../build/client/client.egg-info/top_level.txt
[1.431s] writing manifest file '../../build/client/client.egg-info/SOURCES.txt'
[1.469s] reading manifest file '../../build/client/client.egg-info/SOURCES.txt'
[1.470s] writing manifest file '../../build/client/client.egg-info/SOURCES.txt'
[1.470s] running build
[1.470s] running build_py
[1.470s] creating /home/a/experiment-AI/toTransfer/WebotsSimulations/ros2_ws/build/client/build
[1.470s] creating /home/a/experiment-AI/toTransfer/WebotsSimulations/ros2_ws/build/client/build/lib
[1.471s] creating /home/a/experiment-AI/toTransfer/WebotsSimulations/ros2_ws/build/client/build/lib/client
[1.471s] copying client/app.py -> /home/a/experiment-AI/toTransfer/WebotsSimulations/ros2_ws/build/client/build/lib/client
[1.471s] copying client/__init__.py -> /home/a/experiment-AI/toTransfer/WebotsSimulations/ros2_ws/build/client/build/lib/client
[1.471s] copying client/client_node.py -> /home/a/experiment-AI/toTransfer/WebotsSimulations/ros2_ws/build/client/build/lib/client
[1.471s] running install
[1.471s] running install_lib
[1.472s] creating /home/a/experiment-AI/toTransfer/WebotsSimulations/ros2_ws/install/client/lib/python3.8/site-packages/client
[1.473s] copying /home/a/experiment-AI/toTransfer/WebotsSimulations/ros2_ws/build/client/build/lib/client/app.py -> /home/a/experiment-AI/toTransfer/WebotsSimulations/ros2_ws/install/client/lib/python3.8/site-packages/client
[1.473s] copying /home/a/experiment-AI/toTransfer/WebotsSimulations/ros2_ws/build/client/build/lib/client/__init__.py -> /home/a/experiment-AI/toTransfer/WebotsSimulations/ros2_ws/install/client/lib/python3.8/site-packages/client
[1.473s] copying /home/a/experiment-AI/toTransfer/WebotsSimulations/ros2_ws/build/client/build/lib/client/client_node.py -> /home/a/experiment-AI/toTransfer/WebotsSimulations/ros2_ws/install/client/lib/python3.8/site-packages/client
[1.473s] byte-compiling /home/a/experiment-AI/toTransfer/WebotsSimulations/ros2_ws/install/client/lib/python3.8/site-packages/client/app.py to app.cpython-38.pyc
[1.475s] byte-compiling /home/a/experiment-AI/toTransfer/WebotsSimulations/ros2_ws/install/client/lib/python3.8/site-packages/client/__init__.py to __init__.cpython-38.pyc
[1.475s] byte-compiling /home/a/experiment-AI/toTransfer/WebotsSimulations/ros2_ws/install/client/lib/python3.8/site-packages/client/client_node.py to client_node.cpython-38.pyc
[1.476s] running install_data
[1.476s] creating /home/a/experiment-AI/toTransfer/WebotsSimulations/ros2_ws/install/client/share/ament_index
[1.476s] creating /home/a/experiment-AI/toTransfer/WebotsSimulations/ros2_ws/install/client/share/ament_index/resource_index
[1.477s] creating /home/a/experiment-AI/toTransfer/WebotsSimulations/ros2_ws/install/client/share/ament_index/resource_index/packages
[1.477s] copying resource/client -> /home/a/experiment-AI/toTransfer/WebotsSimulations/ros2_ws/install/client/share/ament_index/resource_index/packages
[1.477s] creating /home/a/experiment-AI/toTransfer/WebotsSimulations/ros2_ws/install/client/share/client/launch
[1.477s] copying launch/client_launch.py -> /home/a/experiment-AI/toTransfer/WebotsSimulations/ros2_ws/install/client/share/client/launch
[1.477s] copying package.xml -> /home/a/experiment-AI/toTransfer/WebotsSimulations/ros2_ws/install/client/share/client
[1.477s] running install_egg_info
[1.478s] Copying ../../build/client/client.egg-info to /home/a/experiment-AI/toTransfer/WebotsSimulations/ros2_ws/install/client/lib/python3.8/site-packages/client-0.0.0-py3.8.egg-info
[1.479s] running install_scripts
[1.499s] Installing app script to /home/a/experiment-AI/toTransfer/WebotsSimulations/ros2_ws/install/client/lib/client
[1.500s] Installing client_node script to /home/a/experiment-AI/toTransfer/WebotsSimulations/ros2_ws/install/client/lib/client
[1.501s] writing list of installed files to '/home/a/experiment-AI/toTransfer/WebotsSimulations/ros2_ws/build/client/install.log'
[1.524s] Invoked command in '/home/a/experiment-AI/toTransfer/WebotsSimulations/ros2_ws/src/client' returned '0': PYTHONPATH=/home/a/experiment-AI/toTransfer/WebotsSimulations/ros2_ws/build/client/prefix_override:/home/a/experiment-AI/toTransfer/WebotsSimulations/ros2_ws/install/client/lib/python3.8/site-packages:${PYTHONPATH} /usr/bin/python3 setup.py egg_info --egg-base ../../build/client build --build-base /home/a/experiment-AI/toTransfer/WebotsSimulations/ros2_ws/build/client/build install --record /home/a/experiment-AI/toTransfer/WebotsSimulations/ros2_ws/build/client/install.log --install-scripts $base/lib/client --single-version-externally-managed
