[0.541s] Invoking command in '/home/a/experiment-AI/toTransfer/WebotsSimulations/ros2_ws/build/rplidar_ros': CMAKE_PREFIX_PATH=/opt/ros/foxy /usr/bin/cmake /home/a/experiment-AI/toTransfer/WebotsSimulations/ros2_ws/src/rplidar_ros2-ros2 -DCMAKE_INSTALL_PREFIX=/home/a/experiment-AI/toTransfer/WebotsSimulations/ros2_ws/install/rplidar_ros
[0.753s] -- The C compiler identification is GNU 9.4.0
[0.754s] -- The CXX compiler identification is GNU 9.4.0
[0.755s] -- Check for working C compiler: /usr/bin/cc
[0.756s] -- Check for working C compiler: /usr/bin/cc -- works
[0.757s] -- Detecting C compiler ABI info
[0.757s] -- Detecting C compiler ABI info - done
[0.757s] -- Detecting C compile features
[0.758s] -- Detecting C compile features - done
[0.758s] -- Check for working CXX compiler: /usr/bin/c++
[0.820s] -- Check for working CXX compiler: /usr/bin/c++ -- works
[0.822s] -- Detecting CXX compiler ABI info
[0.903s] -- Detecting CXX compiler ABI info - done
[0.915s] -- Detecting CXX compile features
[0.916s] -- Detecting CXX compile features - done
[0.918s] -- Found ament_cmake_auto: 0.9.11 (/opt/ros/foxy/share/ament_cmake_auto/cmake)
[0.944s] -- Found PythonInterp: /usr/bin/python3 (found suitable version "3.8.10", minimum required is "3") 
[0.945s] -- Using PYTHON_EXECUTABLE: /usr/bin/python3
[1.182s] -- Found ament_cmake_ros: 0.9.2 (/opt/ros/foxy/share/ament_cmake_ros/cmake)
[1.329s] -- Using all available rosidl_typesupport_c: rosidl_typesupport_fastrtps_c;rosidl_typesupport_introspection_c
[1.339s] -- Found rosidl_adapter: 1.3.0 (/opt/ros/foxy/share/rosidl_adapter/cmake)
[1.415s] -- Found OpenSSL: /usr/lib/x86_64-linux-gnu/libcrypto.so (found version "1.1.1f")  
[1.447s] -- Found FastRTPS: /opt/ros/foxy/include  
[1.538s] -- Using all available rosidl_typesupport_cpp: rosidl_typesupport_fastrtps_cpp;rosidl_typesupport_introspection_cpp
[1.599s] -- Found rmw_implementation_cmake: 1.0.3 (/opt/ros/foxy/share/rmw_implementation_cmake/cmake)
[1.601s] -- Using RMW implementation 'rmw_fastrtps_cpp' as default
[1.603s] -- Looking for pthread.h
[1.665s] -- Looking for pthread.h - found
[1.665s] -- Performing Test CMAKE_HAVE_LIBC_PTHREAD
[1.725s] -- Performing Test CMAKE_HAVE_LIBC_PTHREAD - Failed
[1.725s] -- Looking for pthread_create in pthreads
[1.782s] -- Looking for pthread_create in pthreads - not found
[1.782s] -- Looking for pthread_create in pthread
[1.833s] -- Looking for pthread_create in pthread - found
[1.834s] -- Found Threads: TRUE  
[2.195s] -- Configuring done
[2.218s] -- Generating done
[2.220s] -- Build files have been written to: /home/a/experiment-AI/toTransfer/WebotsSimulations/ros2_ws/build/rplidar_ros
[2.227s] Invoked command in '/home/a/experiment-AI/toTransfer/WebotsSimulations/ros2_ws/build/rplidar_ros' returned '0': CMAKE_PREFIX_PATH=/opt/ros/foxy /usr/bin/cmake /home/a/experiment-AI/toTransfer/WebotsSimulations/ros2_ws/src/rplidar_ros2-ros2 -DCMAKE_INSTALL_PREFIX=/home/a/experiment-AI/toTransfer/WebotsSimulations/ros2_ws/install/rplidar_ros
[2.230s] Invoking command in '/home/a/experiment-AI/toTransfer/WebotsSimulations/ros2_ws/build/rplidar_ros': CMAKE_PREFIX_PATH=/opt/ros/foxy /usr/bin/cmake --build /home/a/experiment-AI/toTransfer/WebotsSimulations/ros2_ws/build/rplidar_ros -- -j16 -l16
[2.263s] [35m[1mScanning dependencies of target rplidarNodeClient[0m
[2.263s] [35m[1mScanning dependencies of target rplidar_composition_node[0m
[2.264s] [35m[1mScanning dependencies of target rplidarNode[0m
[2.348s] [  5%] [32mBuilding CXX object CMakeFiles/rplidarNode.dir/src/node.cpp.o[0m
[2.349s] [ 11%] [32mBuilding CXX object CMakeFiles/rplidarNode.dir/sdk/src/arch/linux/net_serial.cpp.o[0m
[2.349s] [ 16%] [32mBuilding CXX object CMakeFiles/rplidarNode.dir/sdk/src/arch/linux/net_socket.cpp.o[0m
[2.350s] [ 27%] [32mBuilding CXX object CMakeFiles/rplidarNode.dir/sdk/src/arch/linux/timer.cpp.o[0m
[2.350s] [ 27%] [32mBuilding CXX object CMakeFiles/rplidarNode.dir/sdk/src/hal/thread.cpp.o[0m
[2.358s] [ 33%] [32mBuilding CXX object CMakeFiles/rplidar_composition_node.dir/sdk/src/arch/linux/net_serial.cpp.o[0m
[2.360s] [ 38%] [32mBuilding CXX object CMakeFiles/rplidar_composition_node.dir/src/rplidar_node.cpp.o[0m
[2.360s] [ 44%] [32mBuilding CXX object CMakeFiles/rplidar_composition_node.dir/sdk/src/arch/linux/timer.cpp.o[0m
[2.360s] [ 50%] [32mBuilding CXX object CMakeFiles/rplidar_composition_node.dir/sdk/src/arch/linux/net_socket.cpp.o[0m
[2.361s] [ 55%] [32mBuilding CXX object CMakeFiles/rplidar_composition_node.dir/sdk/src/hal/thread.cpp.o[0m
[2.362s] [ 61%] [32mBuilding CXX object CMakeFiles/rplidarNode.dir/sdk/src/rplidar_driver.cpp.o[0m
[2.363s] [ 66%] [32mBuilding CXX object CMakeFiles/rplidarNodeClient.dir/src/client.cpp.o[0m
[2.372s] [ 72%] [32mBuilding CXX object CMakeFiles/rplidar_composition_node.dir/sdk/src/rplidar_driver.cpp.o[0m
[2.727s] [01m[K/home/a/experiment-AI/toTransfer/WebotsSimulations/ros2_ws/src/rplidar_ros2-ros2/src/node.cpp:51:[m[K [01;35m[Kwarning: [m[K"M_PI" redefined
[2.727s]    51 | #define M_PI 3.1415926535897932384626433832795
[2.727s]       | 
[2.741s] In file included from [01m[K/usr/include/c++/9/cmath:45[m[K,
[2.741s]                  from [01m[K/opt/ros/foxy/include/libstatistics_collector/moving_average_statistics/types.hpp:18[m[K,
[2.741s]                  from [01m[K/opt/ros/foxy/include/libstatistics_collector/collector/generate_statistics_message.hpp:24[m[K,
[2.742s]                  from [01m[K/opt/ros/foxy/include/rclcpp/topic_statistics/subscription_topic_statistics.hpp:23[m[K,
[2.742s]                  from [01m[K/opt/ros/foxy/include/rclcpp/subscription.hpp:50[m[K,
[2.742s]                  from [01m[K/opt/ros/foxy/include/rclcpp/any_executable.hpp:25[m[K,
[2.742s]                  from [01m[K/opt/ros/foxy/include/rclcpp/memory_strategy.hpp:24[m[K,
[2.742s]                  from [01m[K/opt/ros/foxy/include/rclcpp/memory_strategies.hpp:18[m[K,
[2.742s]                  from [01m[K/opt/ros/foxy/include/rclcpp/executor_options.hpp:20[m[K,
[2.742s]                  from [01m[K/opt/ros/foxy/include/rclcpp/executor.hpp:33[m[K,
[2.743s]                  from [01m[K/opt/ros/foxy/include/rclcpp/executors/multi_threaded_executor.hpp:26[m[K,
[2.743s]                  from [01m[K/opt/ros/foxy/include/rclcpp/executors.hpp:21[m[K,
[2.743s]                  from [01m[K/opt/ros/foxy/include/rclcpp/rclcpp.hpp:146[m[K,
[2.743s]                  from [01m[K/home/a/experiment-AI/toTransfer/WebotsSimulations/ros2_ws/src/rplidar_ros2-ros2/src/node.cpp:36[m[K:
[2.743s] [01m[K/usr/include/math.h:1070:[m[K [01;36m[Knote: [m[Kthis is the location of the previous definition
[2.743s]  1070 | # define M_PI  3.14159265358979323846 /* pi */
[2.743s]       | 
[2.744s] [01m[K/home/a/experiment-AI/toTransfer/WebotsSimulations/ros2_ws/src/rplidar_ros2-ros2/src/node.cpp:231:14:[m[K [01;35m[Kwarning: [m[Kinvalid suffix on literal; C++11 requires a space between literal and string macro [[01;35m[K-Wliteral-suffix[m[K]
[2.744s]   231 |     ROS_INFO([01;35m[K"[m[KRPLIDAR running on ROS package rplidar_ros. SDK Version:"RPLIDAR_SDK_VERSION"");
[2.744s]       |              [01;35m[K^[m[K
[2.745s] [01m[K/home/a/experiment-AI/toTransfer/WebotsSimulations/ros2_ws/src/rplidar_ros2-ros2/src/client.cpp:43:[m[K [01;35m[Kwarning: [m[K"M_PI" redefined
[2.745s]    43 | #define M_PI 3.1415926535897932384626433832795
[2.745s]       | 
[2.745s] In file included from [01m[K/usr/include/c++/9/cmath:45[m[K,
[2.745s]                  from [01m[K/opt/ros/foxy/include/libstatistics_collector/moving_average_statistics/types.hpp:18[m[K,
[2.746s]                  from [01m[K/opt/ros/foxy/include/libstatistics_collector/collector/generate_statistics_message.hpp:24[m[K,
[2.746s]                  from [01m[K/opt/ros/foxy/include/rclcpp/topic_statistics/subscription_topic_statistics.hpp:23[m[K,
[2.746s]                  from [01m[K/opt/ros/foxy/include/rclcpp/subscription.hpp:50[m[K,
[2.746s]                  from [01m[K/opt/ros/foxy/include/rclcpp/any_executable.hpp:25[m[K,
[2.746s]                  from [01m[K/opt/ros/foxy/include/rclcpp/memory_strategy.hpp:24[m[K,
[2.746s]                  from [01m[K/opt/ros/foxy/include/rclcpp/memory_strategies.hpp:18[m[K,
[2.746s]                  from [01m[K/opt/ros/foxy/include/rclcpp/executor_options.hpp:20[m[K,
[2.747s]                  from [01m[K/opt/ros/foxy/include/rclcpp/executor.hpp:33[m[K,
[2.747s]                  from [01m[K/opt/ros/foxy/include/rclcpp/executors/multi_threaded_executor.hpp:26[m[K,
[2.747s]                  from [01m[K/opt/ros/foxy/include/rclcpp/executors.hpp:21[m[K,
[2.747s]                  from [01m[K/opt/ros/foxy/include/rclcpp/rclcpp.hpp:146[m[K,
[2.747s]                  from [01m[K/home/a/experiment-AI/toTransfer/WebotsSimulations/ros2_ws/src/rplidar_ros2-ros2/src/client.cpp:38[m[K:
[2.747s] [01m[K/usr/include/math.h:1070:[m[K [01;36m[Knote: [m[Kthis is the location of the previous definition
[2.747s]  1070 | # define M_PI  3.14159265358979323846 /* pi */
[2.747s]       | 
[2.791s] In file included from [01m[K/home/a/experiment-AI/toTransfer/WebotsSimulations/ros2_ws/src/rplidar_ros2-ros2/src/rplidar_node.cpp:36[m[K:
[2.791s] [01m[K/home/a/experiment-AI/toTransfer/WebotsSimulations/ros2_ws/src/rplidar_ros2-ros2/include/rplidar_node.hpp:50:[m[K [01;35m[Kwarning: [m[K"M_PI" redefined
[2.791s]    50 | #define M_PI 3.1415926535897932384626433832795
[2.791s]       | 
[2.792s] In file included from [01m[K/usr/include/c++/9/cmath:45[m[K,
[2.792s]                  from [01m[K/opt/ros/foxy/include/libstatistics_collector/moving_average_statistics/types.hpp:18[m[K,
[2.792s]                  from [01m[K/opt/ros/foxy/include/libstatistics_collector/collector/generate_statistics_message.hpp:24[m[K,
[2.792s]                  from [01m[K/opt/ros/foxy/include/rclcpp/topic_statistics/subscription_topic_statistics.hpp:23[m[K,
[2.792s]                  from [01m[K/opt/ros/foxy/include/rclcpp/subscription.hpp:50[m[K,
[2.792s]                  from [01m[K/opt/ros/foxy/include/rclcpp/any_executable.hpp:25[m[K,
[2.805s]                  from [01m[K/opt/ros/foxy/include/rclcpp/memory_strategy.hpp:24[m[K,
[2.805s]                  from [01m[K/opt/ros/foxy/include/rclcpp/memory_strategies.hpp:18[m[K,
[2.805s]                  from [01m[K/opt/ros/foxy/include/rclcpp/executor_options.hpp:20[m[K,
[2.805s]                  from [01m[K/opt/ros/foxy/include/rclcpp/executor.hpp:33[m[K,
[2.805s]                  from [01m[K/opt/ros/foxy/include/rclcpp/executors/multi_threaded_executor.hpp:26[m[K,
[2.805s]                  from [01m[K/opt/ros/foxy/include/rclcpp/executors.hpp:21[m[K,
[2.805s]                  from [01m[K/opt/ros/foxy/include/rclcpp/rclcpp.hpp:146[m[K,
[2.806s]                  from [01m[K/home/a/experiment-AI/toTransfer/WebotsSimulations/ros2_ws/src/rplidar_ros2-ros2/include/rplidar_node.hpp:34[m[K,
[2.806s]                  from [01m[K/home/a/experiment-AI/toTransfer/WebotsSimulations/ros2_ws/src/rplidar_ros2-ros2/src/rplidar_node.cpp:36[m[K:
[2.806s] [01m[K/usr/include/math.h:1070:[m[K [01;36m[Knote: [m[Kthis is the location of the previous definition
[2.806s]  1070 | # define M_PI  3.14159265358979323846 /* pi */
[2.806s]       | 
[3.054s] In file included from [01m[K/home/a/experiment-AI/toTransfer/WebotsSimulations/ros2_ws/src/rplidar_ros2-ros2/./sdk/include/rplidar.h:39[m[K,
[3.054s]                  from [01m[K/home/a/experiment-AI/toTransfer/WebotsSimulations/ros2_ws/src/rplidar_ros2-ros2/sdk/src/sdkcommon.h:48[m[K,
[3.054s]                  from [01m[K/home/a/experiment-AI/toTransfer/WebotsSimulations/ros2_ws/src/rplidar_ros2-ros2/sdk/src/rplidar_driver.cpp:35[m[K:
[3.054s] [01m[K/home/a/experiment-AI/toTransfer/WebotsSimulations/ros2_ws/src/rplidar_ros2-ros2/./sdk/include/rplidar_protocol.h:59:14:[m[K [01;35m[Kwarning: [m[KISO C++ forbids zero-size array ‘[01m[Kdata[m[K’ [[01;35m[K-Wpedantic[m[K]
[3.055s]    59 |     _u8 data[[01;35m[K0[m[K];
[3.055s]       |              [01;35m[K^[m[K
[3.056s] In file included from [01m[K/home/a/experiment-AI/toTransfer/WebotsSimulations/ros2_ws/src/rplidar_ros2-ros2/./sdk/include/rplidar.h:40[m[K,
[3.056s]                  from [01m[K/home/a/experiment-AI/toTransfer/WebotsSimulations/ros2_ws/src/rplidar_ros2-ros2/sdk/src/sdkcommon.h:48[m[K,
[3.056s]                  from [01m[K/home/a/experiment-AI/toTransfer/WebotsSimulations/ros2_ws/src/rplidar_ros2-ros2/sdk/src/rplidar_driver.cpp:35[m[K:
[3.056s] [01m[K/home/a/experiment-AI/toTransfer/WebotsSimulations/ros2_ws/src/rplidar_ros2-ros2/./sdk/include/rplidar_cmd.h:260:18:[m[K [01;35m[Kwarning: [m[KISO C++ forbids zero-size array ‘[01m[Kpayload[m[K’ [[01;35m[K-Wpedantic[m[K]
[3.057s]   260 |     _u8  payload[[01;35m[K0[m[K];
[3.057s]       |                  [01;35m[K^[m[K
[3.195s] In file included from [01m[K/home/a/experiment-AI/toTransfer/WebotsSimulations/ros2_ws/src/rplidar_ros2-ros2/./sdk/include/rplidar.h:39[m[K,
[3.196s]                  from [01m[K/home/a/experiment-AI/toTransfer/WebotsSimulations/ros2_ws/src/rplidar_ros2-ros2/./sdk/src/sdkcommon.h:48[m[K,
[3.196s]                  from [01m[K/home/a/experiment-AI/toTransfer/WebotsSimulations/ros2_ws/src/rplidar_ros2-ros2/sdk/src/arch/linux/net_socket.cpp:10[m[K:
[3.196s] [01m[K/home/a/experiment-AI/toTransfer/WebotsSimulations/ros2_ws/src/rplidar_ros2-ros2/./sdk/include/rplidar_protocol.h:59:14:[m[K [01;35m[Kwarning: [m[KISO C++ forbids zero-size array ‘[01m[Kdata[m[K’ [[01;35m[K-Wpedantic[m[K]
[3.196s]    59 |     _u8 data[[01;35m[K0[m[K];
[3.196s]       |              [01;35m[K^[m[K
[3.196s] In file included from [01m[K/home/a/experiment-AI/toTransfer/WebotsSimulations/ros2_ws/src/rplidar_ros2-ros2/./sdk/include/rplidar.h:40[m[K,
[3.197s]                  from [01m[K/home/a/experiment-AI/toTransfer/WebotsSimulations/ros2_ws/src/rplidar_ros2-ros2/./sdk/src/sdkcommon.h:48[m[K,
[3.197s]                  from [01m[K/home/a/experiment-AI/toTransfer/WebotsSimulations/ros2_ws/src/rplidar_ros2-ros2/sdk/src/arch/linux/net_socket.cpp:10[m[K:
[3.197s] [01m[K/home/a/experiment-AI/toTransfer/WebotsSimulations/ros2_ws/src/rplidar_ros2-ros2/./sdk/include/rplidar_cmd.h:260:18:[m[K [01;35m[Kwarning: [m[KISO C++ forbids zero-size array ‘[01m[Kpayload[m[K’ [[01;35m[K-Wpedantic[m[K]
[3.197s]   260 |     _u8  payload[[01;35m[K0[m[K];
[3.197s]       |                  [01;35m[K^[m[K
[3.211s] [01m[K/home/a/experiment-AI/toTransfer/WebotsSimulations/ros2_ws/src/rplidar_ros2-ros2/sdk/src/arch/linux/net_socket.cpp:[m[K In member function ‘[01m[Kvirtual u_result rp::net::SocketAddress::getAddressAsString(char*, size_t) const[m[K’:
[3.212s] [01m[K/home/a/experiment-AI/toTransfer/WebotsSimulations/ros2_ws/src/rplidar_ros2-ros2/sdk/src/arch/linux/net_socket.cpp:170:17:[m[K [01;35m[Kwarning: [m[Kordered comparison of pointer with integer zero [[01;35m[K-Wextra[m[K]
[3.212s]   170 |     return ans<=[01;35m[K0[m[K?RESULT_OPERATION_FAIL:RESULT_OK;
[3.212s]       |                 [01;35m[K^[m[K
[3.222s] [01m[K/home/a/experiment-AI/toTransfer/WebotsSimulations/ros2_ws/src/rplidar_ros2-ros2/sdk/src/arch/linux/net_socket.cpp:[m[K In member function ‘[01m[Kvirtual u_result rp::arch::net::StreamSocketImpl::send(const void*, size_t)[m[K’:
[3.222s] [01m[K/home/a/experiment-AI/toTransfer/WebotsSimulations/ros2_ws/src/rplidar_ros2-ros2/sdk/src/arch/linux/net_socket.cpp:438:17:[m[K [01;35m[Kwarning: [m[Kcomparison of integer expressions of different signedness: ‘[01m[Ksize_t[m[K’ {aka ‘[01m[Klong unsigned int[m[K’} and ‘[01m[Kint[m[K’ [[01;35m[K-Wsign-compare[m[K]
[3.222s]   438 |         if ([01;35m[Kans == (int)len[m[K) {
[3.222s]       |             [01;35m[K~~~~^~~~~~~~~~~[m[K
[3.227s] In file included from [01m[K/home/a/experiment-AI/toTransfer/WebotsSimulations/ros2_ws/src/rplidar_ros2-ros2/./sdk/src/arch/linux/arch_linux.h:42[m[K,
[3.228s]                  from [01m[K/home/a/experiment-AI/toTransfer/WebotsSimulations/ros2_ws/src/rplidar_ros2-ros2/./sdk/src/sdkcommon.h:40[m[K,
[3.228s]                  from [01m[K/home/a/experiment-AI/toTransfer/WebotsSimulations/ros2_ws/src/rplidar_ros2-ros2/sdk/src/arch/linux/net_socket.cpp:10[m[K:
[3.228s] [01m[K/home/a/experiment-AI/toTransfer/WebotsSimulations/ros2_ws/src/rplidar_ros2-ros2/sdk/src/arch/linux/net_socket.cpp:[m[K In member function ‘[01m[Kvirtual u_result rp::arch::net::DGramSocketImpl::sendTo(const rp::net::SocketAddress&, const void*, size_t)[m[K’:
[3.228s] [01m[K/home/a/experiment-AI/toTransfer/WebotsSimulations/ros2_ws/src/rplidar_ros2-ros2/sdk/src/arch/linux/net_socket.cpp:726:24:[m[K [01;35m[Kwarning: [m[Kcomparison of integer expressions of different signedness: ‘[01m[Ksize_t[m[K’ {aka ‘[01m[Klong unsigned int[m[K’} and ‘[01m[Kint[m[K’ [[01;35m[K-Wsign-compare[m[K]
[3.228s]   726 |             assert([01;35m[Kans == (int)len[m[K);
[3.228s]       |                    [01;35m[K~~~~^~~~~~~~~~~[m[K
[3.294s] [01m[K/home/a/experiment-AI/toTransfer/WebotsSimulations/ros2_ws/src/rplidar_ros2-ros2/sdk/src/rplidar_driver.cpp:[m[K In member function ‘[01m[Kvirtual u_result rp::standalone::rplidar::RPlidarDriverImplCommon::reset(_u32)[m[K’:
[3.294s] [01m[K/home/a/experiment-AI/toTransfer/WebotsSimulations/ros2_ws/src/rplidar_ros2-ros2/sdk/src/rplidar_driver.cpp:121:46:[m[K [01;35m[Kwarning: [m[Kunused parameter ‘[01m[Ktimeout[m[K’ [[01;35m[K-Wunused-parameter[m[K]
[3.294s]   121 | u_result RPlidarDriverImplCommon::reset([01;35m[K_u32 timeout[m[K)
[3.294s]       |                                         [01;35m[K~~~~~^~~~~~~[m[K
[3.297s] [01m[K/home/a/experiment-AI/toTransfer/WebotsSimulations/ros2_ws/src/rplidar_ros2-ros2/sdk/src/rplidar_driver.cpp:[m[K In member function ‘[01m[Kvirtual u_result rp::standalone::rplidar::RPlidarDriverImplCommon::checkIfTofLidar(bool&, _u32)[m[K’:
[3.297s] [01m[K/home/a/experiment-AI/toTransfer/WebotsSimulations/ros2_ws/src/rplidar_ros2-ros2/sdk/src/rplidar_driver.cpp:274:75:[m[K [01;35m[Kwarning: [m[Kunused parameter ‘[01m[Ktimeout[m[K’ [[01;35m[K-Wunused-parameter[m[K]
[3.298s]   274 | u_result RPlidarDriverImplCommon::checkIfTofLidar(bool & isTofLidar, [01;35m[K_u32 timeout[m[K)
[3.298s]       |                                                                      [01;35m[K~~~~~^~~~~~~[m[K
[3.310s] [01m[K/home/a/experiment-AI/toTransfer/WebotsSimulations/ros2_ws/src/rplidar_ros2-ros2/sdk/src/rplidar_driver.cpp:[m[K In member function ‘[01m[Kvirtual void rp::standalone::rplidar::RPlidarDriverImplCommon::_dense_capsuleToNormal(const rplidar_response_capsule_measurement_nodes_t&, rplidar_response_measurement_node_hq_t*, size_t&)[m[K’:
[3.310s] [01m[K/home/a/experiment-AI/toTransfer/WebotsSimulations/ros2_ws/src/rplidar_ros2-ros2/sdk/src/rplidar_driver.cpp:872:108:[m[K [01;35m[Kwarning: [m[Ktype qualifiers ignored on cast result type [[01;35m[K-Wignored-qualifiers[m[K]
[3.310s]   872 |             const int dist = static_cast<const int>(_cached_previous_dense_capsuledata.cabins[pos].distance[01;35m[K)[m[K;
[3.310s]       |                                                                                                            [01;35m[K^[m[K
[3.312s] [01m[K/home/a/experiment-AI/toTransfer/WebotsSimulations/ros2_ws/src/rplidar_ros2-ros2/sdk/src/rplidar_driver.cpp:[m[K In function ‘[01m[K_u32 rp::standalone::rplidar::_crc32cal(_u32, void*, _u16)[m[K’:
[3.312s] [01m[K/home/a/experiment-AI/toTransfer/WebotsSimulations/ros2_ws/src/rplidar_ros2-ros2/sdk/src/rplidar_driver.cpp:996:23:[m[K [01;35m[Kwarning: [m[Ksuggest parentheses around ‘[01m[K-[m[K’ in operand of ‘[01m[K&[m[K’ [[01;35m[K-Wparentheses[m[K]
[3.313s]   996 |     _u8 leftBytes = [01;35m[K4 - len[m[K & 0x3;
[3.313s]       |                     [01;35m[K~~^~~~~[m[K
[3.316s] [01m[K/home/a/experiment-AI/toTransfer/WebotsSimulations/ros2_ws/src/rplidar_ros2-ros2/sdk/src/rplidar_driver.cpp:[m[K In member function ‘[01m[Kvirtual void rp::standalone::rplidar::RPlidarDriverImplCommon::_ultraCapsuleToNormal(const rplidar_response_ultra_capsule_measurement_nodes_t&, rplidar_response_measurement_node_hq_t*, size_t&)[m[K’:
[3.316s] [01m[K/home/a/experiment-AI/toTransfer/WebotsSimulations/ros2_ws/src/rplidar_ros2-ros2/sdk/src/rplidar_driver.cpp:1207:32:[m[K [01;35m[Kwarning: [m[Kcomparison of integer expressions of different signedness: ‘[01m[Kint[m[K’ and ‘[01m[Kunsigned int[m[K’ [[01;35m[K-Wsign-compare[m[K]
[3.316s]  1207 |             if (([01;35m[Kdist_predict1 == 0xFFFFFE00[m[K) || (dist_predict1 == 0x1FF)) {
[3.316s]       |                  [01;35m[K~~~~~~~~~~~~~~^~~~~~~~~~~~~[m[K
[3.317s] [01m[K/home/a/experiment-AI/toTransfer/WebotsSimulations/ros2_ws/src/rplidar_ros2-ros2/sdk/src/rplidar_driver.cpp:1215:32:[m[K [01;35m[Kwarning: [m[Kcomparison of integer expressions of different signedness: ‘[01m[Kint[m[K’ and ‘[01m[Kunsigned int[m[K’ [[01;35m[K-Wsign-compare[m[K]
[3.317s]  1215 |             if (([01;35m[Kdist_predict2 == 0xFFFFFE00[m[K) || (dist_predict2 == 0x1FF)) {
[3.317s]       |                  [01;35m[K~~~~~~~~~~~~~~^~~~~~~~~~~~~[m[K
[3.330s] [01m[K/home/a/experiment-AI/toTransfer/WebotsSimulations/ros2_ws/src/rplidar_ros2-ros2/sdk/src/rplidar_driver.cpp:[m[K In member function ‘[01m[Kvirtual u_result rp::standalone::rplidar::RPlidarDriverImplCommon::getAllSupportedScanModes(std::vector<rp::standalone::rplidar::RplidarScanMode>&, _u32)[m[K’:
[3.330s] [01m[K/home/a/experiment-AI/toTransfer/WebotsSimulations/ros2_ws/src/rplidar_ros2-ros2/sdk/src/rplidar_driver.cpp:1453:105:[m[K [01;35m[Kwarning: [m[Kunused parameter ‘[01m[KtimeoutInMs[m[K’ [[01;35m[K-Wunused-parameter[m[K]
[3.331s]  1453 | u_result RPlidarDriverImplCommon::getAllSupportedScanModes(std::vector<RplidarScanMode>& outModes, [01;35m[K_u32 timeoutInMs[m[K)
[3.331s]       |                                                                                                    [01;35m[K~~~~~^~~~~~~~~~~[m[K
[3.333s] [01m[K/home/a/experiment-AI/toTransfer/WebotsSimulations/ros2_ws/src/rplidar_ros2-ros2/sdk/src/rplidar_driver.cpp:[m[K In member function ‘[01m[Kvirtual u_result rp::standalone::rplidar::RPlidarDriverImplCommon::startScan(bool, bool, _u32, rp::standalone::rplidar::RplidarScanMode*)[m[K’:
[3.333s] [01m[K/home/a/experiment-AI/toTransfer/WebotsSimulations/ros2_ws/src/rplidar_ros2-ros2/sdk/src/rplidar_driver.cpp:1550:83:[m[K [01;35m[Kwarning: [m[Kunused parameter ‘[01m[Koptions[m[K’ [[01;35m[K-Wunused-parameter[m[K]
[3.333s]  1550 | u_result RPlidarDriverImplCommon::startScan(bool force, bool useTypicalScan, [01;35m[K_u32 options[m[K, RplidarScanMode* outUsedScanMode)
[3.333s]       |                                                                              [01;35m[K~~~~~^~~~~~~[m[K
[3.336s] [01m[K/home/a/experiment-AI/toTransfer/WebotsSimulations/ros2_ws/src/rplidar_ros2-ros2/sdk/src/rplidar_driver.cpp:[m[K In member function ‘[01m[Kvirtual u_result rp::standalone::rplidar::RPlidarDriverImplCommon::stop(_u32)[m[K’:
[3.336s] [01m[K/home/a/experiment-AI/toTransfer/WebotsSimulations/ros2_ws/src/rplidar_ros2-ros2/sdk/src/rplidar_driver.cpp:1774:45:[m[K [01;35m[Kwarning: [m[Kunused parameter ‘[01m[Ktimeout[m[K’ [[01;35m[K-Wunused-parameter[m[K]
[3.337s]  1774 | u_result RPlidarDriverImplCommon::stop([01;35m[K_u32 timeout[m[K)
[3.337s]       |                                        [01;35m[K~~~~~^~~~~~~[m[K
[3.343s] [01m[K/home/a/experiment-AI/toTransfer/WebotsSimulations/ros2_ws/src/rplidar_ros2-ros2/sdk/src/rplidar_driver.cpp:[m[K In member function ‘[01m[Kvirtual u_result rp::standalone::rplidar::RPlidarDriverImplCommon::setLidarSpinSpeed(_u16, _u32)[m[K’:
[3.343s] [01m[K/home/a/experiment-AI/toTransfer/WebotsSimulations/ros2_ws/src/rplidar_ros2-ros2/sdk/src/rplidar_driver.cpp:2162:68:[m[K [01;35m[Kwarning: [m[Kunused parameter ‘[01m[Ktimeout[m[K’ [[01;35m[K-Wunused-parameter[m[K]
[3.343s]  2162 | u_result RPlidarDriverImplCommon::setLidarSpinSpeed(_u16 rpm, [01;35m[K_u32 timeout[m[K)
[3.343s]       |                                                               [01;35m[K~~~~~^~~~~~~[m[K
[3.345s] [01m[K/home/a/experiment-AI/toTransfer/WebotsSimulations/ros2_ws/src/rplidar_ros2-ros2/sdk/src/rplidar_driver.cpp:[m[K In member function ‘[01m[Kvirtual u_result rp::standalone::rplidar::RPlidarDriverSerial::connect(const char*, _u32, _u32)[m[K’:
[3.345s] [01m[K/home/a/experiment-AI/toTransfer/WebotsSimulations/ros2_ws/src/rplidar_ros2-ros2/sdk/src/rplidar_driver.cpp:2240:83:[m[K [01;35m[Kwarning: [m[Kunused parameter ‘[01m[Kflag[m[K’ [[01;35m[K-Wunused-parameter[m[K]
[3.345s]  2240 | u_result RPlidarDriverSerial::connect(const char * port_path, _u32 baudrate, [01;35m[K_u32 flag[m[K)
[3.345s]       |                                                                              [01;35m[K~~~~~^~~~[m[K
[3.347s] [01m[K/home/a/experiment-AI/toTransfer/WebotsSimulations/ros2_ws/src/rplidar_ros2-ros2/sdk/src/rplidar_driver.cpp:[m[K In member function ‘[01m[Kvirtual u_result rp::standalone::rplidar::RPlidarDriverTCP::connect(const char*, _u32, _u32)[m[K’:
[3.347s] [01m[K/home/a/experiment-AI/toTransfer/WebotsSimulations/ros2_ws/src/rplidar_ros2-ros2/sdk/src/rplidar_driver.cpp:2282:72:[m[K [01;35m[Kwarning: [m[Kunused parameter ‘[01m[Kflag[m[K’ [[01;35m[K-Wunused-parameter[m[K]
[3.347s]  2282 | u_result RPlidarDriverTCP::connect(const char * ipStr, _u32 port, [01;35m[K_u32 flag[m[K)
[3.347s]       |                                                                   [01;35m[K~~~~~^~~~[m[K
[3.432s] In file included from [01m[K/home/a/experiment-AI/toTransfer/WebotsSimulations/ros2_ws/src/rplidar_ros2-ros2/./sdk/include/rplidar.h:39[m[K,
[3.432s]                  from [01m[K/home/a/experiment-AI/toTransfer/WebotsSimulations/ros2_ws/src/rplidar_ros2-ros2/./sdk/src/sdkcommon.h:48[m[K,
[3.432s]                  from [01m[K/home/a/experiment-AI/toTransfer/WebotsSimulations/ros2_ws/src/rplidar_ros2-ros2/sdk/src/arch/linux/net_socket.cpp:10[m[K:
[3.432s] [01m[K/home/a/experiment-AI/toTransfer/WebotsSimulations/ros2_ws/src/rplidar_ros2-ros2/./sdk/include/rplidar_protocol.h:59:14:[m[K [01;35m[Kwarning: [m[KISO C++ forbids zero-size array ‘[01m[Kdata[m[K’ [[01;35m[K-Wpedantic[m[K]
[3.432s]    59 |     _u8 data[[01;35m[K0[m[K];
[3.433s]       |              [01;35m[K^[m[K
[3.433s] In file included from [01m[K/home/a/experiment-AI/toTransfer/WebotsSimulations/ros2_ws/src/rplidar_ros2-ros2/./sdk/include/rplidar.h:40[m[K,
[3.433s]                  from [01m[K/home/a/experiment-AI/toTransfer/WebotsSimulations/ros2_ws/src/rplidar_ros2-ros2/./sdk/src/sdkcommon.h:48[m[K,
[3.433s]                  from [01m[K/home/a/experiment-AI/toTransfer/WebotsSimulations/ros2_ws/src/rplidar_ros2-ros2/sdk/src/arch/linux/net_socket.cpp:10[m[K:
[3.433s] [01m[K/home/a/experiment-AI/toTransfer/WebotsSimulations/ros2_ws/src/rplidar_ros2-ros2/./sdk/include/rplidar_cmd.h:260:18:[m[K [01;35m[Kwarning: [m[KISO C++ forbids zero-size array ‘[01m[Kpayload[m[K’ [[01;35m[K-Wpedantic[m[K]
[3.433s]   260 |     _u8  payload[[01;35m[K0[m[K];
[3.433s]       |                  [01;35m[K^[m[K
[3.454s] [01m[K/home/a/experiment-AI/toTransfer/WebotsSimulations/ros2_ws/src/rplidar_ros2-ros2/sdk/src/arch/linux/net_socket.cpp:[m[K In member function ‘[01m[Kvirtual u_result rp::net::SocketAddress::getAddressAsString(char*, size_t) const[m[K’:
[3.454s] [01m[K/home/a/experiment-AI/toTransfer/WebotsSimulations/ros2_ws/src/rplidar_ros2-ros2/sdk/src/arch/linux/net_socket.cpp:170:17:[m[K [01;35m[Kwarning: [m[Kordered comparison of pointer with integer zero [[01;35m[K-Wextra[m[K]
[3.454s]   170 |     return ans<=[01;35m[K0[m[K?RESULT_OPERATION_FAIL:RESULT_OK;
[3.454s]       |                 [01;35m[K^[m[K
[3.457s] In file included from [01m[K/home/a/experiment-AI/toTransfer/WebotsSimulations/ros2_ws/src/rplidar_ros2-ros2/./sdk/include/rplidar.h:39[m[K,
[3.457s]                  from [01m[K/home/a/experiment-AI/toTransfer/WebotsSimulations/ros2_ws/src/rplidar_ros2-ros2/./sdk/src/sdkcommon.h:48[m[K,
[3.457s]                  from [01m[K/home/a/experiment-AI/toTransfer/WebotsSimulations/ros2_ws/src/rplidar_ros2-ros2/sdk/src/hal/thread.cpp:35[m[K:
[3.457s] [01m[K/home/a/experiment-AI/toTransfer/WebotsSimulations/ros2_ws/src/rplidar_ros2-ros2/./sdk/include/rplidar_protocol.h:59:14:[m[K [01;35m[Kwarning: [m[KISO C++ forbids zero-size array ‘[01m[Kdata[m[K’ [[01;35m[K-Wpedantic[m[K]
[3.457s]    59 |     _u8 data[[01;35m[K0[m[K];
[3.457s]       |              [01;35m[K^[m[K
[3.457s] In file included from [01m[K/home/a/experiment-AI/toTransfer/WebotsSimulations/ros2_ws/src/rplidar_ros2-ros2/./sdk/include/rplidar.h:40[m[K,
[3.458s]                  from [01m[K/home/a/experiment-AI/toTransfer/WebotsSimulations/ros2_ws/src/rplidar_ros2-ros2/./sdk/src/sdkcommon.h:48[m[K,
[3.458s]                  from [01m[K/home/a/experiment-AI/toTransfer/WebotsSimulations/ros2_ws/src/rplidar_ros2-ros2/sdk/src/hal/thread.cpp:35[m[K:
[3.458s] [01m[K/home/a/experiment-AI/toTransfer/WebotsSimulations/ros2_ws/src/rplidar_ros2-ros2/./sdk/include/rplidar_cmd.h:260:18:[m[K [01;35m[Kwarning: [m[KISO C++ forbids zero-size array ‘[01m[Kpayload[m[K’ [[01;35m[K-Wpedantic[m[K]
[3.458s]   260 |     _u8  payload[[01;35m[K0[m[K];
[3.458s]       |                  [01;35m[K^[m[K
[3.461s] In file included from [01m[K/home/a/experiment-AI/toTransfer/WebotsSimulations/ros2_ws/src/rplidar_ros2-ros2/sdk/src/hal/thread.cpp:43[m[K:
[3.461s] [01m[K/home/a/experiment-AI/toTransfer/WebotsSimulations/ros2_ws/src/rplidar_ros2-ros2/./sdk/src/arch/linux/thread.hpp:[m[K In static member function ‘[01m[Kstatic rp::hal::Thread rp::hal::Thread::create(thread_proc_t, void*)[m[K’:
[3.461s] [01m[K/home/a/experiment-AI/toTransfer/WebotsSimulations/ros2_ws/src/rplidar_ros2-ros2/./sdk/src/arch/linux/thread.hpp:48:77:[m[K [01;35m[Kwarning: [m[Kcast between incompatible function types from ‘[01m[Kthread_proc_t[m[K’ {aka ‘[01m[Klong unsigned int (*)(void*)[m[K’} to ‘[01m[Kvoid* (*)(void*)[m[K’ [[01;35m[K-Wcast-function-type[m[K]
[3.461s]    48 |     pthread_create((pthread_t *)&newborn._handle, NULL, (void * (*)(void *))[01;35m[Kproc[m[K, data);
[3.461s]       |                                                                             [01;35m[K^~~~[m[K
[3.462s] [01m[K/home/a/experiment-AI/toTransfer/WebotsSimulations/ros2_ws/src/rplidar_ros2-ros2/./sdk/src/arch/linux/thread.hpp:[m[K In member function ‘[01m[Ku_result rp::hal::Thread::join(long unsigned int)[m[K’:
[3.462s] [01m[K/home/a/experiment-AI/toTransfer/WebotsSimulations/ros2_ws/src/rplidar_ros2-ros2/./sdk/src/arch/linux/thread.hpp:129:37:[m[K [01;35m[Kwarning: [m[Kunused parameter ‘[01m[Ktimeout[m[K’ [[01;35m[K-Wunused-parameter[m[K]
[3.462s]   129 | u_result Thread::join([01;35m[Kunsigned long timeout[m[K)
[3.462s]       |                       [01;35m[K~~~~~~~~~~~~~~^~~~~~~[m[K
[3.462s] In file included from [01m[K/home/a/experiment-AI/toTransfer/WebotsSimulations/ros2_ws/src/rplidar_ros2-ros2/./sdk/include/rplidar.h:39[m[K,
[3.462s]                  from [01m[K/home/a/experiment-AI/toTransfer/WebotsSimulations/ros2_ws/src/rplidar_ros2-ros2/./sdk/src/sdkcommon.h:48[m[K,
[3.463s]                  from [01m[K/home/a/experiment-AI/toTransfer/WebotsSimulations/ros2_ws/src/rplidar_ros2-ros2/sdk/src/hal/thread.cpp:35[m[K:
[3.463s] [01m[K/home/a/experiment-AI/toTransfer/WebotsSimulations/ros2_ws/src/rplidar_ros2-ros2/./sdk/include/rplidar_protocol.h:59:14:[m[K [01;35m[Kwarning: [m[KISO C++ forbids zero-size array ‘[01m[Kdata[m[K’ [[01;35m[K-Wpedantic[m[K]
[3.463s]    59 |     _u8 data[[01;35m[K0[m[K];
[3.463s]       |              [01;35m[K^[m[K
[3.463s] In file included from [01m[K/home/a/experiment-AI/toTransfer/WebotsSimulations/ros2_ws/src/rplidar_ros2-ros2/./sdk/include/rplidar.h:40[m[K,
[3.463s]                  from [01m[K/home/a/experiment-AI/toTransfer/WebotsSimulations/ros2_ws/src/rplidar_ros2-ros2/./sdk/src/sdkcommon.h:48[m[K,
[3.463s]                  from [01m[K/home/a/experiment-AI/toTransfer/WebotsSimulations/ros2_ws/src/rplidar_ros2-ros2/sdk/src/hal/thread.cpp:35[m[K:
[3.464s] [01m[K/home/a/experiment-AI/toTransfer/WebotsSimulations/ros2_ws/src/rplidar_ros2-ros2/./sdk/include/rplidar_cmd.h:260:18:[m[K [01;35m[Kwarning: [m[KISO C++ forbids zero-size array ‘[01m[Kpayload[m[K’ [[01;35m[K-Wpedantic[m[K]
[3.464s]   260 |     _u8  payload[[01;35m[K0[m[K];
[3.464s]       |                  [01;35m[K^[m[K
[3.464s] [01m[K/home/a/experiment-AI/toTransfer/WebotsSimulations/ros2_ws/src/rplidar_ros2-ros2/sdk/src/arch/linux/net_socket.cpp:[m[K In member function ‘[01m[Kvirtual u_result rp::arch::net::StreamSocketImpl::send(const void*, size_t)[m[K’:
[3.464s] [01m[K/home/a/experiment-AI/toTransfer/WebotsSimulations/ros2_ws/src/rplidar_ros2-ros2/sdk/src/arch/linux/net_socket.cpp:438:17:[m[K [01;35m[Kwarning: [m[Kcomparison of integer expressions of different signedness: ‘[01m[Ksize_t[m[K’ {aka ‘[01m[Klong unsigned int[m[K’} and ‘[01m[Kint[m[K’ [[01;35m[K-Wsign-compare[m[K]
[3.464s]   438 |         if ([01;35m[Kans == (int)len[m[K) {
[3.464s]       |             [01;35m[K~~~~^~~~~~~~~~~[m[K
[3.467s] In file included from [01m[K/home/a/experiment-AI/toTransfer/WebotsSimulations/ros2_ws/src/rplidar_ros2-ros2/sdk/src/hal/thread.cpp:43[m[K:
[3.467s] [01m[K/home/a/experiment-AI/toTransfer/WebotsSimulations/ros2_ws/src/rplidar_ros2-ros2/./sdk/src/arch/linux/thread.hpp:[m[K In static member function ‘[01m[Kstatic rp::hal::Thread rp::hal::Thread::create(thread_proc_t, void*)[m[K’:
[3.467s] [01m[K/home/a/experiment-AI/toTransfer/WebotsSimulations/ros2_ws/src/rplidar_ros2-ros2/./sdk/src/arch/linux/thread.hpp:48:77:[m[K [01;35m[Kwarning: [m[Kcast between incompatible function types from ‘[01m[Kthread_proc_t[m[K’ {aka ‘[01m[Klong unsigned int (*)(void*)[m[K’} to ‘[01m[Kvoid* (*)(void*)[m[K’ [[01;35m[K-Wcast-function-type[m[K]
[3.467s]    48 |     pthread_create((pthread_t *)&newborn._handle, NULL, (void * (*)(void *))[01;35m[Kproc[m[K, data);
[3.467s]       |                                                                             [01;35m[K^~~~[m[K
[3.468s] [01m[K/home/a/experiment-AI/toTransfer/WebotsSimulations/ros2_ws/src/rplidar_ros2-ros2/./sdk/src/arch/linux/thread.hpp:[m[K In member function ‘[01m[Ku_result rp::hal::Thread::join(long unsigned int)[m[K’:
[3.468s] [01m[K/home/a/experiment-AI/toTransfer/WebotsSimulations/ros2_ws/src/rplidar_ros2-ros2/./sdk/src/arch/linux/thread.hpp:129:37:[m[K [01;35m[Kwarning: [m[Kunused parameter ‘[01m[Ktimeout[m[K’ [[01;35m[K-Wunused-parameter[m[K]
[3.468s]   129 | u_result Thread::join([01;35m[Kunsigned long timeout[m[K)
[3.468s]       |                       [01;35m[K~~~~~~~~~~~~~~^~~~~~~[m[K
[3.470s] In file included from [01m[K/home/a/experiment-AI/toTransfer/WebotsSimulations/ros2_ws/src/rplidar_ros2-ros2/./sdk/src/arch/linux/arch_linux.h:42[m[K,
[3.470s]                  from [01m[K/home/a/experiment-AI/toTransfer/WebotsSimulations/ros2_ws/src/rplidar_ros2-ros2/./sdk/src/sdkcommon.h:40[m[K,
[3.470s]                  from [01m[K/home/a/experiment-AI/toTransfer/WebotsSimulations/ros2_ws/src/rplidar_ros2-ros2/sdk/src/arch/linux/net_socket.cpp:10[m[K:
[3.470s] [01m[K/home/a/experiment-AI/toTransfer/WebotsSimulations/ros2_ws/src/rplidar_ros2-ros2/sdk/src/arch/linux/net_socket.cpp:[m[K In member function ‘[01m[Kvirtual u_result rp::arch::net::DGramSocketImpl::sendTo(const rp::net::SocketAddress&, const void*, size_t)[m[K’:
[3.470s] [01m[K/home/a/experiment-AI/toTransfer/WebotsSimulations/ros2_ws/src/rplidar_ros2-ros2/sdk/src/arch/linux/net_socket.cpp:726:24:[m[K [01;35m[Kwarning: [m[Kcomparison of integer expressions of different signedness: ‘[01m[Ksize_t[m[K’ {aka ‘[01m[Klong unsigned int[m[K’} and ‘[01m[Kint[m[K’ [[01;35m[K-Wsign-compare[m[K]
[3.470s]   726 |             assert([01;35m[Kans == (int)len[m[K);
[3.470s]       |                    [01;35m[K~~~~^~~~~~~~~~~[m[K
[3.596s] In file included from [01m[K/home/a/experiment-AI/toTransfer/WebotsSimulations/ros2_ws/src/rplidar_ros2-ros2/./sdk/include/rplidar.h:39[m[K,
[3.596s]                  from [01m[K/home/a/experiment-AI/toTransfer/WebotsSimulations/ros2_ws/src/rplidar_ros2-ros2/sdk/src/sdkcommon.h:48[m[K,
[3.596s]                  from [01m[K/home/a/experiment-AI/toTransfer/WebotsSimulations/ros2_ws/src/rplidar_ros2-ros2/sdk/src/rplidar_driver.cpp:35[m[K:
[3.596s] [01m[K/home/a/experiment-AI/toTransfer/WebotsSimulations/ros2_ws/src/rplidar_ros2-ros2/./sdk/include/rplidar_protocol.h:59:14:[m[K [01;35m[Kwarning: [m[KISO C++ forbids zero-size array ‘[01m[Kdata[m[K’ [[01;35m[K-Wpedantic[m[K]
[3.596s]    59 |     _u8 data[[01;35m[K0[m[K];
[3.596s]       |              [01;35m[K^[m[K
[3.597s] In file included from [01m[K/home/a/experiment-AI/toTransfer/WebotsSimulations/ros2_ws/src/rplidar_ros2-ros2/./sdk/include/rplidar.h:40[m[K,
[3.597s]                  from [01m[K/home/a/experiment-AI/toTransfer/WebotsSimulations/ros2_ws/src/rplidar_ros2-ros2/sdk/src/sdkcommon.h:48[m[K,
[3.597s]                  from [01m[K/home/a/experiment-AI/toTransfer/WebotsSimulations/ros2_ws/src/rplidar_ros2-ros2/sdk/src/rplidar_driver.cpp:35[m[K:
[3.597s] [01m[K/home/a/experiment-AI/toTransfer/WebotsSimulations/ros2_ws/src/rplidar_ros2-ros2/./sdk/include/rplidar_cmd.h:260:18:[m[K [01;35m[Kwarning: [m[KISO C++ forbids zero-size array ‘[01m[Kpayload[m[K’ [[01;35m[K-Wpedantic[m[K]
[3.597s]   260 |     _u8  payload[[01;35m[K0[m[K];
[3.597s]       |                  [01;35m[K^[m[K
[3.745s] [01m[K/home/a/experiment-AI/toTransfer/WebotsSimulations/ros2_ws/src/rplidar_ros2-ros2/sdk/src/arch/linux/net_serial.cpp:[m[K In member function ‘[01m[Kbool rp::arch::net::raw_serial::open(const char*, uint32_t, uint32_t)[m[K’:
[3.745s] [01m[K/home/a/experiment-AI/toTransfer/WebotsSimulations/ros2_ws/src/rplidar_ros2-ros2/sdk/src/arch/linux/net_serial.cpp:97:74:[m[K [01;35m[Kwarning: [m[Kunused parameter ‘[01m[Kflags[m[K’ [[01;35m[K-Wunused-parameter[m[K]
[3.746s]    97 | bool raw_serial::open(const char * portname, uint32_t baudrate, [01;35m[Kuint32_t flags[m[K)
[3.746s]       |                                                                 [01;35m[K~~~~~~~~~^~~~~[m[K
[3.747s] [01m[K/home/a/experiment-AI/toTransfer/WebotsSimulations/ros2_ws/src/rplidar_ros2-ros2/sdk/src/arch/linux/net_serial.cpp:[m[K In member function ‘[01m[Kvirtual void rp::arch::net::raw_serial::flush(_u32)[m[K’:
[3.747s] [01m[K/home/a/experiment-AI/toTransfer/WebotsSimulations/ros2_ws/src/rplidar_ros2-ros2/sdk/src/arch/linux/net_serial.cpp:281:30:[m[K [01;35m[Kwarning: [m[Kunused parameter ‘[01m[Kflags[m[K’ [[01;35m[K-Wunused-parameter[m[K]
[3.747s]   281 | void raw_serial::flush( [01;35m[K_u32 flags[m[K)
[3.747s]       |                         [01;35m[K~~~~~^~~~~[m[K
[3.747s] [01m[K/home/a/experiment-AI/toTransfer/WebotsSimulations/ros2_ws/src/rplidar_ros2-ros2/sdk/src/arch/linux/net_serial.cpp:[m[K In member function ‘[01m[Kvirtual int rp::arch::net::raw_serial::waitforsent(_u32, size_t*)[m[K’:
[3.748s] [01m[K/home/a/experiment-AI/toTransfer/WebotsSimulations/ros2_ws/src/rplidar_ros2-ros2/sdk/src/arch/linux/net_serial.cpp:286:34:[m[K [01;35m[Kwarning: [m[Kunused parameter ‘[01m[Ktimeout[m[K’ [[01;35m[K-Wunused-parameter[m[K]
[3.748s]   286 | int raw_serial::waitforsent([01;35m[K_u32 timeout[m[K, size_t * returned_size)
[3.748s]       |                             [01;35m[K~~~~~^~~~~~~[m[K
[3.748s] [01m[K/home/a/experiment-AI/toTransfer/WebotsSimulations/ros2_ws/src/rplidar_ros2-ros2/sdk/src/arch/linux/net_serial.cpp:[m[K In member function ‘[01m[Kvirtual int rp::arch::net::raw_serial::waitforrecv(_u32, size_t*)[m[K’:
[3.748s] [01m[K/home/a/experiment-AI/toTransfer/WebotsSimulations/ros2_ws/src/rplidar_ros2-ros2/sdk/src/arch/linux/net_serial.cpp:292:34:[m[K [01;35m[Kwarning: [m[Kunused parameter ‘[01m[Ktimeout[m[K’ [[01;35m[K-Wunused-parameter[m[K]
[3.748s]   292 | int raw_serial::waitforrecv([01;35m[K_u32 timeout[m[K, size_t * returned_size)
[3.748s]       |                             [01;35m[K~~~~~^~~~~~~[m[K
[3.780s] [01m[K/home/a/experiment-AI/toTransfer/WebotsSimulations/ros2_ws/src/rplidar_ros2-ros2/sdk/src/arch/linux/net_serial.cpp:[m[K In member function ‘[01m[Kbool rp::arch::net::raw_serial::open(const char*, uint32_t, uint32_t)[m[K’:
[3.780s] [01m[K/home/a/experiment-AI/toTransfer/WebotsSimulations/ros2_ws/src/rplidar_ros2-ros2/sdk/src/arch/linux/net_serial.cpp:97:74:[m[K [01;35m[Kwarning: [m[Kunused parameter ‘[01m[Kflags[m[K’ [[01;35m[K-Wunused-parameter[m[K]
[3.780s]    97 | bool raw_serial::open(const char * portname, uint32_t baudrate, [01;35m[Kuint32_t flags[m[K)
[3.780s]       |                                                                 [01;35m[K~~~~~~~~~^~~~~[m[K
[3.781s] [01m[K/home/a/experiment-AI/toTransfer/WebotsSimulations/ros2_ws/src/rplidar_ros2-ros2/sdk/src/arch/linux/net_serial.cpp:[m[K In member function ‘[01m[Kvirtual void rp::arch::net::raw_serial::flush(_u32)[m[K’:
[3.781s] [01m[K/home/a/experiment-AI/toTransfer/WebotsSimulations/ros2_ws/src/rplidar_ros2-ros2/sdk/src/arch/linux/net_serial.cpp:281:30:[m[K [01;35m[Kwarning: [m[Kunused parameter ‘[01m[Kflags[m[K’ [[01;35m[K-Wunused-parameter[m[K]
[3.781s]   281 | void raw_serial::flush( [01;35m[K_u32 flags[m[K)
[3.781s]       |                         [01;35m[K~~~~~^~~~~[m[K
[3.781s] [01m[K/home/a/experiment-AI/toTransfer/WebotsSimulations/ros2_ws/src/rplidar_ros2-ros2/sdk/src/arch/linux/net_serial.cpp:[m[K In member function ‘[01m[Kvirtual int rp::arch::net::raw_serial::waitforsent(_u32, size_t*)[m[K’:
[3.782s] [01m[K/home/a/experiment-AI/toTransfer/WebotsSimulations/ros2_ws/src/rplidar_ros2-ros2/sdk/src/arch/linux/net_serial.cpp:286:34:[m[K [01;35m[Kwarning: [m[Kunused parameter ‘[01m[Ktimeout[m[K’ [[01;35m[K-Wunused-parameter[m[K]
[3.782s]   286 | int raw_serial::waitforsent([01;35m[K_u32 timeout[m[K, size_t * returned_size)
[3.782s]       |                             [01;35m[K~~~~~^~~~~~~[m[K
[3.782s] [01m[K/home/a/experiment-AI/toTransfer/WebotsSimulations/ros2_ws/src/rplidar_ros2-ros2/sdk/src/arch/linux/net_serial.cpp:[m[K In member function ‘[01m[Kvirtual int rp::arch::net::raw_serial::waitforrecv(_u32, size_t*)[m[K’:
[3.782s] [01m[K/home/a/experiment-AI/toTransfer/WebotsSimulations/ros2_ws/src/rplidar_ros2-ros2/sdk/src/arch/linux/net_serial.cpp:292:34:[m[K [01;35m[Kwarning: [m[Kunused parameter ‘[01m[Ktimeout[m[K’ [[01;35m[K-Wunused-parameter[m[K]
[3.782s]   292 | int raw_serial::waitforrecv([01;35m[K_u32 timeout[m[K, size_t * returned_size)
[3.783s]       |                             [01;35m[K~~~~~^~~~~~~[m[K
[3.860s] [01m[K/home/a/experiment-AI/toTransfer/WebotsSimulations/ros2_ws/src/rplidar_ros2-ros2/sdk/src/rplidar_driver.cpp:[m[K In member function ‘[01m[Kvirtual u_result rp::standalone::rplidar::RPlidarDriverImplCommon::reset(_u32)[m[K’:
[3.860s] [01m[K/home/a/experiment-AI/toTransfer/WebotsSimulations/ros2_ws/src/rplidar_ros2-ros2/sdk/src/rplidar_driver.cpp:121:46:[m[K [01;35m[Kwarning: [m[Kunused parameter ‘[01m[Ktimeout[m[K’ [[01;35m[K-Wunused-parameter[m[K]
[3.860s]   121 | u_result RPlidarDriverImplCommon::reset([01;35m[K_u32 timeout[m[K)
[3.860s]       |                                         [01;35m[K~~~~~^~~~~~~[m[K
[3.862s] [01m[K/home/a/experiment-AI/toTransfer/WebotsSimulations/ros2_ws/src/rplidar_ros2-ros2/sdk/src/rplidar_driver.cpp:[m[K In member function ‘[01m[Kvirtual u_result rp::standalone::rplidar::RPlidarDriverImplCommon::checkIfTofLidar(bool&, _u32)[m[K’:
[3.862s] [01m[K/home/a/experiment-AI/toTransfer/WebotsSimulations/ros2_ws/src/rplidar_ros2-ros2/sdk/src/rplidar_driver.cpp:274:75:[m[K [01;35m[Kwarning: [m[Kunused parameter ‘[01m[Ktimeout[m[K’ [[01;35m[K-Wunused-parameter[m[K]
[3.862s]   274 | u_result RPlidarDriverImplCommon::checkIfTofLidar(bool & isTofLidar, [01;35m[K_u32 timeout[m[K)
[3.862s]       |                                                                      [01;35m[K~~~~~^~~~~~~[m[K
[3.876s] [01m[K/home/a/experiment-AI/toTransfer/WebotsSimulations/ros2_ws/src/rplidar_ros2-ros2/sdk/src/rplidar_driver.cpp:[m[K In member function ‘[01m[Kvirtual void rp::standalone::rplidar::RPlidarDriverImplCommon::_dense_capsuleToNormal(const rplidar_response_capsule_measurement_nodes_t&, rplidar_response_measurement_node_hq_t*, size_t&)[m[K’:
[3.876s] [01m[K/home/a/experiment-AI/toTransfer/WebotsSimulations/ros2_ws/src/rplidar_ros2-ros2/sdk/src/rplidar_driver.cpp:872:108:[m[K [01;35m[Kwarning: [m[Ktype qualifiers ignored on cast result type [[01;35m[K-Wignored-qualifiers[m[K]
[3.876s]   872 |             const int dist = static_cast<const int>(_cached_previous_dense_capsuledata.cabins[pos].distance[01;35m[K)[m[K;
[3.876s]       |                                                                                                            [01;35m[K^[m[K
[3.878s] [01m[K/home/a/experiment-AI/toTransfer/WebotsSimulations/ros2_ws/src/rplidar_ros2-ros2/sdk/src/rplidar_driver.cpp:[m[K In function ‘[01m[K_u32 rp::standalone::rplidar::_crc32cal(_u32, void*, _u16)[m[K’:
[3.878s] [01m[K/home/a/experiment-AI/toTransfer/WebotsSimulations/ros2_ws/src/rplidar_ros2-ros2/sdk/src/rplidar_driver.cpp:996:23:[m[K [01;35m[Kwarning: [m[Ksuggest parentheses around ‘[01m[K-[m[K’ in operand of ‘[01m[K&[m[K’ [[01;35m[K-Wparentheses[m[K]
[3.878s]   996 |     _u8 leftBytes = [01;35m[K4 - len[m[K & 0x3;
[3.878s]       |                     [01;35m[K~~^~~~~[m[K
[3.881s] [01m[K/home/a/experiment-AI/toTransfer/WebotsSimulations/ros2_ws/src/rplidar_ros2-ros2/sdk/src/rplidar_driver.cpp:[m[K In member function ‘[01m[Kvirtual void rp::standalone::rplidar::RPlidarDriverImplCommon::_ultraCapsuleToNormal(const rplidar_response_ultra_capsule_measurement_nodes_t&, rplidar_response_measurement_node_hq_t*, size_t&)[m[K’:
[3.881s] [01m[K/home/a/experiment-AI/toTransfer/WebotsSimulations/ros2_ws/src/rplidar_ros2-ros2/sdk/src/rplidar_driver.cpp:1207:32:[m[K [01;35m[Kwarning: [m[Kcomparison of integer expressions of different signedness: ‘[01m[Kint[m[K’ and ‘[01m[Kunsigned int[m[K’ [[01;35m[K-Wsign-compare[m[K]
[3.881s]  1207 |             if (([01;35m[Kdist_predict1 == 0xFFFFFE00[m[K) || (dist_predict1 == 0x1FF)) {
[3.882s]       |                  [01;35m[K~~~~~~~~~~~~~~^~~~~~~~~~~~~[m[K
[3.882s] [01m[K/home/a/experiment-AI/toTransfer/WebotsSimulations/ros2_ws/src/rplidar_ros2-ros2/sdk/src/rplidar_driver.cpp:1215:32:[m[K [01;35m[Kwarning: [m[Kcomparison of integer expressions of different signedness: ‘[01m[Kint[m[K’ and ‘[01m[Kunsigned int[m[K’ [[01;35m[K-Wsign-compare[m[K]
[3.882s]  1215 |             if (([01;35m[Kdist_predict2 == 0xFFFFFE00[m[K) || (dist_predict2 == 0x1FF)) {
[3.882s]       |                  [01;35m[K~~~~~~~~~~~~~~^~~~~~~~~~~~~[m[K
[3.893s] [01m[K/home/a/experiment-AI/toTransfer/WebotsSimulations/ros2_ws/src/rplidar_ros2-ros2/sdk/src/rplidar_driver.cpp:[m[K In member function ‘[01m[Kvirtual u_result rp::standalone::rplidar::RPlidarDriverImplCommon::getAllSupportedScanModes(std::vector<rp::standalone::rplidar::RplidarScanMode>&, _u32)[m[K’:
[3.893s] [01m[K/home/a/experiment-AI/toTransfer/WebotsSimulations/ros2_ws/src/rplidar_ros2-ros2/sdk/src/rplidar_driver.cpp:1453:105:[m[K [01;35m[Kwarning: [m[Kunused parameter ‘[01m[KtimeoutInMs[m[K’ [[01;35m[K-Wunused-parameter[m[K]
[3.893s]  1453 | u_result RPlidarDriverImplCommon::getAllSupportedScanModes(std::vector<RplidarScanMode>& outModes, [01;35m[K_u32 timeoutInMs[m[K)
[3.894s]       |                                                                                                    [01;35m[K~~~~~^~~~~~~~~~~[m[K
[3.895s] [01m[K/home/a/experiment-AI/toTransfer/WebotsSimulations/ros2_ws/src/rplidar_ros2-ros2/sdk/src/rplidar_driver.cpp:[m[K In member function ‘[01m[Kvirtual u_result rp::standalone::rplidar::RPlidarDriverImplCommon::startScan(bool, bool, _u32, rp::standalone::rplidar::RplidarScanMode*)[m[K’:
[3.895s] [01m[K/home/a/experiment-AI/toTransfer/WebotsSimulations/ros2_ws/src/rplidar_ros2-ros2/sdk/src/rplidar_driver.cpp:1550:83:[m[K [01;35m[Kwarning: [m[Kunused parameter ‘[01m[Koptions[m[K’ [[01;35m[K-Wunused-parameter[m[K]
[3.895s]  1550 | u_result RPlidarDriverImplCommon::startScan(bool force, bool useTypicalScan, [01;35m[K_u32 options[m[K, RplidarScanMode* outUsedScanMode)
[3.895s]       |                                                                              [01;35m[K~~~~~^~~~~~~[m[K
[3.898s] [01m[K/home/a/experiment-AI/toTransfer/WebotsSimulations/ros2_ws/src/rplidar_ros2-ros2/sdk/src/rplidar_driver.cpp:[m[K In member function ‘[01m[Kvirtual u_result rp::standalone::rplidar::RPlidarDriverImplCommon::stop(_u32)[m[K’:
[3.898s] [01m[K/home/a/experiment-AI/toTransfer/WebotsSimulations/ros2_ws/src/rplidar_ros2-ros2/sdk/src/rplidar_driver.cpp:1774:45:[m[K [01;35m[Kwarning: [m[Kunused parameter ‘[01m[Ktimeout[m[K’ [[01;35m[K-Wunused-parameter[m[K]
[3.898s]  1774 | u_result RPlidarDriverImplCommon::stop([01;35m[K_u32 timeout[m[K)
[3.898s]       |                                        [01;35m[K~~~~~^~~~~~~[m[K
[3.907s] [01m[K/home/a/experiment-AI/toTransfer/WebotsSimulations/ros2_ws/src/rplidar_ros2-ros2/sdk/src/rplidar_driver.cpp:[m[K In member function ‘[01m[Kvirtual u_result rp::standalone::rplidar::RPlidarDriverImplCommon::setLidarSpinSpeed(_u16, _u32)[m[K’:
[3.907s] [01m[K/home/a/experiment-AI/toTransfer/WebotsSimulations/ros2_ws/src/rplidar_ros2-ros2/sdk/src/rplidar_driver.cpp:2162:68:[m[K [01;35m[Kwarning: [m[Kunused parameter ‘[01m[Ktimeout[m[K’ [[01;35m[K-Wunused-parameter[m[K]
[3.907s]  2162 | u_result RPlidarDriverImplCommon::setLidarSpinSpeed(_u16 rpm, [01;35m[K_u32 timeout[m[K)
[3.908s]       |                                                               [01;35m[K~~~~~^~~~~~~[m[K
[3.909s] [01m[K/home/a/experiment-AI/toTransfer/WebotsSimulations/ros2_ws/src/rplidar_ros2-ros2/sdk/src/rplidar_driver.cpp:[m[K In member function ‘[01m[Kvirtual u_result rp::standalone::rplidar::RPlidarDriverSerial::connect(const char*, _u32, _u32)[m[K’:
[3.909s] [01m[K/home/a/experiment-AI/toTransfer/WebotsSimulations/ros2_ws/src/rplidar_ros2-ros2/sdk/src/rplidar_driver.cpp:2240:83:[m[K [01;35m[Kwarning: [m[Kunused parameter ‘[01m[Kflag[m[K’ [[01;35m[K-Wunused-parameter[m[K]
[3.909s]  2240 | u_result RPlidarDriverSerial::connect(const char * port_path, _u32 baudrate, [01;35m[K_u32 flag[m[K)
[3.910s]       |                                                                              [01;35m[K~~~~~^~~~[m[K
[3.910s] [01m[K/home/a/experiment-AI/toTransfer/WebotsSimulations/ros2_ws/src/rplidar_ros2-ros2/sdk/src/rplidar_driver.cpp:[m[K In member function ‘[01m[Kvirtual u_result rp::standalone::rplidar::RPlidarDriverTCP::connect(const char*, _u32, _u32)[m[K’:
[3.911s] [01m[K/home/a/experiment-AI/toTransfer/WebotsSimulations/ros2_ws/src/rplidar_ros2-ros2/sdk/src/rplidar_driver.cpp:2282:72:[m[K [01;35m[Kwarning: [m[Kunused parameter ‘[01m[Kflag[m[K’ [[01;35m[K-Wunused-parameter[m[K]
[3.911s]  2282 | u_result RPlidarDriverTCP::connect(const char * ipStr, _u32 port, [01;35m[K_u32 flag[m[K)
[3.911s]       |                                                                   [01;35m[K~~~~~^~~~[m[K
[5.247s] In file included from [01m[K/home/a/experiment-AI/toTransfer/WebotsSimulations/ros2_ws/src/rplidar_ros2-ros2/./sdk/include/rplidar.h:39[m[K,
[5.247s]                  from [01m[K/home/a/experiment-AI/toTransfer/WebotsSimulations/ros2_ws/src/rplidar_ros2-ros2/include/rplidar_node.hpp:41[m[K,
[5.247s]                  from [01m[K/home/a/experiment-AI/toTransfer/WebotsSimulations/ros2_ws/src/rplidar_ros2-ros2/src/rplidar_node.cpp:36[m[K:
[5.247s] [01m[K/home/a/experiment-AI/toTransfer/WebotsSimulations/ros2_ws/src/rplidar_ros2-ros2/./sdk/include/rplidar_protocol.h:59:14:[m[K [01;35m[Kwarning: [m[KISO C++ forbids zero-size array ‘[01m[Kdata[m[K’ [[01;35m[K-Wpedantic[m[K]
[5.248s]    59 |     _u8 data[[01;35m[K0[m[K];
[5.248s]       |              [01;35m[K^[m[K
[5.248s] In file included from [01m[K/home/a/experiment-AI/toTransfer/WebotsSimulations/ros2_ws/src/rplidar_ros2-ros2/./sdk/include/rplidar.h:40[m[K,
[5.248s]                  from [01m[K/home/a/experiment-AI/toTransfer/WebotsSimulations/ros2_ws/src/rplidar_ros2-ros2/include/rplidar_node.hpp:41[m[K,
[5.248s]                  from [01m[K/home/a/experiment-AI/toTransfer/WebotsSimulations/ros2_ws/src/rplidar_ros2-ros2/src/rplidar_node.cpp:36[m[K:
[5.249s] [01m[K/home/a/experiment-AI/toTransfer/WebotsSimulations/ros2_ws/src/rplidar_ros2-ros2/./sdk/include/rplidar_cmd.h:260:18:[m[K [01;35m[Kwarning: [m[KISO C++ forbids zero-size array ‘[01m[Kpayload[m[K’ [[01;35m[K-Wpedantic[m[K]
[5.249s]   260 |     _u8  payload[[01;35m[K0[m[K];
[5.249s]       |                  [01;35m[K^[m[K
[5.395s] [01m[K/home/a/experiment-AI/toTransfer/WebotsSimulations/ros2_ws/src/rplidar_ros2-ros2/src/rplidar_node.cpp:[m[K In member function ‘[01m[Kvoid rplidar_ros::rplidar_node::stop_motor({anonymous}::EmptyRequest, {anonymous}::EmptyResponse)[m[K’:
[5.395s] [01m[K/home/a/experiment-AI/toTransfer/WebotsSimulations/ros2_ws/src/rplidar_ros2-ros2/src/rplidar_node.cpp:245:50:[m[K [01;35m[Kwarning: [m[Kunused parameter ‘[01m[Kreq[m[K’ [[01;35m[K-Wunused-parameter[m[K]
[5.395s]   245 | void rplidar_node::stop_motor([01;35m[Kconst EmptyRequest req[m[K, EmptyResponse res)
[5.395s]       |                               [01;35m[K~~~~~~~~~~~~~~~~~~~^~~[m[K
[5.395s] [01m[K/home/a/experiment-AI/toTransfer/WebotsSimulations/ros2_ws/src/rplidar_ros2-ros2/src/rplidar_node.cpp:245:69:[m[K [01;35m[Kwarning: [m[Kunused parameter ‘[01m[Kres[m[K’ [[01;35m[K-Wunused-parameter[m[K]
[5.396s]   245 | void rplidar_node::stop_motor(const EmptyRequest req, [01;35m[KEmptyResponse res[m[K)
[5.396s]       |                                                       [01;35m[K~~~~~~~~~~~~~~^~~[m[K
[5.396s] [01m[K/home/a/experiment-AI/toTransfer/WebotsSimulations/ros2_ws/src/rplidar_ros2-ros2/src/rplidar_node.cpp:[m[K In member function ‘[01m[Kvoid rplidar_ros::rplidar_node::start_motor({anonymous}::EmptyRequest, {anonymous}::EmptyResponse)[m[K’:
[5.396s] [01m[K/home/a/experiment-AI/toTransfer/WebotsSimulations/ros2_ws/src/rplidar_ros2-ros2/src/rplidar_node.cpp:256:51:[m[K [01;35m[Kwarning: [m[Kunused parameter ‘[01m[Kreq[m[K’ [[01;35m[K-Wunused-parameter[m[K]
[5.396s]   256 | void rplidar_node::start_motor([01;35m[Kconst EmptyRequest req[m[K, EmptyResponse res)
[5.396s]       |                                [01;35m[K~~~~~~~~~~~~~~~~~~~^~~[m[K
[5.396s] [01m[K/home/a/experiment-AI/toTransfer/WebotsSimulations/ros2_ws/src/rplidar_ros2-ros2/src/rplidar_node.cpp:256:70:[m[K [01;35m[Kwarning: [m[Kunused parameter ‘[01m[Kres[m[K’ [[01;35m[K-Wunused-parameter[m[K]
[5.397s]   256 | void rplidar_node::start_motor(const EmptyRequest req, [01;35m[KEmptyResponse res[m[K)
[5.397s]       |                                                        [01;35m[K~~~~~~~~~~~~~~^~~[m[K
[5.408s] [01m[K/home/a/experiment-AI/toTransfer/WebotsSimulations/ros2_ws/src/rplidar_ros2-ros2/src/rplidar_node.cpp:[m[K In member function ‘[01m[Kvoid rplidar_ros::rplidar_node::publish_loop()[m[K’:
[5.408s] [01m[K/home/a/experiment-AI/toTransfer/WebotsSimulations/ros2_ws/src/rplidar_ros2-ros2/src/rplidar_node.cpp:343:46:[m[K [01;35m[Kwarning: [m[KISO C++ forbids variable length array ‘[01m[Kangle_compensate_nodes[m[K’ [[01;35m[K-Wvla[m[K]
[5.408s]   343 |       rplidar_response_measurement_node_hq_t [01;35m[Kangle_compensate_nodes[m[K[angle_compensate_nodes_count];
[5.409s]       |                                              [01;35m[K^~~~~~~~~~~~~~~~~~~~~~[m[K
[5.409s] [01m[K/home/a/experiment-AI/toTransfer/WebotsSimulations/ros2_ws/src/rplidar_ros2-ros2/src/rplidar_node.cpp:353:25:[m[K [01;35m[Kwarning: [m[Kcomparison of integer expressions of different signedness: ‘[01m[Ksize_t[m[K’ {aka ‘[01m[Klong unsigned int[m[K’} and ‘[01m[Kint[m[K’ [[01;35m[K-Wsign-compare[m[K]
[5.409s]   353 |           for (j = 0; [01;35m[Kj < m_angle_compensate_multiple[m[K; j++) {
[5.409s]       |                       [01;35m[K~~^~~~~~~~~~~~~~~~~~~~~~~~~~~~~[m[K
[5.411s] [01m[K/home/a/experiment-AI/toTransfer/WebotsSimulations/ros2_ws/src/rplidar_ros2-ros2/src/rplidar_node.cpp:374:44:[m[K [01;35m[Kwarning: [m[Kcomparison of integer expressions of different signedness: ‘[01m[Ksize_t[m[K’ {aka ‘[01m[Klong unsigned int[m[K’} and ‘[01m[Kint[m[K’ [[01;35m[K-Wsign-compare[m[K]
[5.411s]   374 |       for (size_t x = start_node, y = 0; [01;35m[Kx < end_node[m[K; ++x, ++y) {
[5.411s]       |                                          [01;35m[K~~^~~~~~~~~~[m[K
[5.411s] [01m[K/home/a/experiment-AI/toTransfer/WebotsSimulations/ros2_ws/src/rplidar_ros2-ros2/src/rplidar_node.cpp:381:11:[m[K [01;35m[Kwarning: [m[Kunused variable ‘[01m[Kangle_min[m[K’ [[01;35m[K-Wunused-variable[m[K]
[5.412s]   381 |     float [01;35m[Kangle_min[m[K = deg_2_rad(0.0f);
[5.412s]       |           [01;35m[K^~~~~~~~~[m[K
[5.412s] [01m[K/home/a/experiment-AI/toTransfer/WebotsSimulations/ros2_ws/src/rplidar_ros2-ros2/src/rplidar_node.cpp:382:11:[m[K [01;35m[Kwarning: [m[Kunused variable ‘[01m[Kangle_max[m[K’ [[01;35m[K-Wunused-variable[m[K]
[5.412s]   382 |     float [01;35m[Kangle_max[m[K = deg_2_rad(359.0f);
[5.412s]       |           [01;35m[K^~~~~~~~~[m[K
[5.601s] In file included from [01m[K/home/a/experiment-AI/toTransfer/WebotsSimulations/ros2_ws/src/rplidar_ros2-ros2/./sdk/include/rplidar.h:39[m[K,
[5.601s]                  from [01m[K/home/a/experiment-AI/toTransfer/WebotsSimulations/ros2_ws/src/rplidar_ros2-ros2/src/node.cpp:45[m[K:
[5.601s] [01m[K/home/a/experiment-AI/toTransfer/WebotsSimulations/ros2_ws/src/rplidar_ros2-ros2/./sdk/include/rplidar_protocol.h:59:14:[m[K [01;35m[Kwarning: [m[KISO C++ forbids zero-size array ‘[01m[Kdata[m[K’ [[01;35m[K-Wpedantic[m[K]
[5.601s]    59 |     _u8 data[[01;35m[K0[m[K];
[5.602s]       |              [01;35m[K^[m[K
[5.603s] In file included from [01m[K/home/a/experiment-AI/toTransfer/WebotsSimulations/ros2_ws/src/rplidar_ros2-ros2/./sdk/include/rplidar.h:40[m[K,
[5.603s]                  from [01m[K/home/a/experiment-AI/toTransfer/WebotsSimulations/ros2_ws/src/rplidar_ros2-ros2/src/node.cpp:45[m[K:
[5.603s] [01m[K/home/a/experiment-AI/toTransfer/WebotsSimulations/ros2_ws/src/rplidar_ros2-ros2/./sdk/include/rplidar_cmd.h:260:18:[m[K [01;35m[Kwarning: [m[KISO C++ forbids zero-size array ‘[01m[Kpayload[m[K’ [[01;35m[K-Wpedantic[m[K]
[5.604s]   260 |     _u8  payload[[01;35m[K0[m[K];
[5.604s]       |                  [01;35m[K^[m[K
[5.644s] [01m[K/home/a/experiment-AI/toTransfer/WebotsSimulations/ros2_ws/src/rplidar_ros2-ros2/src/node.cpp:[m[K In function ‘[01m[Kbool stop_motor(std::shared_ptr<std_srvs::srv::Empty_Request_<std::allocator<void> > >, std::shared_ptr<std_srvs::srv::Empty_Response_<std::allocator<void> > >)[m[K’:
[5.644s] [01m[K/home/a/experiment-AI/toTransfer/WebotsSimulations/ros2_ws/src/rplidar_ros2-ros2/src/node.cpp:166:70:[m[K [01;35m[Kwarning: [m[Kunused parameter ‘[01m[Kreq[m[K’ [[01;35m[K-Wunused-parameter[m[K]
[5.645s]   166 | bool stop_motor([01;35m[Kconst std::shared_ptr<std_srvs::srv::Empty::Request> req[m[K,
[5.645s]       |                 [01;35m[K~~~~~~~~~~~~~~~~~~~~~~~~~~~~~~~~~~~~~~~~~~~~~~~~~~~~~^~~[m[K
[5.645s] [01m[K/home/a/experiment-AI/toTransfer/WebotsSimulations/ros2_ws/src/rplidar_ros2-ros2/src/node.cpp:167:65:[m[K [01;35m[Kwarning: [m[Kunused parameter ‘[01m[Kres[m[K’ [[01;35m[K-Wunused-parameter[m[K]
[5.645s]   167 |                 [01;35m[Kstd::shared_ptr<std_srvs::srv::Empty::Response> res[m[K)
[5.646s]       |                 [01;35m[K~~~~~~~~~~~~~~~~~~~~~~~~~~~~~~~~~~~~~~~~~~~~~~~~^~~[m[K
[5.647s] [01m[K/home/a/experiment-AI/toTransfer/WebotsSimulations/ros2_ws/src/rplidar_ros2-ros2/src/node.cpp:[m[K In function ‘[01m[Kbool start_motor(std::shared_ptr<std_srvs::srv::Empty_Request_<std::allocator<void> > >, std::shared_ptr<std_srvs::srv::Empty_Response_<std::allocator<void> > >)[m[K’:
[5.647s] [01m[K/home/a/experiment-AI/toTransfer/WebotsSimulations/ros2_ws/src/rplidar_ros2-ros2/src/node.cpp:178:71:[m[K [01;35m[Kwarning: [m[Kunused parameter ‘[01m[Kreq[m[K’ [[01;35m[K-Wunused-parameter[m[K]
[5.647s]   178 | bool start_motor([01;35m[Kconst std::shared_ptr<std_srvs::srv::Empty::Request> req[m[K,
[5.647s]       |                  [01;35m[K~~~~~~~~~~~~~~~~~~~~~~~~~~~~~~~~~~~~~~~~~~~~~~~~~~~~~^~~[m[K
[5.648s] [01m[K/home/a/experiment-AI/toTransfer/WebotsSimulations/ros2_ws/src/rplidar_ros2-ros2/src/node.cpp:179:66:[m[K [01;35m[Kwarning: [m[Kunused parameter ‘[01m[Kres[m[K’ [[01;35m[K-Wunused-parameter[m[K]
[5.648s]   179 |                  [01;35m[Kstd::shared_ptr<std_srvs::srv::Empty::Response> res[m[K)
[5.648s]       |                  [01;35m[K~~~~~~~~~~~~~~~~~~~~~~~~~~~~~~~~~~~~~~~~~~~~~~~~^~~[m[K
[5.693s] [01m[K/home/a/experiment-AI/toTransfer/WebotsSimulations/ros2_ws/src/rplidar_ros2-ros2/src/node.cpp:[m[K In function ‘[01m[Kint main(int, char**)[m[K’:
[5.693s] [01m[K/home/a/experiment-AI/toTransfer/WebotsSimulations/ros2_ws/src/rplidar_ros2-ros2/src/node.cpp:356:60:[m[K [01;35m[Kwarning: [m[KISO C++ forbids variable length array ‘[01m[Kangle_compensate_nodes[m[K’ [[01;35m[K-Wvla[m[K]
[5.693s]   356 |                     rplidar_response_measurement_node_hq_t [01;35m[Kangle_compensate_nodes[m[K[angle_compensate_nodes_count];
[5.694s]       |                                                            [01;35m[K^~~~~~~~~~~~~~~~~~~~~~[m[K
[5.694s] [01m[K/home/a/experiment-AI/toTransfer/WebotsSimulations/ros2_ws/src/rplidar_ros2-ros2/src/node.cpp:360:30:[m[K [01;35m[Kwarning: [m[Kcomparison of integer expressions of different signedness: ‘[01m[Kint[m[K’ and ‘[01m[Ksize_t[m[K’ {aka ‘[01m[Klong unsigned int[m[K’} [[01;35m[K-Wsign-compare[m[K]
[5.694s]   360 |                     for( ; [01;35m[Ki < count[m[K; i++ ) {
[5.694s]       |                            [01;35m[K~~^~~~~~~[m[K
[8.090s] [ 77%] [32m[1mLinking CXX executable rplidarNode[0m
[8.284s] [ 77%] Built target rplidarNode
[8.437s] [ 83%] [32m[1mLinking CXX shared library librplidar_composition_node.so[0m
[8.605s] [ 83%] Built target rplidar_composition_node
[8.614s] [35m[1mScanning dependencies of target rplidar_composition[0m
[8.645s] [ 88%] [32mBuilding CXX object CMakeFiles/rplidar_composition.dir/src/standalone_rplidar.cpp.o[0m
[8.746s] In file included from [01m[K/home/a/experiment-AI/toTransfer/WebotsSimulations/ros2_ws/src/rplidar_ros2-ros2/src/standalone_rplidar.cpp:16[m[K:
[8.746s] [01m[K/home/a/experiment-AI/toTransfer/WebotsSimulations/ros2_ws/src/rplidar_ros2-ros2/include/rplidar_node.hpp:50:[m[K [01;35m[Kwarning: [m[K"M_PI" redefined
[8.746s]    50 | #define M_PI 3.1415926535897932384626433832795
[8.746s]       | 
[8.746s] In file included from [01m[K/usr/include/c++/9/cmath:45[m[K,
[8.746s]                  from [01m[K/opt/ros/foxy/include/libstatistics_collector/moving_average_statistics/types.hpp:18[m[K,
[8.747s]                  from [01m[K/opt/ros/foxy/include/libstatistics_collector/collector/generate_statistics_message.hpp:24[m[K,
[8.747s]                  from [01m[K/opt/ros/foxy/include/rclcpp/topic_statistics/subscription_topic_statistics.hpp:23[m[K,
[8.747s]                  from [01m[K/opt/ros/foxy/include/rclcpp/subscription.hpp:50[m[K,
[8.747s]                  from [01m[K/opt/ros/foxy/include/rclcpp/any_executable.hpp:25[m[K,
[8.747s]                  from [01m[K/opt/ros/foxy/include/rclcpp/memory_strategy.hpp:24[m[K,
[8.747s]                  from [01m[K/opt/ros/foxy/include/rclcpp/memory_strategies.hpp:18[m[K,
[8.747s]                  from [01m[K/opt/ros/foxy/include/rclcpp/executor_options.hpp:20[m[K,
[8.747s]                  from [01m[K/opt/ros/foxy/include/rclcpp/executor.hpp:33[m[K,
[8.747s]                  from [01m[K/opt/ros/foxy/include/rclcpp/executors/multi_threaded_executor.hpp:26[m[K,
[8.747s]                  from [01m[K/opt/ros/foxy/include/rclcpp/executors.hpp:21[m[K,
[8.747s]                  from [01m[K/opt/ros/foxy/include/rclcpp/rclcpp.hpp:146[m[K,
[8.748s]                  from [01m[K/home/a/experiment-AI/toTransfer/WebotsSimulations/ros2_ws/src/rplidar_ros2-ros2/include/rplidar_node.hpp:34[m[K,
[8.748s]                  from [01m[K/home/a/experiment-AI/toTransfer/WebotsSimulations/ros2_ws/src/rplidar_ros2-ros2/src/standalone_rplidar.cpp:16[m[K:
[8.748s] [01m[K/usr/include/math.h:1070:[m[K [01;36m[Knote: [m[Kthis is the location of the previous definition
[8.748s]  1070 | # define M_PI  3.14159265358979323846 /* pi */
[8.748s]       | 
[9.431s] [ 94%] [32m[1mLinking CXX executable rplidarNodeClient[0m
[9.611s] [ 94%] Built target rplidarNodeClient
[9.874s] In file included from [01m[K/home/a/experiment-AI/toTransfer/WebotsSimulations/ros2_ws/src/rplidar_ros2-ros2/./sdk/include/rplidar.h:39[m[K,
[9.874s]                  from [01m[K/home/a/experiment-AI/toTransfer/WebotsSimulations/ros2_ws/src/rplidar_ros2-ros2/include/rplidar_node.hpp:41[m[K,
[9.874s]                  from [01m[K/home/a/experiment-AI/toTransfer/WebotsSimulations/ros2_ws/src/rplidar_ros2-ros2/src/standalone_rplidar.cpp:16[m[K:
[9.874s] [01m[K/home/a/experiment-AI/toTransfer/WebotsSimulations/ros2_ws/src/rplidar_ros2-ros2/./sdk/include/rplidar_protocol.h:59:14:[m[K [01;35m[Kwarning: [m[KISO C++ forbids zero-size array ‘[01m[Kdata[m[K’ [[01;35m[K-Wpedantic[m[K]
[9.874s]    59 |     _u8 data[[01;35m[K0[m[K];
[9.874s]       |              [01;35m[K^[m[K
[9.874s] In file included from [01m[K/home/a/experiment-AI/toTransfer/WebotsSimulations/ros2_ws/src/rplidar_ros2-ros2/./sdk/include/rplidar.h:40[m[K,
[9.874s]                  from [01m[K/home/a/experiment-AI/toTransfer/WebotsSimulations/ros2_ws/src/rplidar_ros2-ros2/include/rplidar_node.hpp:41[m[K,
[9.874s]                  from [01m[K/home/a/experiment-AI/toTransfer/WebotsSimulations/ros2_ws/src/rplidar_ros2-ros2/src/standalone_rplidar.cpp:16[m[K:
[9.874s] [01m[K/home/a/experiment-AI/toTransfer/WebotsSimulations/ros2_ws/src/rplidar_ros2-ros2/./sdk/include/rplidar_cmd.h:260:18:[m[K [01;35m[Kwarning: [m[KISO C++ forbids zero-size array ‘[01m[Kpayload[m[K’ [[01;35m[K-Wpedantic[m[K]
[9.874s]   260 |     _u8  payload[[01;35m[K0[m[K];
[9.874s]       |                  [01;35m[K^[m[K
[10.229s] In file included from [01m[K/home/a/experiment-AI/toTransfer/WebotsSimulations/ros2_ws/src/rplidar_ros2-ros2/src/standalone_rplidar.cpp:16[m[K:
[10.230s] [01m[K/home/a/experiment-AI/toTransfer/WebotsSimulations/ros2_ws/src/rplidar_ros2-ros2/include/rplidar_node.hpp:76:14:[m[K [01;35m[Kwarning: [m[K‘[01m[Kfloat rplidar_ros::getAngle(const rplidar_response_measurement_node_hq_t&)[m[K’ defined but not used [[01;35m[K-Wunused-function[m[K]
[10.230s]    76 | static float [01;35m[KgetAngle[m[K(const rplidar_response_measurement_node_hq_t& node)
[10.230s]       |              [01;35m[K^~~~~~~~[m[K
[10.327s] [100%] [32m[1mLinking CXX executable rplidar_composition[0m
[10.418s] [100%] Built target rplidar_composition
[10.425s] Invoked command in '/home/a/experiment-AI/toTransfer/WebotsSimulations/ros2_ws/build/rplidar_ros' returned '0': CMAKE_PREFIX_PATH=/opt/ros/foxy /usr/bin/cmake --build /home/a/experiment-AI/toTransfer/WebotsSimulations/ros2_ws/build/rplidar_ros -- -j16 -l16
[10.451s] Invoking command in '/home/a/experiment-AI/toTransfer/WebotsSimulations/ros2_ws/build/rplidar_ros': CMAKE_PREFIX_PATH=/opt/ros/foxy /usr/bin/cmake --install /home/a/experiment-AI/toTransfer/WebotsSimulations/ros2_ws/build/rplidar_ros
[10.458s] -- Install configuration: ""
[10.458s] -- Installing: /home/a/experiment-AI/toTransfer/WebotsSimulations/ros2_ws/install/rplidar_ros/lib/rplidar_ros/rplidarNode
[10.458s] -- Set runtime path of "/home/a/experiment-AI/toTransfer/WebotsSimulations/ros2_ws/install/rplidar_ros/lib/rplidar_ros/rplidarNode" to ""
[10.459s] -- Installing: /home/a/experiment-AI/toTransfer/WebotsSimulations/ros2_ws/install/rplidar_ros/lib/rplidar_ros/rplidarNodeClient
[10.459s] -- Set runtime path of "/home/a/experiment-AI/toTransfer/WebotsSimulations/ros2_ws/install/rplidar_ros/lib/rplidar_ros/rplidarNodeClient" to ""
[10.460s] -- Installing: /home/a/experiment-AI/toTransfer/WebotsSimulations/ros2_ws/install/rplidar_ros/lib/rplidar_ros/rplidar_composition
[10.460s] -- Set runtime path of "/home/a/experiment-AI/toTransfer/WebotsSimulations/ros2_ws/install/rplidar_ros/lib/rplidar_ros/rplidar_composition" to ""
[10.460s] -- Installing: /home/a/experiment-AI/toTransfer/WebotsSimulations/ros2_ws/install/rplidar_ros/share/rplidar_ros/launch
[10.460s] -- Installing: /home/a/experiment-AI/toTransfer/WebotsSimulations/ros2_ws/install/rplidar_ros/share/rplidar_ros/launch/view_rplidar_a3.launch.py
[10.460s] -- Installing: /home/a/experiment-AI/toTransfer/WebotsSimulations/ros2_ws/install/rplidar_ros/share/rplidar_ros/launch/view_rplidar_s1_tcp.launch.py
[10.460s] -- Installing: /home/a/experiment-AI/toTransfer/WebotsSimulations/ros2_ws/install/rplidar_ros/share/rplidar_ros/launch/view_rplidar_s1.launch.py
[10.460s] -- Installing: /home/a/experiment-AI/toTransfer/WebotsSimulations/ros2_ws/install/rplidar_ros/share/rplidar_ros/launch/test_rplidar_a3.launch.py
[10.460s] -- Installing: /home/a/experiment-AI/toTransfer/WebotsSimulations/ros2_ws/install/rplidar_ros/share/rplidar_ros/launch/rplidar.launch.py
[10.460s] -- Installing: /home/a/experiment-AI/toTransfer/WebotsSimulations/ros2_ws/install/rplidar_ros/share/rplidar_ros/launch/rplidar_s1.launch.py
[10.460s] -- Installing: /home/a/experiment-AI/toTransfer/WebotsSimulations/ros2_ws/install/rplidar_ros/share/rplidar_ros/launch/view_rplidar.launch.py
[10.461s] -- Installing: /home/a/experiment-AI/toTransfer/WebotsSimulations/ros2_ws/install/rplidar_ros/share/rplidar_ros/launch/rplidar_s1_tcp.launch.py
[10.461s] -- Installing: /home/a/experiment-AI/toTransfer/WebotsSimulations/ros2_ws/install/rplidar_ros/share/rplidar_ros/launch/rplidar_a3.launch.py
[10.461s] -- Installing: /home/a/experiment-AI/toTransfer/WebotsSimulations/ros2_ws/install/rplidar_ros/share/rplidar_ros/launch/test_rplidar.launch.py
[10.461s] -- Installing: /home/a/experiment-AI/toTransfer/WebotsSimulations/ros2_ws/install/rplidar_ros/share/rplidar_ros/rviz
[10.461s] -- Installing: /home/a/experiment-AI/toTransfer/WebotsSimulations/ros2_ws/install/rplidar_ros/share/rplidar_ros/rviz/rplidar.rviz
[10.461s] -- Installing: /home/a/experiment-AI/toTransfer/WebotsSimulations/ros2_ws/install/rplidar_ros/lib/librplidar_composition_node.so
[10.462s] -- Set runtime path of "/home/a/experiment-AI/toTransfer/WebotsSimulations/ros2_ws/install/rplidar_ros/lib/librplidar_composition_node.so" to ""
[10.462s] -- Installing: /home/a/experiment-AI/toTransfer/WebotsSimulations/ros2_ws/install/rplidar_ros/include
[10.462s] -- Installing: /home/a/experiment-AI/toTransfer/WebotsSimulations/ros2_ws/install/rplidar_ros/include/visibility.h
[10.462s] -- Installing: /home/a/experiment-AI/toTransfer/WebotsSimulations/ros2_ws/install/rplidar_ros/include/rplidar_node.hpp
[10.462s] -- Up-to-date: /home/a/experiment-AI/toTransfer/WebotsSimulations/ros2_ws/install/rplidar_ros/lib/rplidar_ros/rplidarNode
[10.462s] -- Up-to-date: /home/a/experiment-AI/toTransfer/WebotsSimulations/ros2_ws/install/rplidar_ros/lib/rplidar_ros/rplidarNodeClient
[10.463s] -- Up-to-date: /home/a/experiment-AI/toTransfer/WebotsSimulations/ros2_ws/install/rplidar_ros/lib/rplidar_ros/rplidar_composition
[10.463s] -- Installing: /home/a/experiment-AI/toTransfer/WebotsSimulations/ros2_ws/install/rplidar_ros/share/ament_index/resource_index/package_run_dependencies/rplidar_ros
[10.463s] -- Installing: /home/a/experiment-AI/toTransfer/WebotsSimulations/ros2_ws/install/rplidar_ros/share/ament_index/resource_index/parent_prefix_path/rplidar_ros
[10.463s] -- Installing: /home/a/experiment-AI/toTransfer/WebotsSimulations/ros2_ws/install/rplidar_ros/share/rplidar_ros/environment/ament_prefix_path.sh
[10.463s] -- Installing: /home/a/experiment-AI/toTransfer/WebotsSimulations/ros2_ws/install/rplidar_ros/share/rplidar_ros/environment/ament_prefix_path.dsv
[10.463s] -- Installing: /home/a/experiment-AI/toTransfer/WebotsSimulations/ros2_ws/install/rplidar_ros/share/rplidar_ros/environment/path.sh
[10.463s] -- Installing: /home/a/experiment-AI/toTransfer/WebotsSimulations/ros2_ws/install/rplidar_ros/share/rplidar_ros/environment/path.dsv
[10.463s] -- Installing: /home/a/experiment-AI/toTransfer/WebotsSimulations/ros2_ws/install/rplidar_ros/share/rplidar_ros/local_setup.bash
[10.464s] -- Installing: /home/a/experiment-AI/toTransfer/WebotsSimulations/ros2_ws/install/rplidar_ros/share/rplidar_ros/local_setup.sh
[10.464s] -- Installing: /home/a/experiment-AI/toTransfer/WebotsSimulations/ros2_ws/install/rplidar_ros/share/rplidar_ros/local_setup.zsh
[10.464s] -- Installing: /home/a/experiment-AI/toTransfer/WebotsSimulations/ros2_ws/install/rplidar_ros/share/rplidar_ros/local_setup.dsv
[10.464s] -- Installing: /home/a/experiment-AI/toTransfer/WebotsSimulations/ros2_ws/install/rplidar_ros/share/rplidar_ros/package.dsv
[10.464s] -- Installing: /home/a/experiment-AI/toTransfer/WebotsSimulations/ros2_ws/install/rplidar_ros/share/ament_index/resource_index/packages/rplidar_ros
[10.464s] -- Installing: /home/a/experiment-AI/toTransfer/WebotsSimulations/ros2_ws/install/rplidar_ros/share/rplidar_ros/cmake/ament_cmake_export_dependencies-extras.cmake
[10.464s] -- Installing: /home/a/experiment-AI/toTransfer/WebotsSimulations/ros2_ws/install/rplidar_ros/share/rplidar_ros/cmake/ament_cmake_export_include_directories-extras.cmake
[10.464s] -- Installing: /home/a/experiment-AI/toTransfer/WebotsSimulations/ros2_ws/install/rplidar_ros/share/rplidar_ros/cmake/rplidar_rosConfig.cmake
[10.464s] -- Installing: /home/a/experiment-AI/toTransfer/WebotsSimulations/ros2_ws/install/rplidar_ros/share/rplidar_ros/cmake/rplidar_rosConfig-version.cmake
[10.464s] -- Installing: /home/a/experiment-AI/toTransfer/WebotsSimulations/ros2_ws/install/rplidar_ros/share/rplidar_ros/package.xml
[10.468s] Invoked command in '/home/a/experiment-AI/toTransfer/WebotsSimulations/ros2_ws/build/rplidar_ros' returned '0': CMAKE_PREFIX_PATH=/opt/ros/foxy /usr/bin/cmake --install /home/a/experiment-AI/toTransfer/WebotsSimulations/ros2_ws/build/rplidar_ros
