[1.241s] Invoking command in '/home/a/experiment-AI/toTransfer/WebotsSimulations/ros2_ws/src/hardware_nav_v1': PYTHONPATH=/home/a/experiment-AI/toTransfer/WebotsSimulations/ros2_ws/build/hardware_nav_v1/prefix_override:/home/a/experiment-AI/toTransfer/WebotsSimulations/ros2_ws/install/hardware_nav_v1/lib/python3.8/site-packages:${PYTHONPATH} /usr/bin/python3 setup.py egg_info --egg-base ../../build/hardware_nav_v1 build --build-base /home/a/experiment-AI/toTransfer/WebotsSimulations/ros2_ws/build/hardware_nav_v1/build install --record /home/a/experiment-AI/toTransfer/WebotsSimulations/ros2_ws/build/hardware_nav_v1/install.log --install-scripts $base/lib/hardware_nav_v1 --single-version-externally-managed
[1.489s] running egg_info
[1.491s] creating ../../build/hardware_nav_v1/hardware_nav_v1.egg-info
[1.491s] writing ../../build/hardware_nav_v1/hardware_nav_v1.egg-info/PKG-INFO
[1.492s] writing dependency_links to ../../build/hardware_nav_v1/hardware_nav_v1.egg-info/dependency_links.txt
[1.492s] writing entry points to ../../build/hardware_nav_v1/hardware_nav_v1.egg-info/entry_points.txt
[1.493s] writing requirements to ../../build/hardware_nav_v1/hardware_nav_v1.egg-info/requires.txt
[1.493s] writing top-level names to ../../build/hardware_nav_v1/hardware_nav_v1.egg-info/top_level.txt
[1.494s] writing manifest file '../../build/hardware_nav_v1/hardware_nav_v1.egg-info/SOURCES.txt'
[1.532s] reading manifest file '../../build/hardware_nav_v1/hardware_nav_v1.egg-info/SOURCES.txt'
[1.533s] writing manifest file '../../build/hardware_nav_v1/hardware_nav_v1.egg-info/SOURCES.txt'
[1.534s] running build
[1.534s] running build_py
[1.534s] creating /home/a/experiment-AI/toTransfer/WebotsSimulations/ros2_ws/build/hardware_nav_v1/build
[1.535s] creating /home/a/experiment-AI/toTransfer/WebotsSimulations/ros2_ws/build/hardware_nav_v1/build/lib
[1.535s] creating /home/a/experiment-AI/toTransfer/WebotsSimulations/ros2_ws/build/hardware_nav_v1/build/lib/hardware_nav_v1
[1.535s] copying hardware_nav_v1/motor.py -> /home/a/experiment-AI/toTransfer/WebotsSimulations/ros2_ws/build/hardware_nav_v1/build/lib/hardware_nav_v1
[1.535s] copying hardware_nav_v1/__init__.py -> /home/a/experiment-AI/toTransfer/WebotsSimulations/ros2_ws/build/hardware_nav_v1/build/lib/hardware_nav_v1
[1.536s] copying hardware_nav_v1/servo.py -> /home/a/experiment-AI/toTransfer/WebotsSimulations/ros2_ws/build/hardware_nav_v1/build/lib/hardware_nav_v1
[1.536s] copying hardware_nav_v1/driver.py -> /home/a/experiment-AI/toTransfer/WebotsSimulations/ros2_ws/build/hardware_nav_v1/build/lib/hardware_nav_v1
[1.536s] running install
[1.537s] running install_lib
[1.537s] creating /home/a/experiment-AI/toTransfer/WebotsSimulations/ros2_ws/install/hardware_nav_v1/lib/python3.8/site-packages/hardware_nav_v1
[1.537s] copying /home/a/experiment-AI/toTransfer/WebotsSimulations/ros2_ws/build/hardware_nav_v1/build/lib/hardware_nav_v1/motor.py -> /home/a/experiment-AI/toTransfer/WebotsSimulations/ros2_ws/install/hardware_nav_v1/lib/python3.8/site-packages/hardware_nav_v1
[1.537s] copying /home/a/experiment-AI/toTransfer/WebotsSimulations/ros2_ws/build/hardware_nav_v1/build/lib/hardware_nav_v1/__init__.py -> /home/a/experiment-AI/toTransfer/WebotsSimulations/ros2_ws/install/hardware_nav_v1/lib/python3.8/site-packages/hardware_nav_v1
[1.537s] copying /home/a/experiment-AI/toTransfer/WebotsSimulations/ros2_ws/build/hardware_nav_v1/build/lib/hardware_nav_v1/servo.py -> /home/a/experiment-AI/toTransfer/WebotsSimulations/ros2_ws/install/hardware_nav_v1/lib/python3.8/site-packages/hardware_nav_v1
[1.537s] copying /home/a/experiment-AI/toTransfer/WebotsSimulations/ros2_ws/build/hardware_nav_v1/build/lib/hardware_nav_v1/driver.py -> /home/a/experiment-AI/toTransfer/WebotsSimulations/ros2_ws/install/hardware_nav_v1/lib/python3.8/site-packages/hardware_nav_v1
[1.538s] byte-compiling /home/a/experiment-AI/toTransfer/WebotsSimulations/ros2_ws/install/hardware_nav_v1/lib/python3.8/site-packages/hardware_nav_v1/motor.py to motor.cpython-38.pyc
[1.540s] byte-compiling /home/a/experiment-AI/toTransfer/WebotsSimulations/ros2_ws/install/hardware_nav_v1/lib/python3.8/site-packages/hardware_nav_v1/__init__.py to __init__.cpython-38.pyc
[1.543s] byte-compiling /home/a/experiment-AI/toTransfer/WebotsSimulations/ros2_ws/install/hardware_nav_v1/lib/python3.8/site-packages/hardware_nav_v1/servo.py to servo.cpython-38.pyc
[1.543s] byte-compiling /home/a/experiment-AI/toTransfer/WebotsSimulations/ros2_ws/install/hardware_nav_v1/lib/python3.8/site-packages/hardware_nav_v1/driver.py to driver.cpython-38.pyc
[1.544s] running install_data
[1.544s] creating /home/a/experiment-AI/toTransfer/WebotsSimulations/ros2_ws/install/hardware_nav_v1/share/ament_index
[1.544s] creating /home/a/experiment-AI/toTransfer/WebotsSimulations/ros2_ws/install/hardware_nav_v1/share/ament_index/resource_index
[1.544s] creating /home/a/experiment-AI/toTransfer/WebotsSimulations/ros2_ws/install/hardware_nav_v1/share/ament_index/resource_index/packages
[1.544s] copying resource/hardware_nav_v1 -> /home/a/experiment-AI/toTransfer/WebotsSimulations/ros2_ws/install/hardware_nav_v1/share/ament_index/resource_index/packages
[1.545s] creating /home/a/experiment-AI/toTransfer/WebotsSimulations/ros2_ws/install/hardware_nav_v1/share/hardware_nav_v1/launch
[1.545s] copying launch/real_driver_launch.py -> /home/a/experiment-AI/toTransfer/WebotsSimulations/ros2_ws/install/hardware_nav_v1/share/hardware_nav_v1/launch
[1.545s] copying package.xml -> /home/a/experiment-AI/toTransfer/WebotsSimulations/ros2_ws/install/hardware_nav_v1/share/hardware_nav_v1
[1.545s] running install_egg_info
[1.545s] Copying ../../build/hardware_nav_v1/hardware_nav_v1.egg-info to /home/a/experiment-AI/toTransfer/WebotsSimulations/ros2_ws/install/hardware_nav_v1/lib/python3.8/site-packages/hardware_nav_v1-0.0.0-py3.8.egg-info
[1.545s] running install_scripts
[1.565s] Installing driver script to /home/a/experiment-AI/toTransfer/WebotsSimulations/ros2_ws/install/hardware_nav_v1/lib/hardware_nav_v1
[1.565s] Installing motor script to /home/a/experiment-AI/toTransfer/WebotsSimulations/ros2_ws/install/hardware_nav_v1/lib/hardware_nav_v1
[1.565s] Installing servo script to /home/a/experiment-AI/toTransfer/WebotsSimulations/ros2_ws/install/hardware_nav_v1/lib/hardware_nav_v1
[1.566s] writing list of installed files to '/home/a/experiment-AI/toTransfer/WebotsSimulations/ros2_ws/build/hardware_nav_v1/install.log'
[1.584s] Invoked command in '/home/a/experiment-AI/toTransfer/WebotsSimulations/ros2_ws/src/hardware_nav_v1' returned '0': PYTHONPATH=/home/a/experiment-AI/toTransfer/WebotsSimulations/ros2_ws/build/hardware_nav_v1/prefix_override:/home/a/experiment-AI/toTransfer/WebotsSimulations/ros2_ws/install/hardware_nav_v1/lib/python3.8/site-packages:${PYTHONPATH} /usr/bin/python3 setup.py egg_info --egg-base ../../build/hardware_nav_v1 build --build-base /home/a/experiment-AI/toTransfer/WebotsSimulations/ros2_ws/build/hardware_nav_v1/build install --record /home/a/experiment-AI/toTransfer/WebotsSimulations/ros2_ws/build/hardware_nav_v1/install.log --install-scripts $base/lib/hardware_nav_v1 --single-version-externally-managed
