[0.732s] Invoking command in '/home/a/experiment-AI/toTransfer/WebotsSimulations/ros2_ws/build/sllidar_ros2': CMAKE_PREFIX_PATH=/opt/ros/foxy /usr/bin/cmake /home/a/experiment-AI/toTransfer/WebotsSimulations/ros2_ws/src/sllidar_ros2-main -DCMAKE_INSTALL_PREFIX=/home/a/experiment-AI/toTransfer/WebotsSimulations/ros2_ws/install/sllidar_ros2
[0.779s] -- The C compiler identification is GNU 9.4.0
[0.833s] -- The CXX compiler identification is GNU 9.4.0
[0.840s] -- Check for working C compiler: /usr/bin/cc
[0.904s] -- Check for working C compiler: /usr/bin/cc -- works
[0.905s] -- Detecting C compiler ABI info
[0.968s] -- Detecting C compiler ABI info - done
[0.980s] -- Detecting C compile features
[0.980s] -- Detecting C compile features - done
[0.983s] -- Check for working CXX compiler: /usr/bin/c++
[1.056s] -- Check for working CXX compiler: /usr/bin/c++ -- works
[1.058s] -- Detecting CXX compiler ABI info
[1.137s] -- Detecting CXX compiler ABI info - done
[1.149s] -- Detecting CXX compile features
[1.150s] -- Detecting CXX compile features - done
[1.152s] -- Found ament_cmake: 0.9.11 (/opt/ros/foxy/share/ament_cmake/cmake)
[1.179s] -- Found PythonInterp: /usr/bin/python3 (found suitable version "3.8.10", minimum required is "3") 
[1.179s] -- Using PYTHON_EXECUTABLE: /usr/bin/python3
[1.392s] -- Found rclcpp: 2.4.2 (/opt/ros/foxy/share/rclcpp/cmake)
[1.440s] -- Using all available rosidl_typesupport_c: rosidl_typesupport_fastrtps_c;rosidl_typesupport_introspection_c
[1.447s] -- Found rosidl_adapter: 1.3.0 (/opt/ros/foxy/share/rosidl_adapter/cmake)
[1.535s] -- Found OpenSSL: /usr/lib/x86_64-linux-gnu/libcrypto.so (found version "1.1.1f")  
[1.565s] -- Found FastRTPS: /opt/ros/foxy/include  
[1.634s] -- Using all available rosidl_typesupport_cpp: rosidl_typesupport_fastrtps_cpp;rosidl_typesupport_introspection_cpp
[1.685s] -- Found rmw_implementation_cmake: 1.0.3 (/opt/ros/foxy/share/rmw_implementation_cmake/cmake)
[1.686s] -- Using RMW implementation 'rmw_fastrtps_cpp' as default
[1.687s] -- Looking for pthread.h
[1.750s] -- Looking for pthread.h - found
[1.751s] -- Performing Test CMAKE_HAVE_LIBC_PTHREAD
[1.810s] -- Performing Test CMAKE_HAVE_LIBC_PTHREAD - Failed
[1.810s] -- Looking for pthread_create in pthreads
[1.851s] -- Looking for pthread_create in pthreads - not found
[1.851s] -- Looking for pthread_create in pthread
[1.911s] -- Looking for pthread_create in pthread - found
[1.912s] -- Found Threads: TRUE  
[2.047s] -- Found sensor_msgs: 2.0.5 (/opt/ros/foxy/share/sensor_msgs/cmake)
[2.162s] -- Found std_srvs: 2.0.5 (/opt/ros/foxy/share/std_srvs/cmake)
[2.226s] -- Configuring done
[2.237s] -- Generating done
[2.239s] -- Build files have been written to: /home/a/experiment-AI/toTransfer/WebotsSimulations/ros2_ws/build/sllidar_ros2
[2.246s] Invoked command in '/home/a/experiment-AI/toTransfer/WebotsSimulations/ros2_ws/build/sllidar_ros2' returned '0': CMAKE_PREFIX_PATH=/opt/ros/foxy /usr/bin/cmake /home/a/experiment-AI/toTransfer/WebotsSimulations/ros2_ws/src/sllidar_ros2-main -DCMAKE_INSTALL_PREFIX=/home/a/experiment-AI/toTransfer/WebotsSimulations/ros2_ws/install/sllidar_ros2
[2.248s] Invoking command in '/home/a/experiment-AI/toTransfer/WebotsSimulations/ros2_ws/build/sllidar_ros2': CMAKE_PREFIX_PATH=/opt/ros/foxy /usr/bin/cmake --build /home/a/experiment-AI/toTransfer/WebotsSimulations/ros2_ws/build/sllidar_ros2 -- -j16 -l16
[2.281s] [35m[1mScanning dependencies of target sllidar_node[0m
[2.281s] [35m[1mScanning dependencies of target sllidar_client[0m
[2.337s] [ 14%] [32mBuilding CXX object CMakeFiles/sllidar_client.dir/src/sllidar_client.cpp.o[0m
[2.337s] [ 14%] [32mBuilding CXX object CMakeFiles/sllidar_node.dir/src/sllidar_node.cpp.o[0m
[2.337s] [ 21%] [32mBuilding CXX object CMakeFiles/sllidar_node.dir/sdk/src/arch/linux/net_socket.cpp.o[0m
[2.338s] [ 35%] [32mBuilding CXX object CMakeFiles/sllidar_node.dir/sdk/src/arch/linux/timer.cpp.o[0m
[2.338s] [ 35%] [32mBuilding CXX object CMakeFiles/sllidar_node.dir/sdk/src/arch/linux/net_serial.cpp.o[0m
[2.348s] [ 42%] [32mBuilding CXX object CMakeFiles/sllidar_node.dir/sdk/src/hal/thread.cpp.o[0m
[2.348s] [ 50%] [32mBuilding CXX object CMakeFiles/sllidar_node.dir/sdk/src/rplidar_driver.cpp.o[0m
[2.350s] [ 57%] [32mBuilding CXX object CMakeFiles/sllidar_node.dir/sdk/src/sl_crc.cpp.o[0m
[2.360s] [ 64%] [32mBuilding CXX object CMakeFiles/sllidar_node.dir/sdk/src/sl_lidar_driver.cpp.o[0m
[2.362s] [ 71%] [32mBuilding CXX object CMakeFiles/sllidar_node.dir/sdk/src/sl_serial_channel.cpp.o[0m
[2.415s] In file included from [01m[K/home/a/experiment-AI/toTransfer/WebotsSimulations/ros2_ws/src/sllidar_ros2-main/./sdk/include/sl_lidar_cmd.h:36[m[K,
[2.416s]                  from [01m[K/home/a/experiment-AI/toTransfer/WebotsSimulations/ros2_ws/src/sllidar_ros2-main/./sdk/include/sl_crc.h:36[m[K,
[2.416s]                  from [01m[K/home/a/experiment-AI/toTransfer/WebotsSimulations/ros2_ws/src/sllidar_ros2-main/sdk/src/sl_crc.cpp:33[m[K:
[2.416s] [01m[K/home/a/experiment-AI/toTransfer/WebotsSimulations/ros2_ws/src/sllidar_ros2-main/./sdk/include/sl_lidar_protocol.h:58:16:[m[K [01;35m[Kwarning: [m[KISO C++ forbids zero-size array ‘[01m[Kdata[m[K’ [[01;35m[K-Wpedantic[m[K]
[2.416s]    58 |     sl_u8 data[[01;35m[K0[m[K];
[2.416s]       |                [01;35m[K^[m[K
[2.416s] In file included from [01m[K/home/a/experiment-AI/toTransfer/WebotsSimulations/ros2_ws/src/sllidar_ros2-main/./sdk/include/sl_crc.h:36[m[K,
[2.417s]                  from [01m[K/home/a/experiment-AI/toTransfer/WebotsSimulations/ros2_ws/src/sllidar_ros2-main/sdk/src/sl_crc.cpp:33[m[K:
[2.417s] [01m[K/home/a/experiment-AI/toTransfer/WebotsSimulations/ros2_ws/src/sllidar_ros2-main/./sdk/include/sl_lidar_cmd.h:295:20:[m[K [01;35m[Kwarning: [m[KISO C++ forbids zero-size array ‘[01m[Kpayload[m[K’ [[01;35m[K-Wpedantic[m[K]
[2.417s]   295 |     sl_u8  payload[[01;35m[K0[m[K];
[2.417s]       |                    [01;35m[K^[m[K
[2.424s] [01m[K/home/a/experiment-AI/toTransfer/WebotsSimulations/ros2_ws/src/sllidar_ros2-main/sdk/src/sl_serial_channel.cpp:33:9:[m[K [01;35m[Kwarning: [m[K#pragma once in main file
[2.424s]    33 | #pragma [01;35m[Konce[m[K
[2.424s]       |         [01;35m[K^~~~[m[K
[2.441s] [01m[K/home/a/experiment-AI/toTransfer/WebotsSimulations/ros2_ws/src/sllidar_ros2-main/sdk/src/sl_crc.cpp:[m[K In function ‘[01m[Ksl_u32 sl::crc32::cal(sl_u32, void*, sl_u16)[m[K’:
[2.441s] [01m[K/home/a/experiment-AI/toTransfer/WebotsSimulations/ros2_ws/src/sllidar_ros2-main/sdk/src/sl_crc.cpp:77:29:[m[K [01;35m[Kwarning: [m[Ksuggest parentheses around ‘[01m[K-[m[K’ in operand of ‘[01m[K&[m[K’ [[01;35m[K-Wparentheses[m[K]
[2.442s]    77 |         sl_u8 leftBytes = [01;35m[K4 - len[m[K & 0x3;
[2.442s]       |                           [01;35m[K~~^~~~~[m[K
[2.445s] [ 78%] [32mBuilding CXX object CMakeFiles/sllidar_node.dir/sdk/src/sl_tcp_channel.cpp.o[0m
[2.455s] [ 85%] [32mBuilding CXX object CMakeFiles/sllidar_node.dir/sdk/src/sl_udp_channel.cpp.o[0m
[2.473s] [01m[K/home/a/experiment-AI/toTransfer/WebotsSimulations/ros2_ws/src/sllidar_ros2-main/sdk/src/sl_udp_channel.cpp:33:9:[m[K [01;35m[Kwarning: [m[K#pragma once in main file
[2.473s]    33 | #pragma [01;35m[Konce[m[K
[2.473s]       |         [01;35m[K^~~~[m[K
[2.489s] [01m[K/home/a/experiment-AI/toTransfer/WebotsSimulations/ros2_ws/src/sllidar_ros2-main/sdk/src/sl_tcp_channel.cpp:33:9:[m[K [01;35m[Kwarning: [m[K#pragma once in main file
[2.489s]    33 | #pragma [01;35m[Konce[m[K
[2.489s]       |         [01;35m[K^~~~[m[K
[2.514s] In file included from [01m[K/home/a/experiment-AI/toTransfer/WebotsSimulations/ros2_ws/src/sllidar_ros2-main/sdk/src/sdkcommon.h:47[m[K,
[2.514s]                  from [01m[K/home/a/experiment-AI/toTransfer/WebotsSimulations/ros2_ws/src/sllidar_ros2-main/sdk/src/rplidar_driver.cpp:33[m[K:
[2.515s] [01m[K/home/a/experiment-AI/toTransfer/WebotsSimulations/ros2_ws/src/sllidar_ros2-main/sdk/src/hal/assert.h:1:1:[m[K [01;35m[Kwarning: [m[Knull character(s) ignored
[2.515s]     1 | [01;35m[K [m[K                                                                                                                                                                                                                                                                                                                        
[2.515s]       | [01;35m[K^[m[K
[2.528s] In file included from [01m[K/home/a/experiment-AI/toTransfer/WebotsSimulations/ros2_ws/src/sllidar_ros2-main/sdk/src/rplidar_driver.cpp:37[m[K:
[2.528s] [01m[K/home/a/experiment-AI/toTransfer/WebotsSimulations/ros2_ws/src/sllidar_ros2-main/sdk/src/hal/assert.h:1:1:[m[K [01;35m[Kwarning: [m[Knull character(s) ignored
[2.528s]     1 | [01;35m[K [m[K                                                                                                                                                                                                                                                                                                                        
[2.528s]       | [01;35m[K^[m[K
[2.529s] In file included from [01m[K/home/a/experiment-AI/toTransfer/WebotsSimulations/ros2_ws/src/sllidar_ros2-main/./sdk/src/sdkcommon.h:47[m[K,
[2.529s]                  from [01m[K/home/a/experiment-AI/toTransfer/WebotsSimulations/ros2_ws/src/sllidar_ros2-main/sdk/src/hal/thread.cpp:35[m[K:
[2.529s] [01m[K/home/a/experiment-AI/toTransfer/WebotsSimulations/ros2_ws/src/sllidar_ros2-main/./sdk/src/hal/assert.h:1:1:[m[K [01;35m[Kwarning: [m[Knull character(s) ignored
[2.529s]     1 | [01;35m[K [m[K                                                                                                                                                                                                                                                                                                                        
[2.530s]       | [01;35m[K^[m[K
[2.540s] In file included from [01m[K/home/a/experiment-AI/toTransfer/WebotsSimulations/ros2_ws/src/sllidar_ros2-main/./sdk/src/sdkcommon.h:47[m[K,
[2.541s]                  from [01m[K/home/a/experiment-AI/toTransfer/WebotsSimulations/ros2_ws/src/sllidar_ros2-main/sdk/src/arch/linux/net_socket.cpp:10[m[K:
[2.541s] [01m[K/home/a/experiment-AI/toTransfer/WebotsSimulations/ros2_ws/src/sllidar_ros2-main/./sdk/src/hal/assert.h:1:1:[m[K [01;35m[Kwarning: [m[Knull character(s) ignored
[2.541s]     1 | [01;35m[K [m[K                                                                                                                                                                                                                                                                                                                        
[2.541s]       | [01;35m[K^[m[K
[2.587s] In file included from [01m[K/home/a/experiment-AI/toTransfer/WebotsSimulations/ros2_ws/src/sllidar_ros2-main/sdk/src/sdkcommon.h:47[m[K,
[2.587s]                  from [01m[K/home/a/experiment-AI/toTransfer/WebotsSimulations/ros2_ws/src/sllidar_ros2-main/sdk/src/sl_lidar_driver.cpp:33[m[K:
[2.588s] [01m[K/home/a/experiment-AI/toTransfer/WebotsSimulations/ros2_ws/src/sllidar_ros2-main/sdk/src/hal/assert.h:1:1:[m[K [01;35m[Kwarning: [m[Knull character(s) ignored
[2.588s]     1 | [01;35m[K [m[K                                                                                                                                                                                                                                                                                                                        
[2.588s]       | [01;35m[K^[m[K
[2.628s] In file included from [01m[K/home/a/experiment-AI/toTransfer/WebotsSimulations/ros2_ws/src/sllidar_ros2-main/sdk/src/sl_lidar_driver.cpp:37[m[K:
[2.628s] [01m[K/home/a/experiment-AI/toTransfer/WebotsSimulations/ros2_ws/src/sllidar_ros2-main/sdk/src/hal/assert.h:1:1:[m[K [01;35m[Kwarning: [m[Knull character(s) ignored
[2.628s]     1 | [01;35m[K [m[K                                                                                                                                                                                                                                                                                                                        
[2.629s]       | [01;35m[K^[m[K
[2.741s] In file included from [01m[K/home/a/experiment-AI/toTransfer/WebotsSimulations/ros2_ws/src/sllidar_ros2-main/./sdk/include/sl_lidar_cmd.h:36[m[K,
[2.741s]                  from [01m[K/home/a/experiment-AI/toTransfer/WebotsSimulations/ros2_ws/src/sllidar_ros2-main/./sdk/include/sl_lidar_driver.h:54[m[K,
[2.741s]                  from [01m[K/home/a/experiment-AI/toTransfer/WebotsSimulations/ros2_ws/src/sllidar_ros2-main/sdk/src/sl_serial_channel.cpp:34[m[K:
[2.741s] [01m[K/home/a/experiment-AI/toTransfer/WebotsSimulations/ros2_ws/src/sllidar_ros2-main/./sdk/include/sl_lidar_protocol.h:58:16:[m[K [01;35m[Kwarning: [m[KISO C++ forbids zero-size array ‘[01m[Kdata[m[K’ [[01;35m[K-Wpedantic[m[K]
[2.741s]    58 |     sl_u8 data[[01;35m[K0[m[K];
[2.742s]       |                [01;35m[K^[m[K
[2.743s] In file included from [01m[K/home/a/experiment-AI/toTransfer/WebotsSimulations/ros2_ws/src/sllidar_ros2-main/./sdk/include/sl_lidar_driver.h:54[m[K,
[2.743s]                  from [01m[K/home/a/experiment-AI/toTransfer/WebotsSimulations/ros2_ws/src/sllidar_ros2-main/sdk/src/sl_serial_channel.cpp:34[m[K:
[2.743s] [01m[K/home/a/experiment-AI/toTransfer/WebotsSimulations/ros2_ws/src/sllidar_ros2-main/./sdk/include/sl_lidar_cmd.h:295:20:[m[K [01;35m[Kwarning: [m[KISO C++ forbids zero-size array ‘[01m[Kpayload[m[K’ [[01;35m[K-Wpedantic[m[K]
[2.743s]   295 |     sl_u8  payload[[01;35m[K0[m[K];
[2.743s]       |                    [01;35m[K^[m[K
[3.080s] In file included from [01m[K/home/a/experiment-AI/toTransfer/WebotsSimulations/ros2_ws/src/sllidar_ros2-main/./sdk/include/rplidar_protocol.h:36[m[K,
[3.080s]                  from [01m[K/home/a/experiment-AI/toTransfer/WebotsSimulations/ros2_ws/src/sllidar_ros2-main/./sdk/include/rplidar.h:39[m[K,
[3.080s]                  from [01m[K/home/a/experiment-AI/toTransfer/WebotsSimulations/ros2_ws/src/sllidar_ros2-main/sdk/src/sdkcommon.h:49[m[K,
[3.080s]                  from [01m[K/home/a/experiment-AI/toTransfer/WebotsSimulations/ros2_ws/src/sllidar_ros2-main/sdk/src/rplidar_driver.cpp:33[m[K:
[3.080s] [01m[K/home/a/experiment-AI/toTransfer/WebotsSimulations/ros2_ws/src/sllidar_ros2-main/./sdk/include/sl_lidar_protocol.h:58:16:[m[K [01;35m[Kwarning: [m[KISO C++ forbids zero-size array ‘[01m[Kdata[m[K’ [[01;35m[K-Wpedantic[m[K]
[3.080s]    58 |     sl_u8 data[[01;35m[K0[m[K];
[3.080s]       |                [01;35m[K^[m[K
[3.081s] In file included from [01m[K/home/a/experiment-AI/toTransfer/WebotsSimulations/ros2_ws/src/sllidar_ros2-main/./sdk/include/rplidar_cmd.h:36[m[K,
[3.081s]                  from [01m[K/home/a/experiment-AI/toTransfer/WebotsSimulations/ros2_ws/src/sllidar_ros2-main/./sdk/include/rplidar.h:40[m[K,
[3.081s]                  from [01m[K/home/a/experiment-AI/toTransfer/WebotsSimulations/ros2_ws/src/sllidar_ros2-main/sdk/src/sdkcommon.h:49[m[K,
[3.081s]                  from [01m[K/home/a/experiment-AI/toTransfer/WebotsSimulations/ros2_ws/src/sllidar_ros2-main/sdk/src/rplidar_driver.cpp:33[m[K:
[3.081s] [01m[K/home/a/experiment-AI/toTransfer/WebotsSimulations/ros2_ws/src/sllidar_ros2-main/./sdk/include/sl_lidar_cmd.h:295:20:[m[K [01;35m[Kwarning: [m[KISO C++ forbids zero-size array ‘[01m[Kpayload[m[K’ [[01;35m[K-Wpedantic[m[K]
[3.081s]   295 |     sl_u8  payload[[01;35m[K0[m[K];
[3.081s]       |                    [01;35m[K^[m[K
[3.083s] In file included from [01m[K/home/a/experiment-AI/toTransfer/WebotsSimulations/ros2_ws/src/sllidar_ros2-main/./sdk/include/sl_lidar_cmd.h:36[m[K,
[3.083s]                  from [01m[K/home/a/experiment-AI/toTransfer/WebotsSimulations/ros2_ws/src/sllidar_ros2-main/./sdk/include/sl_lidar_driver.h:54[m[K,
[3.083s]                  from [01m[K/home/a/experiment-AI/toTransfer/WebotsSimulations/ros2_ws/src/sllidar_ros2-main/sdk/src/sl_tcp_channel.cpp:34[m[K:
[3.084s] [01m[K/home/a/experiment-AI/toTransfer/WebotsSimulations/ros2_ws/src/sllidar_ros2-main/./sdk/include/sl_lidar_protocol.h:58:16:[m[K [01;35m[Kwarning: [m[KISO C++ forbids zero-size array ‘[01m[Kdata[m[K’ [[01;35m[K-Wpedantic[m[K]
[3.084s]    58 |     sl_u8 data[[01;35m[K0[m[K];
[3.084s]       |                [01;35m[K^[m[K
[3.084s] In file included from [01m[K/home/a/experiment-AI/toTransfer/WebotsSimulations/ros2_ws/src/sllidar_ros2-main/./sdk/include/sl_lidar_driver.h:54[m[K,
[3.084s]                  from [01m[K/home/a/experiment-AI/toTransfer/WebotsSimulations/ros2_ws/src/sllidar_ros2-main/sdk/src/sl_tcp_channel.cpp:34[m[K:
[3.084s] [01m[K/home/a/experiment-AI/toTransfer/WebotsSimulations/ros2_ws/src/sllidar_ros2-main/./sdk/include/sl_lidar_cmd.h:295:20:[m[K [01;35m[Kwarning: [m[KISO C++ forbids zero-size array ‘[01m[Kpayload[m[K’ [[01;35m[K-Wpedantic[m[K]
[3.084s]   295 |     sl_u8  payload[[01;35m[K0[m[K];
[3.085s]       |                    [01;35m[K^[m[K
[3.092s] [01m[K/home/a/experiment-AI/toTransfer/WebotsSimulations/ros2_ws/src/sllidar_ros2-main/sdk/src/sl_tcp_channel.cpp:[m[K In member function ‘[01m[Kvoid sl::TcpChannel::setStatus(_u32)[m[K’:
[3.093s] [01m[K/home/a/experiment-AI/toTransfer/WebotsSimulations/ros2_ws/src/sllidar_ros2-main/sdk/src/sl_tcp_channel.cpp:95:29:[m[K [01;35m[Kwarning: [m[Kunused parameter ‘[01m[Kflag[m[K’ [[01;35m[K-Wunused-parameter[m[K]
[3.093s]    95 |         void setStatus([01;35m[K_u32 flag[m[K){}
[3.093s]       |                        [01;35m[K~~~~~^~~~[m[K
[3.171s] In file included from [01m[K/home/a/experiment-AI/toTransfer/WebotsSimulations/ros2_ws/src/sllidar_ros2-main/./sdk/include/sl_lidar_cmd.h:36[m[K,
[3.171s]                  from [01m[K/home/a/experiment-AI/toTransfer/WebotsSimulations/ros2_ws/src/sllidar_ros2-main/./sdk/include/sl_lidar_driver.h:54[m[K,
[3.171s]                  from [01m[K/home/a/experiment-AI/toTransfer/WebotsSimulations/ros2_ws/src/sllidar_ros2-main/sdk/src/sl_udp_channel.cpp:34[m[K:
[3.171s] [01m[K/home/a/experiment-AI/toTransfer/WebotsSimulations/ros2_ws/src/sllidar_ros2-main/./sdk/include/sl_lidar_protocol.h:58:16:[m[K [01;35m[Kwarning: [m[KISO C++ forbids zero-size array ‘[01m[Kdata[m[K’ [[01;35m[K-Wpedantic[m[K]
[3.171s]    58 |     sl_u8 data[[01;35m[K0[m[K];
[3.171s]       |                [01;35m[K^[m[K
[3.172s] In file included from [01m[K/home/a/experiment-AI/toTransfer/WebotsSimulations/ros2_ws/src/sllidar_ros2-main/./sdk/include/sl_lidar_driver.h:54[m[K,
[3.172s]                  from [01m[K/home/a/experiment-AI/toTransfer/WebotsSimulations/ros2_ws/src/sllidar_ros2-main/sdk/src/sl_udp_channel.cpp:34[m[K:
[3.172s] [01m[K/home/a/experiment-AI/toTransfer/WebotsSimulations/ros2_ws/src/sllidar_ros2-main/./sdk/include/sl_lidar_cmd.h:295:20:[m[K [01;35m[Kwarning: [m[KISO C++ forbids zero-size array ‘[01m[Kpayload[m[K’ [[01;35m[K-Wpedantic[m[K]
[3.172s]   295 |     sl_u8  payload[[01;35m[K0[m[K];
[3.172s]       |                    [01;35m[K^[m[K
[3.174s] In file included from [01m[K/home/a/experiment-AI/toTransfer/WebotsSimulations/ros2_ws/src/sllidar_ros2-main/./sdk/include/rplidar_protocol.h:36[m[K,
[3.174s]                  from [01m[K/home/a/experiment-AI/toTransfer/WebotsSimulations/ros2_ws/src/sllidar_ros2-main/./sdk/include/rplidar.h:39[m[K,
[3.174s]                  from [01m[K/home/a/experiment-AI/toTransfer/WebotsSimulations/ros2_ws/src/sllidar_ros2-main/./sdk/src/sdkcommon.h:49[m[K,
[3.174s]                  from [01m[K/home/a/experiment-AI/toTransfer/WebotsSimulations/ros2_ws/src/sllidar_ros2-main/sdk/src/arch/linux/net_socket.cpp:10[m[K:
[3.174s] [01m[K/home/a/experiment-AI/toTransfer/WebotsSimulations/ros2_ws/src/sllidar_ros2-main/./sdk/include/sl_lidar_protocol.h:58:16:[m[K [01;35m[Kwarning: [m[KISO C++ forbids zero-size array ‘[01m[Kdata[m[K’ [[01;35m[K-Wpedantic[m[K]
[3.175s]    58 |     sl_u8 data[[01;35m[K0[m[K];
[3.175s]       |                [01;35m[K^[m[K
[3.175s] In file included from [01m[K/home/a/experiment-AI/toTransfer/WebotsSimulations/ros2_ws/src/sllidar_ros2-main/./sdk/include/rplidar_cmd.h:36[m[K,
[3.175s]                  from [01m[K/home/a/experiment-AI/toTransfer/WebotsSimulations/ros2_ws/src/sllidar_ros2-main/./sdk/include/rplidar.h:40[m[K,
[3.175s]                  from [01m[K/home/a/experiment-AI/toTransfer/WebotsSimulations/ros2_ws/src/sllidar_ros2-main/./sdk/src/sdkcommon.h:49[m[K,
[3.175s]                  from [01m[K/home/a/experiment-AI/toTransfer/WebotsSimulations/ros2_ws/src/sllidar_ros2-main/sdk/src/arch/linux/net_socket.cpp:10[m[K:
[3.175s] [01m[K/home/a/experiment-AI/toTransfer/WebotsSimulations/ros2_ws/src/sllidar_ros2-main/./sdk/include/sl_lidar_cmd.h:295:20:[m[K [01;35m[Kwarning: [m[KISO C++ forbids zero-size array ‘[01m[Kpayload[m[K’ [[01;35m[K-Wpedantic[m[K]
[3.175s]   295 |     sl_u8  payload[[01;35m[K0[m[K];
[3.176s]       |                    [01;35m[K^[m[K
[3.193s] [01m[K/home/a/experiment-AI/toTransfer/WebotsSimulations/ros2_ws/src/sllidar_ros2-main/sdk/src/sl_udp_channel.cpp:[m[K In member function ‘[01m[Kvoid sl::UdpChannel::setStatus(_u32)[m[K’:
[3.193s] [01m[K/home/a/experiment-AI/toTransfer/WebotsSimulations/ros2_ws/src/sllidar_ros2-main/sdk/src/sl_udp_channel.cpp:103:29:[m[K [01;35m[Kwarning: [m[Kunused parameter ‘[01m[Kflag[m[K’ [[01;35m[K-Wunused-parameter[m[K]
[3.193s]   103 |         void setStatus([01;35m[K_u32 flag[m[K){}
[3.193s]       |                        [01;35m[K~~~~~^~~~[m[K
[3.209s] [01m[K/home/a/experiment-AI/toTransfer/WebotsSimulations/ros2_ws/src/sllidar_ros2-main/sdk/src/rplidar_driver.cpp:[m[K In member function ‘[01m[Ku_result rp::standalone::rplidar::RPlidarDriver::connect(const char*, _u32, _u32)[m[K’:
[3.209s] [01m[K/home/a/experiment-AI/toTransfer/WebotsSimulations/ros2_ws/src/sllidar_ros2-main/sdk/src/rplidar_driver.cpp:67:77:[m[K [01;35m[Kwarning: [m[Kunused parameter ‘[01m[Kflag[m[K’ [[01;35m[K-Wunused-parameter[m[K]
[3.209s]    67 |     u_result RPlidarDriver::connect(const char *path, _u32 portOrBaud, [01;35m[K_u32 flag[m[K)
[3.209s]       |                                                                        [01;35m[K~~~~~^~~~[m[K
[3.209s] [01m[K/home/a/experiment-AI/toTransfer/WebotsSimulations/ros2_ws/src/sllidar_ros2-main/sdk/src/rplidar_driver.cpp:[m[K In member function ‘[01m[Ku_result rp::standalone::rplidar::RPlidarDriver::reset(_u32)[m[K’:
[3.209s] [01m[K/home/a/experiment-AI/toTransfer/WebotsSimulations/ros2_ws/src/sllidar_ros2-main/sdk/src/rplidar_driver.cpp:101:40:[m[K [01;35m[Kwarning: [m[Kunused parameter ‘[01m[Ktimeout[m[K’ [[01;35m[K-Wunused-parameter[m[K]
[3.210s]   101 |     u_result RPlidarDriver::reset([01;35m[K_u32 timeout[m[K)
[3.210s]       |                                   [01;35m[K~~~~~^~~~~~~[m[K
[3.210s] [01m[K/home/a/experiment-AI/toTransfer/WebotsSimulations/ros2_ws/src/sllidar_ros2-main/sdk/src/rplidar_driver.cpp:[m[K In member function ‘[01m[Ku_result rp::standalone::rplidar::RPlidarDriver::getScanDataWithInterval(rplidar_response_measurement_node_t*, size_t&)[m[K’:
[3.211s] [01m[K/home/a/experiment-AI/toTransfer/WebotsSimulations/ros2_ws/src/sllidar_ros2-main/sdk/src/rplidar_driver.cpp:175:91:[m[K [01;35m[Kwarning: [m[Kunused parameter ‘[01m[Knodebuffer[m[K’ [[01;35m[K-Wunused-parameter[m[K]
[3.211s]   175 |     u_result RPlidarDriver::getScanDataWithInterval([01;35m[Krplidar_response_measurement_node_t * nodebuffer[m[K, size_t & count)
[3.211s]       |                                                     [01;35m[K~~~~~~~~~~~~~~~~~~~~~~~~~~~~~~~~~~~~~~^~~~~~~~~~[m[K
[3.211s] [01m[K/home/a/experiment-AI/toTransfer/WebotsSimulations/ros2_ws/src/sllidar_ros2-main/sdk/src/rplidar_driver.cpp:175:112:[m[K [01;35m[Kwarning: [m[Kunused parameter ‘[01m[Kcount[m[K’ [[01;35m[K-Wunused-parameter[m[K]
[3.211s]   175 |     u_result RPlidarDriver::getScanDataWithInterval(rplidar_response_measurement_node_t * nodebuffer, [01;35m[Ksize_t & count[m[K)
[3.211s]       |                                                                                                       [01;35m[K~~~~~~~~~^~~~~[m[K
[3.275s] In file included from [01m[K/home/a/experiment-AI/toTransfer/WebotsSimulations/ros2_ws/src/sllidar_ros2-main/./sdk/include/rplidar_protocol.h:36[m[K,
[3.275s]                  from [01m[K/home/a/experiment-AI/toTransfer/WebotsSimulations/ros2_ws/src/sllidar_ros2-main/./sdk/include/rplidar.h:39[m[K,
[3.275s]                  from [01m[K/home/a/experiment-AI/toTransfer/WebotsSimulations/ros2_ws/src/sllidar_ros2-main/./sdk/src/sdkcommon.h:49[m[K,
[3.275s]                  from [01m[K/home/a/experiment-AI/toTransfer/WebotsSimulations/ros2_ws/src/sllidar_ros2-main/sdk/src/hal/thread.cpp:35[m[K:
[3.276s] [01m[K/home/a/experiment-AI/toTransfer/WebotsSimulations/ros2_ws/src/sllidar_ros2-main/./sdk/include/sl_lidar_protocol.h:58:16:[m[K [01;35m[Kwarning: [m[KISO C++ forbids zero-size array ‘[01m[Kdata[m[K’ [[01;35m[K-Wpedantic[m[K]
[3.276s]    58 |     sl_u8 data[[01;35m[K0[m[K];
[3.276s]       |                [01;35m[K^[m[K
[3.276s] In file included from [01m[K/home/a/experiment-AI/toTransfer/WebotsSimulations/ros2_ws/src/sllidar_ros2-main/./sdk/include/rplidar_cmd.h:36[m[K,
[3.276s]                  from [01m[K/home/a/experiment-AI/toTransfer/WebotsSimulations/ros2_ws/src/sllidar_ros2-main/./sdk/include/rplidar.h:40[m[K,
[3.276s]                  from [01m[K/home/a/experiment-AI/toTransfer/WebotsSimulations/ros2_ws/src/sllidar_ros2-main/./sdk/src/sdkcommon.h:49[m[K,
[3.276s]                  from [01m[K/home/a/experiment-AI/toTransfer/WebotsSimulations/ros2_ws/src/sllidar_ros2-main/sdk/src/hal/thread.cpp:35[m[K:
[3.276s] [01m[K/home/a/experiment-AI/toTransfer/WebotsSimulations/ros2_ws/src/sllidar_ros2-main/./sdk/include/sl_lidar_cmd.h:295:20:[m[K [01;35m[Kwarning: [m[KISO C++ forbids zero-size array ‘[01m[Kpayload[m[K’ [[01;35m[K-Wpedantic[m[K]
[3.277s]   295 |     sl_u8  payload[[01;35m[K0[m[K];
[3.277s]       |                    [01;35m[K^[m[K
[3.281s] [01m[K/home/a/experiment-AI/toTransfer/WebotsSimulations/ros2_ws/src/sllidar_ros2-main/sdk/src/arch/linux/net_socket.cpp:[m[K In member function ‘[01m[Kvirtual u_result rp::arch::net::StreamSocketImpl::send(const void*, size_t)[m[K’:
[3.281s] [01m[K/home/a/experiment-AI/toTransfer/WebotsSimulations/ros2_ws/src/sllidar_ros2-main/sdk/src/arch/linux/net_socket.cpp:438:17:[m[K [01;35m[Kwarning: [m[Kcomparison of integer expressions of different signedness: ‘[01m[Ksize_t[m[K’ {aka ‘[01m[Klong unsigned int[m[K’} and ‘[01m[Kint[m[K’ [[01;35m[K-Wsign-compare[m[K]
[3.281s]   438 |         if ([01;35m[Kans == (int)len[m[K) {
[3.281s]       |             [01;35m[K~~~~^~~~~~~~~~~[m[K
[3.289s] [01m[K/home/a/experiment-AI/toTransfer/WebotsSimulations/ros2_ws/src/sllidar_ros2-main/sdk/src/arch/linux/net_serial.cpp:[m[K In member function ‘[01m[Kbool rp::arch::net::raw_serial::open(const char*, uint32_t, uint32_t)[m[K’:
[3.289s] [01m[K/home/a/experiment-AI/toTransfer/WebotsSimulations/ros2_ws/src/sllidar_ros2-main/sdk/src/arch/linux/net_serial.cpp:97:74:[m[K [01;35m[Kwarning: [m[Kunused parameter ‘[01m[Kflags[m[K’ [[01;35m[K-Wunused-parameter[m[K]
[3.289s]    97 | bool raw_serial::open(const char * portname, uint32_t baudrate, [01;35m[Kuint32_t flags[m[K)
[3.289s]       |                                                                 [01;35m[K~~~~~~~~~^~~~~[m[K
[3.290s] [01m[K/home/a/experiment-AI/toTransfer/WebotsSimulations/ros2_ws/src/sllidar_ros2-main/sdk/src/arch/linux/net_serial.cpp:[m[K In member function ‘[01m[Kvirtual void rp::arch::net::raw_serial::flush(_u32)[m[K’:
[3.290s] [01m[K/home/a/experiment-AI/toTransfer/WebotsSimulations/ros2_ws/src/sllidar_ros2-main/sdk/src/arch/linux/net_serial.cpp:281:30:[m[K [01;35m[Kwarning: [m[Kunused parameter ‘[01m[Kflags[m[K’ [[01;35m[K-Wunused-parameter[m[K]
[3.290s]   281 | void raw_serial::flush( [01;35m[K_u32 flags[m[K)
[3.290s]       |                         [01;35m[K~~~~~^~~~~[m[K
[3.305s] [01m[K/home/a/experiment-AI/toTransfer/WebotsSimulations/ros2_ws/src/sllidar_ros2-main/sdk/src/arch/linux/net_serial.cpp:[m[K In member function ‘[01m[Kvirtual int rp::arch::net::raw_serial::waitforsent(_u32, size_t*)[m[K’:
[3.305s] [01m[K/home/a/experiment-AI/toTransfer/WebotsSimulations/ros2_ws/src/sllidar_ros2-main/sdk/src/arch/linux/net_serial.cpp:286:34:[m[K [01;35m[Kwarning: [m[Kunused parameter ‘[01m[Ktimeout[m[K’ [[01;35m[K-Wunused-parameter[m[K]
[3.305s]   286 | int raw_serial::waitforsent([01;35m[K_u32 timeout[m[K, size_t * returned_size)
[3.305s]       |                             [01;35m[K~~~~~^~~~~~~[m[K
[3.305s] In file included from [01m[K/home/a/experiment-AI/toTransfer/WebotsSimulations/ros2_ws/src/sllidar_ros2-main/./sdk/src/arch/linux/arch_linux.h:42[m[K,
[3.305s]                  from [01m[K/home/a/experiment-AI/toTransfer/WebotsSimulations/ros2_ws/src/sllidar_ros2-main/./sdk/src/sdkcommon.h:41[m[K,
[3.306s]                  from [01m[K/home/a/experiment-AI/toTransfer/WebotsSimulations/ros2_ws/src/sllidar_ros2-main/sdk/src/arch/linux/net_socket.cpp:10[m[K:
[3.306s] [01m[K/home/a/experiment-AI/toTransfer/WebotsSimulations/ros2_ws/src/sllidar_ros2-main/sdk/src/arch/linux/net_socket.cpp:[m[K In member function ‘[01m[Kvirtual u_result rp::arch::net::DGramSocketImpl::sendTo(const rp::net::SocketAddress&, const void*, size_t)[m[K’:
[3.306s] [01m[K/home/a/experiment-AI/toTransfer/WebotsSimulations/ros2_ws/src/sllidar_ros2-main/sdk/src/arch/linux/net_socket.cpp:726:24:[m[K [01;35m[Kwarning: [m[Kcomparison of integer expressions of different signedness: ‘[01m[Ksize_t[m[K’ {aka ‘[01m[Klong unsigned int[m[K’} and ‘[01m[Kint[m[K’ [[01;35m[K-Wsign-compare[m[K]
[3.306s]   726 |             assert([01;35m[Kans == (int)len[m[K);
[3.306s]       |                    [01;35m[K~~~~^~~~~~~~~~~[m[K
[3.306s] [01m[K/home/a/experiment-AI/toTransfer/WebotsSimulations/ros2_ws/src/sllidar_ros2-main/sdk/src/arch/linux/net_serial.cpp:[m[K In member function ‘[01m[Kvirtual int rp::arch::net::raw_serial::waitforrecv(_u32, size_t*)[m[K’:
[3.306s] [01m[K/home/a/experiment-AI/toTransfer/WebotsSimulations/ros2_ws/src/sllidar_ros2-main/sdk/src/arch/linux/net_serial.cpp:292:34:[m[K [01;35m[Kwarning: [m[Kunused parameter ‘[01m[Ktimeout[m[K’ [[01;35m[K-Wunused-parameter[m[K]
[3.306s]   292 | int raw_serial::waitforrecv([01;35m[K_u32 timeout[m[K, size_t * returned_size)
[3.306s]       |                             [01;35m[K~~~~~^~~~~~~[m[K
[3.350s] In file included from [01m[K/home/a/experiment-AI/toTransfer/WebotsSimulations/ros2_ws/src/sllidar_ros2-main/sdk/src/hal/thread.cpp:43[m[K:
[3.350s] [01m[K/home/a/experiment-AI/toTransfer/WebotsSimulations/ros2_ws/src/sllidar_ros2-main/./sdk/src/arch/linux/thread.hpp:[m[K In static member function ‘[01m[Kstatic rp::hal::Thread rp::hal::Thread::create(thread_proc_t, void*)[m[K’:
[3.350s] [01m[K/home/a/experiment-AI/toTransfer/WebotsSimulations/ros2_ws/src/sllidar_ros2-main/./sdk/src/arch/linux/thread.hpp:48:77:[m[K [01;35m[Kwarning: [m[Kcast between incompatible function types from ‘[01m[Kthread_proc_t[m[K’ {aka ‘[01m[Klong unsigned int (*)(void*)[m[K’} to ‘[01m[Kvoid* (*)(void*)[m[K’ [[01;35m[K-Wcast-function-type[m[K]
[3.351s]    48 |     pthread_create((pthread_t *)&newborn._handle, NULL, (void * (*)(void *))[01;35m[Kproc[m[K, data);
[3.351s]       |                                                                             [01;35m[K^~~~[m[K
[3.351s] [01m[K/home/a/experiment-AI/toTransfer/WebotsSimulations/ros2_ws/src/sllidar_ros2-main/./sdk/src/arch/linux/thread.hpp:[m[K In member function ‘[01m[Ku_result rp::hal::Thread::join(long unsigned int)[m[K’:
[3.351s] [01m[K/home/a/experiment-AI/toTransfer/WebotsSimulations/ros2_ws/src/sllidar_ros2-main/./sdk/src/arch/linux/thread.hpp:129:37:[m[K [01;35m[Kwarning: [m[Kunused parameter ‘[01m[Ktimeout[m[K’ [[01;35m[K-Wunused-parameter[m[K]
[3.351s]   129 | u_result Thread::join([01;35m[Kunsigned long timeout[m[K)
[3.351s]       |                       [01;35m[K~~~~~~~~~~~~~~^~~~~~~[m[K
[3.371s] In file included from [01m[K/home/a/experiment-AI/toTransfer/WebotsSimulations/ros2_ws/src/sllidar_ros2-main/./sdk/include/rplidar_protocol.h:36[m[K,
[3.371s]                  from [01m[K/home/a/experiment-AI/toTransfer/WebotsSimulations/ros2_ws/src/sllidar_ros2-main/./sdk/include/rplidar.h:39[m[K,
[3.371s]                  from [01m[K/home/a/experiment-AI/toTransfer/WebotsSimulations/ros2_ws/src/sllidar_ros2-main/sdk/src/sdkcommon.h:49[m[K,
[3.371s]                  from [01m[K/home/a/experiment-AI/toTransfer/WebotsSimulations/ros2_ws/src/sllidar_ros2-main/sdk/src/sl_lidar_driver.cpp:33[m[K:
[3.371s] [01m[K/home/a/experiment-AI/toTransfer/WebotsSimulations/ros2_ws/src/sllidar_ros2-main/./sdk/include/sl_lidar_protocol.h:58:16:[m[K [01;35m[Kwarning: [m[KISO C++ forbids zero-size array ‘[01m[Kdata[m[K’ [[01;35m[K-Wpedantic[m[K]
[3.371s]    58 |     sl_u8 data[[01;35m[K0[m[K];
[3.371s]       |                [01;35m[K^[m[K
[3.372s] In file included from [01m[K/home/a/experiment-AI/toTransfer/WebotsSimulations/ros2_ws/src/sllidar_ros2-main/./sdk/include/rplidar_cmd.h:36[m[K,
[3.372s]                  from [01m[K/home/a/experiment-AI/toTransfer/WebotsSimulations/ros2_ws/src/sllidar_ros2-main/./sdk/include/rplidar.h:40[m[K,
[3.372s]                  from [01m[K/home/a/experiment-AI/toTransfer/WebotsSimulations/ros2_ws/src/sllidar_ros2-main/sdk/src/sdkcommon.h:49[m[K,
[3.372s]                  from [01m[K/home/a/experiment-AI/toTransfer/WebotsSimulations/ros2_ws/src/sllidar_ros2-main/sdk/src/sl_lidar_driver.cpp:33[m[K:
[3.372s] [01m[K/home/a/experiment-AI/toTransfer/WebotsSimulations/ros2_ws/src/sllidar_ros2-main/./sdk/include/sl_lidar_cmd.h:295:20:[m[K [01;35m[Kwarning: [m[KISO C++ forbids zero-size array ‘[01m[Kpayload[m[K’ [[01;35m[K-Wpedantic[m[K]
[3.372s]   295 |     sl_u8  payload[[01;35m[K0[m[K];
[3.372s]       |                    [01;35m[K^[m[K
[3.437s] [01m[K/home/a/experiment-AI/toTransfer/WebotsSimulations/ros2_ws/src/sllidar_ros2-main/sdk/src/arch/linux/net_socket.cpp:722:47:[m[K [01;35m[Kwarning: [m[Knonnull argument ‘[01m[Ktarget[m[K’ compared to NULL [[01;35m[K-Wnonnull-compare[m[K]
[3.437s]   722 |         const struct sockaddr* addr = &target [01;35m[K?[m[K reinterpret_cast<const struct sockaddr*>(target.getPlatformData()) : NULL;
[3.438s]       |                                               [01;35m[K^[m[K
[3.519s] [01m[K/home/a/experiment-AI/toTransfer/WebotsSimulations/ros2_ws/src/sllidar_ros2-main/sdk/src/sl_lidar_driver.cpp:[m[K In member function ‘[01m[Kvirtual sl_result sl::SlamtecLidarDriver::reset(sl_u32)[m[K’:
[3.519s] [01m[K/home/a/experiment-AI/toTransfer/WebotsSimulations/ros2_ws/src/sllidar_ros2-main/sdk/src/sl_lidar_driver.cpp:273:32:[m[K [01;35m[Kwarning: [m[Kunused parameter ‘[01m[KtimeoutInMs[m[K’ [[01;35m[K-Wunused-parameter[m[K]
[3.519s]   273 |         sl_result reset([01;35m[Ksl_u32 timeoutInMs = DEFAULT_TIMEOUT[m[K)
[3.519s]       |                         [01;35m[K~~~~~~~^~~~~~~~~~~~~~~~~~~~~~~~~~~~~[m[K
[3.525s] [01m[K/home/a/experiment-AI/toTransfer/WebotsSimulations/ros2_ws/src/sllidar_ros2-main/sdk/src/sl_lidar_driver.cpp:[m[K In member function ‘[01m[Kvirtual sl_result sl::SlamtecLidarDriver::getAllSupportedScanModes(std::vector<sl::LidarScanMode>&, sl_u32)[m[K’:
[3.525s] [01m[K/home/a/experiment-AI/toTransfer/WebotsSimulations/ros2_ws/src/sllidar_ros2-main/sdk/src/sl_lidar_driver.cpp:286:89:[m[K [01;35m[Kwarning: [m[Kunused parameter ‘[01m[KtimeoutInMs[m[K’ [[01;35m[K-Wunused-parameter[m[K]
[3.525s]   286 |         sl_result getAllSupportedScanModes(std::vector<LidarScanMode>& outModes, [01;35m[Ksl_u32 timeoutInMs = DEFAULT_TIMEOUT[m[K)
[3.525s]       |                                                                                  [01;35m[K~~~~~~~^~~~~~~~~~~~~~~~~~~~~~~~~~~~~[m[K
[3.527s] [01m[K/home/a/experiment-AI/toTransfer/WebotsSimulations/ros2_ws/src/sllidar_ros2-main/sdk/src/sl_lidar_driver.cpp:[m[K In member function ‘[01m[Kvirtual sl_result sl::SlamtecLidarDriver::startScan(bool, bool, sl_u32, sl::LidarScanMode*)[m[K’:
[3.527s] [01m[K/home/a/experiment-AI/toTransfer/WebotsSimulations/ros2_ws/src/sllidar_ros2-main/sdk/src/sl_lidar_driver.cpp:347:69:[m[K [01;35m[Kwarning: [m[Kunused parameter ‘[01m[Koptions[m[K’ [[01;35m[K-Wunused-parameter[m[K]
[3.527s]   347 |         sl_result startScan(bool force, bool useTypicalScan, [01;35m[Ksl_u32 options = 0[m[K, LidarScanMode* outUsedScanMode = nullptr)
[3.527s]       |                                                              [01;35m[K~~~~~~~^~~~~~~~~~~[m[K
[3.531s] [01m[K/home/a/experiment-AI/toTransfer/WebotsSimulations/ros2_ws/src/sllidar_ros2-main/sdk/src/sl_lidar_driver.cpp:[m[K In member function ‘[01m[Kvirtual sl_result sl::SlamtecLidarDriver::stop(sl_u32)[m[K’:
[3.532s] [01m[K/home/a/experiment-AI/toTransfer/WebotsSimulations/ros2_ws/src/sllidar_ros2-main/sdk/src/sl_lidar_driver.cpp:534:31:[m[K [01;35m[Kwarning: [m[Kunused parameter ‘[01m[Ktimeout[m[K’ [[01;35m[K-Wunused-parameter[m[K]
[3.532s]   534 |         sl_result stop([01;35m[Ksl_u32 timeout = DEFAULT_TIMEOUT[m[K)
[3.532s]       |                        [01;35m[K~~~~~~~^~~~~~~~~~~~~~~~~~~~~~~~~[m[K
[3.532s] [01m[K/home/a/experiment-AI/toTransfer/WebotsSimulations/ros2_ws/src/sllidar_ros2-main/sdk/src/sl_lidar_driver.cpp:[m[K In member function ‘[01m[Kvirtual sl_result sl::SlamtecLidarDriver::getDeviceInfo(sl_lidar_response_device_info_t&, sl_u32)[m[K’:
[3.533s] [01m[K/home/a/experiment-AI/toTransfer/WebotsSimulations/ros2_ws/src/sllidar_ros2-main/sdk/src/sl_lidar_driver.cpp:579:79:[m[K [01;35m[Kwarning: [m[Kunused parameter ‘[01m[Ktimeout[m[K’ [[01;35m[K-Wunused-parameter[m[K]
[3.533s]   579 |         sl_result getDeviceInfo(sl_lidar_response_device_info_t& info, [01;35m[Ksl_u32 timeout = DEFAULT_TIMEOUT[m[K)
[3.533s]       |                                                                        [01;35m[K~~~~~~~^~~~~~~~~~~~~~~~~~~~~~~~~[m[K
[3.534s] [01m[K/home/a/experiment-AI/toTransfer/WebotsSimulations/ros2_ws/src/sllidar_ros2-main/sdk/src/sl_lidar_driver.cpp:[m[K In member function ‘[01m[Kvirtual sl_result sl::SlamtecLidarDriver::checkMotorCtrlSupport(sl::MotorCtrlSupport&, sl_u32)[m[K’:
[3.534s] [01m[K/home/a/experiment-AI/toTransfer/WebotsSimulations/ros2_ws/src/sllidar_ros2-main/sdk/src/sl_lidar_driver.cpp:592:76:[m[K [01;35m[Kwarning: [m[Kunused parameter ‘[01m[Ktimeout[m[K’ [[01;35m[K-Wunused-parameter[m[K]
[3.534s]   592 |         sl_result checkMotorCtrlSupport(MotorCtrlSupport & support, [01;35m[Ksl_u32 timeout = DEFAULT_TIMEOUT[m[K)
[3.534s]       |                                                                     [01;35m[K~~~~~~~^~~~~~~~~~~~~~~~~~~~~~~~~[m[K
[3.534s] [01m[K/home/a/experiment-AI/toTransfer/WebotsSimulations/ros2_ws/src/sllidar_ros2-main/sdk/src/sl_lidar_driver.cpp:[m[K In member function ‘[01m[Kvirtual sl_result sl::SlamtecLidarDriver::getFrequency(const sl::LidarScanMode&, const sl_lidar_response_measurement_node_hq_t*, size_t, float&)[m[K’:
[3.534s] [01m[K/home/a/experiment-AI/toTransfer/WebotsSimulations/ros2_ws/src/sllidar_ros2-main/sdk/src/sl_lidar_driver.cpp:627:110:[m[K [01;35m[Kwarning: [m[Kunused parameter ‘[01m[Knodes[m[K’ [[01;35m[K-Wunused-parameter[m[K]
[3.534s]   627 |         sl_result getFrequency(const LidarScanMode& scanMode, [01;35m[Kconst sl_lidar_response_measurement_node_hq_t* nodes[m[K, size_t count, float& frequency)
[3.535s]       |                                                               [01;35m[K~~~~~~~~~~~~~~~~~~~~~~~~~~~~~~~~~~~~~~~~~~~~~~~^~~~~[m[K
[3.535s] [01m[K/home/a/experiment-AI/toTransfer/WebotsSimulations/ros2_ws/src/sllidar_ros2-main/sdk/src/sl_lidar_driver.cpp:[m[K In member function ‘[01m[Kvirtual sl_result sl::SlamtecLidarDriver::getHealth(sl_lidar_response_device_health_t&, sl_u32)[m[K’:
[3.535s] [01m[K/home/a/experiment-AI/toTransfer/WebotsSimulations/ros2_ws/src/sllidar_ros2-main/sdk/src/sl_lidar_driver.cpp:640:79:[m[K [01;35m[Kwarning: [m[Kunused parameter ‘[01m[Ktimeout[m[K’ [[01;35m[K-Wunused-parameter[m[K]
[3.535s]   640 |         sl_result getHealth(sl_lidar_response_device_health_t& health, [01;35m[Ksl_u32 timeout = DEFAULT_TIMEOUT[m[K)
[3.535s]       |                                                                        [01;35m[K~~~~~~~^~~~~~~~~~~~~~~~~~~~~~~~~[m[K
[3.538s] [01m[K/home/a/experiment-AI/toTransfer/WebotsSimulations/ros2_ws/src/sllidar_ros2-main/sdk/src/sl_lidar_driver.cpp:[m[K In member function ‘[01m[Kvirtual sl_result sl::SlamtecLidarDriver::getMotorInfo(sl::LidarMotorInfo&, sl_u32)[m[K’:
[3.538s] [01m[K/home/a/experiment-AI/toTransfer/WebotsSimulations/ros2_ws/src/sllidar_ros2-main/sdk/src/sl_lidar_driver.cpp:730:66:[m[K [01;35m[Kwarning: [m[Kunused parameter ‘[01m[KtimeoutInMs[m[K’ [[01;35m[K-Wunused-parameter[m[K]
[3.538s]   730 |         sl_result getMotorInfo(LidarMotorInfo &motorInfo, [01;35m[Ksl_u32 timeoutInMs[m[K)
[3.538s]       |                                                           [01;35m[K~~~~~~~^~~~~~~~~~~[m[K
[3.546s] [01m[K/home/a/experiment-AI/toTransfer/WebotsSimulations/ros2_ws/src/sllidar_ros2-main/sdk/src/sl_lidar_driver.cpp:[m[K In member function ‘[01m[Ksl_result sl::SlamtecLidarDriver::_sendCommand(sl_u16, const void*, size_t)[m[K’:
[3.546s] [01m[K/home/a/experiment-AI/toTransfer/WebotsSimulations/ros2_ws/src/sllidar_ros2-main/sdk/src/sl_lidar_driver.cpp:1089:35:[m[K [01;35m[Kwarning: [m[Kcomparison of integer expressions of different signedness: ‘[01m[Kint[m[K’ and ‘[01m[Kstd::vector<unsigned char>::size_type[m[K’ {aka ‘[01m[Klong unsigned int[m[K’} [[01;35m[K-Wsign-compare[m[K]
[3.546s]  1089 |             for (int pos = 0; [01;35m[Kpos < cmd_packet.size()[m[K; pos++) {
[3.546s]       |                               [01;35m[K~~~~^~~~~~~~~~~~~~~~~~~[m[K
[3.546s] [01m[K/home/a/experiment-AI/toTransfer/WebotsSimulations/ros2_ws/src/sllidar_ros2-main/sdk/src/sl_lidar_driver.cpp:1058:19:[m[K [01;35m[Kwarning: [m[Kunused variable ‘[01m[Kpkt_header[m[K’ [[01;35m[K-Wunused-variable[m[K]
[3.546s]  1058 |             sl_u8 [01;35m[Kpkt_header[m[K[10];
[3.546s]       |                   [01;35m[K^~~~~~~~~~[m[K
[3.551s] [01m[K/home/a/experiment-AI/toTransfer/WebotsSimulations/ros2_ws/src/sllidar_ros2-main/sdk/src/sl_lidar_driver.cpp:[m[K In member function ‘[01m[Kvoid sl::SlamtecLidarDriver::_ultraCapsuleToNormal(const sl_lidar_response_ultra_capsule_measurement_nodes_t&, sl_lidar_response_measurement_node_hq_t*, size_t&)[m[K’:
[3.552s] [01m[K/home/a/experiment-AI/toTransfer/WebotsSimulations/ros2_ws/src/sllidar_ros2-main/sdk/src/sl_lidar_driver.cpp:1370:40:[m[K [01;35m[Kwarning: [m[Kcomparison of integer expressions of different signedness: ‘[01m[Kint[m[K’ and ‘[01m[Kunsigned int[m[K’ [[01;35m[K-Wsign-compare[m[K]
[3.552s]  1370 |                     if (([01;35m[Kdist_predict1 == 0xFFFFFE00[m[K) || (dist_predict1 == 0x1FF)) {
[3.552s]       |                          [01;35m[K~~~~~~~~~~~~~~^~~~~~~~~~~~~[m[K
[3.552s] [01m[K/home/a/experiment-AI/toTransfer/WebotsSimulations/ros2_ws/src/sllidar_ros2-main/sdk/src/sl_lidar_driver.cpp:1379:40:[m[K [01;35m[Kwarning: [m[Kcomparison of integer expressions of different signedness: ‘[01m[Kint[m[K’ and ‘[01m[Kunsigned int[m[K’ [[01;35m[K-Wsign-compare[m[K]
[3.552s]  1379 |                     if (([01;35m[Kdist_predict2 == 0xFFFFFE00[m[K) || (dist_predict2 == 0x1FF)) {
[3.552s]       |                          [01;35m[K~~~~~~~~~~~~~~^~~~~~~~~~~~~[m[K
[3.557s] [01m[K/home/a/experiment-AI/toTransfer/WebotsSimulations/ros2_ws/src/sllidar_ros2-main/sdk/src/sl_lidar_driver.cpp:[m[K In member function ‘[01m[Kvoid sl::SlamtecLidarDriver::_dense_capsuleToNormal(const sl_lidar_response_capsule_measurement_nodes_t&, sl_lidar_response_measurement_node_hq_t*, size_t&)[m[K’:
[3.557s] [01m[K/home/a/experiment-AI/toTransfer/WebotsSimulations/ros2_ws/src/sllidar_ros2-main/sdk/src/sl_lidar_driver.cpp:1577:116:[m[K [01;35m[Kwarning: [m[Ktype qualifiers ignored on cast result type [[01;35m[K-Wignored-qualifiers[m[K]
[3.557s]  1577 |                     const int dist = static_cast<const int>(_cached_previous_dense_capsuledata.cabins[pos].distance[01;35m[K)[m[K;
[3.557s]       |                                                                                                                    [01;35m[K^[m[K
[3.692s] [01m[K/home/a/experiment-AI/toTransfer/WebotsSimulations/ros2_ws/src/sllidar_ros2-main/sdk/src/sl_lidar_driver.cpp:[m[K At global scope:
[3.693s] [01m[K/home/a/experiment-AI/toTransfer/WebotsSimulations/ros2_ws/src/sllidar_ros2-main/sdk/src/sl_lidar_driver.cpp:72:17:[m[K [01;35m[Kwarning: [m[K‘[01m[Kvoid sl::convert(const sl_lidar_response_measurement_node_hq_t&, sl_lidar_response_measurement_node_t&)[m[K’ defined but not used [[01;35m[K-Wunused-function[m[K]
[3.693s]    72 |     static void [01;35m[Kconvert[m[K(const sl_lidar_response_measurement_node_hq_t& from, sl_lidar_response_measurement_node_t& to)
[3.693s]       |                 [01;35m[K^~~~~~~[m[K
[3.693s] [01m[K/home/a/experiment-AI/toTransfer/WebotsSimulations/ros2_ws/src/sllidar_ros2-main/sdk/src/sl_lidar_driver.cpp:59:17:[m[K [01;35m[Kwarning: [m[K‘[01m[Kvoid sl::printDeprecationWarn(const char*, const char*)[m[K’ defined but not used [[01;35m[K-Wunused-function[m[K]
[3.693s]    59 |     static void [01;35m[KprintDeprecationWarn[m[K(const char* fn, const char* replacement)
[3.693s]       |                 [01;35m[K^~~~~~~~~~~~~~~~~~~~[m[K
[5.300s] In file included from [01m[K/home/a/experiment-AI/toTransfer/WebotsSimulations/ros2_ws/src/sllidar_ros2-main/./sdk/include/sl_lidar_cmd.h:36[m[K,
[5.300s]                  from [01m[K/home/a/experiment-AI/toTransfer/WebotsSimulations/ros2_ws/src/sllidar_ros2-main/./sdk/include/sl_lidar_driver.h:54[m[K,
[5.300s]                  from [01m[K/home/a/experiment-AI/toTransfer/WebotsSimulations/ros2_ws/src/sllidar_ros2-main/./sdk/include/sl_lidar.h:36[m[K,
[5.300s]                  from [01m[K/home/a/experiment-AI/toTransfer/WebotsSimulations/ros2_ws/src/sllidar_ros2-main/src/sllidar_node.cpp:38[m[K:
[5.301s] [01m[K/home/a/experiment-AI/toTransfer/WebotsSimulations/ros2_ws/src/sllidar_ros2-main/./sdk/include/sl_lidar_protocol.h:58:16:[m[K [01;35m[Kwarning: [m[KISO C++ forbids zero-size array ‘[01m[Kdata[m[K’ [[01;35m[K-Wpedantic[m[K]
[5.301s]    58 |     sl_u8 data[[01;35m[K0[m[K];
[5.301s]       |                [01;35m[K^[m[K
[5.317s] In file included from [01m[K/home/a/experiment-AI/toTransfer/WebotsSimulations/ros2_ws/src/sllidar_ros2-main/./sdk/include/sl_lidar_driver.h:54[m[K,
[5.317s]                  from [01m[K/home/a/experiment-AI/toTransfer/WebotsSimulations/ros2_ws/src/sllidar_ros2-main/./sdk/include/sl_lidar.h:36[m[K,
[5.317s]                  from [01m[K/home/a/experiment-AI/toTransfer/WebotsSimulations/ros2_ws/src/sllidar_ros2-main/src/sllidar_node.cpp:38[m[K:
[5.317s] [01m[K/home/a/experiment-AI/toTransfer/WebotsSimulations/ros2_ws/src/sllidar_ros2-main/./sdk/include/sl_lidar_cmd.h:295:20:[m[K [01;35m[Kwarning: [m[KISO C++ forbids zero-size array ‘[01m[Kpayload[m[K’ [[01;35m[K-Wpedantic[m[K]
[5.317s]   295 |     sl_u8  payload[[01;35m[K0[m[K];
[5.317s]       |                    [01;35m[K^[m[K
[6.800s] [01m[K/home/a/experiment-AI/toTransfer/WebotsSimulations/ros2_ws/src/sllidar_ros2-main/src/sllidar_node.cpp:[m[K In member function ‘[01m[Kbool SLlidarNode::checkSLLIDARHealth(sl::ILidarDriver*)[m[K’:
[6.800s] [01m[K/home/a/experiment-AI/toTransfer/WebotsSimulations/ros2_ws/src/sllidar_ros2-main/src/sllidar_node.cpp:147:5:[m[K [01;35m[Kwarning: [m[Kcontrol reaches end of non-void function [[01;35m[K-Wreturn-type[m[K]
[6.800s]   147 |     [01;35m[K}[m[K
[6.800s]       |     [01;35m[K^[m[K
[8.230s] [ 92%] [32m[1mLinking CXX executable sllidar_node[0m
[8.462s] [ 92%] Built target sllidar_node
[9.026s] [100%] [32m[1mLinking CXX executable sllidar_client[0m
[9.210s] [100%] Built target sllidar_client
[9.219s] Invoked command in '/home/a/experiment-AI/toTransfer/WebotsSimulations/ros2_ws/build/sllidar_ros2' returned '0': CMAKE_PREFIX_PATH=/opt/ros/foxy /usr/bin/cmake --build /home/a/experiment-AI/toTransfer/WebotsSimulations/ros2_ws/build/sllidar_ros2 -- -j16 -l16
[9.259s] Invoking command in '/home/a/experiment-AI/toTransfer/WebotsSimulations/ros2_ws/build/sllidar_ros2': CMAKE_PREFIX_PATH=/opt/ros/foxy /usr/bin/cmake --install /home/a/experiment-AI/toTransfer/WebotsSimulations/ros2_ws/build/sllidar_ros2
[9.265s] -- Install configuration: ""
[9.265s] -- Installing: /home/a/experiment-AI/toTransfer/WebotsSimulations/ros2_ws/install/sllidar_ros2/share/sllidar_ros2/launch
[9.265s] -- Installing: /home/a/experiment-AI/toTransfer/WebotsSimulations/ros2_ws/install/sllidar_ros2/share/sllidar_ros2/launch/sllidar_s1_launch.py
[9.266s] -- Installing: /home/a/experiment-AI/toTransfer/WebotsSimulations/ros2_ws/install/sllidar_ros2/share/sllidar_ros2/launch/view_sllidar_t1_launch.py
[9.266s] -- Installing: /home/a/experiment-AI/toTransfer/WebotsSimulations/ros2_ws/install/sllidar_ros2/share/sllidar_ros2/launch/view_sllidar_a3_launch.py
[9.266s] -- Installing: /home/a/experiment-AI/toTransfer/WebotsSimulations/ros2_ws/install/sllidar_ros2/share/sllidar_ros2/launch/view_sllidar_launch.py
[9.266s] -- Installing: /home/a/experiment-AI/toTransfer/WebotsSimulations/ros2_ws/install/sllidar_ros2/share/sllidar_ros2/launch/sllidar_s2e_launch.py
[9.266s] -- Installing: /home/a/experiment-AI/toTransfer/WebotsSimulations/ros2_ws/install/sllidar_ros2/share/sllidar_ros2/launch/view_sllidar_s1_launch.py
[9.266s] -- Installing: /home/a/experiment-AI/toTransfer/WebotsSimulations/ros2_ws/install/sllidar_ros2/share/sllidar_ros2/launch/sllidar_s2_launch.py
[9.266s] -- Installing: /home/a/experiment-AI/toTransfer/WebotsSimulations/ros2_ws/install/sllidar_ros2/share/sllidar_ros2/launch/view_sllidar_s2e_launch.py
[9.266s] -- Installing: /home/a/experiment-AI/toTransfer/WebotsSimulations/ros2_ws/install/sllidar_ros2/share/sllidar_ros2/launch/sllidar_s1_tcp_launch.py
[9.266s] -- Installing: /home/a/experiment-AI/toTransfer/WebotsSimulations/ros2_ws/install/sllidar_ros2/share/sllidar_ros2/launch/sllidar_a3_launch.py
[9.266s] -- Installing: /home/a/experiment-AI/toTransfer/WebotsSimulations/ros2_ws/install/sllidar_ros2/share/sllidar_ros2/launch/sllidar_t1_launch.py
[9.267s] -- Installing: /home/a/experiment-AI/toTransfer/WebotsSimulations/ros2_ws/install/sllidar_ros2/share/sllidar_ros2/launch/sllidar_launch.py
[9.267s] -- Installing: /home/a/experiment-AI/toTransfer/WebotsSimulations/ros2_ws/install/sllidar_ros2/share/sllidar_ros2/launch/view_sllidar_s1_tcp_launch.py
[9.267s] -- Installing: /home/a/experiment-AI/toTransfer/WebotsSimulations/ros2_ws/install/sllidar_ros2/share/sllidar_ros2/launch/view_sllidar_s2_launch.py
[9.267s] -- Installing: /home/a/experiment-AI/toTransfer/WebotsSimulations/ros2_ws/install/sllidar_ros2/share/sllidar_ros2/rviz
[9.267s] -- Installing: /home/a/experiment-AI/toTransfer/WebotsSimulations/ros2_ws/install/sllidar_ros2/share/sllidar_ros2/rviz/sllidar_ros2.rviz
[9.267s] -- Installing: /home/a/experiment-AI/toTransfer/WebotsSimulations/ros2_ws/install/sllidar_ros2/lib/sllidar_ros2/sllidar_node
[9.267s] -- Set runtime path of "/home/a/experiment-AI/toTransfer/WebotsSimulations/ros2_ws/install/sllidar_ros2/lib/sllidar_ros2/sllidar_node" to ""
[9.268s] -- Installing: /home/a/experiment-AI/toTransfer/WebotsSimulations/ros2_ws/install/sllidar_ros2/lib/sllidar_ros2/sllidar_client
[9.269s] -- Set runtime path of "/home/a/experiment-AI/toTransfer/WebotsSimulations/ros2_ws/install/sllidar_ros2/lib/sllidar_ros2/sllidar_client" to ""
[9.269s] -- Installing: /home/a/experiment-AI/toTransfer/WebotsSimulations/ros2_ws/install/sllidar_ros2/share/ament_index/resource_index/package_run_dependencies/sllidar_ros2
[9.269s] -- Installing: /home/a/experiment-AI/toTransfer/WebotsSimulations/ros2_ws/install/sllidar_ros2/share/ament_index/resource_index/parent_prefix_path/sllidar_ros2
[9.269s] -- Installing: /home/a/experiment-AI/toTransfer/WebotsSimulations/ros2_ws/install/sllidar_ros2/share/sllidar_ros2/environment/ament_prefix_path.sh
[9.269s] -- Installing: /home/a/experiment-AI/toTransfer/WebotsSimulations/ros2_ws/install/sllidar_ros2/share/sllidar_ros2/environment/ament_prefix_path.dsv
[9.270s] -- Installing: /home/a/experiment-AI/toTransfer/WebotsSimulations/ros2_ws/install/sllidar_ros2/share/sllidar_ros2/environment/path.sh
[9.270s] -- Installing: /home/a/experiment-AI/toTransfer/WebotsSimulations/ros2_ws/install/sllidar_ros2/share/sllidar_ros2/environment/path.dsv
[9.270s] -- Installing: /home/a/experiment-AI/toTransfer/WebotsSimulations/ros2_ws/install/sllidar_ros2/share/sllidar_ros2/local_setup.bash
[9.270s] -- Installing: /home/a/experiment-AI/toTransfer/WebotsSimulations/ros2_ws/install/sllidar_ros2/share/sllidar_ros2/local_setup.sh
[9.270s] -- Installing: /home/a/experiment-AI/toTransfer/WebotsSimulations/ros2_ws/install/sllidar_ros2/share/sllidar_ros2/local_setup.zsh
[9.270s] -- Installing: /home/a/experiment-AI/toTransfer/WebotsSimulations/ros2_ws/install/sllidar_ros2/share/sllidar_ros2/local_setup.dsv
[9.270s] -- Installing: /home/a/experiment-AI/toTransfer/WebotsSimulations/ros2_ws/install/sllidar_ros2/share/sllidar_ros2/package.dsv
[9.270s] -- Installing: /home/a/experiment-AI/toTransfer/WebotsSimulations/ros2_ws/install/sllidar_ros2/share/ament_index/resource_index/packages/sllidar_ros2
[9.271s] -- Installing: /home/a/experiment-AI/toTransfer/WebotsSimulations/ros2_ws/install/sllidar_ros2/share/sllidar_ros2/cmake/ament_cmake_export_dependencies-extras.cmake
[9.271s] -- Installing: /home/a/experiment-AI/toTransfer/WebotsSimulations/ros2_ws/install/sllidar_ros2/share/sllidar_ros2/cmake/ament_cmake_export_include_directories-extras.cmake
[9.271s] -- Installing: /home/a/experiment-AI/toTransfer/WebotsSimulations/ros2_ws/install/sllidar_ros2/share/sllidar_ros2/cmake/sllidar_ros2Config.cmake
[9.271s] -- Installing: /home/a/experiment-AI/toTransfer/WebotsSimulations/ros2_ws/install/sllidar_ros2/share/sllidar_ros2/cmake/sllidar_ros2Config-version.cmake
[9.271s] -- Installing: /home/a/experiment-AI/toTransfer/WebotsSimulations/ros2_ws/install/sllidar_ros2/share/sllidar_ros2/package.xml
[9.276s] Invoked command in '/home/a/experiment-AI/toTransfer/WebotsSimulations/ros2_ws/build/sllidar_ros2' returned '0': CMAKE_PREFIX_PATH=/opt/ros/foxy /usr/bin/cmake --install /home/a/experiment-AI/toTransfer/WebotsSimulations/ros2_ws/build/sllidar_ros2
