[1.176s] Invoking command in '/home/a/experiment-AI/toTransfer/WebotsSimulations/ros2_ws/src/client': PYTHONPATH=/home/a/experiment-AI/toTransfer/WebotsSimulations/ros2_ws/build/client/prefix_override:/home/a/experiment-AI/toTransfer/WebotsSimulations/ros2_ws/install/client/lib/python3.8/site-packages:${PYTHONPATH} /usr/bin/python3 setup.py egg_info --egg-base ../../build/client build --build-base /home/a/experiment-AI/toTransfer/WebotsSimulations/ros2_ws/build/client/build install --record /home/a/experiment-AI/toTransfer/WebotsSimulations/ros2_ws/build/client/install.log --install-scripts $base/lib/client --single-version-externally-managed
[1.373s] running egg_info
[1.374s] writing ../../build/client/client.egg-info/PKG-INFO
[1.374s] writing dependency_links to ../../build/client/client.egg-info/dependency_links.txt
[1.374s] writing entry points to ../../build/client/client.egg-info/entry_points.txt
[1.374s] writing requirements to ../../build/client/client.egg-info/requires.txt
[1.375s] writing top-level names to ../../build/client/client.egg-info/top_level.txt
[1.405s] reading manifest file '../../build/client/client.egg-info/SOURCES.txt'
[1.406s] writing manifest file '../../build/client/client.egg-info/SOURCES.txt'
[1.406s] running build
[1.407s] running build_py
[1.407s] running install
[1.408s] running install_lib
[1.409s] running install_data
[1.409s] running install_egg_info
[1.410s] removing '/home/a/experiment-AI/toTransfer/WebotsSimulations/ros2_ws/install/client/lib/python3.8/site-packages/client-0.0.0-py3.8.egg-info' (and everything under it)
[1.411s] Copying ../../build/client/client.egg-info to /home/a/experiment-AI/toTransfer/WebotsSimulations/ros2_ws/install/client/lib/python3.8/site-packages/client-0.0.0-py3.8.egg-info
[1.412s] running install_scripts
[1.426s] Installing app script to /home/a/experiment-AI/toTransfer/WebotsSimulations/ros2_ws/install/client/lib/client
[1.427s] Installing client_node script to /home/a/experiment-AI/toTransfer/WebotsSimulations/ros2_ws/install/client/lib/client
[1.427s] writing list of installed files to '/home/a/experiment-AI/toTransfer/WebotsSimulations/ros2_ws/build/client/install.log'
[1.452s] Invoked command in '/home/a/experiment-AI/toTransfer/WebotsSimulations/ros2_ws/src/client' returned '0': PYTHONPATH=/home/a/experiment-AI/toTransfer/WebotsSimulations/ros2_ws/build/client/prefix_override:/home/a/experiment-AI/toTransfer/WebotsSimulations/ros2_ws/install/client/lib/python3.8/site-packages:${PYTHONPATH} /usr/bin/python3 setup.py egg_info --egg-base ../../build/client build --build-base /home/a/experiment-AI/toTransfer/WebotsSimulations/ros2_ws/build/client/build install --record /home/a/experiment-AI/toTransfer/WebotsSimulations/ros2_ws/build/client/install.log --install-scripts $base/lib/client --single-version-externally-managed
