[0.702s] Invoking command in '/home/a/experiment-AI/toTransfer/WebotsSimulations/ros2_ws/build/sllidar_ros2': CMAKE_PREFIX_PATH=/opt/ros/foxy /usr/bin/cmake --build /home/a/experiment-AI/toTransfer/WebotsSimulations/ros2_ws/build/sllidar_ros2 -- -j16 -l16
[0.756s] [ 14%] Built target sllidar_client
[0.760s] [100%] Built target sllidar_node
[0.800s] Invoked command in '/home/a/experiment-AI/toTransfer/WebotsSimulations/ros2_ws/build/sllidar_ros2' returned '0': CMAKE_PREFIX_PATH=/opt/ros/foxy /usr/bin/cmake --build /home/a/experiment-AI/toTransfer/WebotsSimulations/ros2_ws/build/sllidar_ros2 -- -j16 -l16
[0.871s] Invoking command in '/home/a/experiment-AI/toTransfer/WebotsSimulations/ros2_ws/build/sllidar_ros2': CMAKE_PREFIX_PATH=/opt/ros/foxy /usr/bin/cmake --install /home/a/experiment-AI/toTransfer/WebotsSimulations/ros2_ws/build/sllidar_ros2
[0.902s] -- Install configuration: ""
[0.903s] -- Up-to-date: /home/a/experiment-AI/toTransfer/WebotsSimulations/ros2_ws/install/sllidar_ros2/share/sllidar_ros2/launch
[0.903s] -- Up-to-date: /home/a/experiment-AI/toTransfer/WebotsSimulations/ros2_ws/install/sllidar_ros2/share/sllidar_ros2/launch/sllidar_s1_launch.py
[0.904s] -- Up-to-date: /home/a/experiment-AI/toTransfer/WebotsSimulations/ros2_ws/install/sllidar_ros2/share/sllidar_ros2/launch/view_sllidar_t1_launch.py
[0.904s] -- Up-to-date: /home/a/experiment-AI/toTransfer/WebotsSimulations/ros2_ws/install/sllidar_ros2/share/sllidar_ros2/launch/view_sllidar_a3_launch.py
[0.904s] -- Up-to-date: /home/a/experiment-AI/toTransfer/WebotsSimulations/ros2_ws/install/sllidar_ros2/share/sllidar_ros2/launch/view_sllidar_launch.py
[0.905s] -- Up-to-date: /home/a/experiment-AI/toTransfer/WebotsSimulations/ros2_ws/install/sllidar_ros2/share/sllidar_ros2/launch/sllidar_s2e_launch.py
[0.905s] -- Up-to-date: /home/a/experiment-AI/toTransfer/WebotsSimulations/ros2_ws/install/sllidar_ros2/share/sllidar_ros2/launch/view_sllidar_s1_launch.py
[0.905s] -- Up-to-date: /home/a/experiment-AI/toTransfer/WebotsSimulations/ros2_ws/install/sllidar_ros2/share/sllidar_ros2/launch/sllidar_s2_launch.py
[0.907s] -- Up-to-date: /home/a/experiment-AI/toTransfer/WebotsSimulations/ros2_ws/install/sllidar_ros2/share/sllidar_ros2/launch/view_sllidar_s2e_launch.py
[0.907s] -- Up-to-date: /home/a/experiment-AI/toTransfer/WebotsSimulations/ros2_ws/install/sllidar_ros2/share/sllidar_ros2/launch/sllidar_s1_tcp_launch.py
[0.908s] -- Up-to-date: /home/a/experiment-AI/toTransfer/WebotsSimulations/ros2_ws/install/sllidar_ros2/share/sllidar_ros2/launch/sllidar_a3_launch.py
[0.911s] -- Up-to-date: /home/a/experiment-AI/toTransfer/WebotsSimulations/ros2_ws/install/sllidar_ros2/share/sllidar_ros2/launch/sllidar_t1_launch.py
[0.911s] -- Up-to-date: /home/a/experiment-AI/toTransfer/WebotsSimulations/ros2_ws/install/sllidar_ros2/share/sllidar_ros2/launch/sllidar_launch.py
[0.912s] -- Up-to-date: /home/a/experiment-AI/toTransfer/WebotsSimulations/ros2_ws/install/sllidar_ros2/share/sllidar_ros2/launch/view_sllidar_s1_tcp_launch.py
[0.912s] -- Up-to-date: /home/a/experiment-AI/toTransfer/WebotsSimulations/ros2_ws/install/sllidar_ros2/share/sllidar_ros2/launch/view_sllidar_s2_launch.py
[0.912s] -- Up-to-date: /home/a/experiment-AI/toTransfer/WebotsSimulations/ros2_ws/install/sllidar_ros2/share/sllidar_ros2/rviz
[0.912s] -- Up-to-date: /home/a/experiment-AI/toTransfer/WebotsSimulations/ros2_ws/install/sllidar_ros2/share/sllidar_ros2/rviz/sllidar_ros2.rviz
[0.912s] -- Up-to-date: /home/a/experiment-AI/toTransfer/WebotsSimulations/ros2_ws/install/sllidar_ros2/lib/sllidar_ros2/sllidar_node
[0.913s] -- Up-to-date: /home/a/experiment-AI/toTransfer/WebotsSimulations/ros2_ws/install/sllidar_ros2/lib/sllidar_ros2/sllidar_client
[0.913s] -- Up-to-date: /home/a/experiment-AI/toTransfer/WebotsSimulations/ros2_ws/install/sllidar_ros2/share/ament_index/resource_index/package_run_dependencies/sllidar_ros2
[0.914s] -- Up-to-date: /home/a/experiment-AI/toTransfer/WebotsSimulations/ros2_ws/install/sllidar_ros2/share/ament_index/resource_index/parent_prefix_path/sllidar_ros2
[0.915s] -- Up-to-date: /home/a/experiment-AI/toTransfer/WebotsSimulations/ros2_ws/install/sllidar_ros2/share/sllidar_ros2/environment/ament_prefix_path.sh
[0.915s] -- Up-to-date: /home/a/experiment-AI/toTransfer/WebotsSimulations/ros2_ws/install/sllidar_ros2/share/sllidar_ros2/environment/ament_prefix_path.dsv
[0.915s] -- Up-to-date: /home/a/experiment-AI/toTransfer/WebotsSimulations/ros2_ws/install/sllidar_ros2/share/sllidar_ros2/environment/path.sh
[0.916s] -- Up-to-date: /home/a/experiment-AI/toTransfer/WebotsSimulations/ros2_ws/install/sllidar_ros2/share/sllidar_ros2/environment/path.dsv
[0.916s] -- Up-to-date: /home/a/experiment-AI/toTransfer/WebotsSimulations/ros2_ws/install/sllidar_ros2/share/sllidar_ros2/local_setup.bash
[0.916s] -- Up-to-date: /home/a/experiment-AI/toTransfer/WebotsSimulations/ros2_ws/install/sllidar_ros2/share/sllidar_ros2/local_setup.sh
[0.917s] -- Up-to-date: /home/a/experiment-AI/toTransfer/WebotsSimulations/ros2_ws/install/sllidar_ros2/share/sllidar_ros2/local_setup.zsh
[0.917s] -- Up-to-date: /home/a/experiment-AI/toTransfer/WebotsSimulations/ros2_ws/install/sllidar_ros2/share/sllidar_ros2/local_setup.dsv
[0.917s] -- Installing: /home/a/experiment-AI/toTransfer/WebotsSimulations/ros2_ws/install/sllidar_ros2/share/sllidar_ros2/package.dsv
[0.920s] -- Up-to-date: /home/a/experiment-AI/toTransfer/WebotsSimulations/ros2_ws/install/sllidar_ros2/share/ament_index/resource_index/packages/sllidar_ros2
[0.920s] -- Up-to-date: /home/a/experiment-AI/toTransfer/WebotsSimulations/ros2_ws/install/sllidar_ros2/share/sllidar_ros2/cmake/ament_cmake_export_dependencies-extras.cmake
[0.920s] -- Up-to-date: /home/a/experiment-AI/toTransfer/WebotsSimulations/ros2_ws/install/sllidar_ros2/share/sllidar_ros2/cmake/ament_cmake_export_include_directories-extras.cmake
[0.920s] -- Up-to-date: /home/a/experiment-AI/toTransfer/WebotsSimulations/ros2_ws/install/sllidar_ros2/share/sllidar_ros2/cmake/sllidar_ros2Config.cmake
[0.921s] -- Up-to-date: /home/a/experiment-AI/toTransfer/WebotsSimulations/ros2_ws/install/sllidar_ros2/share/sllidar_ros2/cmake/sllidar_ros2Config-version.cmake
[0.921s] -- Up-to-date: /home/a/experiment-AI/toTransfer/WebotsSimulations/ros2_ws/install/sllidar_ros2/share/sllidar_ros2/package.xml
[0.922s] Invoked command in '/home/a/experiment-AI/toTransfer/WebotsSimulations/ros2_ws/build/sllidar_ros2' returned '0': CMAKE_PREFIX_PATH=/opt/ros/foxy /usr/bin/cmake --install /home/a/experiment-AI/toTransfer/WebotsSimulations/ros2_ws/build/sllidar_ros2
