[1.154s] Invoking command in '/home/a/experiment-AI/toTransfer/WebotsSimulations/ros2_ws/src/my_package': PYTHONPATH=/home/a/experiment-AI/toTransfer/WebotsSimulations/ros2_ws/build/my_package/prefix_override:/home/a/experiment-AI/toTransfer/WebotsSimulations/ros2_ws/install/my_package/lib/python3.8/site-packages:${PYTHONPATH} /usr/bin/python3 setup.py egg_info --egg-base ../../build/my_package build --build-base /home/a/experiment-AI/toTransfer/WebotsSimulations/ros2_ws/build/my_package/build install --record /home/a/experiment-AI/toTransfer/WebotsSimulations/ros2_ws/build/my_package/install.log --install-scripts $base/lib/my_package --single-version-externally-managed
[1.344s] running egg_info
[1.344s] writing ../../build/my_package/my_package.egg-info/PKG-INFO
[1.345s] writing dependency_links to ../../build/my_package/my_package.egg-info/dependency_links.txt
[1.345s] writing entry points to ../../build/my_package/my_package.egg-info/entry_points.txt
[1.345s] writing requirements to ../../build/my_package/my_package.egg-info/requires.txt
[1.345s] writing top-level names to ../../build/my_package/my_package.egg-info/top_level.txt
[1.381s] reading manifest file '../../build/my_package/my_package.egg-info/SOURCES.txt'
[1.381s] writing manifest file '../../build/my_package/my_package.egg-info/SOURCES.txt'
[1.381s] running build
[1.382s] running build_py
[1.382s] running install
[1.382s] running install_lib
[1.382s] running install_data
[1.382s] running install_egg_info
[1.385s] removing '/home/a/experiment-AI/toTransfer/WebotsSimulations/ros2_ws/install/my_package/lib/python3.8/site-packages/my_package-0.0.0-py3.8.egg-info' (and everything under it)
[1.385s] Copying ../../build/my_package/my_package.egg-info to /home/a/experiment-AI/toTransfer/WebotsSimulations/ros2_ws/install/my_package/lib/python3.8/site-packages/my_package-0.0.0-py3.8.egg-info
[1.386s] running install_scripts
[1.400s] Installing brain_node script to /home/a/experiment-AI/toTransfer/WebotsSimulations/ros2_ws/install/my_package/lib/my_package
[1.401s] Installing brain_node_MTD script to /home/a/experiment-AI/toTransfer/WebotsSimulations/ros2_ws/install/my_package/lib/my_package
[1.401s] Installing brain_node_calibrate script to /home/a/experiment-AI/toTransfer/WebotsSimulations/ros2_ws/install/my_package/lib/my_package
[1.401s] Installing brain_node_manual script to /home/a/experiment-AI/toTransfer/WebotsSimulations/ros2_ws/install/my_package/lib/my_package
[1.401s] Installing brain_node_minimal script to /home/a/experiment-AI/toTransfer/WebotsSimulations/ros2_ws/install/my_package/lib/my_package
[1.401s] Installing communication_node script to /home/a/experiment-AI/toTransfer/WebotsSimulations/ros2_ws/install/my_package/lib/my_package
[1.401s] Installing lidar_preprocessing script to /home/a/experiment-AI/toTransfer/WebotsSimulations/ros2_ws/install/my_package/lib/my_package
[1.401s] Installing plotter_node script to /home/a/experiment-AI/toTransfer/WebotsSimulations/ros2_ws/install/my_package/lib/my_package
[1.402s] writing list of installed files to '/home/a/experiment-AI/toTransfer/WebotsSimulations/ros2_ws/build/my_package/install.log'
[1.419s] Invoked command in '/home/a/experiment-AI/toTransfer/WebotsSimulations/ros2_ws/src/my_package' returned '0': PYTHONPATH=/home/a/experiment-AI/toTransfer/WebotsSimulations/ros2_ws/build/my_package/prefix_override:/home/a/experiment-AI/toTransfer/WebotsSimulations/ros2_ws/install/my_package/lib/python3.8/site-packages:${PYTHONPATH} /usr/bin/python3 setup.py egg_info --egg-base ../../build/my_package build --build-base /home/a/experiment-AI/toTransfer/WebotsSimulations/ros2_ws/build/my_package/build install --record /home/a/experiment-AI/toTransfer/WebotsSimulations/ros2_ws/build/my_package/install.log --install-scripts $base/lib/my_package --single-version-externally-managed
