[0.543s] Invoking command in '/home/a/experiment-AI/toTransfer/WebotsSimulations/ros2_ws/build/rplidar_ros': CMAKE_PREFIX_PATH=/opt/ros/foxy /usr/bin/cmake --build /home/a/experiment-AI/toTransfer/WebotsSimulations/ros2_ws/build/rplidar_ros -- -j16 -l16
[0.717s] [ 22%] Built target rplidarNodeClient
[0.718s] [ 50%] Built target rplidarNode
[0.718s] [ 88%] Built target rplidar_composition_node
[0.718s] [100%] Built target rplidar_composition
[0.721s] Invoked command in '/home/a/experiment-AI/toTransfer/WebotsSimulations/ros2_ws/build/rplidar_ros' returned '0': CMAKE_PREFIX_PATH=/opt/ros/foxy /usr/bin/cmake --build /home/a/experiment-AI/toTransfer/WebotsSimulations/ros2_ws/build/rplidar_ros -- -j16 -l16
[0.766s] Invoking command in '/home/a/experiment-AI/toTransfer/WebotsSimulations/ros2_ws/build/rplidar_ros': CMAKE_PREFIX_PATH=/opt/ros/foxy /usr/bin/cmake --install /home/a/experiment-AI/toTransfer/WebotsSimulations/ros2_ws/build/rplidar_ros
[0.773s] -- Install configuration: ""
[0.773s] -- Up-to-date: /home/a/experiment-AI/toTransfer/WebotsSimulations/ros2_ws/install/rplidar_ros/lib/rplidar_ros/rplidarNode
[0.774s] -- Up-to-date: /home/a/experiment-AI/toTransfer/WebotsSimulations/ros2_ws/install/rplidar_ros/lib/rplidar_ros/rplidarNodeClient
[0.774s] -- Up-to-date: /home/a/experiment-AI/toTransfer/WebotsSimulations/ros2_ws/install/rplidar_ros/lib/rplidar_ros/rplidar_composition
[0.775s] -- Up-to-date: /home/a/experiment-AI/toTransfer/WebotsSimulations/ros2_ws/install/rplidar_ros/share/rplidar_ros/launch
[0.775s] -- Up-to-date: /home/a/experiment-AI/toTransfer/WebotsSimulations/ros2_ws/install/rplidar_ros/share/rplidar_ros/launch/view_rplidar_a3.launch.py
[0.775s] -- Up-to-date: /home/a/experiment-AI/toTransfer/WebotsSimulations/ros2_ws/install/rplidar_ros/share/rplidar_ros/launch/view_rplidar_s1_tcp.launch.py
[0.775s] -- Up-to-date: /home/a/experiment-AI/toTransfer/WebotsSimulations/ros2_ws/install/rplidar_ros/share/rplidar_ros/launch/view_rplidar_s1.launch.py
[0.775s] -- Up-to-date: /home/a/experiment-AI/toTransfer/WebotsSimulations/ros2_ws/install/rplidar_ros/share/rplidar_ros/launch/test_rplidar_a3.launch.py
[0.776s] -- Up-to-date: /home/a/experiment-AI/toTransfer/WebotsSimulations/ros2_ws/install/rplidar_ros/share/rplidar_ros/launch/rplidar.launch.py
[0.776s] -- Up-to-date: /home/a/experiment-AI/toTransfer/WebotsSimulations/ros2_ws/install/rplidar_ros/share/rplidar_ros/launch/rplidar_s1.launch.py
[0.776s] -- Up-to-date: /home/a/experiment-AI/toTransfer/WebotsSimulations/ros2_ws/install/rplidar_ros/share/rplidar_ros/launch/view_rplidar.launch.py
[0.776s] -- Up-to-date: /home/a/experiment-AI/toTransfer/WebotsSimulations/ros2_ws/install/rplidar_ros/share/rplidar_ros/launch/rplidar_s1_tcp.launch.py
[0.776s] -- Up-to-date: /home/a/experiment-AI/toTransfer/WebotsSimulations/ros2_ws/install/rplidar_ros/share/rplidar_ros/launch/rplidar_a3.launch.py
[0.777s] -- Up-to-date: /home/a/experiment-AI/toTransfer/WebotsSimulations/ros2_ws/install/rplidar_ros/share/rplidar_ros/launch/test_rplidar.launch.py
[0.777s] -- Up-to-date: /home/a/experiment-AI/toTransfer/WebotsSimulations/ros2_ws/install/rplidar_ros/share/rplidar_ros/rviz
[0.777s] -- Up-to-date: /home/a/experiment-AI/toTransfer/WebotsSimulations/ros2_ws/install/rplidar_ros/share/rplidar_ros/rviz/rplidar.rviz
[0.777s] -- Up-to-date: /home/a/experiment-AI/toTransfer/WebotsSimulations/ros2_ws/install/rplidar_ros/lib/librplidar_composition_node.so
[0.778s] -- Up-to-date: /home/a/experiment-AI/toTransfer/WebotsSimulations/ros2_ws/install/rplidar_ros/include
[0.778s] -- Up-to-date: /home/a/experiment-AI/toTransfer/WebotsSimulations/ros2_ws/install/rplidar_ros/include/visibility.h
[0.781s] -- Up-to-date: /home/a/experiment-AI/toTransfer/WebotsSimulations/ros2_ws/install/rplidar_ros/include/rplidar_node.hpp
[0.782s] -- Up-to-date: /home/a/experiment-AI/toTransfer/WebotsSimulations/ros2_ws/install/rplidar_ros/lib/rplidar_ros/rplidarNode
[0.782s] -- Up-to-date: /home/a/experiment-AI/toTransfer/WebotsSimulations/ros2_ws/install/rplidar_ros/lib/rplidar_ros/rplidarNodeClient
[0.782s] -- Up-to-date: /home/a/experiment-AI/toTransfer/WebotsSimulations/ros2_ws/install/rplidar_ros/lib/rplidar_ros/rplidar_composition
[0.782s] -- Up-to-date: /home/a/experiment-AI/toTransfer/WebotsSimulations/ros2_ws/install/rplidar_ros/share/ament_index/resource_index/package_run_dependencies/rplidar_ros
[0.782s] -- Up-to-date: /home/a/experiment-AI/toTransfer/WebotsSimulations/ros2_ws/install/rplidar_ros/share/ament_index/resource_index/parent_prefix_path/rplidar_ros
[0.783s] -- Up-to-date: /home/a/experiment-AI/toTransfer/WebotsSimulations/ros2_ws/install/rplidar_ros/share/rplidar_ros/environment/ament_prefix_path.sh
[0.783s] -- Up-to-date: /home/a/experiment-AI/toTransfer/WebotsSimulations/ros2_ws/install/rplidar_ros/share/rplidar_ros/environment/ament_prefix_path.dsv
[0.783s] -- Up-to-date: /home/a/experiment-AI/toTransfer/WebotsSimulations/ros2_ws/install/rplidar_ros/share/rplidar_ros/environment/path.sh
[0.783s] -- Up-to-date: /home/a/experiment-AI/toTransfer/WebotsSimulations/ros2_ws/install/rplidar_ros/share/rplidar_ros/environment/path.dsv
[0.783s] -- Up-to-date: /home/a/experiment-AI/toTransfer/WebotsSimulations/ros2_ws/install/rplidar_ros/share/rplidar_ros/local_setup.bash
[0.783s] -- Up-to-date: /home/a/experiment-AI/toTransfer/WebotsSimulations/ros2_ws/install/rplidar_ros/share/rplidar_ros/local_setup.sh
[0.783s] -- Up-to-date: /home/a/experiment-AI/toTransfer/WebotsSimulations/ros2_ws/install/rplidar_ros/share/rplidar_ros/local_setup.zsh
[0.783s] -- Up-to-date: /home/a/experiment-AI/toTransfer/WebotsSimulations/ros2_ws/install/rplidar_ros/share/rplidar_ros/local_setup.dsv
[0.783s] -- Installing: /home/a/experiment-AI/toTransfer/WebotsSimulations/ros2_ws/install/rplidar_ros/share/rplidar_ros/package.dsv
[0.783s] -- Up-to-date: /home/a/experiment-AI/toTransfer/WebotsSimulations/ros2_ws/install/rplidar_ros/share/ament_index/resource_index/packages/rplidar_ros
[0.784s] -- Up-to-date: /home/a/experiment-AI/toTransfer/WebotsSimulations/ros2_ws/install/rplidar_ros/share/rplidar_ros/cmake/ament_cmake_export_dependencies-extras.cmake
[0.784s] -- Up-to-date: /home/a/experiment-AI/toTransfer/WebotsSimulations/ros2_ws/install/rplidar_ros/share/rplidar_ros/cmake/ament_cmake_export_include_directories-extras.cmake
[0.784s] -- Up-to-date: /home/a/experiment-AI/toTransfer/WebotsSimulations/ros2_ws/install/rplidar_ros/share/rplidar_ros/cmake/rplidar_rosConfig.cmake
[0.784s] -- Up-to-date: /home/a/experiment-AI/toTransfer/WebotsSimulations/ros2_ws/install/rplidar_ros/share/rplidar_ros/cmake/rplidar_rosConfig-version.cmake
[0.784s] -- Up-to-date: /home/a/experiment-AI/toTransfer/WebotsSimulations/ros2_ws/install/rplidar_ros/share/rplidar_ros/package.xml
[0.784s] Invoked command in '/home/a/experiment-AI/toTransfer/WebotsSimulations/ros2_ws/build/rplidar_ros' returned '0': CMAKE_PREFIX_PATH=/opt/ros/foxy /usr/bin/cmake --install /home/a/experiment-AI/toTransfer/WebotsSimulations/ros2_ws/build/rplidar_ros
