[0.353s] Invoking command in '/home/a/experiment-AI/toTransfer/WebotsSimulations/ros2_ws/build/interfaces': CMAKE_PREFIX_PATH=/opt/ros/foxy /usr/bin/cmake --build /home/a/experiment-AI/toTransfer/WebotsSimulations/ros2_ws/build/interfaces -- -j16 -l16
[0.726s] [  1%] Built target interfaces__cpp
[0.726s] [ 12%] Built target interfaces__rosidl_generator_c
[0.726s] [ 24%] Built target interfaces__rosidl_typesupport_introspection_cpp
[0.726s] [ 35%] Built target interfaces__rosidl_typesupport_cpp
[0.726s] [ 47%] Built target interfaces__rosidl_typesupport_c
[0.726s] [ 58%] Built target interfaces__rosidl_typesupport_introspection_c
[0.726s] [ 70%] Built target interfaces__rosidl_typesupport_fastrtps_cpp
[0.727s] [ 81%] Built target interfaces__rosidl_typesupport_fastrtps_c
[0.727s] [ 81%] Built target interfaces
[0.727s] [ 82%] Built target interfaces__py
[0.727s] [ 93%] Built target interfaces__python
[0.727s] [100%] Built target interfaces__rosidl_typesupport_introspection_c__pyext
[0.727s] [100%] Built target interfaces__rosidl_typesupport_c__pyext
[0.727s] [100%] Built target interfaces__rosidl_typesupport_fastrtps_c__pyext
[0.728s] Invoked command in '/home/a/experiment-AI/toTransfer/WebotsSimulations/ros2_ws/build/interfaces' returned '0': CMAKE_PREFIX_PATH=/opt/ros/foxy /usr/bin/cmake --build /home/a/experiment-AI/toTransfer/WebotsSimulations/ros2_ws/build/interfaces -- -j16 -l16
[0.843s] Invoking command in '/home/a/experiment-AI/toTransfer/WebotsSimulations/ros2_ws/build/interfaces': CMAKE_PREFIX_PATH=/opt/ros/foxy /usr/bin/cmake --install /home/a/experiment-AI/toTransfer/WebotsSimulations/ros2_ws/build/interfaces
[0.857s] -- Install configuration: ""
[0.857s] -- Up-to-date: /home/a/experiment-AI/toTransfer/WebotsSimulations/ros2_ws/install/interfaces/share/ament_index/resource_index/rosidl_interfaces/interfaces
[0.857s] -- Up-to-date: /home/a/experiment-AI/toTransfer/WebotsSimulations/ros2_ws/install/interfaces/include/interfaces
[0.857s] -- Up-to-date: /home/a/experiment-AI/toTransfer/WebotsSimulations/ros2_ws/install/interfaces/include/interfaces/msg
[0.858s] -- Up-to-date: /home/a/experiment-AI/toTransfer/WebotsSimulations/ros2_ws/install/interfaces/include/interfaces/msg/driving_result.h
[0.858s] -- Up-to-date: /home/a/experiment-AI/toTransfer/WebotsSimulations/ros2_ws/install/interfaces/include/interfaces/msg/detail
[0.858s] -- Up-to-date: /home/a/experiment-AI/toTransfer/WebotsSimulations/ros2_ws/install/interfaces/include/interfaces/msg/detail/client_command__functions.h
[0.858s] -- Up-to-date: /home/a/experiment-AI/toTransfer/WebotsSimulations/ros2_ws/install/interfaces/include/interfaces/msg/detail/driving_result__functions.h
[0.858s] -- Up-to-date: /home/a/experiment-AI/toTransfer/WebotsSimulations/ros2_ws/install/interfaces/include/interfaces/msg/detail/client_command__struct.h
[0.858s] -- Up-to-date: /home/a/experiment-AI/toTransfer/WebotsSimulations/ros2_ws/install/interfaces/include/interfaces/msg/detail/driving_instruction__functions.c
[0.858s] -- Up-to-date: /home/a/experiment-AI/toTransfer/WebotsSimulations/ros2_ws/install/interfaces/include/interfaces/msg/detail/mon_ackermann_drive__functions.h
[0.858s] -- Up-to-date: /home/a/experiment-AI/toTransfer/WebotsSimulations/ros2_ws/install/interfaces/include/interfaces/msg/detail/mon_ackermann_drive__functions.c
[0.858s] -- Up-to-date: /home/a/experiment-AI/toTransfer/WebotsSimulations/ros2_ws/install/interfaces/include/interfaces/msg/detail/driving_feedback__struct.h
[0.858s] -- Up-to-date: /home/a/experiment-AI/toTransfer/WebotsSimulations/ros2_ws/install/interfaces/include/interfaces/msg/detail/driving_instruction__struct.h
[0.858s] -- Up-to-date: /home/a/experiment-AI/toTransfer/WebotsSimulations/ros2_ws/install/interfaces/include/interfaces/msg/detail/race_params__functions.h
[0.859s] -- Up-to-date: /home/a/experiment-AI/toTransfer/WebotsSimulations/ros2_ws/install/interfaces/include/interfaces/msg/detail/driving_instruction__type_support.h
[0.859s] -- Up-to-date: /home/a/experiment-AI/toTransfer/WebotsSimulations/ros2_ws/install/interfaces/include/interfaces/msg/detail/sensors__functions.h
[0.859s] -- Up-to-date: /home/a/experiment-AI/toTransfer/WebotsSimulations/ros2_ws/install/interfaces/include/interfaces/msg/detail/driving_feedback__type_support.h
[0.859s] -- Up-to-date: /home/a/experiment-AI/toTransfer/WebotsSimulations/ros2_ws/install/interfaces/include/interfaces/msg/detail/mon_ackermann_drive__type_support.h
[0.859s] -- Up-to-date: /home/a/experiment-AI/toTransfer/WebotsSimulations/ros2_ws/install/interfaces/include/interfaces/msg/detail/mon_ackermann_drive__struct.h
[0.859s] -- Up-to-date: /home/a/experiment-AI/toTransfer/WebotsSimulations/ros2_ws/install/interfaces/include/interfaces/msg/detail/sensors__struct.h
[0.859s] -- Up-to-date: /home/a/experiment-AI/toTransfer/WebotsSimulations/ros2_ws/install/interfaces/include/interfaces/msg/detail/race_params__type_support.h
[0.860s] -- Up-to-date: /home/a/experiment-AI/toTransfer/WebotsSimulations/ros2_ws/install/interfaces/include/interfaces/msg/detail/driving_feedback__functions.c
[0.860s] -- Up-to-date: /home/a/experiment-AI/toTransfer/WebotsSimulations/ros2_ws/install/interfaces/include/interfaces/msg/detail/driving_result__type_support.h
[0.860s] -- Up-to-date: /home/a/experiment-AI/toTransfer/WebotsSimulations/ros2_ws/install/interfaces/include/interfaces/msg/detail/race_params__functions.c
[0.860s] -- Up-to-date: /home/a/experiment-AI/toTransfer/WebotsSimulations/ros2_ws/install/interfaces/include/interfaces/msg/detail/driving_feedback__functions.h
[0.860s] -- Up-to-date: /home/a/experiment-AI/toTransfer/WebotsSimulations/ros2_ws/install/interfaces/include/interfaces/msg/detail/sensors__functions.c
[0.860s] -- Up-to-date: /home/a/experiment-AI/toTransfer/WebotsSimulations/ros2_ws/install/interfaces/include/interfaces/msg/detail/driving_result__functions.c
[0.860s] -- Up-to-date: /home/a/experiment-AI/toTransfer/WebotsSimulations/ros2_ws/install/interfaces/include/interfaces/msg/detail/race_params__struct.h
[0.860s] -- Up-to-date: /home/a/experiment-AI/toTransfer/WebotsSimulations/ros2_ws/install/interfaces/include/interfaces/msg/detail/client_command__type_support.h
[0.860s] -- Up-to-date: /home/a/experiment-AI/toTransfer/WebotsSimulations/ros2_ws/install/interfaces/include/interfaces/msg/detail/client_command__functions.c
[0.860s] -- Up-to-date: /home/a/experiment-AI/toTransfer/WebotsSimulations/ros2_ws/install/interfaces/include/interfaces/msg/detail/driving_instruction__functions.h
[0.861s] -- Up-to-date: /home/a/experiment-AI/toTransfer/WebotsSimulations/ros2_ws/install/interfaces/include/interfaces/msg/detail/driving_result__struct.h
[0.861s] -- Up-to-date: /home/a/experiment-AI/toTransfer/WebotsSimulations/ros2_ws/install/interfaces/include/interfaces/msg/detail/sensors__type_support.h
[0.861s] -- Up-to-date: /home/a/experiment-AI/toTransfer/WebotsSimulations/ros2_ws/install/interfaces/include/interfaces/msg/sensors.h
[0.861s] -- Up-to-date: /home/a/experiment-AI/toTransfer/WebotsSimulations/ros2_ws/install/interfaces/include/interfaces/msg/rosidl_generator_c__visibility_control.h
[0.861s] -- Up-to-date: /home/a/experiment-AI/toTransfer/WebotsSimulations/ros2_ws/install/interfaces/include/interfaces/msg/driving_feedback.h
[0.861s] -- Up-to-date: /home/a/experiment-AI/toTransfer/WebotsSimulations/ros2_ws/install/interfaces/include/interfaces/msg/race_params.h
[0.861s] -- Up-to-date: /home/a/experiment-AI/toTransfer/WebotsSimulations/ros2_ws/install/interfaces/include/interfaces/msg/client_command.h
[0.861s] -- Up-to-date: /home/a/experiment-AI/toTransfer/WebotsSimulations/ros2_ws/install/interfaces/include/interfaces/msg/mon_ackermann_drive.h
[0.861s] -- Up-to-date: /home/a/experiment-AI/toTransfer/WebotsSimulations/ros2_ws/install/interfaces/include/interfaces/msg/driving_instruction.h
[0.861s] -- Up-to-date: /home/a/experiment-AI/toTransfer/WebotsSimulations/ros2_ws/install/interfaces/include/interfaces/action
[0.861s] -- Up-to-date: /home/a/experiment-AI/toTransfer/WebotsSimulations/ros2_ws/install/interfaces/include/interfaces/action/detail
[0.861s] -- Up-to-date: /home/a/experiment-AI/toTransfer/WebotsSimulations/ros2_ws/install/interfaces/include/interfaces/action/detail/driver_action__type_support.h
[0.861s] -- Up-to-date: /home/a/experiment-AI/toTransfer/WebotsSimulations/ros2_ws/install/interfaces/include/interfaces/action/detail/driver_action__functions.c
[0.862s] -- Up-to-date: /home/a/experiment-AI/toTransfer/WebotsSimulations/ros2_ws/install/interfaces/include/interfaces/action/detail/driver_action__functions.h
[0.862s] -- Up-to-date: /home/a/experiment-AI/toTransfer/WebotsSimulations/ros2_ws/install/interfaces/include/interfaces/action/detail/driver_action__struct.h
[0.862s] -- Up-to-date: /home/a/experiment-AI/toTransfer/WebotsSimulations/ros2_ws/install/interfaces/include/interfaces/action/driver_action.h
[0.862s] -- Up-to-date: /home/a/experiment-AI/toTransfer/WebotsSimulations/ros2_ws/install/interfaces/share/interfaces/environment/library_path.sh
[0.862s] -- Up-to-date: /home/a/experiment-AI/toTransfer/WebotsSimulations/ros2_ws/install/interfaces/share/interfaces/environment/library_path.dsv
[0.862s] -- Up-to-date: /home/a/experiment-AI/toTransfer/WebotsSimulations/ros2_ws/install/interfaces/lib/libinterfaces__rosidl_generator_c.so
[0.862s] -- Up-to-date: /home/a/experiment-AI/toTransfer/WebotsSimulations/ros2_ws/install/interfaces/include/interfaces
[0.862s] -- Up-to-date: /home/a/experiment-AI/toTransfer/WebotsSimulations/ros2_ws/install/interfaces/include/interfaces/msg
[0.862s] -- Up-to-date: /home/a/experiment-AI/toTransfer/WebotsSimulations/ros2_ws/install/interfaces/include/interfaces/msg/detail
[0.862s] -- Up-to-date: /home/a/experiment-AI/toTransfer/WebotsSimulations/ros2_ws/install/interfaces/include/interfaces/msg/detail/client_command__rosidl_typesupport_fastrtps_c.h
[0.862s] -- Up-to-date: /home/a/experiment-AI/toTransfer/WebotsSimulations/ros2_ws/install/interfaces/include/interfaces/msg/detail/race_params__rosidl_typesupport_fastrtps_c.h
[0.862s] -- Up-to-date: /home/a/experiment-AI/toTransfer/WebotsSimulations/ros2_ws/install/interfaces/include/interfaces/msg/detail/mon_ackermann_drive__rosidl_typesupport_fastrtps_c.h
[0.862s] -- Up-to-date: /home/a/experiment-AI/toTransfer/WebotsSimulations/ros2_ws/install/interfaces/include/interfaces/msg/detail/sensors__rosidl_typesupport_fastrtps_c.h
[0.862s] -- Up-to-date: /home/a/experiment-AI/toTransfer/WebotsSimulations/ros2_ws/install/interfaces/include/interfaces/msg/detail/driving_result__rosidl_typesupport_fastrtps_c.h
[0.862s] -- Up-to-date: /home/a/experiment-AI/toTransfer/WebotsSimulations/ros2_ws/install/interfaces/include/interfaces/msg/detail/driving_instruction__rosidl_typesupport_fastrtps_c.h
[0.863s] -- Up-to-date: /home/a/experiment-AI/toTransfer/WebotsSimulations/ros2_ws/install/interfaces/include/interfaces/msg/detail/driving_feedback__rosidl_typesupport_fastrtps_c.h
[0.863s] -- Up-to-date: /home/a/experiment-AI/toTransfer/WebotsSimulations/ros2_ws/install/interfaces/include/interfaces/msg/rosidl_typesupport_fastrtps_c__visibility_control.h
[0.863s] -- Up-to-date: /home/a/experiment-AI/toTransfer/WebotsSimulations/ros2_ws/install/interfaces/include/interfaces/action
[0.863s] -- Up-to-date: /home/a/experiment-AI/toTransfer/WebotsSimulations/ros2_ws/install/interfaces/include/interfaces/action/detail
[0.863s] -- Up-to-date: /home/a/experiment-AI/toTransfer/WebotsSimulations/ros2_ws/install/interfaces/include/interfaces/action/detail/driver_action__rosidl_typesupport_fastrtps_c.h
[0.863s] -- Up-to-date: /home/a/experiment-AI/toTransfer/WebotsSimulations/ros2_ws/install/interfaces/lib/libinterfaces__rosidl_typesupport_fastrtps_c.so
[0.863s] -- Up-to-date: /home/a/experiment-AI/toTransfer/WebotsSimulations/ros2_ws/install/interfaces/include/interfaces
[0.863s] -- Up-to-date: /home/a/experiment-AI/toTransfer/WebotsSimulations/ros2_ws/install/interfaces/include/interfaces/msg
[0.863s] -- Up-to-date: /home/a/experiment-AI/toTransfer/WebotsSimulations/ros2_ws/install/interfaces/include/interfaces/msg/detail
[0.863s] -- Up-to-date: /home/a/experiment-AI/toTransfer/WebotsSimulations/ros2_ws/install/interfaces/include/interfaces/msg/detail/race_params__rosidl_typesupport_fastrtps_cpp.hpp
[0.864s] -- Up-to-date: /home/a/experiment-AI/toTransfer/WebotsSimulations/ros2_ws/install/interfaces/include/interfaces/msg/detail/client_command__rosidl_typesupport_fastrtps_cpp.hpp
[0.864s] -- Up-to-date: /home/a/experiment-AI/toTransfer/WebotsSimulations/ros2_ws/install/interfaces/include/interfaces/msg/detail/sensors__rosidl_typesupport_fastrtps_cpp.hpp
[0.864s] -- Up-to-date: /home/a/experiment-AI/toTransfer/WebotsSimulations/ros2_ws/install/interfaces/include/interfaces/msg/detail/driving_feedback__rosidl_typesupport_fastrtps_cpp.hpp
[0.864s] -- Up-to-date: /home/a/experiment-AI/toTransfer/WebotsSimulations/ros2_ws/install/interfaces/include/interfaces/msg/detail/mon_ackermann_drive__rosidl_typesupport_fastrtps_cpp.hpp
[0.864s] -- Up-to-date: /home/a/experiment-AI/toTransfer/WebotsSimulations/ros2_ws/install/interfaces/include/interfaces/msg/detail/dds_fastrtps
[0.864s] -- Up-to-date: /home/a/experiment-AI/toTransfer/WebotsSimulations/ros2_ws/install/interfaces/include/interfaces/msg/detail/driving_result__rosidl_typesupport_fastrtps_cpp.hpp
[0.864s] -- Up-to-date: /home/a/experiment-AI/toTransfer/WebotsSimulations/ros2_ws/install/interfaces/include/interfaces/msg/detail/driving_instruction__rosidl_typesupport_fastrtps_cpp.hpp
[0.864s] -- Up-to-date: /home/a/experiment-AI/toTransfer/WebotsSimulations/ros2_ws/install/interfaces/include/interfaces/msg/rosidl_typesupport_fastrtps_cpp__visibility_control.h
[0.864s] -- Up-to-date: /home/a/experiment-AI/toTransfer/WebotsSimulations/ros2_ws/install/interfaces/include/interfaces/action
[0.864s] -- Up-to-date: /home/a/experiment-AI/toTransfer/WebotsSimulations/ros2_ws/install/interfaces/include/interfaces/action/detail
[0.864s] -- Up-to-date: /home/a/experiment-AI/toTransfer/WebotsSimulations/ros2_ws/install/interfaces/include/interfaces/action/detail/driver_action__rosidl_typesupport_fastrtps_cpp.hpp
[0.864s] -- Up-to-date: /home/a/experiment-AI/toTransfer/WebotsSimulations/ros2_ws/install/interfaces/include/interfaces/action/detail/dds_fastrtps
[0.865s] -- Up-to-date: /home/a/experiment-AI/toTransfer/WebotsSimulations/ros2_ws/install/interfaces/lib/libinterfaces__rosidl_typesupport_fastrtps_cpp.so
[0.865s] -- Up-to-date: /home/a/experiment-AI/toTransfer/WebotsSimulations/ros2_ws/install/interfaces/include/interfaces
[0.865s] -- Up-to-date: /home/a/experiment-AI/toTransfer/WebotsSimulations/ros2_ws/install/interfaces/include/interfaces/msg
[0.865s] -- Up-to-date: /home/a/experiment-AI/toTransfer/WebotsSimulations/ros2_ws/install/interfaces/include/interfaces/msg/detail
[0.865s] -- Up-to-date: /home/a/experiment-AI/toTransfer/WebotsSimulations/ros2_ws/install/interfaces/include/interfaces/msg/detail/driving_result__type_support.c
[0.865s] -- Up-to-date: /home/a/experiment-AI/toTransfer/WebotsSimulations/ros2_ws/install/interfaces/include/interfaces/msg/detail/driving_result__rosidl_typesupport_introspection_c.h
[0.865s] -- Up-to-date: /home/a/experiment-AI/toTransfer/WebotsSimulations/ros2_ws/install/interfaces/include/interfaces/msg/detail/driving_feedback__rosidl_typesupport_introspection_c.h
[0.865s] -- Up-to-date: /home/a/experiment-AI/toTransfer/WebotsSimulations/ros2_ws/install/interfaces/include/interfaces/msg/detail/client_command__type_support.c
[0.865s] -- Up-to-date: /home/a/experiment-AI/toTransfer/WebotsSimulations/ros2_ws/install/interfaces/include/interfaces/msg/detail/driving_instruction__type_support.c
[0.865s] -- Up-to-date: /home/a/experiment-AI/toTransfer/WebotsSimulations/ros2_ws/install/interfaces/include/interfaces/msg/detail/sensors__rosidl_typesupport_introspection_c.h
[0.865s] -- Up-to-date: /home/a/experiment-AI/toTransfer/WebotsSimulations/ros2_ws/install/interfaces/include/interfaces/msg/detail/mon_ackermann_drive__type_support.c
[0.865s] -- Up-to-date: /home/a/experiment-AI/toTransfer/WebotsSimulations/ros2_ws/install/interfaces/include/interfaces/msg/detail/driving_feedback__type_support.c
[0.865s] -- Up-to-date: /home/a/experiment-AI/toTransfer/WebotsSimulations/ros2_ws/install/interfaces/include/interfaces/msg/detail/race_params__rosidl_typesupport_introspection_c.h
[0.865s] -- Up-to-date: /home/a/experiment-AI/toTransfer/WebotsSimulations/ros2_ws/install/interfaces/include/interfaces/msg/detail/mon_ackermann_drive__rosidl_typesupport_introspection_c.h
[0.865s] -- Up-to-date: /home/a/experiment-AI/toTransfer/WebotsSimulations/ros2_ws/install/interfaces/include/interfaces/msg/detail/race_params__type_support.c
[0.866s] -- Up-to-date: /home/a/experiment-AI/toTransfer/WebotsSimulations/ros2_ws/install/interfaces/include/interfaces/msg/detail/sensors__type_support.c
[0.866s] -- Up-to-date: /home/a/experiment-AI/toTransfer/WebotsSimulations/ros2_ws/install/interfaces/include/interfaces/msg/detail/driving_instruction__rosidl_typesupport_introspection_c.h
[0.866s] -- Up-to-date: /home/a/experiment-AI/toTransfer/WebotsSimulations/ros2_ws/install/interfaces/include/interfaces/msg/detail/client_command__rosidl_typesupport_introspection_c.h
[0.866s] -- Up-to-date: /home/a/experiment-AI/toTransfer/WebotsSimulations/ros2_ws/install/interfaces/include/interfaces/msg/rosidl_typesupport_introspection_c__visibility_control.h
[0.866s] -- Up-to-date: /home/a/experiment-AI/toTransfer/WebotsSimulations/ros2_ws/install/interfaces/include/interfaces/action
[0.866s] -- Up-to-date: /home/a/experiment-AI/toTransfer/WebotsSimulations/ros2_ws/install/interfaces/include/interfaces/action/detail
[0.866s] -- Up-to-date: /home/a/experiment-AI/toTransfer/WebotsSimulations/ros2_ws/install/interfaces/include/interfaces/action/detail/driver_action__rosidl_typesupport_introspection_c.h
[0.866s] -- Up-to-date: /home/a/experiment-AI/toTransfer/WebotsSimulations/ros2_ws/install/interfaces/include/interfaces/action/detail/driver_action__type_support.c
[0.866s] -- Up-to-date: /home/a/experiment-AI/toTransfer/WebotsSimulations/ros2_ws/install/interfaces/lib/libinterfaces__rosidl_typesupport_introspection_c.so
[0.866s] -- Up-to-date: /home/a/experiment-AI/toTransfer/WebotsSimulations/ros2_ws/install/interfaces/lib/libinterfaces__rosidl_typesupport_c.so
[0.867s] -- Up-to-date: /home/a/experiment-AI/toTransfer/WebotsSimulations/ros2_ws/install/interfaces/include/interfaces
[0.867s] -- Up-to-date: /home/a/experiment-AI/toTransfer/WebotsSimulations/ros2_ws/install/interfaces/include/interfaces/msg
[0.867s] -- Up-to-date: /home/a/experiment-AI/toTransfer/WebotsSimulations/ros2_ws/install/interfaces/include/interfaces/msg/driving_instruction.hpp
[0.867s] -- Up-to-date: /home/a/experiment-AI/toTransfer/WebotsSimulations/ros2_ws/install/interfaces/include/interfaces/msg/detail
[0.867s] -- Up-to-date: /home/a/experiment-AI/toTransfer/WebotsSimulations/ros2_ws/install/interfaces/include/interfaces/msg/detail/driving_instruction__struct.hpp
[0.867s] -- Up-to-date: /home/a/experiment-AI/toTransfer/WebotsSimulations/ros2_ws/install/interfaces/include/interfaces/msg/detail/driving_result__struct.hpp
[0.867s] -- Up-to-date: /home/a/experiment-AI/toTransfer/WebotsSimulations/ros2_ws/install/interfaces/include/interfaces/msg/detail/mon_ackermann_drive__struct.hpp
[0.867s] -- Up-to-date: /home/a/experiment-AI/toTransfer/WebotsSimulations/ros2_ws/install/interfaces/include/interfaces/msg/detail/driving_feedback__traits.hpp
[0.867s] -- Up-to-date: /home/a/experiment-AI/toTransfer/WebotsSimulations/ros2_ws/install/interfaces/include/interfaces/msg/detail/race_params__struct.hpp
[0.868s] -- Up-to-date: /home/a/experiment-AI/toTransfer/WebotsSimulations/ros2_ws/install/interfaces/include/interfaces/msg/detail/driving_result__builder.hpp
[0.868s] -- Up-to-date: /home/a/experiment-AI/toTransfer/WebotsSimulations/ros2_ws/install/interfaces/include/interfaces/msg/detail/client_command__builder.hpp
[0.868s] -- Up-to-date: /home/a/experiment-AI/toTransfer/WebotsSimulations/ros2_ws/install/interfaces/include/interfaces/msg/detail/mon_ackermann_drive__builder.hpp
[0.868s] -- Up-to-date: /home/a/experiment-AI/toTransfer/WebotsSimulations/ros2_ws/install/interfaces/include/interfaces/msg/detail/mon_ackermann_drive__traits.hpp
[0.868s] -- Up-to-date: /home/a/experiment-AI/toTransfer/WebotsSimulations/ros2_ws/install/interfaces/include/interfaces/msg/detail/driving_feedback__struct.hpp
[0.868s] -- Up-to-date: /home/a/experiment-AI/toTransfer/WebotsSimulations/ros2_ws/install/interfaces/include/interfaces/msg/detail/sensors__traits.hpp
[0.868s] -- Up-to-date: /home/a/experiment-AI/toTransfer/WebotsSimulations/ros2_ws/install/interfaces/include/interfaces/msg/detail/driving_result__traits.hpp
[0.868s] -- Up-to-date: /home/a/experiment-AI/toTransfer/WebotsSimulations/ros2_ws/install/interfaces/include/interfaces/msg/detail/race_params__builder.hpp
[0.868s] -- Up-to-date: /home/a/experiment-AI/toTransfer/WebotsSimulations/ros2_ws/install/interfaces/include/interfaces/msg/detail/client_command__struct.hpp
[0.868s] -- Up-to-date: /home/a/experiment-AI/toTransfer/WebotsSimulations/ros2_ws/install/interfaces/include/interfaces/msg/detail/driving_feedback__builder.hpp
[0.868s] -- Up-to-date: /home/a/experiment-AI/toTransfer/WebotsSimulations/ros2_ws/install/interfaces/include/interfaces/msg/detail/driving_instruction__traits.hpp
[0.868s] -- Up-to-date: /home/a/experiment-AI/toTransfer/WebotsSimulations/ros2_ws/install/interfaces/include/interfaces/msg/detail/driving_instruction__builder.hpp
[0.868s] -- Up-to-date: /home/a/experiment-AI/toTransfer/WebotsSimulations/ros2_ws/install/interfaces/include/interfaces/msg/detail/client_command__traits.hpp
[0.868s] -- Up-to-date: /home/a/experiment-AI/toTransfer/WebotsSimulations/ros2_ws/install/interfaces/include/interfaces/msg/detail/race_params__traits.hpp
[0.868s] -- Up-to-date: /home/a/experiment-AI/toTransfer/WebotsSimulations/ros2_ws/install/interfaces/include/interfaces/msg/detail/sensors__builder.hpp
[0.869s] -- Up-to-date: /home/a/experiment-AI/toTransfer/WebotsSimulations/ros2_ws/install/interfaces/include/interfaces/msg/detail/sensors__struct.hpp
[0.869s] -- Up-to-date: /home/a/experiment-AI/toTransfer/WebotsSimulations/ros2_ws/install/interfaces/include/interfaces/msg/race_params.hpp
[0.869s] -- Up-to-date: /home/a/experiment-AI/toTransfer/WebotsSimulations/ros2_ws/install/interfaces/include/interfaces/msg/driving_result.hpp
[0.869s] -- Up-to-date: /home/a/experiment-AI/toTransfer/WebotsSimulations/ros2_ws/install/interfaces/include/interfaces/msg/mon_ackermann_drive.hpp
[0.869s] -- Up-to-date: /home/a/experiment-AI/toTransfer/WebotsSimulations/ros2_ws/install/interfaces/include/interfaces/msg/client_command.hpp
[0.869s] -- Up-to-date: /home/a/experiment-AI/toTransfer/WebotsSimulations/ros2_ws/install/interfaces/include/interfaces/msg/driving_feedback.hpp
[0.869s] -- Up-to-date: /home/a/experiment-AI/toTransfer/WebotsSimulations/ros2_ws/install/interfaces/include/interfaces/msg/sensors.hpp
[0.869s] -- Up-to-date: /home/a/experiment-AI/toTransfer/WebotsSimulations/ros2_ws/install/interfaces/include/interfaces/action
[0.869s] -- Up-to-date: /home/a/experiment-AI/toTransfer/WebotsSimulations/ros2_ws/install/interfaces/include/interfaces/action/detail
[0.869s] -- Up-to-date: /home/a/experiment-AI/toTransfer/WebotsSimulations/ros2_ws/install/interfaces/include/interfaces/action/detail/driver_action__builder.hpp
[0.870s] -- Up-to-date: /home/a/experiment-AI/toTransfer/WebotsSimulations/ros2_ws/install/interfaces/include/interfaces/action/detail/driver_action__traits.hpp
[0.870s] -- Up-to-date: /home/a/experiment-AI/toTransfer/WebotsSimulations/ros2_ws/install/interfaces/include/interfaces/action/detail/driver_action__struct.hpp
[0.870s] -- Up-to-date: /home/a/experiment-AI/toTransfer/WebotsSimulations/ros2_ws/install/interfaces/include/interfaces/action/driver_action.hpp
[0.870s] -- Up-to-date: /home/a/experiment-AI/toTransfer/WebotsSimulations/ros2_ws/install/interfaces/include/interfaces
[0.870s] -- Up-to-date: /home/a/experiment-AI/toTransfer/WebotsSimulations/ros2_ws/install/interfaces/include/interfaces/msg
[0.870s] -- Up-to-date: /home/a/experiment-AI/toTransfer/WebotsSimulations/ros2_ws/install/interfaces/include/interfaces/msg/detail
[0.870s] -- Up-to-date: /home/a/experiment-AI/toTransfer/WebotsSimulations/ros2_ws/install/interfaces/include/interfaces/msg/detail/mon_ackermann_drive__rosidl_typesupport_introspection_cpp.hpp
[0.870s] -- Up-to-date: /home/a/experiment-AI/toTransfer/WebotsSimulations/ros2_ws/install/interfaces/include/interfaces/msg/detail/driving_result__rosidl_typesupport_introspection_cpp.hpp
[0.870s] -- Up-to-date: /home/a/experiment-AI/toTransfer/WebotsSimulations/ros2_ws/install/interfaces/include/interfaces/msg/detail/sensors__rosidl_typesupport_introspection_cpp.hpp
[0.870s] -- Up-to-date: /home/a/experiment-AI/toTransfer/WebotsSimulations/ros2_ws/install/interfaces/include/interfaces/msg/detail/race_params__type_support.cpp
[0.871s] -- Up-to-date: /home/a/experiment-AI/toTransfer/WebotsSimulations/ros2_ws/install/interfaces/include/interfaces/msg/detail/driving_instruction__type_support.cpp
[0.871s] -- Up-to-date: /home/a/experiment-AI/toTransfer/WebotsSimulations/ros2_ws/install/interfaces/include/interfaces/msg/detail/driving_feedback__type_support.cpp
[0.871s] -- Up-to-date: /home/a/experiment-AI/toTransfer/WebotsSimulations/ros2_ws/install/interfaces/include/interfaces/msg/detail/driving_instruction__rosidl_typesupport_introspection_cpp.hpp
[0.871s] -- Up-to-date: /home/a/experiment-AI/toTransfer/WebotsSimulations/ros2_ws/install/interfaces/include/interfaces/msg/detail/driving_feedback__rosidl_typesupport_introspection_cpp.hpp
[0.871s] -- Up-to-date: /home/a/experiment-AI/toTransfer/WebotsSimulations/ros2_ws/install/interfaces/include/interfaces/msg/detail/mon_ackermann_drive__type_support.cpp
[0.871s] -- Up-to-date: /home/a/experiment-AI/toTransfer/WebotsSimulations/ros2_ws/install/interfaces/include/interfaces/msg/detail/client_command__rosidl_typesupport_introspection_cpp.hpp
[0.871s] -- Up-to-date: /home/a/experiment-AI/toTransfer/WebotsSimulations/ros2_ws/install/interfaces/include/interfaces/msg/detail/client_command__type_support.cpp
[0.871s] -- Up-to-date: /home/a/experiment-AI/toTransfer/WebotsSimulations/ros2_ws/install/interfaces/include/interfaces/msg/detail/race_params__rosidl_typesupport_introspection_cpp.hpp
[0.871s] -- Up-to-date: /home/a/experiment-AI/toTransfer/WebotsSimulations/ros2_ws/install/interfaces/include/interfaces/msg/detail/driving_result__type_support.cpp
[0.871s] -- Up-to-date: /home/a/experiment-AI/toTransfer/WebotsSimulations/ros2_ws/install/interfaces/include/interfaces/msg/detail/sensors__type_support.cpp
[0.872s] -- Up-to-date: /home/a/experiment-AI/toTransfer/WebotsSimulations/ros2_ws/install/interfaces/include/interfaces/action
[0.872s] -- Up-to-date: /home/a/experiment-AI/toTransfer/WebotsSimulations/ros2_ws/install/interfaces/include/interfaces/action/detail
[0.872s] -- Up-to-date: /home/a/experiment-AI/toTransfer/WebotsSimulations/ros2_ws/install/interfaces/include/interfaces/action/detail/driver_action__type_support.cpp
[0.872s] -- Up-to-date: /home/a/experiment-AI/toTransfer/WebotsSimulations/ros2_ws/install/interfaces/include/interfaces/action/detail/driver_action__rosidl_typesupport_introspection_cpp.hpp
[0.872s] -- Up-to-date: /home/a/experiment-AI/toTransfer/WebotsSimulations/ros2_ws/install/interfaces/lib/libinterfaces__rosidl_typesupport_introspection_cpp.so
[0.872s] -- Up-to-date: /home/a/experiment-AI/toTransfer/WebotsSimulations/ros2_ws/install/interfaces/lib/libinterfaces__rosidl_typesupport_cpp.so
[0.872s] -- Up-to-date: /home/a/experiment-AI/toTransfer/WebotsSimulations/ros2_ws/install/interfaces/share/interfaces/environment/pythonpath.sh
[0.872s] -- Up-to-date: /home/a/experiment-AI/toTransfer/WebotsSimulations/ros2_ws/install/interfaces/share/interfaces/environment/pythonpath.dsv
[0.872s] -- Up-to-date: /home/a/experiment-AI/toTransfer/WebotsSimulations/ros2_ws/install/interfaces/lib/python3.8/site-packages/interfaces/__init__.py
[0.894s] -- Up-to-date: /home/a/experiment-AI/toTransfer/WebotsSimulations/ros2_ws/install/interfaces/lib/python3.8/site-packages/interfaces/msg
[0.894s] -- Up-to-date: /home/a/experiment-AI/toTransfer/WebotsSimulations/ros2_ws/install/interfaces/lib/python3.8/site-packages/interfaces/msg/_sensors.py
[0.895s] -- Up-to-date: /home/a/experiment-AI/toTransfer/WebotsSimulations/ros2_ws/install/interfaces/lib/python3.8/site-packages/interfaces/msg/_driving_feedback.py
[0.895s] -- Up-to-date: /home/a/experiment-AI/toTransfer/WebotsSimulations/ros2_ws/install/interfaces/lib/python3.8/site-packages/interfaces/msg/_driving_result_s.c
[0.895s] -- Up-to-date: /home/a/experiment-AI/toTransfer/WebotsSimulations/ros2_ws/install/interfaces/lib/python3.8/site-packages/interfaces/msg/_race_params_s.c
[0.895s] -- Up-to-date: /home/a/experiment-AI/toTransfer/WebotsSimulations/ros2_ws/install/interfaces/lib/python3.8/site-packages/interfaces/msg/_mon_ackermann_drive.py
[0.895s] -- Up-to-date: /home/a/experiment-AI/toTransfer/WebotsSimulations/ros2_ws/install/interfaces/lib/python3.8/site-packages/interfaces/msg/_mon_ackermann_drive_s.c
[0.895s] -- Up-to-date: /home/a/experiment-AI/toTransfer/WebotsSimulations/ros2_ws/install/interfaces/lib/python3.8/site-packages/interfaces/msg/_sensors_s.c
[0.896s] -- Up-to-date: /home/a/experiment-AI/toTransfer/WebotsSimulations/ros2_ws/install/interfaces/lib/python3.8/site-packages/interfaces/msg/__init__.py
[0.896s] -- Up-to-date: /home/a/experiment-AI/toTransfer/WebotsSimulations/ros2_ws/install/interfaces/lib/python3.8/site-packages/interfaces/msg/_driving_result.py
[0.896s] -- Up-to-date: /home/a/experiment-AI/toTransfer/WebotsSimulations/ros2_ws/install/interfaces/lib/python3.8/site-packages/interfaces/msg/_driving_feedback_s.c
[0.896s] -- Up-to-date: /home/a/experiment-AI/toTransfer/WebotsSimulations/ros2_ws/install/interfaces/lib/python3.8/site-packages/interfaces/msg/_driving_instruction_s.c
[0.896s] -- Up-to-date: /home/a/experiment-AI/toTransfer/WebotsSimulations/ros2_ws/install/interfaces/lib/python3.8/site-packages/interfaces/msg/_client_command_s.c
[0.896s] -- Up-to-date: /home/a/experiment-AI/toTransfer/WebotsSimulations/ros2_ws/install/interfaces/lib/python3.8/site-packages/interfaces/msg/_client_command.py
[0.897s] -- Up-to-date: /home/a/experiment-AI/toTransfer/WebotsSimulations/ros2_ws/install/interfaces/lib/python3.8/site-packages/interfaces/msg/_driving_instruction.py
[0.897s] -- Up-to-date: /home/a/experiment-AI/toTransfer/WebotsSimulations/ros2_ws/install/interfaces/lib/python3.8/site-packages/interfaces/msg/_race_params.py
[0.897s] -- Up-to-date: /home/a/experiment-AI/toTransfer/WebotsSimulations/ros2_ws/install/interfaces/lib/python3.8/site-packages/interfaces/action
[0.897s] -- Up-to-date: /home/a/experiment-AI/toTransfer/WebotsSimulations/ros2_ws/install/interfaces/lib/python3.8/site-packages/interfaces/action/__init__.py
[0.897s] -- Up-to-date: /home/a/experiment-AI/toTransfer/WebotsSimulations/ros2_ws/install/interfaces/lib/python3.8/site-packages/interfaces/action/_driver_action_s.c
[0.897s] -- Up-to-date: /home/a/experiment-AI/toTransfer/WebotsSimulations/ros2_ws/install/interfaces/lib/python3.8/site-packages/interfaces/action/_driver_action.py
[0.897s] -- Up-to-date: /home/a/experiment-AI/toTransfer/WebotsSimulations/ros2_ws/install/interfaces/lib/python3.8/site-packages/interfaces/interfaces_s__rosidl_typesupport_fastrtps_c.cpython-38-x86_64-linux-gnu.so
[0.898s] -- Up-to-date: /home/a/experiment-AI/toTransfer/WebotsSimulations/ros2_ws/install/interfaces/lib/python3.8/site-packages/interfaces/interfaces_s__rosidl_typesupport_introspection_c.cpython-38-x86_64-linux-gnu.so
[0.902s] -- Up-to-date: /home/a/experiment-AI/toTransfer/WebotsSimulations/ros2_ws/install/interfaces/lib/python3.8/site-packages/interfaces/interfaces_s__rosidl_typesupport_c.cpython-38-x86_64-linux-gnu.so
[0.903s] -- Up-to-date: /home/a/experiment-AI/toTransfer/WebotsSimulations/ros2_ws/install/interfaces/lib/libinterfaces__python.so
[0.903s] -- Up-to-date: /home/a/experiment-AI/toTransfer/WebotsSimulations/ros2_ws/install/interfaces/share/interfaces/msg/DrivingFeedback.idl
[0.904s] -- Up-to-date: /home/a/experiment-AI/toTransfer/WebotsSimulations/ros2_ws/install/interfaces/share/interfaces/msg/DrivingInstruction.idl
[0.904s] -- Up-to-date: /home/a/experiment-AI/toTransfer/WebotsSimulations/ros2_ws/install/interfaces/share/interfaces/msg/DrivingResult.idl
[0.904s] -- Up-to-date: /home/a/experiment-AI/toTransfer/WebotsSimulations/ros2_ws/install/interfaces/share/interfaces/msg/MonAckermannDrive.idl
[0.905s] -- Up-to-date: /home/a/experiment-AI/toTransfer/WebotsSimulations/ros2_ws/install/interfaces/share/interfaces/msg/Sensors.idl
[0.905s] -- Up-to-date: /home/a/experiment-AI/toTransfer/WebotsSimulations/ros2_ws/install/interfaces/share/interfaces/msg/ClientCommand.idl
[0.905s] -- Up-to-date: /home/a/experiment-AI/toTransfer/WebotsSimulations/ros2_ws/install/interfaces/share/interfaces/msg/RaceParams.idl
[0.905s] -- Up-to-date: /home/a/experiment-AI/toTransfer/WebotsSimulations/ros2_ws/install/interfaces/share/interfaces/action/DriverAction.idl
[0.905s] -- Up-to-date: /home/a/experiment-AI/toTransfer/WebotsSimulations/ros2_ws/install/interfaces/share/interfaces/msg/DrivingFeedback.msg
[0.905s] -- Up-to-date: /home/a/experiment-AI/toTransfer/WebotsSimulations/ros2_ws/install/interfaces/share/interfaces/msg/DrivingInstruction.msg
[0.905s] -- Up-to-date: /home/a/experiment-AI/toTransfer/WebotsSimulations/ros2_ws/install/interfaces/share/interfaces/msg/DrivingResult.msg
[0.906s] -- Up-to-date: /home/a/experiment-AI/toTransfer/WebotsSimulations/ros2_ws/install/interfaces/share/interfaces/msg/MonAckermannDrive.msg
[0.906s] -- Up-to-date: /home/a/experiment-AI/toTransfer/WebotsSimulations/ros2_ws/install/interfaces/share/interfaces/msg/Sensors.msg
[0.906s] -- Up-to-date: /home/a/experiment-AI/toTransfer/WebotsSimulations/ros2_ws/install/interfaces/share/interfaces/msg/ClientCommand.msg
[0.906s] -- Up-to-date: /home/a/experiment-AI/toTransfer/WebotsSimulations/ros2_ws/install/interfaces/share/interfaces/msg/RaceParams.msg
[0.906s] -- Up-to-date: /home/a/experiment-AI/toTransfer/WebotsSimulations/ros2_ws/install/interfaces/share/interfaces/action/DriverAction.action
[0.907s] -- Up-to-date: /home/a/experiment-AI/toTransfer/WebotsSimulations/ros2_ws/install/interfaces/share/ament_index/resource_index/package_run_dependencies/interfaces
[0.907s] -- Up-to-date: /home/a/experiment-AI/toTransfer/WebotsSimulations/ros2_ws/install/interfaces/share/ament_index/resource_index/parent_prefix_path/interfaces
[0.907s] -- Up-to-date: /home/a/experiment-AI/toTransfer/WebotsSimulations/ros2_ws/install/interfaces/share/interfaces/environment/ament_prefix_path.sh
[0.907s] -- Up-to-date: /home/a/experiment-AI/toTransfer/WebotsSimulations/ros2_ws/install/interfaces/share/interfaces/environment/ament_prefix_path.dsv
[0.907s] -- Up-to-date: /home/a/experiment-AI/toTransfer/WebotsSimulations/ros2_ws/install/interfaces/share/interfaces/environment/path.sh
[0.907s] -- Up-to-date: /home/a/experiment-AI/toTransfer/WebotsSimulations/ros2_ws/install/interfaces/share/interfaces/environment/path.dsv
[0.908s] -- Up-to-date: /home/a/experiment-AI/toTransfer/WebotsSimulations/ros2_ws/install/interfaces/share/interfaces/local_setup.bash
[0.908s] -- Up-to-date: /home/a/experiment-AI/toTransfer/WebotsSimulations/ros2_ws/install/interfaces/share/interfaces/local_setup.sh
[0.908s] -- Up-to-date: /home/a/experiment-AI/toTransfer/WebotsSimulations/ros2_ws/install/interfaces/share/interfaces/local_setup.zsh
[0.908s] -- Up-to-date: /home/a/experiment-AI/toTransfer/WebotsSimulations/ros2_ws/install/interfaces/share/interfaces/local_setup.dsv
[0.908s] -- Installing: /home/a/experiment-AI/toTransfer/WebotsSimulations/ros2_ws/install/interfaces/share/interfaces/package.dsv
[0.908s] -- Up-to-date: /home/a/experiment-AI/toTransfer/WebotsSimulations/ros2_ws/install/interfaces/share/ament_index/resource_index/packages/interfaces
[0.908s] -- Up-to-date: /home/a/experiment-AI/toTransfer/WebotsSimulations/ros2_ws/install/interfaces/share/interfaces/cmake/interfaces__rosidl_generator_cExport.cmake
[0.909s] -- Up-to-date: /home/a/experiment-AI/toTransfer/WebotsSimulations/ros2_ws/install/interfaces/share/interfaces/cmake/interfaces__rosidl_generator_cExport-noconfig.cmake
[0.910s] -- Up-to-date: /home/a/experiment-AI/toTransfer/WebotsSimulations/ros2_ws/install/interfaces/share/interfaces/cmake/interfaces__rosidl_typesupport_introspection_cExport.cmake
[0.911s] -- Up-to-date: /home/a/experiment-AI/toTransfer/WebotsSimulations/ros2_ws/install/interfaces/share/interfaces/cmake/interfaces__rosidl_typesupport_introspection_cExport-noconfig.cmake
[0.911s] -- Up-to-date: /home/a/experiment-AI/toTransfer/WebotsSimulations/ros2_ws/install/interfaces/share/interfaces/cmake/interfaces__rosidl_typesupport_cExport.cmake
[0.911s] -- Up-to-date: /home/a/experiment-AI/toTransfer/WebotsSimulations/ros2_ws/install/interfaces/share/interfaces/cmake/interfaces__rosidl_typesupport_cExport-noconfig.cmake
[0.912s] -- Up-to-date: /home/a/experiment-AI/toTransfer/WebotsSimulations/ros2_ws/install/interfaces/share/interfaces/cmake/interfaces__rosidl_generator_cppExport.cmake
[0.912s] -- Up-to-date: /home/a/experiment-AI/toTransfer/WebotsSimulations/ros2_ws/install/interfaces/share/interfaces/cmake/interfaces__rosidl_typesupport_introspection_cppExport.cmake
[0.912s] -- Up-to-date: /home/a/experiment-AI/toTransfer/WebotsSimulations/ros2_ws/install/interfaces/share/interfaces/cmake/interfaces__rosidl_typesupport_introspection_cppExport-noconfig.cmake
[0.914s] -- Up-to-date: /home/a/experiment-AI/toTransfer/WebotsSimulations/ros2_ws/install/interfaces/share/interfaces/cmake/interfaces__rosidl_typesupport_cppExport.cmake
[0.915s] -- Up-to-date: /home/a/experiment-AI/toTransfer/WebotsSimulations/ros2_ws/install/interfaces/share/interfaces/cmake/interfaces__rosidl_typesupport_cppExport-noconfig.cmake
[0.915s] -- Up-to-date: /home/a/experiment-AI/toTransfer/WebotsSimulations/ros2_ws/install/interfaces/share/interfaces/cmake/rosidl_cmake-extras.cmake
[0.916s] -- Up-to-date: /home/a/experiment-AI/toTransfer/WebotsSimulations/ros2_ws/install/interfaces/share/interfaces/cmake/ament_cmake_export_dependencies-extras.cmake
[0.916s] -- Up-to-date: /home/a/experiment-AI/toTransfer/WebotsSimulations/ros2_ws/install/interfaces/share/interfaces/cmake/ament_cmake_export_libraries-extras.cmake
[0.916s] -- Up-to-date: /home/a/experiment-AI/toTransfer/WebotsSimulations/ros2_ws/install/interfaces/share/interfaces/cmake/ament_cmake_export_targets-extras.cmake
[0.919s] -- Up-to-date: /home/a/experiment-AI/toTransfer/WebotsSimulations/ros2_ws/install/interfaces/share/interfaces/cmake/ament_cmake_export_include_directories-extras.cmake
[0.919s] -- Up-to-date: /home/a/experiment-AI/toTransfer/WebotsSimulations/ros2_ws/install/interfaces/share/interfaces/cmake/rosidl_cmake_export_typesupport_libraries-extras.cmake
[0.920s] -- Up-to-date: /home/a/experiment-AI/toTransfer/WebotsSimulations/ros2_ws/install/interfaces/share/interfaces/cmake/rosidl_cmake_export_typesupport_targets-extras.cmake
[0.920s] -- Up-to-date: /home/a/experiment-AI/toTransfer/WebotsSimulations/ros2_ws/install/interfaces/share/interfaces/cmake/interfacesConfig.cmake
[0.920s] -- Up-to-date: /home/a/experiment-AI/toTransfer/WebotsSimulations/ros2_ws/install/interfaces/share/interfaces/cmake/interfacesConfig-version.cmake
[0.923s] -- Up-to-date: /home/a/experiment-AI/toTransfer/WebotsSimulations/ros2_ws/install/interfaces/share/interfaces/package.xml
[0.924s] Invoked command in '/home/a/experiment-AI/toTransfer/WebotsSimulations/ros2_ws/build/interfaces' returned '0': CMAKE_PREFIX_PATH=/opt/ros/foxy /usr/bin/cmake --install /home/a/experiment-AI/toTransfer/WebotsSimulations/ros2_ws/build/interfaces
