[0.244s] DEBUG:colcon:Command line arguments: ['/usr/bin/colcon', 'build']
[0.244s] DEBUG:colcon:Parsed command line arguments: Namespace(allow_overriding=[], ament_cmake_args=None, base_paths=['.'], build_base='build', catkin_cmake_args=None, catkin_skip_building_tests=False, cmake_args=None, cmake_clean_cache=False, cmake_clean_first=False, cmake_force_configure=False, cmake_target=None, cmake_target_skip_unavailable=False, continue_on_error=False, event_handlers=None, executor='parallel', ignore_user_meta=False, install_base='install', log_base=None, log_level=None, main=<bound method BuildVerb.main of <colcon_core.verb.build.BuildVerb object at 0x7f66b3629910>>, merge_install=False, metas=['./colcon.meta'], packages_above=None, packages_above_and_dependencies=None, packages_above_depth=None, packages_end=None, packages_ignore=None, packages_ignore_regex=None, packages_select=None, packages_select_build_failed=False, packages_select_by_dep=None, packages_select_regex=None, packages_select_test_failures=False, packages_skip=None, packages_skip_build_finished=False, packages_skip_by_dep=None, packages_skip_regex=None, packages_skip_test_passed=False, packages_skip_up_to=None, packages_start=None, packages_up_to=None, packages_up_to_regex=None, parallel_workers=16, paths=None, symlink_install=False, test_result_base=None, verb_extension=<colcon_core.verb.build.BuildVerb object at 0x7f66b3629910>, verb_name='build', verb_parser=<colcon_defaults.argument_parser.defaults.DefaultArgumentsDecorator object at 0x7f66b3629e80>)
[0.289s] Level 1:colcon.colcon_core.package_discovery:discover_packages(colcon_meta) check parameters
[0.289s] Level 1:colcon.colcon_core.package_discovery:discover_packages(recursive) check parameters
[0.289s] Level 1:colcon.colcon_core.package_discovery:discover_packages(ignore) check parameters
[0.289s] Level 1:colcon.colcon_core.package_discovery:discover_packages(path) check parameters
[0.289s] Level 1:colcon.colcon_core.package_discovery:discover_packages(colcon_meta) discover
[0.289s] Level 1:colcon.colcon_core.package_discovery:discover_packages(recursive) discover
[0.289s] INFO:colcon.colcon_core.package_discovery:Crawling recursively for packages in '/home/a/experiment-AI/toTransfer/WebotsSimulations/ros2_ws'
[0.289s] Level 1:colcon.colcon_core.package_identification:_identify(.) by extensions ['ignore', 'ignore_ament_install']
[0.290s] Level 1:colcon.colcon_core.package_identification:_identify(.) by extension 'ignore'
[0.290s] Level 1:colcon.colcon_core.package_identification:_identify(.) by extension 'ignore_ament_install'
[0.290s] Level 1:colcon.colcon_core.package_identification:_identify(.) by extensions ['colcon_pkg']
[0.290s] Level 1:colcon.colcon_core.package_identification:_identify(.) by extension 'colcon_pkg'
[0.290s] Level 1:colcon.colcon_core.package_identification:_identify(.) by extensions ['colcon_meta']
[0.290s] Level 1:colcon.colcon_core.package_identification:_identify(.) by extension 'colcon_meta'
[0.290s] Level 1:colcon.colcon_core.package_identification:_identify(.) by extensions ['ros']
[0.290s] Level 1:colcon.colcon_core.package_identification:_identify(.) by extension 'ros'
[0.303s] Level 1:colcon.colcon_core.package_identification:_identify(.) by extensions ['cmake', 'python']
[0.303s] Level 1:colcon.colcon_core.package_identification:_identify(.) by extension 'cmake'
[0.303s] Level 1:colcon.colcon_core.package_identification:_identify(.) by extension 'python'
[0.303s] Level 1:colcon.colcon_core.package_identification:_identify(.) by extensions ['python_setup_py']
[0.303s] Level 1:colcon.colcon_core.package_identification:_identify(.) by extension 'python_setup_py'
[0.303s] Level 1:colcon.colcon_core.package_identification:_identify(build) by extensions ['ignore', 'ignore_ament_install']
[0.303s] Level 1:colcon.colcon_core.package_identification:_identify(build) by extension 'ignore'
[0.303s] Level 1:colcon.colcon_core.package_identification:_identify(build) ignored
[0.304s] Level 1:colcon.colcon_core.package_identification:_identify(install) by extensions ['ignore', 'ignore_ament_install']
[0.304s] Level 1:colcon.colcon_core.package_identification:_identify(install) by extension 'ignore'
[0.304s] Level 1:colcon.colcon_core.package_identification:_identify(install) ignored
[0.304s] Level 1:colcon.colcon_core.package_identification:_identify(log) by extensions ['ignore', 'ignore_ament_install']
[0.304s] Level 1:colcon.colcon_core.package_identification:_identify(log) by extension 'ignore'
[0.304s] Level 1:colcon.colcon_core.package_identification:_identify(log) ignored
[0.304s] Level 1:colcon.colcon_core.package_identification:_identify(src) by extensions ['ignore', 'ignore_ament_install']
[0.304s] Level 1:colcon.colcon_core.package_identification:_identify(src) by extension 'ignore'
[0.304s] Level 1:colcon.colcon_core.package_identification:_identify(src) by extension 'ignore_ament_install'
[0.304s] Level 1:colcon.colcon_core.package_identification:_identify(src) by extensions ['colcon_pkg']
[0.304s] Level 1:colcon.colcon_core.package_identification:_identify(src) by extension 'colcon_pkg'
[0.304s] Level 1:colcon.colcon_core.package_identification:_identify(src) by extensions ['colcon_meta']
[0.304s] Level 1:colcon.colcon_core.package_identification:_identify(src) by extension 'colcon_meta'
[0.304s] Level 1:colcon.colcon_core.package_identification:_identify(src) by extensions ['ros']
[0.304s] Level 1:colcon.colcon_core.package_identification:_identify(src) by extension 'ros'
[0.304s] Level 1:colcon.colcon_core.package_identification:_identify(src) by extensions ['cmake', 'python']
[0.304s] Level 1:colcon.colcon_core.package_identification:_identify(src) by extension 'cmake'
[0.304s] Level 1:colcon.colcon_core.package_identification:_identify(src) by extension 'python'
[0.304s] Level 1:colcon.colcon_core.package_identification:_identify(src) by extensions ['python_setup_py']
[0.304s] Level 1:colcon.colcon_core.package_identification:_identify(src) by extension 'python_setup_py'
[0.305s] Level 1:colcon.colcon_core.package_identification:_identify(src/client) by extensions ['ignore', 'ignore_ament_install']
[0.305s] Level 1:colcon.colcon_core.package_identification:_identify(src/client) by extension 'ignore'
[0.305s] Level 1:colcon.colcon_core.package_identification:_identify(src/client) by extension 'ignore_ament_install'
[0.305s] Level 1:colcon.colcon_core.package_identification:_identify(src/client) by extensions ['colcon_pkg']
[0.305s] Level 1:colcon.colcon_core.package_identification:_identify(src/client) by extension 'colcon_pkg'
[0.305s] Level 1:colcon.colcon_core.package_identification:_identify(src/client) by extensions ['colcon_meta']
[0.305s] Level 1:colcon.colcon_core.package_identification:_identify(src/client) by extension 'colcon_meta'
[0.305s] Level 1:colcon.colcon_core.package_identification:_identify(src/client) by extensions ['ros']
[0.305s] Level 1:colcon.colcon_core.package_identification:_identify(src/client) by extension 'ros'
[0.306s] DEBUG:colcon.colcon_core.package_identification:Package 'src/client' with type 'ros.ament_python' and name 'client'
[0.306s] Level 1:colcon.colcon_core.package_identification:_identify(src/hardware_nav_v1) by extensions ['ignore', 'ignore_ament_install']
[0.307s] Level 1:colcon.colcon_core.package_identification:_identify(src/hardware_nav_v1) by extension 'ignore'
[0.307s] Level 1:colcon.colcon_core.package_identification:_identify(src/hardware_nav_v1) by extension 'ignore_ament_install'
[0.307s] Level 1:colcon.colcon_core.package_identification:_identify(src/hardware_nav_v1) by extensions ['colcon_pkg']
[0.307s] Level 1:colcon.colcon_core.package_identification:_identify(src/hardware_nav_v1) by extension 'colcon_pkg'
[0.307s] Level 1:colcon.colcon_core.package_identification:_identify(src/hardware_nav_v1) by extensions ['colcon_meta']
[0.307s] Level 1:colcon.colcon_core.package_identification:_identify(src/hardware_nav_v1) by extension 'colcon_meta'
[0.307s] Level 1:colcon.colcon_core.package_identification:_identify(src/hardware_nav_v1) by extensions ['ros']
[0.307s] Level 1:colcon.colcon_core.package_identification:_identify(src/hardware_nav_v1) by extension 'ros'
[0.307s] DEBUG:colcon.colcon_core.package_identification:Package 'src/hardware_nav_v1' with type 'ros.ament_python' and name 'hardware_nav_v1'
[0.307s] Level 1:colcon.colcon_core.package_identification:_identify(src/interfaces) by extensions ['ignore', 'ignore_ament_install']
[0.307s] Level 1:colcon.colcon_core.package_identification:_identify(src/interfaces) by extension 'ignore'
[0.308s] Level 1:colcon.colcon_core.package_identification:_identify(src/interfaces) by extension 'ignore_ament_install'
[0.308s] Level 1:colcon.colcon_core.package_identification:_identify(src/interfaces) by extensions ['colcon_pkg']
[0.308s] Level 1:colcon.colcon_core.package_identification:_identify(src/interfaces) by extension 'colcon_pkg'
[0.308s] Level 1:colcon.colcon_core.package_identification:_identify(src/interfaces) by extensions ['colcon_meta']
[0.308s] Level 1:colcon.colcon_core.package_identification:_identify(src/interfaces) by extension 'colcon_meta'
[0.308s] Level 1:colcon.colcon_core.package_identification:_identify(src/interfaces) by extensions ['ros']
[0.308s] Level 1:colcon.colcon_core.package_identification:_identify(src/interfaces) by extension 'ros'
[0.308s] DEBUG:colcon.colcon_core.package_identification:Package 'src/interfaces' with type 'ros.ament_cmake' and name 'interfaces'
[0.308s] Level 1:colcon.colcon_core.package_identification:_identify(src/my_package) by extensions ['ignore', 'ignore_ament_install']
[0.308s] Level 1:colcon.colcon_core.package_identification:_identify(src/my_package) by extension 'ignore'
[0.309s] Level 1:colcon.colcon_core.package_identification:_identify(src/my_package) by extension 'ignore_ament_install'
[0.309s] Level 1:colcon.colcon_core.package_identification:_identify(src/my_package) by extensions ['colcon_pkg']
[0.309s] Level 1:colcon.colcon_core.package_identification:_identify(src/my_package) by extension 'colcon_pkg'
[0.309s] Level 1:colcon.colcon_core.package_identification:_identify(src/my_package) by extensions ['colcon_meta']
[0.309s] Level 1:colcon.colcon_core.package_identification:_identify(src/my_package) by extension 'colcon_meta'
[0.309s] Level 1:colcon.colcon_core.package_identification:_identify(src/my_package) by extensions ['ros']
[0.309s] Level 1:colcon.colcon_core.package_identification:_identify(src/my_package) by extension 'ros'
[0.309s] DEBUG:colcon.colcon_core.package_identification:Package 'src/my_package' with type 'ros.ament_python' and name 'my_package'
[0.309s] Level 1:colcon.colcon_core.package_identification:_identify(src/rplidar_ros2-ros2) by extensions ['ignore', 'ignore_ament_install']
[0.309s] Level 1:colcon.colcon_core.package_identification:_identify(src/rplidar_ros2-ros2) by extension 'ignore'
[0.309s] Level 1:colcon.colcon_core.package_identification:_identify(src/rplidar_ros2-ros2) by extension 'ignore_ament_install'
[0.309s] Level 1:colcon.colcon_core.package_identification:_identify(src/rplidar_ros2-ros2) by extensions ['colcon_pkg']
[0.309s] Level 1:colcon.colcon_core.package_identification:_identify(src/rplidar_ros2-ros2) by extension 'colcon_pkg'
[0.309s] Level 1:colcon.colcon_core.package_identification:_identify(src/rplidar_ros2-ros2) by extensions ['colcon_meta']
[0.309s] Level 1:colcon.colcon_core.package_identification:_identify(src/rplidar_ros2-ros2) by extension 'colcon_meta'
[0.309s] Level 1:colcon.colcon_core.package_identification:_identify(src/rplidar_ros2-ros2) by extensions ['ros']
[0.310s] Level 1:colcon.colcon_core.package_identification:_identify(src/rplidar_ros2-ros2) by extension 'ros'
[0.310s] DEBUG:colcon.colcon_core.package_identification:Package 'src/rplidar_ros2-ros2' with type 'ros.ament_cmake' and name 'rplidar_ros'
[0.310s] Level 1:colcon.colcon_core.package_identification:_identify(src/sim_nav_v1) by extensions ['ignore', 'ignore_ament_install']
[0.310s] Level 1:colcon.colcon_core.package_identification:_identify(src/sim_nav_v1) by extension 'ignore'
[0.310s] Level 1:colcon.colcon_core.package_identification:_identify(src/sim_nav_v1) by extension 'ignore_ament_install'
[0.310s] Level 1:colcon.colcon_core.package_identification:_identify(src/sim_nav_v1) by extensions ['colcon_pkg']
[0.310s] Level 1:colcon.colcon_core.package_identification:_identify(src/sim_nav_v1) by extension 'colcon_pkg'
[0.310s] Level 1:colcon.colcon_core.package_identification:_identify(src/sim_nav_v1) by extensions ['colcon_meta']
[0.310s] Level 1:colcon.colcon_core.package_identification:_identify(src/sim_nav_v1) by extension 'colcon_meta'
[0.310s] Level 1:colcon.colcon_core.package_identification:_identify(src/sim_nav_v1) by extensions ['ros']
[0.310s] Level 1:colcon.colcon_core.package_identification:_identify(src/sim_nav_v1) by extension 'ros'
[0.311s] DEBUG:colcon.colcon_core.package_identification:Package 'src/sim_nav_v1' with type 'ros.ament_python' and name 'sim_nav_v1'
[0.311s] Level 1:colcon.colcon_core.package_identification:_identify(src/sllidar_ros2-main) by extensions ['ignore', 'ignore_ament_install']
[0.311s] Level 1:colcon.colcon_core.package_identification:_identify(src/sllidar_ros2-main) by extension 'ignore'
[0.311s] Level 1:colcon.colcon_core.package_identification:_identify(src/sllidar_ros2-main) by extension 'ignore_ament_install'
[0.311s] Level 1:colcon.colcon_core.package_identification:_identify(src/sllidar_ros2-main) by extensions ['colcon_pkg']
[0.311s] Level 1:colcon.colcon_core.package_identification:_identify(src/sllidar_ros2-main) by extension 'colcon_pkg'
[0.311s] Level 1:colcon.colcon_core.package_identification:_identify(src/sllidar_ros2-main) by extensions ['colcon_meta']
[0.311s] Level 1:colcon.colcon_core.package_identification:_identify(src/sllidar_ros2-main) by extension 'colcon_meta'
[0.311s] Level 1:colcon.colcon_core.package_identification:_identify(src/sllidar_ros2-main) by extensions ['ros']
[0.311s] Level 1:colcon.colcon_core.package_identification:_identify(src/sllidar_ros2-main) by extension 'ros'
[0.312s] DEBUG:colcon.colcon_core.package_identification:Package 'src/sllidar_ros2-main' with type 'ros.ament_cmake' and name 'sllidar_ros2'
[0.312s] Level 1:colcon.colcon_core.package_identification:_identify(src/tests_hardware) by extensions ['ignore', 'ignore_ament_install']
[0.312s] Level 1:colcon.colcon_core.package_identification:_identify(src/tests_hardware) by extension 'ignore'
[0.312s] Level 1:colcon.colcon_core.package_identification:_identify(src/tests_hardware) by extension 'ignore_ament_install'
[0.312s] Level 1:colcon.colcon_core.package_identification:_identify(src/tests_hardware) by extensions ['colcon_pkg']
[0.312s] Level 1:colcon.colcon_core.package_identification:_identify(src/tests_hardware) by extension 'colcon_pkg'
[0.312s] Level 1:colcon.colcon_core.package_identification:_identify(src/tests_hardware) by extensions ['colcon_meta']
[0.312s] Level 1:colcon.colcon_core.package_identification:_identify(src/tests_hardware) by extension 'colcon_meta'
[0.312s] Level 1:colcon.colcon_core.package_identification:_identify(src/tests_hardware) by extensions ['ros']
[0.312s] Level 1:colcon.colcon_core.package_identification:_identify(src/tests_hardware) by extension 'ros'
[0.312s] Level 1:colcon.colcon_core.package_identification:_identify(src/tests_hardware) by extensions ['cmake', 'python']
[0.312s] Level 1:colcon.colcon_core.package_identification:_identify(src/tests_hardware) by extension 'cmake'
[0.312s] Level 1:colcon.colcon_core.package_identification:_identify(src/tests_hardware) by extension 'python'
[0.312s] Level 1:colcon.colcon_core.package_identification:_identify(src/tests_hardware) by extensions ['python_setup_py']
[0.312s] Level 1:colcon.colcon_core.package_identification:_identify(src/tests_hardware) by extension 'python_setup_py'
[0.312s] Level 1:colcon.colcon_core.package_discovery:discover_packages(recursive) using defaults
[0.312s] Level 1:colcon.colcon_core.package_discovery:discover_packages(ignore) discover
[0.312s] Level 1:colcon.colcon_core.package_discovery:discover_packages(ignore) using defaults
[0.312s] Level 1:colcon.colcon_core.package_discovery:discover_packages(path) discover
[0.312s] Level 1:colcon.colcon_core.package_discovery:discover_packages(path) using defaults
[0.326s] Level 1:colcon.colcon_core.package_discovery:discover_packages(prefix_path) check parameters
[0.326s] Level 1:colcon.colcon_core.package_discovery:discover_packages(prefix_path) discover
[0.328s] DEBUG:colcon.colcon_installed_package_information.package_discovery:Found 340 installed packages in /opt/ros/foxy
[0.330s] Level 1:colcon.colcon_core.package_discovery:discover_packages(prefix_path) using defaults
[0.390s] Level 5:colcon.colcon_core.verb:set package 'client' build argument 'cmake_args' from command line to 'None'
[0.390s] Level 5:colcon.colcon_core.verb:set package 'client' build argument 'cmake_target' from command line to 'None'
[0.390s] Level 5:colcon.colcon_core.verb:set package 'client' build argument 'cmake_target_skip_unavailable' from command line to 'False'
[0.390s] Level 5:colcon.colcon_core.verb:set package 'client' build argument 'cmake_clean_cache' from command line to 'False'
[0.390s] Level 5:colcon.colcon_core.verb:set package 'client' build argument 'cmake_clean_first' from command line to 'False'
[0.390s] Level 5:colcon.colcon_core.verb:set package 'client' build argument 'cmake_force_configure' from command line to 'False'
[0.390s] Level 5:colcon.colcon_core.verb:set package 'client' build argument 'ament_cmake_args' from command line to 'None'
[0.390s] Level 5:colcon.colcon_core.verb:set package 'client' build argument 'catkin_cmake_args' from command line to 'None'
[0.390s] Level 5:colcon.colcon_core.verb:set package 'client' build argument 'catkin_skip_building_tests' from command line to 'False'
[0.390s] DEBUG:colcon.colcon_core.verb:Building package 'client' with the following arguments: {'ament_cmake_args': None, 'build_base': '/home/a/experiment-AI/toTransfer/WebotsSimulations/ros2_ws/build/client', 'catkin_cmake_args': None, 'catkin_skip_building_tests': False, 'cmake_args': None, 'cmake_clean_cache': False, 'cmake_clean_first': False, 'cmake_force_configure': False, 'cmake_target': None, 'cmake_target_skip_unavailable': False, 'install_base': '/home/a/experiment-AI/toTransfer/WebotsSimulations/ros2_ws/install/client', 'merge_install': False, 'path': '/home/a/experiment-AI/toTransfer/WebotsSimulations/ros2_ws/src/client', 'symlink_install': False, 'test_result_base': None}
[0.391s] Level 5:colcon.colcon_core.verb:set package 'hardware_nav_v1' build argument 'cmake_args' from command line to 'None'
[0.391s] Level 5:colcon.colcon_core.verb:set package 'hardware_nav_v1' build argument 'cmake_target' from command line to 'None'
[0.391s] Level 5:colcon.colcon_core.verb:set package 'hardware_nav_v1' build argument 'cmake_target_skip_unavailable' from command line to 'False'
[0.391s] Level 5:colcon.colcon_core.verb:set package 'hardware_nav_v1' build argument 'cmake_clean_cache' from command line to 'False'
[0.391s] Level 5:colcon.colcon_core.verb:set package 'hardware_nav_v1' build argument 'cmake_clean_first' from command line to 'False'
[0.391s] Level 5:colcon.colcon_core.verb:set package 'hardware_nav_v1' build argument 'cmake_force_configure' from command line to 'False'
[0.391s] Level 5:colcon.colcon_core.verb:set package 'hardware_nav_v1' build argument 'ament_cmake_args' from command line to 'None'
[0.391s] Level 5:colcon.colcon_core.verb:set package 'hardware_nav_v1' build argument 'catkin_cmake_args' from command line to 'None'
[0.391s] Level 5:colcon.colcon_core.verb:set package 'hardware_nav_v1' build argument 'catkin_skip_building_tests' from command line to 'False'
[0.391s] DEBUG:colcon.colcon_core.verb:Building package 'hardware_nav_v1' with the following arguments: {'ament_cmake_args': None, 'build_base': '/home/a/experiment-AI/toTransfer/WebotsSimulations/ros2_ws/build/hardware_nav_v1', 'catkin_cmake_args': None, 'catkin_skip_building_tests': False, 'cmake_args': None, 'cmake_clean_cache': False, 'cmake_clean_first': False, 'cmake_force_configure': False, 'cmake_target': None, 'cmake_target_skip_unavailable': False, 'install_base': '/home/a/experiment-AI/toTransfer/WebotsSimulations/ros2_ws/install/hardware_nav_v1', 'merge_install': False, 'path': '/home/a/experiment-AI/toTransfer/WebotsSimulations/ros2_ws/src/hardware_nav_v1', 'symlink_install': False, 'test_result_base': None}
[0.392s] Level 5:colcon.colcon_core.verb:set package 'interfaces' build argument 'cmake_args' from command line to 'None'
[0.392s] Level 5:colcon.colcon_core.verb:set package 'interfaces' build argument 'cmake_target' from command line to 'None'
[0.392s] Level 5:colcon.colcon_core.verb:set package 'interfaces' build argument 'cmake_target_skip_unavailable' from command line to 'False'
[0.392s] Level 5:colcon.colcon_core.verb:set package 'interfaces' build argument 'cmake_clean_cache' from command line to 'False'
[0.392s] Level 5:colcon.colcon_core.verb:set package 'interfaces' build argument 'cmake_clean_first' from command line to 'False'
[0.392s] Level 5:colcon.colcon_core.verb:set package 'interfaces' build argument 'cmake_force_configure' from command line to 'False'
[0.392s] Level 5:colcon.colcon_core.verb:set package 'interfaces' build argument 'ament_cmake_args' from command line to 'None'
[0.392s] Level 5:colcon.colcon_core.verb:set package 'interfaces' build argument 'catkin_cmake_args' from command line to 'None'
[0.392s] Level 5:colcon.colcon_core.verb:set package 'interfaces' build argument 'catkin_skip_building_tests' from command line to 'False'
[0.392s] DEBUG:colcon.colcon_core.verb:Building package 'interfaces' with the following arguments: {'ament_cmake_args': None, 'build_base': '/home/a/experiment-AI/toTransfer/WebotsSimulations/ros2_ws/build/interfaces', 'catkin_cmake_args': None, 'catkin_skip_building_tests': False, 'cmake_args': None, 'cmake_clean_cache': False, 'cmake_clean_first': False, 'cmake_force_configure': False, 'cmake_target': None, 'cmake_target_skip_unavailable': False, 'install_base': '/home/a/experiment-AI/toTransfer/WebotsSimulations/ros2_ws/install/interfaces', 'merge_install': False, 'path': '/home/a/experiment-AI/toTransfer/WebotsSimulations/ros2_ws/src/interfaces', 'symlink_install': False, 'test_result_base': None}
[0.393s] Level 5:colcon.colcon_core.verb:set package 'my_package' build argument 'cmake_args' from command line to 'None'
[0.393s] Level 5:colcon.colcon_core.verb:set package 'my_package' build argument 'cmake_target' from command line to 'None'
[0.393s] Level 5:colcon.colcon_core.verb:set package 'my_package' build argument 'cmake_target_skip_unavailable' from command line to 'False'
[0.393s] Level 5:colcon.colcon_core.verb:set package 'my_package' build argument 'cmake_clean_cache' from command line to 'False'
[0.393s] Level 5:colcon.colcon_core.verb:set package 'my_package' build argument 'cmake_clean_first' from command line to 'False'
[0.393s] Level 5:colcon.colcon_core.verb:set package 'my_package' build argument 'cmake_force_configure' from command line to 'False'
[0.393s] Level 5:colcon.colcon_core.verb:set package 'my_package' build argument 'ament_cmake_args' from command line to 'None'
[0.393s] Level 5:colcon.colcon_core.verb:set package 'my_package' build argument 'catkin_cmake_args' from command line to 'None'
[0.393s] Level 5:colcon.colcon_core.verb:set package 'my_package' build argument 'catkin_skip_building_tests' from command line to 'False'
[0.393s] DEBUG:colcon.colcon_core.verb:Building package 'my_package' with the following arguments: {'ament_cmake_args': None, 'build_base': '/home/a/experiment-AI/toTransfer/WebotsSimulations/ros2_ws/build/my_package', 'catkin_cmake_args': None, 'catkin_skip_building_tests': False, 'cmake_args': None, 'cmake_clean_cache': False, 'cmake_clean_first': False, 'cmake_force_configure': False, 'cmake_target': None, 'cmake_target_skip_unavailable': False, 'install_base': '/home/a/experiment-AI/toTransfer/WebotsSimulations/ros2_ws/install/my_package', 'merge_install': False, 'path': '/home/a/experiment-AI/toTransfer/WebotsSimulations/ros2_ws/src/my_package', 'symlink_install': False, 'test_result_base': None}
[0.394s] Level 5:colcon.colcon_core.verb:set package 'rplidar_ros' build argument 'cmake_args' from command line to 'None'
[0.394s] Level 5:colcon.colcon_core.verb:set package 'rplidar_ros' build argument 'cmake_target' from command line to 'None'
[0.394s] Level 5:colcon.colcon_core.verb:set package 'rplidar_ros' build argument 'cmake_target_skip_unavailable' from command line to 'False'
[0.394s] Level 5:colcon.colcon_core.verb:set package 'rplidar_ros' build argument 'cmake_clean_cache' from command line to 'False'
[0.394s] Level 5:colcon.colcon_core.verb:set package 'rplidar_ros' build argument 'cmake_clean_first' from command line to 'False'
[0.394s] Level 5:colcon.colcon_core.verb:set package 'rplidar_ros' build argument 'cmake_force_configure' from command line to 'False'
[0.394s] Level 5:colcon.colcon_core.verb:set package 'rplidar_ros' build argument 'ament_cmake_args' from command line to 'None'
[0.394s] Level 5:colcon.colcon_core.verb:set package 'rplidar_ros' build argument 'catkin_cmake_args' from command line to 'None'
[0.394s] Level 5:colcon.colcon_core.verb:set package 'rplidar_ros' build argument 'catkin_skip_building_tests' from command line to 'False'
[0.394s] DEBUG:colcon.colcon_core.verb:Building package 'rplidar_ros' with the following arguments: {'ament_cmake_args': None, 'build_base': '/home/a/experiment-AI/toTransfer/WebotsSimulations/ros2_ws/build/rplidar_ros', 'catkin_cmake_args': None, 'catkin_skip_building_tests': False, 'cmake_args': None, 'cmake_clean_cache': False, 'cmake_clean_first': False, 'cmake_force_configure': False, 'cmake_target': None, 'cmake_target_skip_unavailable': False, 'install_base': '/home/a/experiment-AI/toTransfer/WebotsSimulations/ros2_ws/install/rplidar_ros', 'merge_install': False, 'path': '/home/a/experiment-AI/toTransfer/WebotsSimulations/ros2_ws/src/rplidar_ros2-ros2', 'symlink_install': False, 'test_result_base': None}
[0.395s] Level 5:colcon.colcon_core.verb:set package 'sim_nav_v1' build argument 'cmake_args' from command line to 'None'
[0.395s] Level 5:colcon.colcon_core.verb:set package 'sim_nav_v1' build argument 'cmake_target' from command line to 'None'
[0.395s] Level 5:colcon.colcon_core.verb:set package 'sim_nav_v1' build argument 'cmake_target_skip_unavailable' from command line to 'False'
[0.395s] Level 5:colcon.colcon_core.verb:set package 'sim_nav_v1' build argument 'cmake_clean_cache' from command line to 'False'
[0.395s] Level 5:colcon.colcon_core.verb:set package 'sim_nav_v1' build argument 'cmake_clean_first' from command line to 'False'
[0.395s] Level 5:colcon.colcon_core.verb:set package 'sim_nav_v1' build argument 'cmake_force_configure' from command line to 'False'
[0.395s] Level 5:colcon.colcon_core.verb:set package 'sim_nav_v1' build argument 'ament_cmake_args' from command line to 'None'
[0.395s] Level 5:colcon.colcon_core.verb:set package 'sim_nav_v1' build argument 'catkin_cmake_args' from command line to 'None'
[0.395s] Level 5:colcon.colcon_core.verb:set package 'sim_nav_v1' build argument 'catkin_skip_building_tests' from command line to 'False'
[0.395s] DEBUG:colcon.colcon_core.verb:Building package 'sim_nav_v1' with the following arguments: {'ament_cmake_args': None, 'build_base': '/home/a/experiment-AI/toTransfer/WebotsSimulations/ros2_ws/build/sim_nav_v1', 'catkin_cmake_args': None, 'catkin_skip_building_tests': False, 'cmake_args': None, 'cmake_clean_cache': False, 'cmake_clean_first': False, 'cmake_force_configure': False, 'cmake_target': None, 'cmake_target_skip_unavailable': False, 'install_base': '/home/a/experiment-AI/toTransfer/WebotsSimulations/ros2_ws/install/sim_nav_v1', 'merge_install': False, 'path': '/home/a/experiment-AI/toTransfer/WebotsSimulations/ros2_ws/src/sim_nav_v1', 'symlink_install': False, 'test_result_base': None}
[0.396s] Level 5:colcon.colcon_core.verb:set package 'sllidar_ros2' build argument 'cmake_args' from command line to 'None'
[0.396s] Level 5:colcon.colcon_core.verb:set package 'sllidar_ros2' build argument 'cmake_target' from command line to 'None'
[0.396s] Level 5:colcon.colcon_core.verb:set package 'sllidar_ros2' build argument 'cmake_target_skip_unavailable' from command line to 'False'
[0.396s] Level 5:colcon.colcon_core.verb:set package 'sllidar_ros2' build argument 'cmake_clean_cache' from command line to 'False'
[0.396s] Level 5:colcon.colcon_core.verb:set package 'sllidar_ros2' build argument 'cmake_clean_first' from command line to 'False'
[0.396s] Level 5:colcon.colcon_core.verb:set package 'sllidar_ros2' build argument 'cmake_force_configure' from command line to 'False'
[0.396s] Level 5:colcon.colcon_core.verb:set package 'sllidar_ros2' build argument 'ament_cmake_args' from command line to 'None'
[0.396s] Level 5:colcon.colcon_core.verb:set package 'sllidar_ros2' build argument 'catkin_cmake_args' from command line to 'None'
[0.396s] Level 5:colcon.colcon_core.verb:set package 'sllidar_ros2' build argument 'catkin_skip_building_tests' from command line to 'False'
[0.396s] DEBUG:colcon.colcon_core.verb:Building package 'sllidar_ros2' with the following arguments: {'ament_cmake_args': None, 'build_base': '/home/a/experiment-AI/toTransfer/WebotsSimulations/ros2_ws/build/sllidar_ros2', 'catkin_cmake_args': None, 'catkin_skip_building_tests': False, 'cmake_args': None, 'cmake_clean_cache': False, 'cmake_clean_first': False, 'cmake_force_configure': False, 'cmake_target': None, 'cmake_target_skip_unavailable': False, 'install_base': '/home/a/experiment-AI/toTransfer/WebotsSimulations/ros2_ws/install/sllidar_ros2', 'merge_install': False, 'path': '/home/a/experiment-AI/toTransfer/WebotsSimulations/ros2_ws/src/sllidar_ros2-main', 'symlink_install': False, 'test_result_base': None}
[0.397s] INFO:colcon.colcon_core.executor:Executing jobs using 'parallel' executor
[0.399s] DEBUG:colcon.colcon_parallel_executor.executor.parallel:run_until_complete
[0.400s] INFO:colcon.colcon_ros.task.ament_python.build:Building ROS package in '/home/a/experiment-AI/toTransfer/WebotsSimulations/ros2_ws/src/client' with build type 'ament_python'
[0.400s] Level 1:colcon.colcon_core.shell:create_environment_hook('client', 'ament_prefix_path')
[0.403s] INFO:colcon.colcon_core.plugin_system:Skipping extension 'colcon_core.shell.bat': Not used on non-Windows systems
[0.403s] INFO:colcon.colcon_core.shell:Creating environment hook '/home/a/experiment-AI/toTransfer/WebotsSimulations/ros2_ws/install/client/share/client/hook/ament_prefix_path.ps1'
[0.404s] INFO:colcon.colcon_core.shell:Creating environment descriptor '/home/a/experiment-AI/toTransfer/WebotsSimulations/ros2_ws/install/client/share/client/hook/ament_prefix_path.dsv'
[0.404s] INFO:colcon.colcon_core.shell:Creating environment hook '/home/a/experiment-AI/toTransfer/WebotsSimulations/ros2_ws/install/client/share/client/hook/ament_prefix_path.sh'
[0.405s] INFO:colcon.colcon_core.shell:Skip shell extension 'powershell' for command environment: Not usable outside of PowerShell
[0.405s] DEBUG:colcon.colcon_core.shell:Skip shell extension 'dsv' for command environment
[0.409s] INFO:colcon.colcon_ros.task.ament_python.build:Building ROS package in '/home/a/experiment-AI/toTransfer/WebotsSimulations/ros2_ws/src/hardware_nav_v1' with build type 'ament_python'
[0.409s] Level 1:colcon.colcon_core.shell:create_environment_hook('hardware_nav_v1', 'ament_prefix_path')
[0.410s] INFO:colcon.colcon_core.shell:Creating environment hook '/home/a/experiment-AI/toTransfer/WebotsSimulations/ros2_ws/install/hardware_nav_v1/share/hardware_nav_v1/hook/ament_prefix_path.ps1'
[0.411s] INFO:colcon.colcon_core.shell:Creating environment descriptor '/home/a/experiment-AI/toTransfer/WebotsSimulations/ros2_ws/install/hardware_nav_v1/share/hardware_nav_v1/hook/ament_prefix_path.dsv'
[0.411s] INFO:colcon.colcon_core.shell:Creating environment hook '/home/a/experiment-AI/toTransfer/WebotsSimulations/ros2_ws/install/hardware_nav_v1/share/hardware_nav_v1/hook/ament_prefix_path.sh'
[0.412s] INFO:colcon.colcon_core.shell:Skip shell extension 'powershell' for command environment: Not usable outside of PowerShell
[0.412s] DEBUG:colcon.colcon_core.shell:Skip shell extension 'dsv' for command environment
[0.415s] INFO:colcon.colcon_ros.task.ament_cmake.build:Building ROS package in '/home/a/experiment-AI/toTransfer/WebotsSimulations/ros2_ws/src/interfaces' with build type 'ament_cmake'
[0.416s] INFO:colcon.colcon_cmake.task.cmake.build:Building CMake package in '/home/a/experiment-AI/toTransfer/WebotsSimulations/ros2_ws/src/interfaces'
[0.417s] INFO:colcon.colcon_core.shell:Skip shell extension 'powershell' for command environment: Not usable outside of PowerShell
[0.417s] DEBUG:colcon.colcon_core.shell:Skip shell extension 'dsv' for command environment
[0.420s] INFO:colcon.colcon_ros.task.ament_python.build:Building ROS package in '/home/a/experiment-AI/toTransfer/WebotsSimulations/ros2_ws/src/my_package' with build type 'ament_python'
[0.421s] Level 1:colcon.colcon_core.shell:create_environment_hook('my_package', 'ament_prefix_path')
[0.422s] INFO:colcon.colcon_core.shell:Creating environment hook '/home/a/experiment-AI/toTransfer/WebotsSimulations/ros2_ws/install/my_package/share/my_package/hook/ament_prefix_path.ps1'
[0.423s] INFO:colcon.colcon_core.shell:Creating environment descriptor '/home/a/experiment-AI/toTransfer/WebotsSimulations/ros2_ws/install/my_package/share/my_package/hook/ament_prefix_path.dsv'
[0.423s] INFO:colcon.colcon_core.shell:Creating environment hook '/home/a/experiment-AI/toTransfer/WebotsSimulations/ros2_ws/install/my_package/share/my_package/hook/ament_prefix_path.sh'
[0.424s] INFO:colcon.colcon_core.shell:Skip shell extension 'powershell' for command environment: Not usable outside of PowerShell
[0.424s] DEBUG:colcon.colcon_core.shell:Skip shell extension 'dsv' for command environment
[0.427s] INFO:colcon.colcon_ros.task.ament_cmake.build:Building ROS package in '/home/a/experiment-AI/toTransfer/WebotsSimulations/ros2_ws/src/rplidar_ros2-ros2' with build type 'ament_cmake'
[0.428s] INFO:colcon.colcon_cmake.task.cmake.build:Building CMake package in '/home/a/experiment-AI/toTransfer/WebotsSimulations/ros2_ws/src/rplidar_ros2-ros2'
[0.429s] INFO:colcon.colcon_core.shell:Skip shell extension 'powershell' for command environment: Not usable outside of PowerShell
[0.429s] DEBUG:colcon.colcon_core.shell:Skip shell extension 'dsv' for command environment
[0.432s] INFO:colcon.colcon_ros.task.ament_python.build:Building ROS package in '/home/a/experiment-AI/toTransfer/WebotsSimulations/ros2_ws/src/sim_nav_v1' with build type 'ament_python'
[0.433s] Level 1:colcon.colcon_core.shell:create_environment_hook('sim_nav_v1', 'ament_prefix_path')
[0.434s] INFO:colcon.colcon_core.shell:Creating environment hook '/home/a/experiment-AI/toTransfer/WebotsSimulations/ros2_ws/install/sim_nav_v1/share/sim_nav_v1/hook/ament_prefix_path.ps1'
[0.435s] INFO:colcon.colcon_core.shell:Creating environment descriptor '/home/a/experiment-AI/toTransfer/WebotsSimulations/ros2_ws/install/sim_nav_v1/share/sim_nav_v1/hook/ament_prefix_path.dsv'
[0.435s] INFO:colcon.colcon_core.shell:Creating environment hook '/home/a/experiment-AI/toTransfer/WebotsSimulations/ros2_ws/install/sim_nav_v1/share/sim_nav_v1/hook/ament_prefix_path.sh'
[0.436s] INFO:colcon.colcon_core.shell:Skip shell extension 'powershell' for command environment: Not usable outside of PowerShell
[0.436s] DEBUG:colcon.colcon_core.shell:Skip shell extension 'dsv' for command environment
[0.439s] INFO:colcon.colcon_ros.task.ament_cmake.build:Building ROS package in '/home/a/experiment-AI/toTransfer/WebotsSimulations/ros2_ws/src/sllidar_ros2-main' with build type 'ament_cmake'
[0.439s] INFO:colcon.colcon_cmake.task.cmake.build:Building CMake package in '/home/a/experiment-AI/toTransfer/WebotsSimulations/ros2_ws/src/sllidar_ros2-main'
[0.441s] INFO:colcon.colcon_core.shell:Skip shell extension 'powershell' for command environment: Not usable outside of PowerShell
[0.441s] DEBUG:colcon.colcon_core.shell:Skip shell extension 'dsv' for command environment
[0.602s] INFO:colcon.colcon_core.task.python.build:Building Python package in '/home/a/experiment-AI/toTransfer/WebotsSimulations/ros2_ws/src/client'
[0.603s] INFO:colcon.colcon_core.shell:Skip shell extension 'powershell' for command environment: Not usable outside of PowerShell
[0.603s] DEBUG:colcon.colcon_core.shell:Skip shell extension 'dsv' for command environment
[0.761s] INFO:colcon.colcon_core.task.python.build:Building Python package in '/home/a/experiment-AI/toTransfer/WebotsSimulations/ros2_ws/src/hardware_nav_v1'
[0.762s] INFO:colcon.colcon_core.shell:Skip shell extension 'powershell' for command environment: Not usable outside of PowerShell
[0.762s] DEBUG:colcon.colcon_core.shell:Skip shell extension 'dsv' for command environment
[0.771s] DEBUG:colcon.colcon_core.event_handler.log_command:Invoking command in '/home/a/experiment-AI/toTransfer/WebotsSimulations/ros2_ws/build/interfaces': CMAKE_PREFIX_PATH=/opt/ros/foxy /usr/bin/cmake --build /home/a/experiment-AI/toTransfer/WebotsSimulations/ros2_ws/build/interfaces -- -j16 -l16
[0.962s] INFO:colcon.colcon_core.task.python.build:Building Python package in '/home/a/experiment-AI/toTransfer/WebotsSimulations/ros2_ws/src/my_package'
[0.963s] INFO:colcon.colcon_core.shell:Skip shell extension 'powershell' for command environment: Not usable outside of PowerShell
[0.963s] DEBUG:colcon.colcon_core.shell:Skip shell extension 'dsv' for command environment
[0.971s] DEBUG:colcon.colcon_core.event_handler.log_command:Invoking command in '/home/a/experiment-AI/toTransfer/WebotsSimulations/ros2_ws/build/rplidar_ros': CMAKE_PREFIX_PATH=/opt/ros/foxy /usr/bin/cmake --build /home/a/experiment-AI/toTransfer/WebotsSimulations/ros2_ws/build/rplidar_ros -- -j16 -l16
[1.133s] INFO:colcon.colcon_core.task.python.build:Building Python package in '/home/a/experiment-AI/toTransfer/WebotsSimulations/ros2_ws/src/sim_nav_v1'
[1.134s] INFO:colcon.colcon_core.shell:Skip shell extension 'powershell' for command environment: Not usable outside of PowerShell
[1.134s] DEBUG:colcon.colcon_core.shell:Skip shell extension 'dsv' for command environment
[1.142s] DEBUG:colcon.colcon_core.event_handler.log_command:Invoking command in '/home/a/experiment-AI/toTransfer/WebotsSimulations/ros2_ws/build/sllidar_ros2': CMAKE_PREFIX_PATH=/opt/ros/foxy /usr/bin/cmake --build /home/a/experiment-AI/toTransfer/WebotsSimulations/ros2_ws/build/sllidar_ros2 -- -j16 -l16
[1.146s] DEBUG:colcon.colcon_core.event_handler.log_command:Invoked command in '/home/a/experiment-AI/toTransfer/WebotsSimulations/ros2_ws/build/interfaces' returned '0': CMAKE_PREFIX_PATH=/opt/ros/foxy /usr/bin/cmake --build /home/a/experiment-AI/toTransfer/WebotsSimulations/ros2_ws/build/interfaces -- -j16 -l16
[1.148s] DEBUG:colcon.colcon_core.event_handler.log_command:Invoked command in '/home/a/experiment-AI/toTransfer/WebotsSimulations/ros2_ws/build/rplidar_ros' returned '0': CMAKE_PREFIX_PATH=/opt/ros/foxy /usr/bin/cmake --build /home/a/experiment-AI/toTransfer/WebotsSimulations/ros2_ws/build/rplidar_ros -- -j16 -l16
[1.193s] DEBUG:colcon.colcon_core.event_handler.log_command:Invoking command in '/home/a/experiment-AI/toTransfer/WebotsSimulations/ros2_ws/build/rplidar_ros': CMAKE_PREFIX_PATH=/opt/ros/foxy /usr/bin/cmake --install /home/a/experiment-AI/toTransfer/WebotsSimulations/ros2_ws/build/rplidar_ros
[1.206s] Level 1:colcon.colcon_core.environment:create_environment_scripts_only(rplidar_ros)
[1.212s] DEBUG:colcon.colcon_core.event_handler.log_command:Invoked command in '/home/a/experiment-AI/toTransfer/WebotsSimulations/ros2_ws/build/rplidar_ros' returned '0': CMAKE_PREFIX_PATH=/opt/ros/foxy /usr/bin/cmake --install /home/a/experiment-AI/toTransfer/WebotsSimulations/ros2_ws/build/rplidar_ros
[1.217s] Level 1:colcon.colcon_core.environment:checking '/home/a/experiment-AI/toTransfer/WebotsSimulations/ros2_ws/install/rplidar_ros' for CMake module files
[1.218s] Level 1:colcon.colcon_core.environment:checking '/home/a/experiment-AI/toTransfer/WebotsSimulations/ros2_ws/install/rplidar_ros' for CMake config files
[1.219s] Level 1:colcon.colcon_core.shell:create_environment_hook('rplidar_ros', 'cmake_prefix_path')
[1.221s] INFO:colcon.colcon_core.shell:Creating environment hook '/home/a/experiment-AI/toTransfer/WebotsSimulations/ros2_ws/install/rplidar_ros/share/rplidar_ros/hook/cmake_prefix_path.ps1'
[1.222s] INFO:colcon.colcon_core.shell:Creating environment descriptor '/home/a/experiment-AI/toTransfer/WebotsSimulations/ros2_ws/install/rplidar_ros/share/rplidar_ros/hook/cmake_prefix_path.dsv'
[1.222s] INFO:colcon.colcon_core.shell:Creating environment hook '/home/a/experiment-AI/toTransfer/WebotsSimulations/ros2_ws/install/rplidar_ros/share/rplidar_ros/hook/cmake_prefix_path.sh'
[1.223s] Level 1:colcon.colcon_core.environment:checking '/home/a/experiment-AI/toTransfer/WebotsSimulations/ros2_ws/install/rplidar_ros/lib'
[1.223s] Level 1:colcon.colcon_core.shell:create_environment_hook('rplidar_ros', 'ld_library_path_lib')
[1.226s] INFO:colcon.colcon_core.shell:Creating environment hook '/home/a/experiment-AI/toTransfer/WebotsSimulations/ros2_ws/install/rplidar_ros/share/rplidar_ros/hook/ld_library_path_lib.ps1'
[1.226s] INFO:colcon.colcon_core.shell:Creating environment descriptor '/home/a/experiment-AI/toTransfer/WebotsSimulations/ros2_ws/install/rplidar_ros/share/rplidar_ros/hook/ld_library_path_lib.dsv'
[1.226s] INFO:colcon.colcon_core.shell:Creating environment hook '/home/a/experiment-AI/toTransfer/WebotsSimulations/ros2_ws/install/rplidar_ros/share/rplidar_ros/hook/ld_library_path_lib.sh'
[1.227s] Level 1:colcon.colcon_core.environment:checking '/home/a/experiment-AI/toTransfer/WebotsSimulations/ros2_ws/install/rplidar_ros/bin'
[1.227s] Level 1:colcon.colcon_core.environment:checking '/home/a/experiment-AI/toTransfer/WebotsSimulations/ros2_ws/install/rplidar_ros/lib/pkgconfig/rplidar_ros.pc'
[1.227s] Level 1:colcon.colcon_core.environment:checking '/home/a/experiment-AI/toTransfer/WebotsSimulations/ros2_ws/install/rplidar_ros/lib/python3.8/site-packages'
[1.228s] Level 1:colcon.colcon_core.environment:checking '/home/a/experiment-AI/toTransfer/WebotsSimulations/ros2_ws/install/rplidar_ros/bin'
[1.230s] INFO:colcon.colcon_core.shell:Creating package script '/home/a/experiment-AI/toTransfer/WebotsSimulations/ros2_ws/install/rplidar_ros/share/rplidar_ros/package.ps1'
[1.232s] INFO:colcon.colcon_core.shell:Creating package descriptor '/home/a/experiment-AI/toTransfer/WebotsSimulations/ros2_ws/install/rplidar_ros/share/rplidar_ros/package.dsv'
[1.232s] INFO:colcon.colcon_core.shell:Creating package script '/home/a/experiment-AI/toTransfer/WebotsSimulations/ros2_ws/install/rplidar_ros/share/rplidar_ros/package.sh'
[1.233s] INFO:colcon.colcon_core.shell:Creating package script '/home/a/experiment-AI/toTransfer/WebotsSimulations/ros2_ws/install/rplidar_ros/share/rplidar_ros/package.bash'
[1.234s] INFO:colcon.colcon_core.shell:Creating package script '/home/a/experiment-AI/toTransfer/WebotsSimulations/ros2_ws/install/rplidar_ros/share/rplidar_ros/package.zsh'
[1.235s] Level 1:colcon.colcon_core.environment:create_file_with_runtime_dependencies(/home/a/experiment-AI/toTransfer/WebotsSimulations/ros2_ws/install/rplidar_ros/share/colcon-core/packages/rplidar_ros)
[1.240s] DEBUG:colcon.colcon_core.event_handler.log_command:Invoked command in '/home/a/experiment-AI/toTransfer/WebotsSimulations/ros2_ws/build/sllidar_ros2' returned '0': CMAKE_PREFIX_PATH=/opt/ros/foxy /usr/bin/cmake --build /home/a/experiment-AI/toTransfer/WebotsSimulations/ros2_ws/build/sllidar_ros2 -- -j16 -l16
[1.261s] DEBUG:colcon.colcon_core.event_handler.log_command:Invoking command in '/home/a/experiment-AI/toTransfer/WebotsSimulations/ros2_ws/build/interfaces': CMAKE_PREFIX_PATH=/opt/ros/foxy /usr/bin/cmake --install /home/a/experiment-AI/toTransfer/WebotsSimulations/ros2_ws/build/interfaces
[1.270s] Level 1:colcon.colcon_core.environment:create_environment_scripts_only(rplidar_ros)
[1.274s] Level 1:colcon.colcon_core.environment:checking '/home/a/experiment-AI/toTransfer/WebotsSimulations/ros2_ws/install/rplidar_ros' for CMake module files
[1.289s] Level 1:colcon.colcon_core.environment:checking '/home/a/experiment-AI/toTransfer/WebotsSimulations/ros2_ws/install/rplidar_ros' for CMake config files
[1.290s] Level 1:colcon.colcon_core.shell:create_environment_hook('rplidar_ros', 'cmake_prefix_path')
[1.294s] INFO:colcon.colcon_core.shell:Creating environment hook '/home/a/experiment-AI/toTransfer/WebotsSimulations/ros2_ws/install/rplidar_ros/share/rplidar_ros/hook/cmake_prefix_path.ps1'
[1.294s] INFO:colcon.colcon_core.shell:Creating environment descriptor '/home/a/experiment-AI/toTransfer/WebotsSimulations/ros2_ws/install/rplidar_ros/share/rplidar_ros/hook/cmake_prefix_path.dsv'
[1.295s] INFO:colcon.colcon_core.shell:Creating environment hook '/home/a/experiment-AI/toTransfer/WebotsSimulations/ros2_ws/install/rplidar_ros/share/rplidar_ros/hook/cmake_prefix_path.sh'
[1.296s] Level 1:colcon.colcon_core.environment:checking '/home/a/experiment-AI/toTransfer/WebotsSimulations/ros2_ws/install/rplidar_ros/lib'
[1.296s] Level 1:colcon.colcon_core.shell:create_environment_hook('rplidar_ros', 'ld_library_path_lib')
[1.298s] INFO:colcon.colcon_core.shell:Creating environment hook '/home/a/experiment-AI/toTransfer/WebotsSimulations/ros2_ws/install/rplidar_ros/share/rplidar_ros/hook/ld_library_path_lib.ps1'
[1.299s] INFO:colcon.colcon_core.shell:Creating environment descriptor '/home/a/experiment-AI/toTransfer/WebotsSimulations/ros2_ws/install/rplidar_ros/share/rplidar_ros/hook/ld_library_path_lib.dsv'
[1.299s] INFO:colcon.colcon_core.shell:Creating environment hook '/home/a/experiment-AI/toTransfer/WebotsSimulations/ros2_ws/install/rplidar_ros/share/rplidar_ros/hook/ld_library_path_lib.sh'
[1.300s] Level 1:colcon.colcon_core.environment:checking '/home/a/experiment-AI/toTransfer/WebotsSimulations/ros2_ws/install/rplidar_ros/bin'
[1.300s] Level 1:colcon.colcon_core.environment:checking '/home/a/experiment-AI/toTransfer/WebotsSimulations/ros2_ws/install/rplidar_ros/lib/pkgconfig/rplidar_ros.pc'
[1.300s] Level 1:colcon.colcon_core.environment:checking '/home/a/experiment-AI/toTransfer/WebotsSimulations/ros2_ws/install/rplidar_ros/lib/python3.8/site-packages'
[1.300s] Level 1:colcon.colcon_core.environment:checking '/home/a/experiment-AI/toTransfer/WebotsSimulations/ros2_ws/install/rplidar_ros/bin'
[1.303s] INFO:colcon.colcon_core.shell:Creating package script '/home/a/experiment-AI/toTransfer/WebotsSimulations/ros2_ws/install/rplidar_ros/share/rplidar_ros/package.ps1'
[1.304s] INFO:colcon.colcon_core.shell:Creating package descriptor '/home/a/experiment-AI/toTransfer/WebotsSimulations/ros2_ws/install/rplidar_ros/share/rplidar_ros/package.dsv'
[1.305s] INFO:colcon.colcon_core.shell:Creating package script '/home/a/experiment-AI/toTransfer/WebotsSimulations/ros2_ws/install/rplidar_ros/share/rplidar_ros/package.sh'
[1.305s] INFO:colcon.colcon_core.shell:Creating package script '/home/a/experiment-AI/toTransfer/WebotsSimulations/ros2_ws/install/rplidar_ros/share/rplidar_ros/package.bash'
[1.306s] INFO:colcon.colcon_core.shell:Creating package script '/home/a/experiment-AI/toTransfer/WebotsSimulations/ros2_ws/install/rplidar_ros/share/rplidar_ros/package.zsh'
[1.306s] Level 1:colcon.colcon_core.environment:create_file_with_runtime_dependencies(/home/a/experiment-AI/toTransfer/WebotsSimulations/ros2_ws/install/rplidar_ros/share/colcon-core/packages/rplidar_ros)
[1.311s] DEBUG:colcon.colcon_core.event_handler.log_command:Invoking command in '/home/a/experiment-AI/toTransfer/WebotsSimulations/ros2_ws/build/sllidar_ros2': CMAKE_PREFIX_PATH=/opt/ros/foxy /usr/bin/cmake --install /home/a/experiment-AI/toTransfer/WebotsSimulations/ros2_ws/build/sllidar_ros2
[1.316s] Level 1:colcon.colcon_core.environment:create_environment_scripts_only(interfaces)
[1.320s] Level 1:colcon.colcon_core.environment:checking '/home/a/experiment-AI/toTransfer/WebotsSimulations/ros2_ws/install/interfaces' for CMake module files
[1.322s] Level 1:colcon.colcon_core.environment:checking '/home/a/experiment-AI/toTransfer/WebotsSimulations/ros2_ws/install/interfaces' for CMake config files
[1.326s] Level 1:colcon.colcon_core.shell:create_environment_hook('interfaces', 'cmake_prefix_path')
[1.328s] INFO:colcon.colcon_core.shell:Creating environment hook '/home/a/experiment-AI/toTransfer/WebotsSimulations/ros2_ws/install/interfaces/share/interfaces/hook/cmake_prefix_path.ps1'
[1.329s] INFO:colcon.colcon_core.shell:Creating environment descriptor '/home/a/experiment-AI/toTransfer/WebotsSimulations/ros2_ws/install/interfaces/share/interfaces/hook/cmake_prefix_path.dsv'
[1.329s] INFO:colcon.colcon_core.shell:Creating environment hook '/home/a/experiment-AI/toTransfer/WebotsSimulations/ros2_ws/install/interfaces/share/interfaces/hook/cmake_prefix_path.sh'
[1.330s] Level 1:colcon.colcon_core.environment:checking '/home/a/experiment-AI/toTransfer/WebotsSimulations/ros2_ws/install/interfaces/lib'
[1.330s] Level 1:colcon.colcon_core.shell:create_environment_hook('interfaces', 'ld_library_path_lib')
[1.332s] INFO:colcon.colcon_core.shell:Creating environment hook '/home/a/experiment-AI/toTransfer/WebotsSimulations/ros2_ws/install/interfaces/share/interfaces/hook/ld_library_path_lib.ps1'
[1.332s] INFO:colcon.colcon_core.shell:Creating environment descriptor '/home/a/experiment-AI/toTransfer/WebotsSimulations/ros2_ws/install/interfaces/share/interfaces/hook/ld_library_path_lib.dsv'
[1.333s] INFO:colcon.colcon_core.shell:Creating environment hook '/home/a/experiment-AI/toTransfer/WebotsSimulations/ros2_ws/install/interfaces/share/interfaces/hook/ld_library_path_lib.sh'
[1.334s] Level 1:colcon.colcon_core.environment:checking '/home/a/experiment-AI/toTransfer/WebotsSimulations/ros2_ws/install/interfaces/bin'
[1.334s] Level 1:colcon.colcon_core.environment:checking '/home/a/experiment-AI/toTransfer/WebotsSimulations/ros2_ws/install/interfaces/lib/pkgconfig/interfaces.pc'
[1.334s] Level 1:colcon.colcon_core.environment:checking '/home/a/experiment-AI/toTransfer/WebotsSimulations/ros2_ws/install/interfaces/lib/python3.8/site-packages'
[1.334s] Level 1:colcon.colcon_core.shell:create_environment_hook('interfaces', 'pythonpath')
[1.336s] INFO:colcon.colcon_core.shell:Creating environment hook '/home/a/experiment-AI/toTransfer/WebotsSimulations/ros2_ws/install/interfaces/share/interfaces/hook/pythonpath.ps1'
[1.337s] INFO:colcon.colcon_core.shell:Creating environment descriptor '/home/a/experiment-AI/toTransfer/WebotsSimulations/ros2_ws/install/interfaces/share/interfaces/hook/pythonpath.dsv'
[1.337s] INFO:colcon.colcon_core.shell:Creating environment hook '/home/a/experiment-AI/toTransfer/WebotsSimulations/ros2_ws/install/interfaces/share/interfaces/hook/pythonpath.sh'
[1.338s] Level 1:colcon.colcon_core.environment:checking '/home/a/experiment-AI/toTransfer/WebotsSimulations/ros2_ws/install/interfaces/bin'
[1.340s] INFO:colcon.colcon_core.shell:Creating package script '/home/a/experiment-AI/toTransfer/WebotsSimulations/ros2_ws/install/interfaces/share/interfaces/package.ps1'
[1.341s] DEBUG:colcon.colcon_core.event_handler.log_command:Invoked command in '/home/a/experiment-AI/toTransfer/WebotsSimulations/ros2_ws/build/interfaces' returned '0': CMAKE_PREFIX_PATH=/opt/ros/foxy /usr/bin/cmake --install /home/a/experiment-AI/toTransfer/WebotsSimulations/ros2_ws/build/interfaces
[1.341s] INFO:colcon.colcon_core.shell:Creating package descriptor '/home/a/experiment-AI/toTransfer/WebotsSimulations/ros2_ws/install/interfaces/share/interfaces/package.dsv'
[1.342s] INFO:colcon.colcon_core.shell:Creating package script '/home/a/experiment-AI/toTransfer/WebotsSimulations/ros2_ws/install/interfaces/share/interfaces/package.sh'
[1.343s] INFO:colcon.colcon_core.shell:Creating package script '/home/a/experiment-AI/toTransfer/WebotsSimulations/ros2_ws/install/interfaces/share/interfaces/package.bash'
[1.343s] INFO:colcon.colcon_core.shell:Creating package script '/home/a/experiment-AI/toTransfer/WebotsSimulations/ros2_ws/install/interfaces/share/interfaces/package.zsh'
[1.344s] Level 1:colcon.colcon_core.environment:create_file_with_runtime_dependencies(/home/a/experiment-AI/toTransfer/WebotsSimulations/ros2_ws/install/interfaces/share/colcon-core/packages/interfaces)
[1.348s] Level 1:colcon.colcon_core.environment:create_environment_scripts_only(sllidar_ros2)
[1.350s] Level 1:colcon.colcon_core.environment:checking '/home/a/experiment-AI/toTransfer/WebotsSimulations/ros2_ws/install/sllidar_ros2' for CMake module files
[1.351s] Level 1:colcon.colcon_core.environment:checking '/home/a/experiment-AI/toTransfer/WebotsSimulations/ros2_ws/install/sllidar_ros2' for CMake config files
[1.352s] Level 1:colcon.colcon_core.shell:create_environment_hook('sllidar_ros2', 'cmake_prefix_path')
[1.354s] INFO:colcon.colcon_core.shell:Creating environment hook '/home/a/experiment-AI/toTransfer/WebotsSimulations/ros2_ws/install/sllidar_ros2/share/sllidar_ros2/hook/cmake_prefix_path.ps1'
[1.355s] INFO:colcon.colcon_core.shell:Creating environment descriptor '/home/a/experiment-AI/toTransfer/WebotsSimulations/ros2_ws/install/sllidar_ros2/share/sllidar_ros2/hook/cmake_prefix_path.dsv'
[1.355s] INFO:colcon.colcon_core.shell:Creating environment hook '/home/a/experiment-AI/toTransfer/WebotsSimulations/ros2_ws/install/sllidar_ros2/share/sllidar_ros2/hook/cmake_prefix_path.sh'
[1.356s] Level 1:colcon.colcon_core.environment:checking '/home/a/experiment-AI/toTransfer/WebotsSimulations/ros2_ws/install/sllidar_ros2/lib'
[1.356s] Level 1:colcon.colcon_core.environment:checking '/home/a/experiment-AI/toTransfer/WebotsSimulations/ros2_ws/install/sllidar_ros2/bin'
[1.357s] Level 1:colcon.colcon_core.environment:checking '/home/a/experiment-AI/toTransfer/WebotsSimulations/ros2_ws/install/sllidar_ros2/lib/pkgconfig/sllidar_ros2.pc'
[1.357s] Level 1:colcon.colcon_core.environment:checking '/home/a/experiment-AI/toTransfer/WebotsSimulations/ros2_ws/install/sllidar_ros2/lib/python3.8/site-packages'
[1.357s] Level 1:colcon.colcon_core.environment:checking '/home/a/experiment-AI/toTransfer/WebotsSimulations/ros2_ws/install/sllidar_ros2/bin'
[1.358s] INFO:colcon.colcon_core.shell:Creating package script '/home/a/experiment-AI/toTransfer/WebotsSimulations/ros2_ws/install/sllidar_ros2/share/sllidar_ros2/package.ps1'
[1.359s] INFO:colcon.colcon_core.shell:Creating package descriptor '/home/a/experiment-AI/toTransfer/WebotsSimulations/ros2_ws/install/sllidar_ros2/share/sllidar_ros2/package.dsv'
[1.360s] INFO:colcon.colcon_core.shell:Creating package script '/home/a/experiment-AI/toTransfer/WebotsSimulations/ros2_ws/install/sllidar_ros2/share/sllidar_ros2/package.sh'
[1.360s] INFO:colcon.colcon_core.shell:Creating package script '/home/a/experiment-AI/toTransfer/WebotsSimulations/ros2_ws/install/sllidar_ros2/share/sllidar_ros2/package.bash'
[1.361s] DEBUG:colcon.colcon_core.event_handler.log_command:Invoked command in '/home/a/experiment-AI/toTransfer/WebotsSimulations/ros2_ws/build/sllidar_ros2' returned '0': CMAKE_PREFIX_PATH=/opt/ros/foxy /usr/bin/cmake --install /home/a/experiment-AI/toTransfer/WebotsSimulations/ros2_ws/build/sllidar_ros2
[1.361s] INFO:colcon.colcon_core.shell:Creating package script '/home/a/experiment-AI/toTransfer/WebotsSimulations/ros2_ws/install/sllidar_ros2/share/sllidar_ros2/package.zsh'
[1.362s] Level 1:colcon.colcon_core.environment:create_file_with_runtime_dependencies(/home/a/experiment-AI/toTransfer/WebotsSimulations/ros2_ws/install/sllidar_ros2/share/colcon-core/packages/sllidar_ros2)
[1.396s] Level 1:colcon.colcon_core.environment:create_environment_scripts_only(sllidar_ros2)
[1.398s] Level 1:colcon.colcon_core.environment:checking '/home/a/experiment-AI/toTransfer/WebotsSimulations/ros2_ws/install/sllidar_ros2' for CMake module files
[1.398s] Level 1:colcon.colcon_core.environment:checking '/home/a/experiment-AI/toTransfer/WebotsSimulations/ros2_ws/install/sllidar_ros2' for CMake config files
[1.399s] Level 1:colcon.colcon_core.shell:create_environment_hook('sllidar_ros2', 'cmake_prefix_path')
[1.400s] INFO:colcon.colcon_core.shell:Creating environment hook '/home/a/experiment-AI/toTransfer/WebotsSimulations/ros2_ws/install/sllidar_ros2/share/sllidar_ros2/hook/cmake_prefix_path.ps1'
[1.401s] INFO:colcon.colcon_core.shell:Creating environment descriptor '/home/a/experiment-AI/toTransfer/WebotsSimulations/ros2_ws/install/sllidar_ros2/share/sllidar_ros2/hook/cmake_prefix_path.dsv'
[1.401s] INFO:colcon.colcon_core.shell:Creating environment hook '/home/a/experiment-AI/toTransfer/WebotsSimulations/ros2_ws/install/sllidar_ros2/share/sllidar_ros2/hook/cmake_prefix_path.sh'
[1.402s] Level 1:colcon.colcon_core.environment:checking '/home/a/experiment-AI/toTransfer/WebotsSimulations/ros2_ws/install/sllidar_ros2/lib'
[1.402s] Level 1:colcon.colcon_core.environment:checking '/home/a/experiment-AI/toTransfer/WebotsSimulations/ros2_ws/install/sllidar_ros2/bin'
[1.402s] Level 1:colcon.colcon_core.environment:checking '/home/a/experiment-AI/toTransfer/WebotsSimulations/ros2_ws/install/sllidar_ros2/lib/pkgconfig/sllidar_ros2.pc'
[1.402s] Level 1:colcon.colcon_core.environment:checking '/home/a/experiment-AI/toTransfer/WebotsSimulations/ros2_ws/install/sllidar_ros2/lib/python3.8/site-packages'
[1.402s] Level 1:colcon.colcon_core.environment:checking '/home/a/experiment-AI/toTransfer/WebotsSimulations/ros2_ws/install/sllidar_ros2/bin'
[1.404s] INFO:colcon.colcon_core.shell:Creating package script '/home/a/experiment-AI/toTransfer/WebotsSimulations/ros2_ws/install/sllidar_ros2/share/sllidar_ros2/package.ps1'
[1.405s] INFO:colcon.colcon_core.shell:Creating package descriptor '/home/a/experiment-AI/toTransfer/WebotsSimulations/ros2_ws/install/sllidar_ros2/share/sllidar_ros2/package.dsv'
[1.405s] INFO:colcon.colcon_core.shell:Creating package script '/home/a/experiment-AI/toTransfer/WebotsSimulations/ros2_ws/install/sllidar_ros2/share/sllidar_ros2/package.sh'
[1.406s] INFO:colcon.colcon_core.shell:Creating package script '/home/a/experiment-AI/toTransfer/WebotsSimulations/ros2_ws/install/sllidar_ros2/share/sllidar_ros2/package.bash'
[1.406s] INFO:colcon.colcon_core.shell:Creating package script '/home/a/experiment-AI/toTransfer/WebotsSimulations/ros2_ws/install/sllidar_ros2/share/sllidar_ros2/package.zsh'
[1.407s] Level 1:colcon.colcon_core.environment:create_file_with_runtime_dependencies(/home/a/experiment-AI/toTransfer/WebotsSimulations/ros2_ws/install/sllidar_ros2/share/colcon-core/packages/sllidar_ros2)
[1.457s] Level 1:colcon.colcon_core.environment:create_environment_scripts_only(interfaces)
[1.459s] Level 1:colcon.colcon_core.environment:checking '/home/a/experiment-AI/toTransfer/WebotsSimulations/ros2_ws/install/interfaces' for CMake module files
[1.460s] Level 1:colcon.colcon_core.environment:checking '/home/a/experiment-AI/toTransfer/WebotsSimulations/ros2_ws/install/interfaces' for CMake config files
[1.460s] Level 1:colcon.colcon_core.shell:create_environment_hook('interfaces', 'cmake_prefix_path')
[1.462s] INFO:colcon.colcon_core.shell:Creating environment hook '/home/a/experiment-AI/toTransfer/WebotsSimulations/ros2_ws/install/interfaces/share/interfaces/hook/cmake_prefix_path.ps1'
[1.462s] INFO:colcon.colcon_core.shell:Creating environment descriptor '/home/a/experiment-AI/toTransfer/WebotsSimulations/ros2_ws/install/interfaces/share/interfaces/hook/cmake_prefix_path.dsv'
[1.462s] INFO:colcon.colcon_core.shell:Creating environment hook '/home/a/experiment-AI/toTransfer/WebotsSimulations/ros2_ws/install/interfaces/share/interfaces/hook/cmake_prefix_path.sh'
[1.463s] Level 1:colcon.colcon_core.environment:checking '/home/a/experiment-AI/toTransfer/WebotsSimulations/ros2_ws/install/interfaces/lib'
[1.463s] Level 1:colcon.colcon_core.shell:create_environment_hook('interfaces', 'ld_library_path_lib')
[1.464s] INFO:colcon.colcon_core.shell:Creating environment hook '/home/a/experiment-AI/toTransfer/WebotsSimulations/ros2_ws/install/interfaces/share/interfaces/hook/ld_library_path_lib.ps1'
[1.464s] INFO:colcon.colcon_core.shell:Creating environment descriptor '/home/a/experiment-AI/toTransfer/WebotsSimulations/ros2_ws/install/interfaces/share/interfaces/hook/ld_library_path_lib.dsv'
[1.465s] INFO:colcon.colcon_core.shell:Creating environment hook '/home/a/experiment-AI/toTransfer/WebotsSimulations/ros2_ws/install/interfaces/share/interfaces/hook/ld_library_path_lib.sh'
[1.465s] Level 1:colcon.colcon_core.environment:checking '/home/a/experiment-AI/toTransfer/WebotsSimulations/ros2_ws/install/interfaces/bin'
[1.465s] Level 1:colcon.colcon_core.environment:checking '/home/a/experiment-AI/toTransfer/WebotsSimulations/ros2_ws/install/interfaces/lib/pkgconfig/interfaces.pc'
[1.465s] Level 1:colcon.colcon_core.environment:checking '/home/a/experiment-AI/toTransfer/WebotsSimulations/ros2_ws/install/interfaces/lib/python3.8/site-packages'
[1.465s] Level 1:colcon.colcon_core.shell:create_environment_hook('interfaces', 'pythonpath')
[1.466s] INFO:colcon.colcon_core.shell:Creating environment hook '/home/a/experiment-AI/toTransfer/WebotsSimulations/ros2_ws/install/interfaces/share/interfaces/hook/pythonpath.ps1'
[1.467s] INFO:colcon.colcon_core.shell:Creating environment descriptor '/home/a/experiment-AI/toTransfer/WebotsSimulations/ros2_ws/install/interfaces/share/interfaces/hook/pythonpath.dsv'
[1.467s] INFO:colcon.colcon_core.shell:Creating environment hook '/home/a/experiment-AI/toTransfer/WebotsSimulations/ros2_ws/install/interfaces/share/interfaces/hook/pythonpath.sh'
[1.467s] Level 1:colcon.colcon_core.environment:checking '/home/a/experiment-AI/toTransfer/WebotsSimulations/ros2_ws/install/interfaces/bin'
[1.469s] INFO:colcon.colcon_core.shell:Creating package script '/home/a/experiment-AI/toTransfer/WebotsSimulations/ros2_ws/install/interfaces/share/interfaces/package.ps1'
[1.469s] INFO:colcon.colcon_core.shell:Creating package descriptor '/home/a/experiment-AI/toTransfer/WebotsSimulations/ros2_ws/install/interfaces/share/interfaces/package.dsv'
[1.470s] INFO:colcon.colcon_core.shell:Creating package script '/home/a/experiment-AI/toTransfer/WebotsSimulations/ros2_ws/install/interfaces/share/interfaces/package.sh'
[1.470s] INFO:colcon.colcon_core.shell:Creating package script '/home/a/experiment-AI/toTransfer/WebotsSimulations/ros2_ws/install/interfaces/share/interfaces/package.bash'
[1.470s] INFO:colcon.colcon_core.shell:Creating package script '/home/a/experiment-AI/toTransfer/WebotsSimulations/ros2_ws/install/interfaces/share/interfaces/package.zsh'
[1.471s] Level 1:colcon.colcon_core.environment:create_file_with_runtime_dependencies(/home/a/experiment-AI/toTransfer/WebotsSimulations/ros2_ws/install/interfaces/share/colcon-core/packages/interfaces)
[1.544s] DEBUG:colcon.colcon_core.event_handler.log_command:Invoking command in '/home/a/experiment-AI/toTransfer/WebotsSimulations/ros2_ws/src/client': PYTHONPATH=/home/a/experiment-AI/toTransfer/WebotsSimulations/ros2_ws/build/client/prefix_override:/home/a/experiment-AI/toTransfer/WebotsSimulations/ros2_ws/install/client/lib/python3.8/site-packages:${PYTHONPATH} /usr/bin/python3 setup.py egg_info --egg-base ../../build/client build --build-base /home/a/experiment-AI/toTransfer/WebotsSimulations/ros2_ws/build/client/build install --record /home/a/experiment-AI/toTransfer/WebotsSimulations/ros2_ws/build/client/install.log --install-scripts $base/lib/client --single-version-externally-managed
[1.555s] DEBUG:colcon.colcon_core.event_handler.log_command:Invoking command in '/home/a/experiment-AI/toTransfer/WebotsSimulations/ros2_ws/src/hardware_nav_v1': PYTHONPATH=/home/a/experiment-AI/toTransfer/WebotsSimulations/ros2_ws/build/hardware_nav_v1/prefix_override:/home/a/experiment-AI/toTransfer/WebotsSimulations/ros2_ws/install/hardware_nav_v1/lib/python3.8/site-packages:${PYTHONPATH} /usr/bin/python3 setup.py egg_info --egg-base ../../build/hardware_nav_v1 build --build-base /home/a/experiment-AI/toTransfer/WebotsSimulations/ros2_ws/build/hardware_nav_v1/build install --record /home/a/experiment-AI/toTransfer/WebotsSimulations/ros2_ws/build/hardware_nav_v1/install.log --install-scripts $base/lib/hardware_nav_v1 --single-version-externally-managed
[1.573s] DEBUG:colcon.colcon_core.event_handler.log_command:Invoking command in '/home/a/experiment-AI/toTransfer/WebotsSimulations/ros2_ws/src/sim_nav_v1': PYTHONPATH=/home/a/experiment-AI/toTransfer/WebotsSimulations/ros2_ws/build/sim_nav_v1/prefix_override:/home/a/experiment-AI/toTransfer/WebotsSimulations/ros2_ws/install/sim_nav_v1/lib/python3.8/site-packages:${PYTHONPATH} /usr/bin/python3 setup.py egg_info --egg-base ../../build/sim_nav_v1 build --build-base /home/a/experiment-AI/toTransfer/WebotsSimulations/ros2_ws/build/sim_nav_v1/build install --record /home/a/experiment-AI/toTransfer/WebotsSimulations/ros2_ws/build/sim_nav_v1/install.log --install-scripts $base/lib/sim_nav_v1 --single-version-externally-managed
[1.577s] DEBUG:colcon.colcon_core.event_handler.log_command:Invoking command in '/home/a/experiment-AI/toTransfer/WebotsSimulations/ros2_ws/src/my_package': PYTHONPATH=/home/a/experiment-AI/toTransfer/WebotsSimulations/ros2_ws/build/my_package/prefix_override:/home/a/experiment-AI/toTransfer/WebotsSimulations/ros2_ws/install/my_package/lib/python3.8/site-packages:${PYTHONPATH} /usr/bin/python3 setup.py egg_info --egg-base ../../build/my_package build --build-base /home/a/experiment-AI/toTransfer/WebotsSimulations/ros2_ws/build/my_package/build install --record /home/a/experiment-AI/toTransfer/WebotsSimulations/ros2_ws/build/my_package/install.log --install-scripts $base/lib/my_package --single-version-externally-managed
[1.802s] Level 1:colcon.colcon_core.environment:checking '/home/a/experiment-AI/toTransfer/WebotsSimulations/ros2_ws/install/client' for CMake module files
[1.803s] DEBUG:colcon.colcon_core.event_handler.log_command:Invoked command in '/home/a/experiment-AI/toTransfer/WebotsSimulations/ros2_ws/src/client' returned '0': PYTHONPATH=/home/a/experiment-AI/toTransfer/WebotsSimulations/ros2_ws/build/client/prefix_override:/home/a/experiment-AI/toTransfer/WebotsSimulations/ros2_ws/install/client/lib/python3.8/site-packages:${PYTHONPATH} /usr/bin/python3 setup.py egg_info --egg-base ../../build/client build --build-base /home/a/experiment-AI/toTransfer/WebotsSimulations/ros2_ws/build/client/build install --record /home/a/experiment-AI/toTransfer/WebotsSimulations/ros2_ws/build/client/install.log --install-scripts $base/lib/client --single-version-externally-managed
[1.803s] Level 1:colcon.colcon_core.environment:checking '/home/a/experiment-AI/toTransfer/WebotsSimulations/ros2_ws/install/client' for CMake config files
[1.805s] Level 1:colcon.colcon_core.environment:checking '/home/a/experiment-AI/toTransfer/WebotsSimulations/ros2_ws/install/client/lib'
[1.805s] Level 1:colcon.colcon_core.environment:checking '/home/a/experiment-AI/toTransfer/WebotsSimulations/ros2_ws/install/client/bin'
[1.805s] Level 1:colcon.colcon_core.environment:checking '/home/a/experiment-AI/toTransfer/WebotsSimulations/ros2_ws/install/client/lib/pkgconfig/client.pc'
[1.805s] Level 1:colcon.colcon_core.environment:checking '/home/a/experiment-AI/toTransfer/WebotsSimulations/ros2_ws/install/client/lib/python3.8/site-packages'
[1.806s] Level 1:colcon.colcon_core.shell:create_environment_hook('client', 'pythonpath')
[1.807s] INFO:colcon.colcon_core.shell:Creating environment hook '/home/a/experiment-AI/toTransfer/WebotsSimulations/ros2_ws/install/client/share/client/hook/pythonpath.ps1'
[1.808s] INFO:colcon.colcon_core.shell:Creating environment descriptor '/home/a/experiment-AI/toTransfer/WebotsSimulations/ros2_ws/install/client/share/client/hook/pythonpath.dsv'
[1.808s] INFO:colcon.colcon_core.shell:Creating environment hook '/home/a/experiment-AI/toTransfer/WebotsSimulations/ros2_ws/install/client/share/client/hook/pythonpath.sh'
[1.808s] Level 1:colcon.colcon_core.environment:checking '/home/a/experiment-AI/toTransfer/WebotsSimulations/ros2_ws/install/client/bin'
[1.809s] Level 1:colcon.colcon_core.environment:create_environment_scripts_only(client)
[1.810s] INFO:colcon.colcon_core.shell:Creating package script '/home/a/experiment-AI/toTransfer/WebotsSimulations/ros2_ws/install/client/share/client/package.ps1'
[1.810s] INFO:colcon.colcon_core.shell:Creating package descriptor '/home/a/experiment-AI/toTransfer/WebotsSimulations/ros2_ws/install/client/share/client/package.dsv'
[1.811s] INFO:colcon.colcon_core.shell:Creating package script '/home/a/experiment-AI/toTransfer/WebotsSimulations/ros2_ws/install/client/share/client/package.sh'
[1.811s] INFO:colcon.colcon_core.shell:Creating package script '/home/a/experiment-AI/toTransfer/WebotsSimulations/ros2_ws/install/client/share/client/package.bash'
[1.811s] INFO:colcon.colcon_core.shell:Creating package script '/home/a/experiment-AI/toTransfer/WebotsSimulations/ros2_ws/install/client/share/client/package.zsh'
[1.812s] Level 1:colcon.colcon_core.environment:create_file_with_runtime_dependencies(/home/a/experiment-AI/toTransfer/WebotsSimulations/ros2_ws/install/client/share/colcon-core/packages/client)
[1.816s] Level 1:colcon.colcon_core.environment:checking '/home/a/experiment-AI/toTransfer/WebotsSimulations/ros2_ws/install/hardware_nav_v1' for CMake module files
[1.817s] DEBUG:colcon.colcon_core.event_handler.log_command:Invoked command in '/home/a/experiment-AI/toTransfer/WebotsSimulations/ros2_ws/src/hardware_nav_v1' returned '0': PYTHONPATH=/home/a/experiment-AI/toTransfer/WebotsSimulations/ros2_ws/build/hardware_nav_v1/prefix_override:/home/a/experiment-AI/toTransfer/WebotsSimulations/ros2_ws/install/hardware_nav_v1/lib/python3.8/site-packages:${PYTHONPATH} /usr/bin/python3 setup.py egg_info --egg-base ../../build/hardware_nav_v1 build --build-base /home/a/experiment-AI/toTransfer/WebotsSimulations/ros2_ws/build/hardware_nav_v1/build install --record /home/a/experiment-AI/toTransfer/WebotsSimulations/ros2_ws/build/hardware_nav_v1/install.log --install-scripts $base/lib/hardware_nav_v1 --single-version-externally-managed
[1.817s] Level 1:colcon.colcon_core.environment:checking '/home/a/experiment-AI/toTransfer/WebotsSimulations/ros2_ws/install/hardware_nav_v1' for CMake config files
[1.818s] Level 1:colcon.colcon_core.environment:checking '/home/a/experiment-AI/toTransfer/WebotsSimulations/ros2_ws/install/hardware_nav_v1/lib'
[1.818s] Level 1:colcon.colcon_core.environment:checking '/home/a/experiment-AI/toTransfer/WebotsSimulations/ros2_ws/install/hardware_nav_v1/bin'
[1.818s] Level 1:colcon.colcon_core.environment:checking '/home/a/experiment-AI/toTransfer/WebotsSimulations/ros2_ws/install/hardware_nav_v1/lib/pkgconfig/hardware_nav_v1.pc'
[1.818s] Level 1:colcon.colcon_core.environment:checking '/home/a/experiment-AI/toTransfer/WebotsSimulations/ros2_ws/install/hardware_nav_v1/lib/python3.8/site-packages'
[1.818s] Level 1:colcon.colcon_core.shell:create_environment_hook('hardware_nav_v1', 'pythonpath')
[1.819s] INFO:colcon.colcon_core.shell:Creating environment hook '/home/a/experiment-AI/toTransfer/WebotsSimulations/ros2_ws/install/hardware_nav_v1/share/hardware_nav_v1/hook/pythonpath.ps1'
[1.819s] INFO:colcon.colcon_core.shell:Creating environment descriptor '/home/a/experiment-AI/toTransfer/WebotsSimulations/ros2_ws/install/hardware_nav_v1/share/hardware_nav_v1/hook/pythonpath.dsv'
[1.820s] INFO:colcon.colcon_core.shell:Creating environment hook '/home/a/experiment-AI/toTransfer/WebotsSimulations/ros2_ws/install/hardware_nav_v1/share/hardware_nav_v1/hook/pythonpath.sh'
[1.820s] Level 1:colcon.colcon_core.environment:checking '/home/a/experiment-AI/toTransfer/WebotsSimulations/ros2_ws/install/hardware_nav_v1/bin'
[1.820s] Level 1:colcon.colcon_core.environment:create_environment_scripts_only(hardware_nav_v1)
[1.821s] INFO:colcon.colcon_core.shell:Creating package script '/home/a/experiment-AI/toTransfer/WebotsSimulations/ros2_ws/install/hardware_nav_v1/share/hardware_nav_v1/package.ps1'
[1.822s] INFO:colcon.colcon_core.shell:Creating package descriptor '/home/a/experiment-AI/toTransfer/WebotsSimulations/ros2_ws/install/hardware_nav_v1/share/hardware_nav_v1/package.dsv'
[1.822s] INFO:colcon.colcon_core.shell:Creating package script '/home/a/experiment-AI/toTransfer/WebotsSimulations/ros2_ws/install/hardware_nav_v1/share/hardware_nav_v1/package.sh'
[1.823s] INFO:colcon.colcon_core.shell:Creating package script '/home/a/experiment-AI/toTransfer/WebotsSimulations/ros2_ws/install/hardware_nav_v1/share/hardware_nav_v1/package.bash'
[1.824s] INFO:colcon.colcon_core.shell:Creating package script '/home/a/experiment-AI/toTransfer/WebotsSimulations/ros2_ws/install/hardware_nav_v1/share/hardware_nav_v1/package.zsh'
[1.824s] Level 1:colcon.colcon_core.environment:create_file_with_runtime_dependencies(/home/a/experiment-AI/toTransfer/WebotsSimulations/ros2_ws/install/hardware_nav_v1/share/colcon-core/packages/hardware_nav_v1)
[1.832s] Level 1:colcon.colcon_core.environment:checking '/home/a/experiment-AI/toTransfer/WebotsSimulations/ros2_ws/install/sim_nav_v1' for CMake module files
[1.832s] DEBUG:colcon.colcon_core.event_handler.log_command:Invoked command in '/home/a/experiment-AI/toTransfer/WebotsSimulations/ros2_ws/src/sim_nav_v1' returned '0': PYTHONPATH=/home/a/experiment-AI/toTransfer/WebotsSimulations/ros2_ws/build/sim_nav_v1/prefix_override:/home/a/experiment-AI/toTransfer/WebotsSimulations/ros2_ws/install/sim_nav_v1/lib/python3.8/site-packages:${PYTHONPATH} /usr/bin/python3 setup.py egg_info --egg-base ../../build/sim_nav_v1 build --build-base /home/a/experiment-AI/toTransfer/WebotsSimulations/ros2_ws/build/sim_nav_v1/build install --record /home/a/experiment-AI/toTransfer/WebotsSimulations/ros2_ws/build/sim_nav_v1/install.log --install-scripts $base/lib/sim_nav_v1 --single-version-externally-managed
[1.833s] Level 1:colcon.colcon_core.environment:checking '/home/a/experiment-AI/toTransfer/WebotsSimulations/ros2_ws/install/sim_nav_v1' for CMake config files
[1.833s] Level 1:colcon.colcon_core.environment:checking '/home/a/experiment-AI/toTransfer/WebotsSimulations/ros2_ws/install/sim_nav_v1/lib'
[1.833s] Level 1:colcon.colcon_core.environment:checking '/home/a/experiment-AI/toTransfer/WebotsSimulations/ros2_ws/install/sim_nav_v1/bin'
[1.833s] Level 1:colcon.colcon_core.environment:checking '/home/a/experiment-AI/toTransfer/WebotsSimulations/ros2_ws/install/sim_nav_v1/lib/pkgconfig/sim_nav_v1.pc'
[1.834s] Level 1:colcon.colcon_core.environment:checking '/home/a/experiment-AI/toTransfer/WebotsSimulations/ros2_ws/install/sim_nav_v1/lib/python3.8/site-packages'
[1.834s] Level 1:colcon.colcon_core.shell:create_environment_hook('sim_nav_v1', 'pythonpath')
[1.835s] INFO:colcon.colcon_core.shell:Creating environment hook '/home/a/experiment-AI/toTransfer/WebotsSimulations/ros2_ws/install/sim_nav_v1/share/sim_nav_v1/hook/pythonpath.ps1'
[1.835s] INFO:colcon.colcon_core.shell:Creating environment descriptor '/home/a/experiment-AI/toTransfer/WebotsSimulations/ros2_ws/install/sim_nav_v1/share/sim_nav_v1/hook/pythonpath.dsv'
[1.836s] INFO:colcon.colcon_core.shell:Creating environment hook '/home/a/experiment-AI/toTransfer/WebotsSimulations/ros2_ws/install/sim_nav_v1/share/sim_nav_v1/hook/pythonpath.sh'
[1.836s] Level 1:colcon.colcon_core.environment:checking '/home/a/experiment-AI/toTransfer/WebotsSimulations/ros2_ws/install/sim_nav_v1/bin'
[1.836s] Level 1:colcon.colcon_core.environment:create_environment_scripts_only(sim_nav_v1)
[1.837s] INFO:colcon.colcon_core.shell:Creating package script '/home/a/experiment-AI/toTransfer/WebotsSimulations/ros2_ws/install/sim_nav_v1/share/sim_nav_v1/package.ps1'
[1.838s] INFO:colcon.colcon_core.shell:Creating package descriptor '/home/a/experiment-AI/toTransfer/WebotsSimulations/ros2_ws/install/sim_nav_v1/share/sim_nav_v1/package.dsv'
[1.838s] INFO:colcon.colcon_core.shell:Creating package script '/home/a/experiment-AI/toTransfer/WebotsSimulations/ros2_ws/install/sim_nav_v1/share/sim_nav_v1/package.sh'
[1.838s] INFO:colcon.colcon_core.shell:Creating package script '/home/a/experiment-AI/toTransfer/WebotsSimulations/ros2_ws/install/sim_nav_v1/share/sim_nav_v1/package.bash'
[1.838s] INFO:colcon.colcon_core.shell:Creating package script '/home/a/experiment-AI/toTransfer/WebotsSimulations/ros2_ws/install/sim_nav_v1/share/sim_nav_v1/package.zsh'
[1.839s] Level 1:colcon.colcon_core.environment:create_file_with_runtime_dependencies(/home/a/experiment-AI/toTransfer/WebotsSimulations/ros2_ws/install/sim_nav_v1/share/colcon-core/packages/sim_nav_v1)
[1.841s] Level 1:colcon.colcon_core.environment:checking '/home/a/experiment-AI/toTransfer/WebotsSimulations/ros2_ws/install/my_package' for CMake module files
[1.841s] DEBUG:colcon.colcon_core.event_handler.log_command:Invoked command in '/home/a/experiment-AI/toTransfer/WebotsSimulations/ros2_ws/src/my_package' returned '0': PYTHONPATH=/home/a/experiment-AI/toTransfer/WebotsSimulations/ros2_ws/build/my_package/prefix_override:/home/a/experiment-AI/toTransfer/WebotsSimulations/ros2_ws/install/my_package/lib/python3.8/site-packages:${PYTHONPATH} /usr/bin/python3 setup.py egg_info --egg-base ../../build/my_package build --build-base /home/a/experiment-AI/toTransfer/WebotsSimulations/ros2_ws/build/my_package/build install --record /home/a/experiment-AI/toTransfer/WebotsSimulations/ros2_ws/build/my_package/install.log --install-scripts $base/lib/my_package --single-version-externally-managed
[1.842s] Level 1:colcon.colcon_core.environment:checking '/home/a/experiment-AI/toTransfer/WebotsSimulations/ros2_ws/install/my_package' for CMake config files
[1.842s] Level 1:colcon.colcon_core.environment:checking '/home/a/experiment-AI/toTransfer/WebotsSimulations/ros2_ws/install/my_package/lib'
[1.842s] Level 1:colcon.colcon_core.environment:checking '/home/a/experiment-AI/toTransfer/WebotsSimulations/ros2_ws/install/my_package/bin'
[1.842s] Level 1:colcon.colcon_core.environment:checking '/home/a/experiment-AI/toTransfer/WebotsSimulations/ros2_ws/install/my_package/lib/pkgconfig/my_package.pc'
[1.842s] Level 1:colcon.colcon_core.environment:checking '/home/a/experiment-AI/toTransfer/WebotsSimulations/ros2_ws/install/my_package/lib/python3.8/site-packages'
[1.842s] Level 1:colcon.colcon_core.shell:create_environment_hook('my_package', 'pythonpath')
[1.843s] INFO:colcon.colcon_core.shell:Creating environment hook '/home/a/experiment-AI/toTransfer/WebotsSimulations/ros2_ws/install/my_package/share/my_package/hook/pythonpath.ps1'
[1.844s] INFO:colcon.colcon_core.shell:Creating environment descriptor '/home/a/experiment-AI/toTransfer/WebotsSimulations/ros2_ws/install/my_package/share/my_package/hook/pythonpath.dsv'
[1.844s] INFO:colcon.colcon_core.shell:Creating environment hook '/home/a/experiment-AI/toTransfer/WebotsSimulations/ros2_ws/install/my_package/share/my_package/hook/pythonpath.sh'
[1.844s] Level 1:colcon.colcon_core.environment:checking '/home/a/experiment-AI/toTransfer/WebotsSimulations/ros2_ws/install/my_package/bin'
[1.844s] Level 1:colcon.colcon_core.environment:create_environment_scripts_only(my_package)
[1.845s] INFO:colcon.colcon_core.shell:Creating package script '/home/a/experiment-AI/toTransfer/WebotsSimulations/ros2_ws/install/my_package/share/my_package/package.ps1'
[1.846s] INFO:colcon.colcon_core.shell:Creating package descriptor '/home/a/experiment-AI/toTransfer/WebotsSimulations/ros2_ws/install/my_package/share/my_package/package.dsv'
[1.846s] INFO:colcon.colcon_core.shell:Creating package script '/home/a/experiment-AI/toTransfer/WebotsSimulations/ros2_ws/install/my_package/share/my_package/package.sh'
[1.847s] INFO:colcon.colcon_core.shell:Creating package script '/home/a/experiment-AI/toTransfer/WebotsSimulations/ros2_ws/install/my_package/share/my_package/package.bash'
[1.847s] INFO:colcon.colcon_core.shell:Creating package script '/home/a/experiment-AI/toTransfer/WebotsSimulations/ros2_ws/install/my_package/share/my_package/package.zsh'
[1.847s] Level 1:colcon.colcon_core.environment:create_file_with_runtime_dependencies(/home/a/experiment-AI/toTransfer/WebotsSimulations/ros2_ws/install/my_package/share/colcon-core/packages/my_package)
[1.847s] DEBUG:colcon.colcon_parallel_executor.executor.parallel:closing loop
[1.848s] DEBUG:colcon.colcon_parallel_executor.executor.parallel:loop closed
[1.848s] DEBUG:colcon.colcon_parallel_executor.executor.parallel:run_until_complete finished with '0'
[1.848s] DEBUG:colcon.colcon_core.event_reactor:joining thread
[1.852s] INFO:colcon.colcon_core.plugin_system:Skipping extension 'colcon_notification.desktop_notification.terminal_notifier': Not used on non-Darwin systems
[1.852s] INFO:colcon.colcon_core.plugin_system:Skipping extension 'colcon_notification.desktop_notification.win32': Not used on non-Windows systems
[1.852s] INFO:colcon.colcon_notification.desktop_notification:Sending desktop notification using 'notify2'
[1.860s] DEBUG:colcon.colcon_core.event_reactor:joined thread
[1.861s] INFO:colcon.colcon_core.shell:Creating prefix script '/home/a/experiment-AI/toTransfer/WebotsSimulations/ros2_ws/install/local_setup.ps1'
[1.862s] INFO:colcon.colcon_core.shell:Creating prefix util module '/home/a/experiment-AI/toTransfer/WebotsSimulations/ros2_ws/install/_local_setup_util_ps1.py'
[1.863s] INFO:colcon.colcon_core.shell:Creating prefix chain script '/home/a/experiment-AI/toTransfer/WebotsSimulations/ros2_ws/install/setup.ps1'
[1.864s] INFO:colcon.colcon_core.shell:Creating prefix script '/home/a/experiment-AI/toTransfer/WebotsSimulations/ros2_ws/install/local_setup.sh'
[1.864s] INFO:colcon.colcon_core.shell:Creating prefix util module '/home/a/experiment-AI/toTransfer/WebotsSimulations/ros2_ws/install/_local_setup_util_sh.py'
[1.864s] INFO:colcon.colcon_core.shell:Creating prefix chain script '/home/a/experiment-AI/toTransfer/WebotsSimulations/ros2_ws/install/setup.sh'
[1.865s] INFO:colcon.colcon_core.shell:Creating prefix script '/home/a/experiment-AI/toTransfer/WebotsSimulations/ros2_ws/install/local_setup.bash'
[1.866s] INFO:colcon.colcon_core.shell:Creating prefix chain script '/home/a/experiment-AI/toTransfer/WebotsSimulations/ros2_ws/install/setup.bash'
[1.867s] INFO:colcon.colcon_core.shell:Creating prefix script '/home/a/experiment-AI/toTransfer/WebotsSimulations/ros2_ws/install/local_setup.zsh'
[1.867s] INFO:colcon.colcon_core.shell:Creating prefix chain script '/home/a/experiment-AI/toTransfer/WebotsSimulations/ros2_ws/install/setup.zsh'
