[  1%] Built target interfaces__cpp
[ 12%] Built target interfaces__rosidl_generator_c
[ 35%] Built target interfaces__rosidl_typesupport_introspection_cpp
[ 35%] Built target interfaces__rosidl_typesupport_cpp
[ 47%] Built target interfaces__rosidl_typesupport_c
[ 58%] Built target interfaces__rosidl_typesupport_introspection_c
[ 70%] Built target interfaces__rosidl_typesupport_fastrtps_cpp
[ 81%] Built target interfaces__rosidl_typesupport_fastrtps_c
[ 81%] Built target interfaces
[ 82%] Built target interfaces__py
[ 93%] Built target interfaces__python
[100%] Built target interfaces__rosidl_typesupport_c__pyext
[100%] Built target interfaces__rosidl_typesupport_introspection_c__pyext
[100%] Built target interfaces__rosidl_typesupport_fastrtps_c__pyext
-- Install configuration: ""
-- Up-to-date: /home/a/experiment-AI/toTransfer/WebotsSimulations/ros2_ws/install/interfaces/share/ament_index/resource_index/rosidl_interfaces/interfaces
-- Up-to-date: /home/a/experiment-AI/toTransfer/WebotsSimulations/ros2_ws/install/interfaces/include/interfaces
-- Up-to-date: /home/a/experiment-AI/toTransfer/WebotsSimulations/ros2_ws/install/interfaces/include/interfaces/msg
-- Up-to-date: /home/a/experiment-AI/toTransfer/WebotsSimulations/ros2_ws/install/interfaces/include/interfaces/msg/driving_result.h
-- Up-to-date: /home/a/experiment-AI/toTransfer/WebotsSimulations/ros2_ws/install/interfaces/include/interfaces/msg/detail
-- Up-to-date: /home/a/experiment-AI/toTransfer/WebotsSimulations/ros2_ws/install/interfaces/include/interfaces/msg/detail/client_command__functions.h
-- Up-to-date: /home/a/experiment-AI/toTransfer/WebotsSimulations/ros2_ws/install/interfaces/include/interfaces/msg/detail/driving_result__functions.h
-- Up-to-date: /home/a/experiment-AI/toTransfer/WebotsSimulations/ros2_ws/install/interfaces/include/interfaces/msg/detail/client_command__struct.h
-- Up-to-date: /home/a/experiment-AI/toTransfer/WebotsSimulations/ros2_ws/install/interfaces/include/interfaces/msg/detail/driving_instruction__functions.c
-- Up-to-date: /home/a/experiment-AI/toTransfer/WebotsSimulations/ros2_ws/install/interfaces/include/interfaces/msg/detail/mon_ackermann_drive__functions.h
-- Up-to-date: /home/a/experiment-AI/toTransfer/WebotsSimulations/ros2_ws/install/interfaces/include/interfaces/msg/detail/mon_ackermann_drive__functions.c
-- Up-to-date: /home/a/experiment-AI/toTransfer/WebotsSimulations/ros2_ws/install/interfaces/include/interfaces/msg/detail/driving_feedback__struct.h
-- Up-to-date: /home/a/experiment-AI/toTransfer/WebotsSimulations/ros2_ws/install/interfaces/include/interfaces/msg/detail/driving_instruction__struct.h
-- Up-to-date: /home/a/experiment-AI/toTransfer/WebotsSimulations/ros2_ws/install/interfaces/include/interfaces/msg/detail/race_params__functions.h
-- Up-to-date: /home/a/experiment-AI/toTransfer/WebotsSimulations/ros2_ws/install/interfaces/include/interfaces/msg/detail/driving_instruction__type_support.h
-- Up-to-date: /home/a/experiment-AI/toTransfer/WebotsSimulations/ros2_ws/install/interfaces/include/interfaces/msg/detail/sensors__functions.h
-- Up-to-date: /home/a/experiment-AI/toTransfer/WebotsSimulations/ros2_ws/install/interfaces/include/interfaces/msg/detail/driving_feedback__type_support.h
-- Up-to-date: /home/a/experiment-AI/toTransfer/WebotsSimulations/ros2_ws/install/interfaces/include/interfaces/msg/detail/mon_ackermann_drive__type_support.h
-- Up-to-date: /home/a/experiment-AI/toTransfer/WebotsSimulations/ros2_ws/install/interfaces/include/interfaces/msg/detail/mon_ackermann_drive__struct.h
-- Up-to-date: /home/a/experiment-AI/toTransfer/WebotsSimulations/ros2_ws/install/interfaces/include/interfaces/msg/detail/sensors__struct.h
-- Up-to-date: /home/a/experiment-AI/toTransfer/WebotsSimulations/ros2_ws/install/interfaces/include/interfaces/msg/detail/race_params__type_support.h
-- Up-to-date: /home/a/experiment-AI/toTransfer/WebotsSimulations/ros2_ws/install/interfaces/include/interfaces/msg/detail/driving_feedback__functions.c
-- Up-to-date: /home/a/experiment-AI/toTransfer/WebotsSimulations/ros2_ws/install/interfaces/include/interfaces/msg/detail/driving_result__type_support.h
-- Up-to-date: /home/a/experiment-AI/toTransfer/WebotsSimulations/ros2_ws/install/interfaces/include/interfaces/msg/detail/race_params__functions.c
-- Up-to-date: /home/a/experiment-AI/toTransfer/WebotsSimulations/ros2_ws/install/interfaces/include/interfaces/msg/detail/driving_feedback__functions.h
-- Up-to-date: /home/a/experiment-AI/toTransfer/WebotsSimulations/ros2_ws/install/interfaces/include/interfaces/msg/detail/sensors__functions.c
-- Up-to-date: /home/a/experiment-AI/toTransfer/WebotsSimulations/ros2_ws/install/interfaces/include/interfaces/msg/detail/driving_result__functions.c
-- Up-to-date: /home/a/experiment-AI/toTransfer/WebotsSimulations/ros2_ws/install/interfaces/include/interfaces/msg/detail/race_params__struct.h
-- Up-to-date: /home/a/experiment-AI/toTransfer/WebotsSimulations/ros2_ws/install/interfaces/include/interfaces/msg/detail/client_command__type_support.h
-- Up-to-date: /home/a/experiment-AI/toTransfer/WebotsSimulations/ros2_ws/install/interfaces/include/interfaces/msg/detail/client_command__functions.c
-- Up-to-date: /home/a/experiment-AI/toTransfer/WebotsSimulations/ros2_ws/install/interfaces/include/interfaces/msg/detail/driving_instruction__functions.h
-- Up-to-date: /home/a/experiment-AI/toTransfer/WebotsSimulations/ros2_ws/install/interfaces/include/interfaces/msg/detail/driving_result__struct.h
-- Up-to-date: /home/a/experiment-AI/toTransfer/WebotsSimulations/ros2_ws/install/interfaces/include/interfaces/msg/detail/sensors__type_support.h
-- Up-to-date: /home/a/experiment-AI/toTransfer/WebotsSimulations/ros2_ws/install/interfaces/include/interfaces/msg/sensors.h
-- Up-to-date: /home/a/experiment-AI/toTransfer/WebotsSimulations/ros2_ws/install/interfaces/include/interfaces/msg/rosidl_generator_c__visibility_control.h
-- Up-to-date: /home/a/experiment-AI/toTransfer/WebotsSimulations/ros2_ws/install/interfaces/include/interfaces/msg/driving_feedback.h
-- Up-to-date: /home/a/experiment-AI/toTransfer/WebotsSimulations/ros2_ws/install/interfaces/include/interfaces/msg/race_params.h
-- Up-to-date: /home/a/experiment-AI/toTransfer/WebotsSimulations/ros2_ws/install/interfaces/include/interfaces/msg/client_command.h
-- Up-to-date: /home/a/experiment-AI/toTransfer/WebotsSimulations/ros2_ws/install/interfaces/include/interfaces/msg/mon_ackermann_drive.h
-- Up-to-date: /home/a/experiment-AI/toTransfer/WebotsSimulations/ros2_ws/install/interfaces/include/interfaces/msg/driving_instruction.h
-- Up-to-date: /home/a/experiment-AI/toTransfer/WebotsSimulations/ros2_ws/install/interfaces/include/interfaces/action
-- Up-to-date: /home/a/experiment-AI/toTransfer/WebotsSimulations/ros2_ws/install/interfaces/include/interfaces/action/detail
-- Up-to-date: /home/a/experiment-AI/toTransfer/WebotsSimulations/ros2_ws/install/interfaces/include/interfaces/action/detail/driver_action__type_support.h
-- Up-to-date: /home/a/experiment-AI/toTransfer/WebotsSimulations/ros2_ws/install/interfaces/include/interfaces/action/detail/driver_action__functions.c
-- Up-to-date: /home/a/experiment-AI/toTransfer/WebotsSimulations/ros2_ws/install/interfaces/include/interfaces/action/detail/driver_action__functions.h
-- Up-to-date: /home/a/experiment-AI/toTransfer/WebotsSimulations/ros2_ws/install/interfaces/include/interfaces/action/detail/driver_action__struct.h
-- Up-to-date: /home/a/experiment-AI/toTransfer/WebotsSimulations/ros2_ws/install/interfaces/include/interfaces/action/driver_action.h
-- Up-to-date: /home/a/experiment-AI/toTransfer/WebotsSimulations/ros2_ws/install/interfaces/share/interfaces/environment/library_path.sh
-- Up-to-date: /home/a/experiment-AI/toTransfer/WebotsSimulations/ros2_ws/install/interfaces/share/interfaces/environment/library_path.dsv
-- Up-to-date: /home/a/experiment-AI/toTransfer/WebotsSimulations/ros2_ws/install/interfaces/lib/libinterfaces__rosidl_generator_c.so
-- Up-to-date: /home/a/experiment-AI/toTransfer/WebotsSimulations/ros2_ws/install/interfaces/include/interfaces
-- Up-to-date: /home/a/experiment-AI/toTransfer/WebotsSimulations/ros2_ws/install/interfaces/include/interfaces/msg
-- Up-to-date: /home/a/experiment-AI/toTransfer/WebotsSimulations/ros2_ws/install/interfaces/include/interfaces/msg/detail
-- Up-to-date: /home/a/experiment-AI/toTransfer/WebotsSimulations/ros2_ws/install/interfaces/include/interfaces/msg/detail/client_command__rosidl_typesupport_fastrtps_c.h
-- Up-to-date: /home/a/experiment-AI/toTransfer/WebotsSimulations/ros2_ws/install/interfaces/include/interfaces/msg/detail/race_params__rosidl_typesupport_fastrtps_c.h
-- Up-to-date: /home/a/experiment-AI/toTransfer/WebotsSimulations/ros2_ws/install/interfaces/include/interfaces/msg/detail/mon_ackermann_drive__rosidl_typesupport_fastrtps_c.h
-- Up-to-date: /home/a/experiment-AI/toTransfer/WebotsSimulations/ros2_ws/install/interfaces/include/interfaces/msg/detail/sensors__rosidl_typesupport_fastrtps_c.h
-- Up-to-date: /home/a/experiment-AI/toTransfer/WebotsSimulations/ros2_ws/install/interfaces/include/interfaces/msg/detail/driving_result__rosidl_typesupport_fastrtps_c.h
-- Up-to-date: /home/a/experiment-AI/toTransfer/WebotsSimulations/ros2_ws/install/interfaces/include/interfaces/msg/detail/driving_instruction__rosidl_typesupport_fastrtps_c.h
-- Up-to-date: /home/a/experiment-AI/toTransfer/WebotsSimulations/ros2_ws/install/interfaces/include/interfaces/msg/detail/driving_feedback__rosidl_typesupport_fastrtps_c.h
-- Up-to-date: /home/a/experiment-AI/toTransfer/WebotsSimulations/ros2_ws/install/interfaces/include/interfaces/msg/rosidl_typesupport_fastrtps_c__visibility_control.h
-- Up-to-date: /home/a/experiment-AI/toTransfer/WebotsSimulations/ros2_ws/install/interfaces/include/interfaces/action
-- Up-to-date: /home/a/experiment-AI/toTransfer/WebotsSimulations/ros2_ws/install/interfaces/include/interfaces/action/detail
-- Up-to-date: /home/a/experiment-AI/toTransfer/WebotsSimulations/ros2_ws/install/interfaces/include/interfaces/action/detail/driver_action__rosidl_typesupport_fastrtps_c.h
-- Up-to-date: /home/a/experiment-AI/toTransfer/WebotsSimulations/ros2_ws/install/interfaces/lib/libinterfaces__rosidl_typesupport_fastrtps_c.so
-- Up-to-date: /home/a/experiment-AI/toTransfer/WebotsSimulations/ros2_ws/install/interfaces/include/interfaces
-- Up-to-date: /home/a/experiment-AI/toTransfer/WebotsSimulations/ros2_ws/install/interfaces/include/interfaces/msg
-- Up-to-date: /home/a/experiment-AI/toTransfer/WebotsSimulations/ros2_ws/install/interfaces/include/interfaces/msg/detail
-- Up-to-date: /home/a/experiment-AI/toTransfer/WebotsSimulations/ros2_ws/install/interfaces/include/interfaces/msg/detail/race_params__rosidl_typesupport_fastrtps_cpp.hpp
-- Up-to-date: /home/a/experiment-AI/toTransfer/WebotsSimulations/ros2_ws/install/interfaces/include/interfaces/msg/detail/client_command__rosidl_typesupport_fastrtps_cpp.hpp
-- Up-to-date: /home/a/experiment-AI/toTransfer/WebotsSimulations/ros2_ws/install/interfaces/include/interfaces/msg/detail/sensors__rosidl_typesupport_fastrtps_cpp.hpp
-- Up-to-date: /home/a/experiment-AI/toTransfer/WebotsSimulations/ros2_ws/install/interfaces/include/interfaces/msg/detail/driving_feedback__rosidl_typesupport_fastrtps_cpp.hpp
-- Up-to-date: /home/a/experiment-AI/toTransfer/WebotsSimulations/ros2_ws/install/interfaces/include/interfaces/msg/detail/mon_ackermann_drive__rosidl_typesupport_fastrtps_cpp.hpp
-- Up-to-date: /home/a/experiment-AI/toTransfer/WebotsSimulations/ros2_ws/install/interfaces/include/interfaces/msg/detail/dds_fastrtps
-- Up-to-date: /home/a/experiment-AI/toTransfer/WebotsSimulations/ros2_ws/install/interfaces/include/interfaces/msg/detail/driving_result__rosidl_typesupport_fastrtps_cpp.hpp
-- Up-to-date: /home/a/experiment-AI/toTransfer/WebotsSimulations/ros2_ws/install/interfaces/include/interfaces/msg/detail/driving_instruction__rosidl_typesupport_fastrtps_cpp.hpp
-- Up-to-date: /home/a/experiment-AI/toTransfer/WebotsSimulations/ros2_ws/install/interfaces/include/interfaces/msg/rosidl_typesupport_fastrtps_cpp__visibility_control.h
-- Up-to-date: /home/a/experiment-AI/toTransfer/WebotsSimulations/ros2_ws/install/interfaces/include/interfaces/action
-- Up-to-date: /home/a/experiment-AI/toTransfer/WebotsSimulations/ros2_ws/install/interfaces/include/interfaces/action/detail
-- Up-to-date: /home/a/experiment-AI/toTransfer/WebotsSimulations/ros2_ws/install/interfaces/include/interfaces/action/detail/driver_action__rosidl_typesupport_fastrtps_cpp.hpp
-- Up-to-date: /home/a/experiment-AI/toTransfer/WebotsSimulations/ros2_ws/install/interfaces/include/interfaces/action/detail/dds_fastrtps
-- Up-to-date: /home/a/experiment-AI/toTransfer/WebotsSimulations/ros2_ws/install/interfaces/lib/libinterfaces__rosidl_typesupport_fastrtps_cpp.so
-- Up-to-date: /home/a/experiment-AI/toTransfer/WebotsSimulations/ros2_ws/install/interfaces/include/interfaces
-- Up-to-date: /home/a/experiment-AI/toTransfer/WebotsSimulations/ros2_ws/install/interfaces/include/interfaces/msg
-- Up-to-date: /home/a/experiment-AI/toTransfer/WebotsSimulations/ros2_ws/install/interfaces/include/interfaces/msg/detail
-- Up-to-date: /home/a/experiment-AI/toTransfer/WebotsSimulations/ros2_ws/install/interfaces/include/interfaces/msg/detail/driving_result__type_support.c
-- Up-to-date: /home/a/experiment-AI/toTransfer/WebotsSimulations/ros2_ws/install/interfaces/include/interfaces/msg/detail/driving_result__rosidl_typesupport_introspection_c.h
-- Up-to-date: /home/a/experiment-AI/toTransfer/WebotsSimulations/ros2_ws/install/interfaces/include/interfaces/msg/detail/driving_feedback__rosidl_typesupport_introspection_c.h
-- Up-to-date: /home/a/experiment-AI/toTransfer/WebotsSimulations/ros2_ws/install/interfaces/include/interfaces/msg/detail/client_command__type_support.c
-- Up-to-date: /home/a/experiment-AI/toTransfer/WebotsSimulations/ros2_ws/install/interfaces/include/interfaces/msg/detail/driving_instruction__type_support.c
-- Up-to-date: /home/a/experiment-AI/toTransfer/WebotsSimulations/ros2_ws/install/interfaces/include/interfaces/msg/detail/sensors__rosidl_typesupport_introspection_c.h
-- Up-to-date: /home/a/experiment-AI/toTransfer/WebotsSimulations/ros2_ws/install/interfaces/include/interfaces/msg/detail/mon_ackermann_drive__type_support.c
-- Up-to-date: /home/a/experiment-AI/toTransfer/WebotsSimulations/ros2_ws/install/interfaces/include/interfaces/msg/detail/driving_feedback__type_support.c
-- Up-to-date: /home/a/experiment-AI/toTransfer/WebotsSimulations/ros2_ws/install/interfaces/include/interfaces/msg/detail/race_params__rosidl_typesupport_introspection_c.h
-- Up-to-date: /home/a/experiment-AI/toTransfer/WebotsSimulations/ros2_ws/install/interfaces/include/interfaces/msg/detail/mon_ackermann_drive__rosidl_typesupport_introspection_c.h
-- Up-to-date: /home/a/experiment-AI/toTransfer/WebotsSimulations/ros2_ws/install/interfaces/include/interfaces/msg/detail/race_params__type_support.c
-- Up-to-date: /home/a/experiment-AI/toTransfer/WebotsSimulations/ros2_ws/install/interfaces/include/interfaces/msg/detail/sensors__type_support.c
-- Up-to-date: /home/a/experiment-AI/toTransfer/WebotsSimulations/ros2_ws/install/interfaces/include/interfaces/msg/detail/driving_instruction__rosidl_typesupport_introspection_c.h
-- Up-to-date: /home/a/experiment-AI/toTransfer/WebotsSimulations/ros2_ws/install/interfaces/include/interfaces/msg/detail/client_command__rosidl_typesupport_introspection_c.h
-- Up-to-date: /home/a/experiment-AI/toTransfer/WebotsSimulations/ros2_ws/install/interfaces/include/interfaces/msg/rosidl_typesupport_introspection_c__visibility_control.h
-- Up-to-date: /home/a/experiment-AI/toTransfer/WebotsSimulations/ros2_ws/install/interfaces/include/interfaces/action
-- Up-to-date: /home/a/experiment-AI/toTransfer/WebotsSimulations/ros2_ws/install/interfaces/include/interfaces/action/detail
-- Up-to-date: /home/a/experiment-AI/toTransfer/WebotsSimulations/ros2_ws/install/interfaces/include/interfaces/action/detail/driver_action__rosidl_typesupport_introspection_c.h
-- Up-to-date: /home/a/experiment-AI/toTransfer/WebotsSimulations/ros2_ws/install/interfaces/include/interfaces/action/detail/driver_action__type_support.c
-- Up-to-date: /home/a/experiment-AI/toTransfer/WebotsSimulations/ros2_ws/install/interfaces/lib/libinterfaces__rosidl_typesupport_introspection_c.so
-- Up-to-date: /home/a/experiment-AI/toTransfer/WebotsSimulations/ros2_ws/install/interfaces/lib/libinterfaces__rosidl_typesupport_c.so
-- Up-to-date: /home/a/experiment-AI/toTransfer/WebotsSimulations/ros2_ws/install/interfaces/include/interfaces
-- Up-to-date: /home/a/experiment-AI/toTransfer/WebotsSimulations/ros2_ws/install/interfaces/include/interfaces/msg
-- Up-to-date: /home/a/experiment-AI/toTransfer/WebotsSimulations/ros2_ws/install/interfaces/include/interfaces/msg/driving_instruction.hpp
-- Up-to-date: /home/a/experiment-AI/toTransfer/WebotsSimulations/ros2_ws/install/interfaces/include/interfaces/msg/detail
-- Up-to-date: /home/a/experiment-AI/toTransfer/WebotsSimulations/ros2_ws/install/interfaces/include/interfaces/msg/detail/driving_instruction__struct.hpp
-- Up-to-date: /home/a/experiment-AI/toTransfer/WebotsSimulations/ros2_ws/install/interfaces/include/interfaces/msg/detail/driving_result__struct.hpp
-- Up-to-date: /home/a/experiment-AI/toTransfer/WebotsSimulations/ros2_ws/install/interfaces/include/interfaces/msg/detail/mon_ackermann_drive__struct.hpp
-- Up-to-date: /home/a/experiment-AI/toTransfer/WebotsSimulations/ros2_ws/install/interfaces/include/interfaces/msg/detail/driving_feedback__traits.hpp
-- Up-to-date: /home/a/experiment-AI/toTransfer/WebotsSimulations/ros2_ws/install/interfaces/include/interfaces/msg/detail/race_params__struct.hpp
-- Up-to-date: /home/a/experiment-AI/toTransfer/WebotsSimulations/ros2_ws/install/interfaces/include/interfaces/msg/detail/driving_result__builder.hpp
-- Up-to-date: /home/a/experiment-AI/toTransfer/WebotsSimulations/ros2_ws/install/interfaces/include/interfaces/msg/detail/client_command__builder.hpp
-- Up-to-date: /home/a/experiment-AI/toTransfer/WebotsSimulations/ros2_ws/install/interfaces/include/interfaces/msg/detail/mon_ackermann_drive__builder.hpp
-- Up-to-date: /home/a/experiment-AI/toTransfer/WebotsSimulations/ros2_ws/install/interfaces/include/interfaces/msg/detail/mon_ackermann_drive__traits.hpp
-- Up-to-date: /home/a/experiment-AI/toTransfer/WebotsSimulations/ros2_ws/install/interfaces/include/interfaces/msg/detail/driving_feedback__struct.hpp
-- Up-to-date: /home/a/experiment-AI/toTransfer/WebotsSimulations/ros2_ws/install/interfaces/include/interfaces/msg/detail/sensors__traits.hpp
-- Up-to-date: /home/a/experiment-AI/toTransfer/WebotsSimulations/ros2_ws/install/interfaces/include/interfaces/msg/detail/driving_result__traits.hpp
-- Up-to-date: /home/a/experiment-AI/toTransfer/WebotsSimulations/ros2_ws/install/interfaces/include/interfaces/msg/detail/race_params__builder.hpp
-- Up-to-date: /home/a/experiment-AI/toTransfer/WebotsSimulations/ros2_ws/install/interfaces/include/interfaces/msg/detail/client_command__struct.hpp
-- Up-to-date: /home/a/experiment-AI/toTransfer/WebotsSimulations/ros2_ws/install/interfaces/include/interfaces/msg/detail/driving_feedback__builder.hpp
-- Up-to-date: /home/a/experiment-AI/toTransfer/WebotsSimulations/ros2_ws/install/interfaces/include/interfaces/msg/detail/driving_instruction__traits.hpp
-- Up-to-date: /home/a/experiment-AI/toTransfer/WebotsSimulations/ros2_ws/install/interfaces/include/interfaces/msg/detail/driving_instruction__builder.hpp
-- Up-to-date: /home/a/experiment-AI/toTransfer/WebotsSimulations/ros2_ws/install/interfaces/include/interfaces/msg/detail/client_command__traits.hpp
-- Up-to-date: /home/a/experiment-AI/toTransfer/WebotsSimulations/ros2_ws/install/interfaces/include/interfaces/msg/detail/race_params__traits.hpp
-- Up-to-date: /home/a/experiment-AI/toTransfer/WebotsSimulations/ros2_ws/install/interfaces/include/interfaces/msg/detail/sensors__builder.hpp
-- Up-to-date: /home/a/experiment-AI/toTransfer/WebotsSimulations/ros2_ws/install/interfaces/include/interfaces/msg/detail/sensors__struct.hpp
-- Up-to-date: /home/a/experiment-AI/toTransfer/WebotsSimulations/ros2_ws/install/interfaces/include/interfaces/msg/race_params.hpp
-- Up-to-date: /home/a/experiment-AI/toTransfer/WebotsSimulations/ros2_ws/install/interfaces/include/interfaces/msg/driving_result.hpp
-- Up-to-date: /home/a/experiment-AI/toTransfer/WebotsSimulations/ros2_ws/install/interfaces/include/interfaces/msg/mon_ackermann_drive.hpp
-- Up-to-date: /home/a/experiment-AI/toTransfer/WebotsSimulations/ros2_ws/install/interfaces/include/interfaces/msg/client_command.hpp
-- Up-to-date: /home/a/experiment-AI/toTransfer/WebotsSimulations/ros2_ws/install/interfaces/include/interfaces/msg/driving_feedback.hpp
-- Up-to-date: /home/a/experiment-AI/toTransfer/WebotsSimulations/ros2_ws/install/interfaces/include/interfaces/msg/sensors.hpp
-- Up-to-date: /home/a/experiment-AI/toTransfer/WebotsSimulations/ros2_ws/install/interfaces/include/interfaces/action
-- Up-to-date: /home/a/experiment-AI/toTransfer/WebotsSimulations/ros2_ws/install/interfaces/include/interfaces/action/detail
-- Up-to-date: /home/a/experiment-AI/toTransfer/WebotsSimulations/ros2_ws/install/interfaces/include/interfaces/action/detail/driver_action__builder.hpp
-- Up-to-date: /home/a/experiment-AI/toTransfer/WebotsSimulations/ros2_ws/install/interfaces/include/interfaces/action/detail/driver_action__traits.hpp
-- Up-to-date: /home/a/experiment-AI/toTransfer/WebotsSimulations/ros2_ws/install/interfaces/include/interfaces/action/detail/driver_action__struct.hpp
-- Up-to-date: /home/a/experiment-AI/toTransfer/WebotsSimulations/ros2_ws/install/interfaces/include/interfaces/action/driver_action.hpp
-- Up-to-date: /home/a/experiment-AI/toTransfer/WebotsSimulations/ros2_ws/install/interfaces/include/interfaces
-- Up-to-date: /home/a/experiment-AI/toTransfer/WebotsSimulations/ros2_ws/install/interfaces/include/interfaces/msg
-- Up-to-date: /home/a/experiment-AI/toTransfer/WebotsSimulations/ros2_ws/install/interfaces/include/interfaces/msg/detail
-- Up-to-date: /home/a/experiment-AI/toTransfer/WebotsSimulations/ros2_ws/install/interfaces/include/interfaces/msg/detail/mon_ackermann_drive__rosidl_typesupport_introspection_cpp.hpp
-- Up-to-date: /home/a/experiment-AI/toTransfer/WebotsSimulations/ros2_ws/install/interfaces/include/interfaces/msg/detail/driving_result__rosidl_typesupport_introspection_cpp.hpp
-- Up-to-date: /home/a/experiment-AI/toTransfer/WebotsSimulations/ros2_ws/install/interfaces/include/interfaces/msg/detail/sensors__rosidl_typesupport_introspection_cpp.hpp
-- Up-to-date: /home/a/experiment-AI/toTransfer/WebotsSimulations/ros2_ws/install/interfaces/include/interfaces/msg/detail/race_params__type_support.cpp
-- Up-to-date: /home/a/experiment-AI/toTransfer/WebotsSimulations/ros2_ws/install/interfaces/include/interfaces/msg/detail/driving_instruction__type_support.cpp
-- Up-to-date: /home/a/experiment-AI/toTransfer/WebotsSimulations/ros2_ws/install/interfaces/include/interfaces/msg/detail/driving_feedback__type_support.cpp
-- Up-to-date: /home/a/experiment-AI/toTransfer/WebotsSimulations/ros2_ws/install/interfaces/include/interfaces/msg/detail/driving_instruction__rosidl_typesupport_introspection_cpp.hpp
-- Up-to-date: /home/a/experiment-AI/toTransfer/WebotsSimulations/ros2_ws/install/interfaces/include/interfaces/msg/detail/driving_feedback__rosidl_typesupport_introspection_cpp.hpp
-- Up-to-date: /home/a/experiment-AI/toTransfer/WebotsSimulations/ros2_ws/install/interfaces/include/interfaces/msg/detail/mon_ackermann_drive__type_support.cpp
-- Up-to-date: /home/a/experiment-AI/toTransfer/WebotsSimulations/ros2_ws/install/interfaces/include/interfaces/msg/detail/client_command__rosidl_typesupport_introspection_cpp.hpp
-- Up-to-date: /home/a/experiment-AI/toTransfer/WebotsSimulations/ros2_ws/install/interfaces/include/interfaces/msg/detail/client_command__type_support.cpp
-- Up-to-date: /home/a/experiment-AI/toTransfer/WebotsSimulations/ros2_ws/install/interfaces/include/interfaces/msg/detail/race_params__rosidl_typesupport_introspection_cpp.hpp
-- Up-to-date: /home/a/experiment-AI/toTransfer/WebotsSimulations/ros2_ws/install/interfaces/include/interfaces/msg/detail/driving_result__type_support.cpp
-- Up-to-date: /home/a/experiment-AI/toTransfer/WebotsSimulations/ros2_ws/install/interfaces/include/interfaces/msg/detail/sensors__type_support.cpp
-- Up-to-date: /home/a/experiment-AI/toTransfer/WebotsSimulations/ros2_ws/install/interfaces/include/interfaces/action
-- Up-to-date: /home/a/experiment-AI/toTransfer/WebotsSimulations/ros2_ws/install/interfaces/include/interfaces/action/detail
-- Up-to-date: /home/a/experiment-AI/toTransfer/WebotsSimulations/ros2_ws/install/interfaces/include/interfaces/action/detail/driver_action__type_support.cpp
-- Up-to-date: /home/a/experiment-AI/toTransfer/WebotsSimulations/ros2_ws/install/interfaces/include/interfaces/action/detail/driver_action__rosidl_typesupport_introspection_cpp.hpp
-- Up-to-date: /home/a/experiment-AI/toTransfer/WebotsSimulations/ros2_ws/install/interfaces/lib/libinterfaces__rosidl_typesupport_introspection_cpp.so
-- Up-to-date: /home/a/experiment-AI/toTransfer/WebotsSimulations/ros2_ws/install/interfaces/lib/libinterfaces__rosidl_typesupport_cpp.so
-- Up-to-date: /home/a/experiment-AI/toTransfer/WebotsSimulations/ros2_ws/install/interfaces/share/interfaces/environment/pythonpath.sh
-- Up-to-date: /home/a/experiment-AI/toTransfer/WebotsSimulations/ros2_ws/install/interfaces/share/interfaces/environment/pythonpath.dsv
-- Up-to-date: /home/a/experiment-AI/toTransfer/WebotsSimulations/ros2_ws/install/interfaces/lib/python3.8/site-packages/interfaces/__init__.py
-- Up-to-date: /home/a/experiment-AI/toTransfer/WebotsSimulations/ros2_ws/install/interfaces/lib/python3.8/site-packages/interfaces/msg
-- Up-to-date: /home/a/experiment-AI/toTransfer/WebotsSimulations/ros2_ws/install/interfaces/lib/python3.8/site-packages/interfaces/msg/_sensors.py
-- Up-to-date: /home/a/experiment-AI/toTransfer/WebotsSimulations/ros2_ws/install/interfaces/lib/python3.8/site-packages/interfaces/msg/_driving_feedback.py
-- Up-to-date: /home/a/experiment-AI/toTransfer/WebotsSimulations/ros2_ws/install/interfaces/lib/python3.8/site-packages/interfaces/msg/_driving_result_s.c
-- Up-to-date: /home/a/experiment-AI/toTransfer/WebotsSimulations/ros2_ws/install/interfaces/lib/python3.8/site-packages/interfaces/msg/_race_params_s.c
-- Up-to-date: /home/a/experiment-AI/toTransfer/WebotsSimulations/ros2_ws/install/interfaces/lib/python3.8/site-packages/interfaces/msg/_mon_ackermann_drive.py
-- Up-to-date: /home/a/experiment-AI/toTransfer/WebotsSimulations/ros2_ws/install/interfaces/lib/python3.8/site-packages/interfaces/msg/_mon_ackermann_drive_s.c
-- Up-to-date: /home/a/experiment-AI/toTransfer/WebotsSimulations/ros2_ws/install/interfaces/lib/python3.8/site-packages/interfaces/msg/_sensors_s.c
-- Up-to-date: /home/a/experiment-AI/toTransfer/WebotsSimulations/ros2_ws/install/interfaces/lib/python3.8/site-packages/interfaces/msg/__init__.py
-- Up-to-date: /home/a/experiment-AI/toTransfer/WebotsSimulations/ros2_ws/install/interfaces/lib/python3.8/site-packages/interfaces/msg/_driving_result.py
-- Up-to-date: /home/a/experiment-AI/toTransfer/WebotsSimulations/ros2_ws/install/interfaces/lib/python3.8/site-packages/interfaces/msg/_driving_feedback_s.c
-- Up-to-date: /home/a/experiment-AI/toTransfer/WebotsSimulations/ros2_ws/install/interfaces/lib/python3.8/site-packages/interfaces/msg/_driving_instruction_s.c
-- Up-to-date: /home/a/experiment-AI/toTransfer/WebotsSimulations/ros2_ws/install/interfaces/lib/python3.8/site-packages/interfaces/msg/_client_command_s.c
-- Up-to-date: /home/a/experiment-AI/toTransfer/WebotsSimulations/ros2_ws/install/interfaces/lib/python3.8/site-packages/interfaces/msg/_client_command.py
-- Up-to-date: /home/a/experiment-AI/toTransfer/WebotsSimulations/ros2_ws/install/interfaces/lib/python3.8/site-packages/interfaces/msg/_driving_instruction.py
-- Up-to-date: /home/a/experiment-AI/toTransfer/WebotsSimulations/ros2_ws/install/interfaces/lib/python3.8/site-packages/interfaces/msg/_race_params.py
-- Up-to-date: /home/a/experiment-AI/toTransfer/WebotsSimulations/ros2_ws/install/interfaces/lib/python3.8/site-packages/interfaces/action
-- Up-to-date: /home/a/experiment-AI/toTransfer/WebotsSimulations/ros2_ws/install/interfaces/lib/python3.8/site-packages/interfaces/action/__init__.py
-- Up-to-date: /home/a/experiment-AI/toTransfer/WebotsSimulations/ros2_ws/install/interfaces/lib/python3.8/site-packages/interfaces/action/_driver_action_s.c
-- Up-to-date: /home/a/experiment-AI/toTransfer/WebotsSimulations/ros2_ws/install/interfaces/lib/python3.8/site-packages/interfaces/action/_driver_action.py
-- Up-to-date: /home/a/experiment-AI/toTransfer/WebotsSimulations/ros2_ws/install/interfaces/lib/python3.8/site-packages/interfaces/interfaces_s__rosidl_typesupport_fastrtps_c.cpython-38-x86_64-linux-gnu.so
-- Up-to-date: /home/a/experiment-AI/toTransfer/WebotsSimulations/ros2_ws/install/interfaces/lib/python3.8/site-packages/interfaces/interfaces_s__rosidl_typesupport_introspection_c.cpython-38-x86_64-linux-gnu.so
-- Up-to-date: /home/a/experiment-AI/toTransfer/WebotsSimulations/ros2_ws/install/interfaces/lib/python3.8/site-packages/interfaces/interfaces_s__rosidl_typesupport_c.cpython-38-x86_64-linux-gnu.so
-- Up-to-date: /home/a/experiment-AI/toTransfer/WebotsSimulations/ros2_ws/install/interfaces/lib/libinterfaces__python.so
-- Up-to-date: /home/a/experiment-AI/toTransfer/WebotsSimulations/ros2_ws/install/interfaces/share/interfaces/msg/DrivingFeedback.idl
-- Up-to-date: /home/a/experiment-AI/toTransfer/WebotsSimulations/ros2_ws/install/interfaces/share/interfaces/msg/DrivingInstruction.idl
-- Up-to-date: /home/a/experiment-AI/toTransfer/WebotsSimulations/ros2_ws/install/interfaces/share/interfaces/msg/DrivingResult.idl
-- Up-to-date: /home/a/experiment-AI/toTransfer/WebotsSimulations/ros2_ws/install/interfaces/share/interfaces/msg/MonAckermannDrive.idl
-- Up-to-date: /home/a/experiment-AI/toTransfer/WebotsSimulations/ros2_ws/install/interfaces/share/interfaces/msg/Sensors.idl
-- Up-to-date: /home/a/experiment-AI/toTransfer/WebotsSimulations/ros2_ws/install/interfaces/share/interfaces/msg/ClientCommand.idl
-- Up-to-date: /home/a/experiment-AI/toTransfer/WebotsSimulations/ros2_ws/install/interfaces/share/interfaces/msg/RaceParams.idl
-- Up-to-date: /home/a/experiment-AI/toTransfer/WebotsSimulations/ros2_ws/install/interfaces/share/interfaces/action/DriverAction.idl
-- Up-to-date: /home/a/experiment-AI/toTransfer/WebotsSimulations/ros2_ws/install/interfaces/share/interfaces/msg/DrivingFeedback.msg
-- Up-to-date: /home/a/experiment-AI/toTransfer/WebotsSimulations/ros2_ws/install/interfaces/share/interfaces/msg/DrivingInstruction.msg
-- Up-to-date: /home/a/experiment-AI/toTransfer/WebotsSimulations/ros2_ws/install/interfaces/share/interfaces/msg/DrivingResult.msg
-- Up-to-date: /home/a/experiment-AI/toTransfer/WebotsSimulations/ros2_ws/install/interfaces/share/interfaces/msg/MonAckermannDrive.msg
-- Up-to-date: /home/a/experiment-AI/toTransfer/WebotsSimulations/ros2_ws/install/interfaces/share/interfaces/msg/Sensors.msg
-- Up-to-date: /home/a/experiment-AI/toTransfer/WebotsSimulations/ros2_ws/install/interfaces/share/interfaces/msg/ClientCommand.msg
-- Up-to-date: /home/a/experiment-AI/toTransfer/WebotsSimulations/ros2_ws/install/interfaces/share/interfaces/msg/RaceParams.msg
-- Up-to-date: /home/a/experiment-AI/toTransfer/WebotsSimulations/ros2_ws/install/interfaces/share/interfaces/action/DriverAction.action
-- Up-to-date: /home/a/experiment-AI/toTransfer/WebotsSimulations/ros2_ws/install/interfaces/share/ament_index/resource_index/package_run_dependencies/interfaces
-- Up-to-date: /home/a/experiment-AI/toTransfer/WebotsSimulations/ros2_ws/install/interfaces/share/ament_index/resource_index/parent_prefix_path/interfaces
-- Up-to-date: /home/a/experiment-AI/toTransfer/WebotsSimulations/ros2_ws/install/interfaces/share/interfaces/environment/ament_prefix_path.sh
-- Up-to-date: /home/a/experiment-AI/toTransfer/WebotsSimulations/ros2_ws/install/interfaces/share/interfaces/environment/ament_prefix_path.dsv
-- Up-to-date: /home/a/experiment-AI/toTransfer/WebotsSimulations/ros2_ws/install/interfaces/share/interfaces/environment/path.sh
-- Up-to-date: /home/a/experiment-AI/toTransfer/WebotsSimulations/ros2_ws/install/interfaces/share/interfaces/environment/path.dsv
-- Up-to-date: /home/a/experiment-AI/toTransfer/WebotsSimulations/ros2_ws/install/interfaces/share/interfaces/local_setup.bash
-- Up-to-date: /home/a/experiment-AI/toTransfer/WebotsSimulations/ros2_ws/install/interfaces/share/interfaces/local_setup.sh
-- Up-to-date: /home/a/experiment-AI/toTransfer/WebotsSimulations/ros2_ws/install/interfaces/share/interfaces/local_setup.zsh
-- Up-to-date: /home/a/experiment-AI/toTransfer/WebotsSimulations/ros2_ws/install/interfaces/share/interfaces/local_setup.dsv
-- Installing: /home/a/experiment-AI/toTransfer/WebotsSimulations/ros2_ws/install/interfaces/share/interfaces/package.dsv
-- Up-to-date: /home/a/experiment-AI/toTransfer/WebotsSimulations/ros2_ws/install/interfaces/share/ament_index/resource_index/packages/interfaces
-- Up-to-date: /home/a/experiment-AI/toTransfer/WebotsSimulations/ros2_ws/install/interfaces/share/interfaces/cmake/interfaces__rosidl_generator_cExport.cmake
-- Up-to-date: /home/a/experiment-AI/toTransfer/WebotsSimulations/ros2_ws/install/interfaces/share/interfaces/cmake/interfaces__rosidl_generator_cExport-noconfig.cmake
-- Up-to-date: /home/a/experiment-AI/toTransfer/WebotsSimulations/ros2_ws/install/interfaces/share/interfaces/cmake/interfaces__rosidl_typesupport_introspection_cExport.cmake
-- Up-to-date: /home/a/experiment-AI/toTransfer/WebotsSimulations/ros2_ws/install/interfaces/share/interfaces/cmake/interfaces__rosidl_typesupport_introspection_cExport-noconfig.cmake
-- Up-to-date: /home/a/experiment-AI/toTransfer/WebotsSimulations/ros2_ws/install/interfaces/share/interfaces/cmake/interfaces__rosidl_typesupport_cExport.cmake
-- Up-to-date: /home/a/experiment-AI/toTransfer/WebotsSimulations/ros2_ws/install/interfaces/share/interfaces/cmake/interfaces__rosidl_typesupport_cExport-noconfig.cmake
-- Up-to-date: /home/a/experiment-AI/toTransfer/WebotsSimulations/ros2_ws/install/interfaces/share/interfaces/cmake/interfaces__rosidl_generator_cppExport.cmake
-- Up-to-date: /home/a/experiment-AI/toTransfer/WebotsSimulations/ros2_ws/install/interfaces/share/interfaces/cmake/interfaces__rosidl_typesupport_introspection_cppExport.cmake
-- Up-to-date: /home/a/experiment-AI/toTransfer/WebotsSimulations/ros2_ws/install/interfaces/share/interfaces/cmake/interfaces__rosidl_typesupport_introspection_cppExport-noconfig.cmake
-- Up-to-date: /home/a/experiment-AI/toTransfer/WebotsSimulations/ros2_ws/install/interfaces/share/interfaces/cmake/interfaces__rosidl_typesupport_cppExport.cmake
-- Up-to-date: /home/a/experiment-AI/toTransfer/WebotsSimulations/ros2_ws/install/interfaces/share/interfaces/cmake/interfaces__rosidl_typesupport_cppExport-noconfig.cmake
-- Up-to-date: /home/a/experiment-AI/toTransfer/WebotsSimulations/ros2_ws/install/interfaces/share/interfaces/cmake/rosidl_cmake-extras.cmake
-- Up-to-date: /home/a/experiment-AI/toTransfer/WebotsSimulations/ros2_ws/install/interfaces/share/interfaces/cmake/ament_cmake_export_dependencies-extras.cmake
-- Up-to-date: /home/a/experiment-AI/toTransfer/WebotsSimulations/ros2_ws/install/interfaces/share/interfaces/cmake/ament_cmake_export_libraries-extras.cmake
-- Up-to-date: /home/a/experiment-AI/toTransfer/WebotsSimulations/ros2_ws/install/interfaces/share/interfaces/cmake/ament_cmake_export_targets-extras.cmake
-- Up-to-date: /home/a/experiment-AI/toTransfer/WebotsSimulations/ros2_ws/install/interfaces/share/interfaces/cmake/ament_cmake_export_include_directories-extras.cmake
-- Up-to-date: /home/a/experiment-AI/toTransfer/WebotsSimulations/ros2_ws/install/interfaces/share/interfaces/cmake/rosidl_cmake_export_typesupport_libraries-extras.cmake
-- Up-to-date: /home/a/experiment-AI/toTransfer/WebotsSimulations/ros2_ws/install/interfaces/share/interfaces/cmake/rosidl_cmake_export_typesupport_targets-extras.cmake
-- Up-to-date: /home/a/experiment-AI/toTransfer/WebotsSimulations/ros2_ws/install/interfaces/share/interfaces/cmake/interfacesConfig.cmake
-- Up-to-date: /home/a/experiment-AI/toTransfer/WebotsSimulations/ros2_ws/install/interfaces/share/interfaces/cmake/interfacesConfig-version.cmake
-- Up-to-date: /home/a/experiment-AI/toTransfer/WebotsSimulations/ros2_ws/install/interfaces/share/interfaces/package.xml
