[0.210s] DEBUG:colcon:Command line arguments: ['/usr/bin/colcon', 'build']
[0.210s] DEBUG:colcon:Parsed command line arguments: Namespace(allow_overriding=[], ament_cmake_args=None, base_paths=['.'], build_base='build', catkin_cmake_args=None, catkin_skip_building_tests=False, cmake_args=None, cmake_clean_cache=False, cmake_clean_first=False, cmake_force_configure=False, cmake_target=None, cmake_target_skip_unavailable=False, continue_on_error=False, event_handlers=None, executor='parallel', ignore_user_meta=False, install_base='install', log_base=None, log_level=None, main=<bound method BuildVerb.main of <colcon_core.verb.build.BuildVerb object at 0x7f436ff09a30>>, merge_install=False, metas=['./colcon.meta'], packages_above=None, packages_above_and_dependencies=None, packages_above_depth=None, packages_end=None, packages_ignore=None, packages_ignore_regex=None, packages_select=None, packages_select_build_failed=False, packages_select_by_dep=None, packages_select_regex=None, packages_select_test_failures=False, packages_skip=None, packages_skip_build_finished=False, packages_skip_by_dep=None, packages_skip_regex=None, packages_skip_test_passed=False, packages_skip_up_to=None, packages_start=None, packages_up_to=None, packages_up_to_regex=None, parallel_workers=16, paths=None, symlink_install=False, test_result_base=None, verb_extension=<colcon_core.verb.build.BuildVerb object at 0x7f436ff09a30>, verb_name='build', verb_parser=<colcon_defaults.argument_parser.defaults.DefaultArgumentsDecorator object at 0x7f436ff09fa0>)
[0.228s] Level 1:colcon.colcon_core.package_discovery:discover_packages(colcon_meta) check parameters
[0.229s] Level 1:colcon.colcon_core.package_discovery:discover_packages(recursive) check parameters
[0.229s] Level 1:colcon.colcon_core.package_discovery:discover_packages(ignore) check parameters
[0.229s] Level 1:colcon.colcon_core.package_discovery:discover_packages(path) check parameters
[0.229s] Level 1:colcon.colcon_core.package_discovery:discover_packages(colcon_meta) discover
[0.229s] Level 1:colcon.colcon_core.package_discovery:discover_packages(recursive) discover
[0.229s] INFO:colcon.colcon_core.package_discovery:Crawling recursively for packages in '/home/a/experiment-AI/toTransfer/WebotsSimulations/ros2_ws'
[0.229s] Level 1:colcon.colcon_core.package_identification:_identify(.) by extensions ['ignore', 'ignore_ament_install']
[0.229s] Level 1:colcon.colcon_core.package_identification:_identify(.) by extension 'ignore'
[0.229s] Level 1:colcon.colcon_core.package_identification:_identify(.) by extension 'ignore_ament_install'
[0.229s] Level 1:colcon.colcon_core.package_identification:_identify(.) by extensions ['colcon_pkg']
[0.229s] Level 1:colcon.colcon_core.package_identification:_identify(.) by extension 'colcon_pkg'
[0.229s] Level 1:colcon.colcon_core.package_identification:_identify(.) by extensions ['colcon_meta']
[0.229s] Level 1:colcon.colcon_core.package_identification:_identify(.) by extension 'colcon_meta'
[0.229s] Level 1:colcon.colcon_core.package_identification:_identify(.) by extensions ['ros']
[0.229s] Level 1:colcon.colcon_core.package_identification:_identify(.) by extension 'ros'
[0.241s] Level 1:colcon.colcon_core.package_identification:_identify(.) by extensions ['cmake', 'python']
[0.241s] Level 1:colcon.colcon_core.package_identification:_identify(.) by extension 'cmake'
[0.241s] Level 1:colcon.colcon_core.package_identification:_identify(.) by extension 'python'
[0.241s] Level 1:colcon.colcon_core.package_identification:_identify(.) by extensions ['python_setup_py']
[0.241s] Level 1:colcon.colcon_core.package_identification:_identify(.) by extension 'python_setup_py'
[0.241s] Level 1:colcon.colcon_core.package_identification:_identify(build) by extensions ['ignore', 'ignore_ament_install']
[0.241s] Level 1:colcon.colcon_core.package_identification:_identify(build) by extension 'ignore'
[0.241s] Level 1:colcon.colcon_core.package_identification:_identify(build) ignored
[0.242s] Level 1:colcon.colcon_core.package_identification:_identify(install) by extensions ['ignore', 'ignore_ament_install']
[0.242s] Level 1:colcon.colcon_core.package_identification:_identify(install) by extension 'ignore'
[0.242s] Level 1:colcon.colcon_core.package_identification:_identify(install) ignored
[0.242s] Level 1:colcon.colcon_core.package_identification:_identify(log) by extensions ['ignore', 'ignore_ament_install']
[0.242s] Level 1:colcon.colcon_core.package_identification:_identify(log) by extension 'ignore'
[0.242s] Level 1:colcon.colcon_core.package_identification:_identify(log) ignored
[0.242s] Level 1:colcon.colcon_core.package_identification:_identify(src) by extensions ['ignore', 'ignore_ament_install']
[0.242s] Level 1:colcon.colcon_core.package_identification:_identify(src) by extension 'ignore'
[0.242s] Level 1:colcon.colcon_core.package_identification:_identify(src) by extension 'ignore_ament_install'
[0.242s] Level 1:colcon.colcon_core.package_identification:_identify(src) by extensions ['colcon_pkg']
[0.242s] Level 1:colcon.colcon_core.package_identification:_identify(src) by extension 'colcon_pkg'
[0.242s] Level 1:colcon.colcon_core.package_identification:_identify(src) by extensions ['colcon_meta']
[0.242s] Level 1:colcon.colcon_core.package_identification:_identify(src) by extension 'colcon_meta'
[0.242s] Level 1:colcon.colcon_core.package_identification:_identify(src) by extensions ['ros']
[0.242s] Level 1:colcon.colcon_core.package_identification:_identify(src) by extension 'ros'
[0.242s] Level 1:colcon.colcon_core.package_identification:_identify(src) by extensions ['cmake', 'python']
[0.242s] Level 1:colcon.colcon_core.package_identification:_identify(src) by extension 'cmake'
[0.242s] Level 1:colcon.colcon_core.package_identification:_identify(src) by extension 'python'
[0.242s] Level 1:colcon.colcon_core.package_identification:_identify(src) by extensions ['python_setup_py']
[0.242s] Level 1:colcon.colcon_core.package_identification:_identify(src) by extension 'python_setup_py'
[0.242s] Level 1:colcon.colcon_core.package_identification:_identify(src/client) by extensions ['ignore', 'ignore_ament_install']
[0.242s] Level 1:colcon.colcon_core.package_identification:_identify(src/client) by extension 'ignore'
[0.242s] Level 1:colcon.colcon_core.package_identification:_identify(src/client) by extension 'ignore_ament_install'
[0.242s] Level 1:colcon.colcon_core.package_identification:_identify(src/client) by extensions ['colcon_pkg']
[0.243s] Level 1:colcon.colcon_core.package_identification:_identify(src/client) by extension 'colcon_pkg'
[0.243s] Level 1:colcon.colcon_core.package_identification:_identify(src/client) by extensions ['colcon_meta']
[0.243s] Level 1:colcon.colcon_core.package_identification:_identify(src/client) by extension 'colcon_meta'
[0.243s] Level 1:colcon.colcon_core.package_identification:_identify(src/client) by extensions ['ros']
[0.243s] Level 1:colcon.colcon_core.package_identification:_identify(src/client) by extension 'ros'
[0.244s] DEBUG:colcon.colcon_core.package_identification:Package 'src/client' with type 'ros.ament_python' and name 'client'
[0.244s] Level 1:colcon.colcon_core.package_identification:_identify(src/hardware_nav_v1) by extensions ['ignore', 'ignore_ament_install']
[0.244s] Level 1:colcon.colcon_core.package_identification:_identify(src/hardware_nav_v1) by extension 'ignore'
[0.244s] Level 1:colcon.colcon_core.package_identification:_identify(src/hardware_nav_v1) by extension 'ignore_ament_install'
[0.244s] Level 1:colcon.colcon_core.package_identification:_identify(src/hardware_nav_v1) by extensions ['colcon_pkg']
[0.244s] Level 1:colcon.colcon_core.package_identification:_identify(src/hardware_nav_v1) by extension 'colcon_pkg'
[0.244s] Level 1:colcon.colcon_core.package_identification:_identify(src/hardware_nav_v1) by extensions ['colcon_meta']
[0.244s] Level 1:colcon.colcon_core.package_identification:_identify(src/hardware_nav_v1) by extension 'colcon_meta'
[0.244s] Level 1:colcon.colcon_core.package_identification:_identify(src/hardware_nav_v1) by extensions ['ros']
[0.244s] Level 1:colcon.colcon_core.package_identification:_identify(src/hardware_nav_v1) by extension 'ros'
[0.245s] DEBUG:colcon.colcon_core.package_identification:Package 'src/hardware_nav_v1' with type 'ros.ament_python' and name 'hardware_nav_v1'
[0.245s] Level 1:colcon.colcon_core.package_identification:_identify(src/interfaces) by extensions ['ignore', 'ignore_ament_install']
[0.245s] Level 1:colcon.colcon_core.package_identification:_identify(src/interfaces) by extension 'ignore'
[0.245s] Level 1:colcon.colcon_core.package_identification:_identify(src/interfaces) by extension 'ignore_ament_install'
[0.245s] Level 1:colcon.colcon_core.package_identification:_identify(src/interfaces) by extensions ['colcon_pkg']
[0.245s] Level 1:colcon.colcon_core.package_identification:_identify(src/interfaces) by extension 'colcon_pkg'
[0.245s] Level 1:colcon.colcon_core.package_identification:_identify(src/interfaces) by extensions ['colcon_meta']
[0.245s] Level 1:colcon.colcon_core.package_identification:_identify(src/interfaces) by extension 'colcon_meta'
[0.245s] Level 1:colcon.colcon_core.package_identification:_identify(src/interfaces) by extensions ['ros']
[0.245s] Level 1:colcon.colcon_core.package_identification:_identify(src/interfaces) by extension 'ros'
[0.246s] DEBUG:colcon.colcon_core.package_identification:Package 'src/interfaces' with type 'ros.ament_cmake' and name 'interfaces'
[0.246s] Level 1:colcon.colcon_core.package_identification:_identify(src/my_package) by extensions ['ignore', 'ignore_ament_install']
[0.246s] Level 1:colcon.colcon_core.package_identification:_identify(src/my_package) by extension 'ignore'
[0.246s] Level 1:colcon.colcon_core.package_identification:_identify(src/my_package) by extension 'ignore_ament_install'
[0.246s] Level 1:colcon.colcon_core.package_identification:_identify(src/my_package) by extensions ['colcon_pkg']
[0.246s] Level 1:colcon.colcon_core.package_identification:_identify(src/my_package) by extension 'colcon_pkg'
[0.246s] Level 1:colcon.colcon_core.package_identification:_identify(src/my_package) by extensions ['colcon_meta']
[0.246s] Level 1:colcon.colcon_core.package_identification:_identify(src/my_package) by extension 'colcon_meta'
[0.246s] Level 1:colcon.colcon_core.package_identification:_identify(src/my_package) by extensions ['ros']
[0.246s] Level 1:colcon.colcon_core.package_identification:_identify(src/my_package) by extension 'ros'
[0.246s] DEBUG:colcon.colcon_core.package_identification:Package 'src/my_package' with type 'ros.ament_python' and name 'my_package'
[0.247s] Level 1:colcon.colcon_core.package_identification:_identify(src/rplidar_ros2-ros2) by extensions ['ignore', 'ignore_ament_install']
[0.247s] Level 1:colcon.colcon_core.package_identification:_identify(src/rplidar_ros2-ros2) by extension 'ignore'
[0.247s] Level 1:colcon.colcon_core.package_identification:_identify(src/rplidar_ros2-ros2) by extension 'ignore_ament_install'
[0.247s] Level 1:colcon.colcon_core.package_identification:_identify(src/rplidar_ros2-ros2) by extensions ['colcon_pkg']
[0.247s] Level 1:colcon.colcon_core.package_identification:_identify(src/rplidar_ros2-ros2) by extension 'colcon_pkg'
[0.247s] Level 1:colcon.colcon_core.package_identification:_identify(src/rplidar_ros2-ros2) by extensions ['colcon_meta']
[0.247s] Level 1:colcon.colcon_core.package_identification:_identify(src/rplidar_ros2-ros2) by extension 'colcon_meta'
[0.247s] Level 1:colcon.colcon_core.package_identification:_identify(src/rplidar_ros2-ros2) by extensions ['ros']
[0.247s] Level 1:colcon.colcon_core.package_identification:_identify(src/rplidar_ros2-ros2) by extension 'ros'
[0.247s] DEBUG:colcon.colcon_core.package_identification:Package 'src/rplidar_ros2-ros2' with type 'ros.ament_cmake' and name 'rplidar_ros'
[0.247s] Level 1:colcon.colcon_core.package_identification:_identify(src/sim_nav_v1) by extensions ['ignore', 'ignore_ament_install']
[0.247s] Level 1:colcon.colcon_core.package_identification:_identify(src/sim_nav_v1) by extension 'ignore'
[0.247s] Level 1:colcon.colcon_core.package_identification:_identify(src/sim_nav_v1) by extension 'ignore_ament_install'
[0.247s] Level 1:colcon.colcon_core.package_identification:_identify(src/sim_nav_v1) by extensions ['colcon_pkg']
[0.247s] Level 1:colcon.colcon_core.package_identification:_identify(src/sim_nav_v1) by extension 'colcon_pkg'
[0.247s] Level 1:colcon.colcon_core.package_identification:_identify(src/sim_nav_v1) by extensions ['colcon_meta']
[0.248s] Level 1:colcon.colcon_core.package_identification:_identify(src/sim_nav_v1) by extension 'colcon_meta'
[0.248s] Level 1:colcon.colcon_core.package_identification:_identify(src/sim_nav_v1) by extensions ['ros']
[0.248s] Level 1:colcon.colcon_core.package_identification:_identify(src/sim_nav_v1) by extension 'ros'
[0.248s] DEBUG:colcon.colcon_core.package_identification:Package 'src/sim_nav_v1' with type 'ros.ament_python' and name 'sim_nav_v1'
[0.248s] Level 1:colcon.colcon_core.package_identification:_identify(src/sllidar_ros2-main) by extensions ['ignore', 'ignore_ament_install']
[0.248s] Level 1:colcon.colcon_core.package_identification:_identify(src/sllidar_ros2-main) by extension 'ignore'
[0.248s] Level 1:colcon.colcon_core.package_identification:_identify(src/sllidar_ros2-main) by extension 'ignore_ament_install'
[0.248s] Level 1:colcon.colcon_core.package_identification:_identify(src/sllidar_ros2-main) by extensions ['colcon_pkg']
[0.248s] Level 1:colcon.colcon_core.package_identification:_identify(src/sllidar_ros2-main) by extension 'colcon_pkg'
[0.248s] Level 1:colcon.colcon_core.package_identification:_identify(src/sllidar_ros2-main) by extensions ['colcon_meta']
[0.248s] Level 1:colcon.colcon_core.package_identification:_identify(src/sllidar_ros2-main) by extension 'colcon_meta'
[0.248s] Level 1:colcon.colcon_core.package_identification:_identify(src/sllidar_ros2-main) by extensions ['ros']
[0.248s] Level 1:colcon.colcon_core.package_identification:_identify(src/sllidar_ros2-main) by extension 'ros'
[0.249s] DEBUG:colcon.colcon_core.package_identification:Package 'src/sllidar_ros2-main' with type 'ros.ament_cmake' and name 'sllidar_ros2'
[0.249s] Level 1:colcon.colcon_core.package_identification:_identify(src/tests_hardware) by extensions ['ignore', 'ignore_ament_install']
[0.249s] Level 1:colcon.colcon_core.package_identification:_identify(src/tests_hardware) by extension 'ignore'
[0.249s] Level 1:colcon.colcon_core.package_identification:_identify(src/tests_hardware) by extension 'ignore_ament_install'
[0.249s] Level 1:colcon.colcon_core.package_identification:_identify(src/tests_hardware) by extensions ['colcon_pkg']
[0.249s] Level 1:colcon.colcon_core.package_identification:_identify(src/tests_hardware) by extension 'colcon_pkg'
[0.249s] Level 1:colcon.colcon_core.package_identification:_identify(src/tests_hardware) by extensions ['colcon_meta']
[0.249s] Level 1:colcon.colcon_core.package_identification:_identify(src/tests_hardware) by extension 'colcon_meta'
[0.249s] Level 1:colcon.colcon_core.package_identification:_identify(src/tests_hardware) by extensions ['ros']
[0.249s] Level 1:colcon.colcon_core.package_identification:_identify(src/tests_hardware) by extension 'ros'
[0.249s] Level 1:colcon.colcon_core.package_identification:_identify(src/tests_hardware) by extensions ['cmake', 'python']
[0.249s] Level 1:colcon.colcon_core.package_identification:_identify(src/tests_hardware) by extension 'cmake'
[0.249s] Level 1:colcon.colcon_core.package_identification:_identify(src/tests_hardware) by extension 'python'
[0.249s] Level 1:colcon.colcon_core.package_identification:_identify(src/tests_hardware) by extensions ['python_setup_py']
[0.249s] Level 1:colcon.colcon_core.package_identification:_identify(src/tests_hardware) by extension 'python_setup_py'
[0.249s] Level 1:colcon.colcon_core.package_discovery:discover_packages(recursive) using defaults
[0.249s] Level 1:colcon.colcon_core.package_discovery:discover_packages(ignore) discover
[0.249s] Level 1:colcon.colcon_core.package_discovery:discover_packages(ignore) using defaults
[0.250s] Level 1:colcon.colcon_core.package_discovery:discover_packages(path) discover
[0.250s] Level 1:colcon.colcon_core.package_discovery:discover_packages(path) using defaults
[0.263s] Level 1:colcon.colcon_core.package_discovery:discover_packages(prefix_path) check parameters
[0.263s] Level 1:colcon.colcon_core.package_discovery:discover_packages(prefix_path) discover
[0.266s] DEBUG:colcon.colcon_installed_package_information.package_discovery:Found 340 installed packages in /opt/ros/foxy
[0.267s] Level 1:colcon.colcon_core.package_discovery:discover_packages(prefix_path) using defaults
[0.327s] Level 5:colcon.colcon_core.verb:set package 'client' build argument 'cmake_args' from command line to 'None'
[0.327s] Level 5:colcon.colcon_core.verb:set package 'client' build argument 'cmake_target' from command line to 'None'
[0.327s] Level 5:colcon.colcon_core.verb:set package 'client' build argument 'cmake_target_skip_unavailable' from command line to 'False'
[0.327s] Level 5:colcon.colcon_core.verb:set package 'client' build argument 'cmake_clean_cache' from command line to 'False'
[0.327s] Level 5:colcon.colcon_core.verb:set package 'client' build argument 'cmake_clean_first' from command line to 'False'
[0.327s] Level 5:colcon.colcon_core.verb:set package 'client' build argument 'cmake_force_configure' from command line to 'False'
[0.328s] Level 5:colcon.colcon_core.verb:set package 'client' build argument 'ament_cmake_args' from command line to 'None'
[0.328s] Level 5:colcon.colcon_core.verb:set package 'client' build argument 'catkin_cmake_args' from command line to 'None'
[0.328s] Level 5:colcon.colcon_core.verb:set package 'client' build argument 'catkin_skip_building_tests' from command line to 'False'
[0.328s] DEBUG:colcon.colcon_core.verb:Building package 'client' with the following arguments: {'ament_cmake_args': None, 'build_base': '/home/a/experiment-AI/toTransfer/WebotsSimulations/ros2_ws/build/client', 'catkin_cmake_args': None, 'catkin_skip_building_tests': False, 'cmake_args': None, 'cmake_clean_cache': False, 'cmake_clean_first': False, 'cmake_force_configure': False, 'cmake_target': None, 'cmake_target_skip_unavailable': False, 'install_base': '/home/a/experiment-AI/toTransfer/WebotsSimulations/ros2_ws/install/client', 'merge_install': False, 'path': '/home/a/experiment-AI/toTransfer/WebotsSimulations/ros2_ws/src/client', 'symlink_install': False, 'test_result_base': None}
[0.328s] Level 5:colcon.colcon_core.verb:set package 'hardware_nav_v1' build argument 'cmake_args' from command line to 'None'
[0.328s] Level 5:colcon.colcon_core.verb:set package 'hardware_nav_v1' build argument 'cmake_target' from command line to 'None'
[0.328s] Level 5:colcon.colcon_core.verb:set package 'hardware_nav_v1' build argument 'cmake_target_skip_unavailable' from command line to 'False'
[0.328s] Level 5:colcon.colcon_core.verb:set package 'hardware_nav_v1' build argument 'cmake_clean_cache' from command line to 'False'
[0.328s] Level 5:colcon.colcon_core.verb:set package 'hardware_nav_v1' build argument 'cmake_clean_first' from command line to 'False'
[0.328s] Level 5:colcon.colcon_core.verb:set package 'hardware_nav_v1' build argument 'cmake_force_configure' from command line to 'False'
[0.328s] Level 5:colcon.colcon_core.verb:set package 'hardware_nav_v1' build argument 'ament_cmake_args' from command line to 'None'
[0.328s] Level 5:colcon.colcon_core.verb:set package 'hardware_nav_v1' build argument 'catkin_cmake_args' from command line to 'None'
[0.328s] Level 5:colcon.colcon_core.verb:set package 'hardware_nav_v1' build argument 'catkin_skip_building_tests' from command line to 'False'
[0.328s] DEBUG:colcon.colcon_core.verb:Building package 'hardware_nav_v1' with the following arguments: {'ament_cmake_args': None, 'build_base': '/home/a/experiment-AI/toTransfer/WebotsSimulations/ros2_ws/build/hardware_nav_v1', 'catkin_cmake_args': None, 'catkin_skip_building_tests': False, 'cmake_args': None, 'cmake_clean_cache': False, 'cmake_clean_first': False, 'cmake_force_configure': False, 'cmake_target': None, 'cmake_target_skip_unavailable': False, 'install_base': '/home/a/experiment-AI/toTransfer/WebotsSimulations/ros2_ws/install/hardware_nav_v1', 'merge_install': False, 'path': '/home/a/experiment-AI/toTransfer/WebotsSimulations/ros2_ws/src/hardware_nav_v1', 'symlink_install': False, 'test_result_base': None}
[0.329s] Level 5:colcon.colcon_core.verb:set package 'interfaces' build argument 'cmake_args' from command line to 'None'
[0.329s] Level 5:colcon.colcon_core.verb:set package 'interfaces' build argument 'cmake_target' from command line to 'None'
[0.329s] Level 5:colcon.colcon_core.verb:set package 'interfaces' build argument 'cmake_target_skip_unavailable' from command line to 'False'
[0.329s] Level 5:colcon.colcon_core.verb:set package 'interfaces' build argument 'cmake_clean_cache' from command line to 'False'
[0.329s] Level 5:colcon.colcon_core.verb:set package 'interfaces' build argument 'cmake_clean_first' from command line to 'False'
[0.329s] Level 5:colcon.colcon_core.verb:set package 'interfaces' build argument 'cmake_force_configure' from command line to 'False'
[0.329s] Level 5:colcon.colcon_core.verb:set package 'interfaces' build argument 'ament_cmake_args' from command line to 'None'
[0.329s] Level 5:colcon.colcon_core.verb:set package 'interfaces' build argument 'catkin_cmake_args' from command line to 'None'
[0.329s] Level 5:colcon.colcon_core.verb:set package 'interfaces' build argument 'catkin_skip_building_tests' from command line to 'False'
[0.329s] DEBUG:colcon.colcon_core.verb:Building package 'interfaces' with the following arguments: {'ament_cmake_args': None, 'build_base': '/home/a/experiment-AI/toTransfer/WebotsSimulations/ros2_ws/build/interfaces', 'catkin_cmake_args': None, 'catkin_skip_building_tests': False, 'cmake_args': None, 'cmake_clean_cache': False, 'cmake_clean_first': False, 'cmake_force_configure': False, 'cmake_target': None, 'cmake_target_skip_unavailable': False, 'install_base': '/home/a/experiment-AI/toTransfer/WebotsSimulations/ros2_ws/install/interfaces', 'merge_install': False, 'path': '/home/a/experiment-AI/toTransfer/WebotsSimulations/ros2_ws/src/interfaces', 'symlink_install': False, 'test_result_base': None}
[0.330s] Level 5:colcon.colcon_core.verb:set package 'my_package' build argument 'cmake_args' from command line to 'None'
[0.330s] Level 5:colcon.colcon_core.verb:set package 'my_package' build argument 'cmake_target' from command line to 'None'
[0.330s] Level 5:colcon.colcon_core.verb:set package 'my_package' build argument 'cmake_target_skip_unavailable' from command line to 'False'
[0.330s] Level 5:colcon.colcon_core.verb:set package 'my_package' build argument 'cmake_clean_cache' from command line to 'False'
[0.330s] Level 5:colcon.colcon_core.verb:set package 'my_package' build argument 'cmake_clean_first' from command line to 'False'
[0.330s] Level 5:colcon.colcon_core.verb:set package 'my_package' build argument 'cmake_force_configure' from command line to 'False'
[0.330s] Level 5:colcon.colcon_core.verb:set package 'my_package' build argument 'ament_cmake_args' from command line to 'None'
[0.330s] Level 5:colcon.colcon_core.verb:set package 'my_package' build argument 'catkin_cmake_args' from command line to 'None'
[0.330s] Level 5:colcon.colcon_core.verb:set package 'my_package' build argument 'catkin_skip_building_tests' from command line to 'False'
[0.330s] DEBUG:colcon.colcon_core.verb:Building package 'my_package' with the following arguments: {'ament_cmake_args': None, 'build_base': '/home/a/experiment-AI/toTransfer/WebotsSimulations/ros2_ws/build/my_package', 'catkin_cmake_args': None, 'catkin_skip_building_tests': False, 'cmake_args': None, 'cmake_clean_cache': False, 'cmake_clean_first': False, 'cmake_force_configure': False, 'cmake_target': None, 'cmake_target_skip_unavailable': False, 'install_base': '/home/a/experiment-AI/toTransfer/WebotsSimulations/ros2_ws/install/my_package', 'merge_install': False, 'path': '/home/a/experiment-AI/toTransfer/WebotsSimulations/ros2_ws/src/my_package', 'symlink_install': False, 'test_result_base': None}
[0.331s] Level 5:colcon.colcon_core.verb:set package 'rplidar_ros' build argument 'cmake_args' from command line to 'None'
[0.331s] Level 5:colcon.colcon_core.verb:set package 'rplidar_ros' build argument 'cmake_target' from command line to 'None'
[0.331s] Level 5:colcon.colcon_core.verb:set package 'rplidar_ros' build argument 'cmake_target_skip_unavailable' from command line to 'False'
[0.331s] Level 5:colcon.colcon_core.verb:set package 'rplidar_ros' build argument 'cmake_clean_cache' from command line to 'False'
[0.331s] Level 5:colcon.colcon_core.verb:set package 'rplidar_ros' build argument 'cmake_clean_first' from command line to 'False'
[0.331s] Level 5:colcon.colcon_core.verb:set package 'rplidar_ros' build argument 'cmake_force_configure' from command line to 'False'
[0.331s] Level 5:colcon.colcon_core.verb:set package 'rplidar_ros' build argument 'ament_cmake_args' from command line to 'None'
[0.331s] Level 5:colcon.colcon_core.verb:set package 'rplidar_ros' build argument 'catkin_cmake_args' from command line to 'None'
[0.331s] Level 5:colcon.colcon_core.verb:set package 'rplidar_ros' build argument 'catkin_skip_building_tests' from command line to 'False'
[0.331s] DEBUG:colcon.colcon_core.verb:Building package 'rplidar_ros' with the following arguments: {'ament_cmake_args': None, 'build_base': '/home/a/experiment-AI/toTransfer/WebotsSimulations/ros2_ws/build/rplidar_ros', 'catkin_cmake_args': None, 'catkin_skip_building_tests': False, 'cmake_args': None, 'cmake_clean_cache': False, 'cmake_clean_first': False, 'cmake_force_configure': False, 'cmake_target': None, 'cmake_target_skip_unavailable': False, 'install_base': '/home/a/experiment-AI/toTransfer/WebotsSimulations/ros2_ws/install/rplidar_ros', 'merge_install': False, 'path': '/home/a/experiment-AI/toTransfer/WebotsSimulations/ros2_ws/src/rplidar_ros2-ros2', 'symlink_install': False, 'test_result_base': None}
[0.332s] Level 5:colcon.colcon_core.verb:set package 'sim_nav_v1' build argument 'cmake_args' from command line to 'None'
[0.332s] Level 5:colcon.colcon_core.verb:set package 'sim_nav_v1' build argument 'cmake_target' from command line to 'None'
[0.332s] Level 5:colcon.colcon_core.verb:set package 'sim_nav_v1' build argument 'cmake_target_skip_unavailable' from command line to 'False'
[0.332s] Level 5:colcon.colcon_core.verb:set package 'sim_nav_v1' build argument 'cmake_clean_cache' from command line to 'False'
[0.332s] Level 5:colcon.colcon_core.verb:set package 'sim_nav_v1' build argument 'cmake_clean_first' from command line to 'False'
[0.332s] Level 5:colcon.colcon_core.verb:set package 'sim_nav_v1' build argument 'cmake_force_configure' from command line to 'False'
[0.332s] Level 5:colcon.colcon_core.verb:set package 'sim_nav_v1' build argument 'ament_cmake_args' from command line to 'None'
[0.332s] Level 5:colcon.colcon_core.verb:set package 'sim_nav_v1' build argument 'catkin_cmake_args' from command line to 'None'
[0.332s] Level 5:colcon.colcon_core.verb:set package 'sim_nav_v1' build argument 'catkin_skip_building_tests' from command line to 'False'
[0.332s] DEBUG:colcon.colcon_core.verb:Building package 'sim_nav_v1' with the following arguments: {'ament_cmake_args': None, 'build_base': '/home/a/experiment-AI/toTransfer/WebotsSimulations/ros2_ws/build/sim_nav_v1', 'catkin_cmake_args': None, 'catkin_skip_building_tests': False, 'cmake_args': None, 'cmake_clean_cache': False, 'cmake_clean_first': False, 'cmake_force_configure': False, 'cmake_target': None, 'cmake_target_skip_unavailable': False, 'install_base': '/home/a/experiment-AI/toTransfer/WebotsSimulations/ros2_ws/install/sim_nav_v1', 'merge_install': False, 'path': '/home/a/experiment-AI/toTransfer/WebotsSimulations/ros2_ws/src/sim_nav_v1', 'symlink_install': False, 'test_result_base': None}
[0.333s] Level 5:colcon.colcon_core.verb:set package 'sllidar_ros2' build argument 'cmake_args' from command line to 'None'
[0.333s] Level 5:colcon.colcon_core.verb:set package 'sllidar_ros2' build argument 'cmake_target' from command line to 'None'
[0.333s] Level 5:colcon.colcon_core.verb:set package 'sllidar_ros2' build argument 'cmake_target_skip_unavailable' from command line to 'False'
[0.333s] Level 5:colcon.colcon_core.verb:set package 'sllidar_ros2' build argument 'cmake_clean_cache' from command line to 'False'
[0.333s] Level 5:colcon.colcon_core.verb:set package 'sllidar_ros2' build argument 'cmake_clean_first' from command line to 'False'
[0.333s] Level 5:colcon.colcon_core.verb:set package 'sllidar_ros2' build argument 'cmake_force_configure' from command line to 'False'
[0.333s] Level 5:colcon.colcon_core.verb:set package 'sllidar_ros2' build argument 'ament_cmake_args' from command line to 'None'
[0.333s] Level 5:colcon.colcon_core.verb:set package 'sllidar_ros2' build argument 'catkin_cmake_args' from command line to 'None'
[0.333s] Level 5:colcon.colcon_core.verb:set package 'sllidar_ros2' build argument 'catkin_skip_building_tests' from command line to 'False'
[0.333s] DEBUG:colcon.colcon_core.verb:Building package 'sllidar_ros2' with the following arguments: {'ament_cmake_args': None, 'build_base': '/home/a/experiment-AI/toTransfer/WebotsSimulations/ros2_ws/build/sllidar_ros2', 'catkin_cmake_args': None, 'catkin_skip_building_tests': False, 'cmake_args': None, 'cmake_clean_cache': False, 'cmake_clean_first': False, 'cmake_force_configure': False, 'cmake_target': None, 'cmake_target_skip_unavailable': False, 'install_base': '/home/a/experiment-AI/toTransfer/WebotsSimulations/ros2_ws/install/sllidar_ros2', 'merge_install': False, 'path': '/home/a/experiment-AI/toTransfer/WebotsSimulations/ros2_ws/src/sllidar_ros2-main', 'symlink_install': False, 'test_result_base': None}
[0.333s] INFO:colcon.colcon_core.executor:Executing jobs using 'parallel' executor
[0.336s] DEBUG:colcon.colcon_parallel_executor.executor.parallel:run_until_complete
[0.336s] INFO:colcon.colcon_ros.task.ament_python.build:Building ROS package in '/home/a/experiment-AI/toTransfer/WebotsSimulations/ros2_ws/src/client' with build type 'ament_python'
[0.336s] Level 1:colcon.colcon_core.shell:create_environment_hook('client', 'ament_prefix_path')
[0.339s] INFO:colcon.colcon_core.plugin_system:Skipping extension 'colcon_core.shell.bat': Not used on non-Windows systems
[0.339s] INFO:colcon.colcon_core.shell:Creating environment hook '/home/a/experiment-AI/toTransfer/WebotsSimulations/ros2_ws/install/client/share/client/hook/ament_prefix_path.ps1'
[0.340s] INFO:colcon.colcon_core.shell:Creating environment descriptor '/home/a/experiment-AI/toTransfer/WebotsSimulations/ros2_ws/install/client/share/client/hook/ament_prefix_path.dsv'
[0.340s] INFO:colcon.colcon_core.shell:Creating environment hook '/home/a/experiment-AI/toTransfer/WebotsSimulations/ros2_ws/install/client/share/client/hook/ament_prefix_path.sh'
[0.341s] INFO:colcon.colcon_core.shell:Skip shell extension 'powershell' for command environment: Not usable outside of PowerShell
[0.341s] DEBUG:colcon.colcon_core.shell:Skip shell extension 'dsv' for command environment
[0.345s] INFO:colcon.colcon_ros.task.ament_python.build:Building ROS package in '/home/a/experiment-AI/toTransfer/WebotsSimulations/ros2_ws/src/hardware_nav_v1' with build type 'ament_python'
[0.345s] Level 1:colcon.colcon_core.shell:create_environment_hook('hardware_nav_v1', 'ament_prefix_path')
[0.346s] INFO:colcon.colcon_core.shell:Creating environment hook '/home/a/experiment-AI/toTransfer/WebotsSimulations/ros2_ws/install/hardware_nav_v1/share/hardware_nav_v1/hook/ament_prefix_path.ps1'
[0.347s] INFO:colcon.colcon_core.shell:Creating environment descriptor '/home/a/experiment-AI/toTransfer/WebotsSimulations/ros2_ws/install/hardware_nav_v1/share/hardware_nav_v1/hook/ament_prefix_path.dsv'
[0.347s] INFO:colcon.colcon_core.shell:Creating environment hook '/home/a/experiment-AI/toTransfer/WebotsSimulations/ros2_ws/install/hardware_nav_v1/share/hardware_nav_v1/hook/ament_prefix_path.sh'
[0.348s] INFO:colcon.colcon_core.shell:Skip shell extension 'powershell' for command environment: Not usable outside of PowerShell
[0.348s] DEBUG:colcon.colcon_core.shell:Skip shell extension 'dsv' for command environment
[0.352s] INFO:colcon.colcon_ros.task.ament_cmake.build:Building ROS package in '/home/a/experiment-AI/toTransfer/WebotsSimulations/ros2_ws/src/interfaces' with build type 'ament_cmake'
[0.352s] INFO:colcon.colcon_cmake.task.cmake.build:Building CMake package in '/home/a/experiment-AI/toTransfer/WebotsSimulations/ros2_ws/src/interfaces'
[0.353s] INFO:colcon.colcon_core.shell:Skip shell extension 'powershell' for command environment: Not usable outside of PowerShell
[0.353s] DEBUG:colcon.colcon_core.shell:Skip shell extension 'dsv' for command environment
[0.356s] INFO:colcon.colcon_ros.task.ament_python.build:Building ROS package in '/home/a/experiment-AI/toTransfer/WebotsSimulations/ros2_ws/src/my_package' with build type 'ament_python'
[0.357s] Level 1:colcon.colcon_core.shell:create_environment_hook('my_package', 'ament_prefix_path')
[0.358s] INFO:colcon.colcon_core.shell:Creating environment hook '/home/a/experiment-AI/toTransfer/WebotsSimulations/ros2_ws/install/my_package/share/my_package/hook/ament_prefix_path.ps1'
[0.359s] INFO:colcon.colcon_core.shell:Creating environment descriptor '/home/a/experiment-AI/toTransfer/WebotsSimulations/ros2_ws/install/my_package/share/my_package/hook/ament_prefix_path.dsv'
[0.359s] INFO:colcon.colcon_core.shell:Creating environment hook '/home/a/experiment-AI/toTransfer/WebotsSimulations/ros2_ws/install/my_package/share/my_package/hook/ament_prefix_path.sh'
[0.360s] INFO:colcon.colcon_core.shell:Skip shell extension 'powershell' for command environment: Not usable outside of PowerShell
[0.360s] DEBUG:colcon.colcon_core.shell:Skip shell extension 'dsv' for command environment
[0.363s] INFO:colcon.colcon_ros.task.ament_cmake.build:Building ROS package in '/home/a/experiment-AI/toTransfer/WebotsSimulations/ros2_ws/src/rplidar_ros2-ros2' with build type 'ament_cmake'
[0.363s] INFO:colcon.colcon_cmake.task.cmake.build:Building CMake package in '/home/a/experiment-AI/toTransfer/WebotsSimulations/ros2_ws/src/rplidar_ros2-ros2'
[0.365s] INFO:colcon.colcon_core.shell:Skip shell extension 'powershell' for command environment: Not usable outside of PowerShell
[0.365s] DEBUG:colcon.colcon_core.shell:Skip shell extension 'dsv' for command environment
[0.368s] INFO:colcon.colcon_ros.task.ament_python.build:Building ROS package in '/home/a/experiment-AI/toTransfer/WebotsSimulations/ros2_ws/src/sim_nav_v1' with build type 'ament_python'
[0.369s] Level 1:colcon.colcon_core.shell:create_environment_hook('sim_nav_v1', 'ament_prefix_path')
[0.370s] INFO:colcon.colcon_core.shell:Creating environment hook '/home/a/experiment-AI/toTransfer/WebotsSimulations/ros2_ws/install/sim_nav_v1/share/sim_nav_v1/hook/ament_prefix_path.ps1'
[0.371s] INFO:colcon.colcon_core.shell:Creating environment descriptor '/home/a/experiment-AI/toTransfer/WebotsSimulations/ros2_ws/install/sim_nav_v1/share/sim_nav_v1/hook/ament_prefix_path.dsv'
[0.371s] INFO:colcon.colcon_core.shell:Creating environment hook '/home/a/experiment-AI/toTransfer/WebotsSimulations/ros2_ws/install/sim_nav_v1/share/sim_nav_v1/hook/ament_prefix_path.sh'
[0.372s] INFO:colcon.colcon_core.shell:Skip shell extension 'powershell' for command environment: Not usable outside of PowerShell
[0.372s] DEBUG:colcon.colcon_core.shell:Skip shell extension 'dsv' for command environment
[0.375s] INFO:colcon.colcon_ros.task.ament_cmake.build:Building ROS package in '/home/a/experiment-AI/toTransfer/WebotsSimulations/ros2_ws/src/sllidar_ros2-main' with build type 'ament_cmake'
[0.375s] INFO:colcon.colcon_cmake.task.cmake.build:Building CMake package in '/home/a/experiment-AI/toTransfer/WebotsSimulations/ros2_ws/src/sllidar_ros2-main'
[0.376s] INFO:colcon.colcon_core.shell:Skip shell extension 'powershell' for command environment: Not usable outside of PowerShell
[0.376s] DEBUG:colcon.colcon_core.shell:Skip shell extension 'dsv' for command environment
[0.546s] INFO:colcon.colcon_core.task.python.build:Building Python package in '/home/a/experiment-AI/toTransfer/WebotsSimulations/ros2_ws/src/client'
[0.547s] INFO:colcon.colcon_core.shell:Skip shell extension 'powershell' for command environment: Not usable outside of PowerShell
[0.547s] DEBUG:colcon.colcon_core.shell:Skip shell extension 'dsv' for command environment
[0.703s] INFO:colcon.colcon_core.task.python.build:Building Python package in '/home/a/experiment-AI/toTransfer/WebotsSimulations/ros2_ws/src/hardware_nav_v1'
[0.704s] INFO:colcon.colcon_core.shell:Skip shell extension 'powershell' for command environment: Not usable outside of PowerShell
[0.704s] DEBUG:colcon.colcon_core.shell:Skip shell extension 'dsv' for command environment
[0.711s] DEBUG:colcon.colcon_core.event_handler.log_command:Invoking command in '/home/a/experiment-AI/toTransfer/WebotsSimulations/ros2_ws/build/interfaces': CMAKE_PREFIX_PATH=/opt/ros/foxy /usr/bin/cmake /home/a/experiment-AI/toTransfer/WebotsSimulations/ros2_ws/src/interfaces -DCMAKE_INSTALL_PREFIX=/home/a/experiment-AI/toTransfer/WebotsSimulations/ros2_ws/install/interfaces
[0.896s] INFO:colcon.colcon_core.task.python.build:Building Python package in '/home/a/experiment-AI/toTransfer/WebotsSimulations/ros2_ws/src/my_package'
[0.898s] INFO:colcon.colcon_core.shell:Skip shell extension 'powershell' for command environment: Not usable outside of PowerShell
[0.898s] DEBUG:colcon.colcon_core.shell:Skip shell extension 'dsv' for command environment
[0.906s] DEBUG:colcon.colcon_core.event_handler.log_command:Invoking command in '/home/a/experiment-AI/toTransfer/WebotsSimulations/ros2_ws/build/rplidar_ros': CMAKE_PREFIX_PATH=/opt/ros/foxy /usr/bin/cmake /home/a/experiment-AI/toTransfer/WebotsSimulations/ros2_ws/src/rplidar_ros2-ros2 -DCMAKE_INSTALL_PREFIX=/home/a/experiment-AI/toTransfer/WebotsSimulations/ros2_ws/install/rplidar_ros
[1.099s] INFO:colcon.colcon_core.task.python.build:Building Python package in '/home/a/experiment-AI/toTransfer/WebotsSimulations/ros2_ws/src/sim_nav_v1'
[1.101s] INFO:colcon.colcon_core.shell:Skip shell extension 'powershell' for command environment: Not usable outside of PowerShell
[1.101s] DEBUG:colcon.colcon_core.shell:Skip shell extension 'dsv' for command environment
[1.109s] DEBUG:colcon.colcon_core.event_handler.log_command:Invoking command in '/home/a/experiment-AI/toTransfer/WebotsSimulations/ros2_ws/build/sllidar_ros2': CMAKE_PREFIX_PATH=/opt/ros/foxy /usr/bin/cmake /home/a/experiment-AI/toTransfer/WebotsSimulations/ros2_ws/src/sllidar_ros2-main -DCMAKE_INSTALL_PREFIX=/home/a/experiment-AI/toTransfer/WebotsSimulations/ros2_ws/install/sllidar_ros2
[1.523s] DEBUG:colcon.colcon_core.event_handler.log_command:Invoking command in '/home/a/experiment-AI/toTransfer/WebotsSimulations/ros2_ws/src/client': PYTHONPATH=/home/a/experiment-AI/toTransfer/WebotsSimulations/ros2_ws/build/client/prefix_override:/home/a/experiment-AI/toTransfer/WebotsSimulations/ros2_ws/install/client/lib/python3.8/site-packages:${PYTHONPATH} /usr/bin/python3 setup.py egg_info --egg-base ../../build/client build --build-base /home/a/experiment-AI/toTransfer/WebotsSimulations/ros2_ws/build/client/build install --record /home/a/experiment-AI/toTransfer/WebotsSimulations/ros2_ws/build/client/install.log --install-scripts $base/lib/client --single-version-externally-managed
[1.546s] DEBUG:colcon.colcon_core.event_handler.log_command:Invoking command in '/home/a/experiment-AI/toTransfer/WebotsSimulations/ros2_ws/src/my_package': PYTHONPATH=/home/a/experiment-AI/toTransfer/WebotsSimulations/ros2_ws/build/my_package/prefix_override:/home/a/experiment-AI/toTransfer/WebotsSimulations/ros2_ws/install/my_package/lib/python3.8/site-packages:${PYTHONPATH} /usr/bin/python3 setup.py egg_info --egg-base ../../build/my_package build --build-base /home/a/experiment-AI/toTransfer/WebotsSimulations/ros2_ws/build/my_package/build install --record /home/a/experiment-AI/toTransfer/WebotsSimulations/ros2_ws/build/my_package/install.log --install-scripts $base/lib/my_package --single-version-externally-managed
[1.553s] DEBUG:colcon.colcon_core.event_handler.log_command:Invoking command in '/home/a/experiment-AI/toTransfer/WebotsSimulations/ros2_ws/src/sim_nav_v1': PYTHONPATH=/home/a/experiment-AI/toTransfer/WebotsSimulations/ros2_ws/build/sim_nav_v1/prefix_override:/home/a/experiment-AI/toTransfer/WebotsSimulations/ros2_ws/install/sim_nav_v1/lib/python3.8/site-packages:${PYTHONPATH} /usr/bin/python3 setup.py egg_info --egg-base ../../build/sim_nav_v1 build --build-base /home/a/experiment-AI/toTransfer/WebotsSimulations/ros2_ws/build/sim_nav_v1/build install --record /home/a/experiment-AI/toTransfer/WebotsSimulations/ros2_ws/build/sim_nav_v1/install.log --install-scripts $base/lib/sim_nav_v1 --single-version-externally-managed
[1.588s] DEBUG:colcon.colcon_core.event_handler.log_command:Invoking command in '/home/a/experiment-AI/toTransfer/WebotsSimulations/ros2_ws/src/hardware_nav_v1': PYTHONPATH=/home/a/experiment-AI/toTransfer/WebotsSimulations/ros2_ws/build/hardware_nav_v1/prefix_override:/home/a/experiment-AI/toTransfer/WebotsSimulations/ros2_ws/install/hardware_nav_v1/lib/python3.8/site-packages:${PYTHONPATH} /usr/bin/python3 setup.py egg_info --egg-base ../../build/hardware_nav_v1 build --build-base /home/a/experiment-AI/toTransfer/WebotsSimulations/ros2_ws/build/hardware_nav_v1/build install --record /home/a/experiment-AI/toTransfer/WebotsSimulations/ros2_ws/build/hardware_nav_v1/install.log --install-scripts $base/lib/hardware_nav_v1 --single-version-externally-managed
[1.861s] DEBUG:colcon.colcon_core.event_handler.log_command:Invoked command in '/home/a/experiment-AI/toTransfer/WebotsSimulations/ros2_ws/src/client' returned '0': PYTHONPATH=/home/a/experiment-AI/toTransfer/WebotsSimulations/ros2_ws/build/client/prefix_override:/home/a/experiment-AI/toTransfer/WebotsSimulations/ros2_ws/install/client/lib/python3.8/site-packages:${PYTHONPATH} /usr/bin/python3 setup.py egg_info --egg-base ../../build/client build --build-base /home/a/experiment-AI/toTransfer/WebotsSimulations/ros2_ws/build/client/build install --record /home/a/experiment-AI/toTransfer/WebotsSimulations/ros2_ws/build/client/install.log --install-scripts $base/lib/client --single-version-externally-managed
[1.866s] Level 1:colcon.colcon_core.environment:checking '/home/a/experiment-AI/toTransfer/WebotsSimulations/ros2_ws/install/client' for CMake module files
[1.867s] Level 1:colcon.colcon_core.environment:checking '/home/a/experiment-AI/toTransfer/WebotsSimulations/ros2_ws/install/client' for CMake config files
[1.868s] Level 1:colcon.colcon_core.environment:checking '/home/a/experiment-AI/toTransfer/WebotsSimulations/ros2_ws/install/client/lib'
[1.868s] Level 1:colcon.colcon_core.environment:checking '/home/a/experiment-AI/toTransfer/WebotsSimulations/ros2_ws/install/client/bin'
[1.868s] Level 1:colcon.colcon_core.environment:checking '/home/a/experiment-AI/toTransfer/WebotsSimulations/ros2_ws/install/client/lib/pkgconfig/client.pc'
[1.868s] Level 1:colcon.colcon_core.environment:checking '/home/a/experiment-AI/toTransfer/WebotsSimulations/ros2_ws/install/client/lib/python3.8/site-packages'
[1.868s] Level 1:colcon.colcon_core.shell:create_environment_hook('client', 'pythonpath')
[1.870s] INFO:colcon.colcon_core.shell:Creating environment hook '/home/a/experiment-AI/toTransfer/WebotsSimulations/ros2_ws/install/client/share/client/hook/pythonpath.ps1'
[1.870s] INFO:colcon.colcon_core.shell:Creating environment descriptor '/home/a/experiment-AI/toTransfer/WebotsSimulations/ros2_ws/install/client/share/client/hook/pythonpath.dsv'
[1.871s] INFO:colcon.colcon_core.shell:Creating environment hook '/home/a/experiment-AI/toTransfer/WebotsSimulations/ros2_ws/install/client/share/client/hook/pythonpath.sh'
[1.871s] Level 1:colcon.colcon_core.environment:checking '/home/a/experiment-AI/toTransfer/WebotsSimulations/ros2_ws/install/client/bin'
[1.871s] Level 1:colcon.colcon_core.environment:create_environment_scripts_only(client)
[1.873s] INFO:colcon.colcon_core.shell:Creating package script '/home/a/experiment-AI/toTransfer/WebotsSimulations/ros2_ws/install/client/share/client/package.ps1'
[1.874s] INFO:colcon.colcon_core.shell:Creating package descriptor '/home/a/experiment-AI/toTransfer/WebotsSimulations/ros2_ws/install/client/share/client/package.dsv'
[1.875s] INFO:colcon.colcon_core.shell:Creating package script '/home/a/experiment-AI/toTransfer/WebotsSimulations/ros2_ws/install/client/share/client/package.sh'
[1.877s] INFO:colcon.colcon_core.shell:Creating package script '/home/a/experiment-AI/toTransfer/WebotsSimulations/ros2_ws/install/client/share/client/package.bash'
[1.878s] INFO:colcon.colcon_core.shell:Creating package script '/home/a/experiment-AI/toTransfer/WebotsSimulations/ros2_ws/install/client/share/client/package.zsh'
[1.880s] Level 1:colcon.colcon_core.environment:create_file_with_runtime_dependencies(/home/a/experiment-AI/toTransfer/WebotsSimulations/ros2_ws/install/client/share/colcon-core/packages/client)
[1.889s] Level 1:colcon.colcon_core.environment:checking '/home/a/experiment-AI/toTransfer/WebotsSimulations/ros2_ws/install/sim_nav_v1' for CMake module files
[1.890s] Level 1:colcon.colcon_core.environment:checking '/home/a/experiment-AI/toTransfer/WebotsSimulations/ros2_ws/install/sim_nav_v1' for CMake config files
[1.890s] DEBUG:colcon.colcon_core.event_handler.log_command:Invoked command in '/home/a/experiment-AI/toTransfer/WebotsSimulations/ros2_ws/src/sim_nav_v1' returned '0': PYTHONPATH=/home/a/experiment-AI/toTransfer/WebotsSimulations/ros2_ws/build/sim_nav_v1/prefix_override:/home/a/experiment-AI/toTransfer/WebotsSimulations/ros2_ws/install/sim_nav_v1/lib/python3.8/site-packages:${PYTHONPATH} /usr/bin/python3 setup.py egg_info --egg-base ../../build/sim_nav_v1 build --build-base /home/a/experiment-AI/toTransfer/WebotsSimulations/ros2_ws/build/sim_nav_v1/build install --record /home/a/experiment-AI/toTransfer/WebotsSimulations/ros2_ws/build/sim_nav_v1/install.log --install-scripts $base/lib/sim_nav_v1 --single-version-externally-managed
[1.892s] Level 1:colcon.colcon_core.environment:checking '/home/a/experiment-AI/toTransfer/WebotsSimulations/ros2_ws/install/sim_nav_v1/lib'
[1.892s] Level 1:colcon.colcon_core.environment:checking '/home/a/experiment-AI/toTransfer/WebotsSimulations/ros2_ws/install/sim_nav_v1/bin'
[1.892s] Level 1:colcon.colcon_core.environment:checking '/home/a/experiment-AI/toTransfer/WebotsSimulations/ros2_ws/install/sim_nav_v1/lib/pkgconfig/sim_nav_v1.pc'
[1.892s] Level 1:colcon.colcon_core.environment:checking '/home/a/experiment-AI/toTransfer/WebotsSimulations/ros2_ws/install/sim_nav_v1/lib/python3.8/site-packages'
[1.892s] Level 1:colcon.colcon_core.shell:create_environment_hook('sim_nav_v1', 'pythonpath')
[1.894s] INFO:colcon.colcon_core.shell:Creating environment hook '/home/a/experiment-AI/toTransfer/WebotsSimulations/ros2_ws/install/sim_nav_v1/share/sim_nav_v1/hook/pythonpath.ps1'
[1.895s] INFO:colcon.colcon_core.shell:Creating environment descriptor '/home/a/experiment-AI/toTransfer/WebotsSimulations/ros2_ws/install/sim_nav_v1/share/sim_nav_v1/hook/pythonpath.dsv'
[1.895s] INFO:colcon.colcon_core.shell:Creating environment hook '/home/a/experiment-AI/toTransfer/WebotsSimulations/ros2_ws/install/sim_nav_v1/share/sim_nav_v1/hook/pythonpath.sh'
[1.896s] Level 1:colcon.colcon_core.environment:checking '/home/a/experiment-AI/toTransfer/WebotsSimulations/ros2_ws/install/sim_nav_v1/bin'
[1.896s] Level 1:colcon.colcon_core.environment:create_environment_scripts_only(sim_nav_v1)
[1.897s] INFO:colcon.colcon_core.shell:Creating package script '/home/a/experiment-AI/toTransfer/WebotsSimulations/ros2_ws/install/sim_nav_v1/share/sim_nav_v1/package.ps1'
[1.898s] INFO:colcon.colcon_core.shell:Creating package descriptor '/home/a/experiment-AI/toTransfer/WebotsSimulations/ros2_ws/install/sim_nav_v1/share/sim_nav_v1/package.dsv'
[1.898s] INFO:colcon.colcon_core.shell:Creating package script '/home/a/experiment-AI/toTransfer/WebotsSimulations/ros2_ws/install/sim_nav_v1/share/sim_nav_v1/package.sh'
[1.898s] INFO:colcon.colcon_core.shell:Creating package script '/home/a/experiment-AI/toTransfer/WebotsSimulations/ros2_ws/install/sim_nav_v1/share/sim_nav_v1/package.bash'
[1.899s] INFO:colcon.colcon_core.shell:Creating package script '/home/a/experiment-AI/toTransfer/WebotsSimulations/ros2_ws/install/sim_nav_v1/share/sim_nav_v1/package.zsh'
[1.899s] Level 1:colcon.colcon_core.environment:create_file_with_runtime_dependencies(/home/a/experiment-AI/toTransfer/WebotsSimulations/ros2_ws/install/sim_nav_v1/share/colcon-core/packages/sim_nav_v1)
[1.902s] Level 1:colcon.colcon_core.environment:checking '/home/a/experiment-AI/toTransfer/WebotsSimulations/ros2_ws/install/my_package' for CMake module files
[1.903s] DEBUG:colcon.colcon_core.event_handler.log_command:Invoked command in '/home/a/experiment-AI/toTransfer/WebotsSimulations/ros2_ws/src/my_package' returned '0': PYTHONPATH=/home/a/experiment-AI/toTransfer/WebotsSimulations/ros2_ws/build/my_package/prefix_override:/home/a/experiment-AI/toTransfer/WebotsSimulations/ros2_ws/install/my_package/lib/python3.8/site-packages:${PYTHONPATH} /usr/bin/python3 setup.py egg_info --egg-base ../../build/my_package build --build-base /home/a/experiment-AI/toTransfer/WebotsSimulations/ros2_ws/build/my_package/build install --record /home/a/experiment-AI/toTransfer/WebotsSimulations/ros2_ws/build/my_package/install.log --install-scripts $base/lib/my_package --single-version-externally-managed
[1.903s] Level 1:colcon.colcon_core.environment:checking '/home/a/experiment-AI/toTransfer/WebotsSimulations/ros2_ws/install/my_package' for CMake config files
[1.904s] Level 1:colcon.colcon_core.environment:checking '/home/a/experiment-AI/toTransfer/WebotsSimulations/ros2_ws/install/my_package/lib'
[1.904s] Level 1:colcon.colcon_core.environment:checking '/home/a/experiment-AI/toTransfer/WebotsSimulations/ros2_ws/install/my_package/bin'
[1.904s] Level 1:colcon.colcon_core.environment:checking '/home/a/experiment-AI/toTransfer/WebotsSimulations/ros2_ws/install/my_package/lib/pkgconfig/my_package.pc'
[1.905s] Level 1:colcon.colcon_core.environment:checking '/home/a/experiment-AI/toTransfer/WebotsSimulations/ros2_ws/install/my_package/lib/python3.8/site-packages'
[1.905s] Level 1:colcon.colcon_core.shell:create_environment_hook('my_package', 'pythonpath')
[1.907s] INFO:colcon.colcon_core.shell:Creating environment hook '/home/a/experiment-AI/toTransfer/WebotsSimulations/ros2_ws/install/my_package/share/my_package/hook/pythonpath.ps1'
[1.907s] INFO:colcon.colcon_core.shell:Creating environment descriptor '/home/a/experiment-AI/toTransfer/WebotsSimulations/ros2_ws/install/my_package/share/my_package/hook/pythonpath.dsv'
[1.907s] INFO:colcon.colcon_core.shell:Creating environment hook '/home/a/experiment-AI/toTransfer/WebotsSimulations/ros2_ws/install/my_package/share/my_package/hook/pythonpath.sh'
[1.908s] Level 1:colcon.colcon_core.environment:checking '/home/a/experiment-AI/toTransfer/WebotsSimulations/ros2_ws/install/my_package/bin'
[1.908s] Level 1:colcon.colcon_core.environment:create_environment_scripts_only(my_package)
[1.911s] INFO:colcon.colcon_core.shell:Creating package script '/home/a/experiment-AI/toTransfer/WebotsSimulations/ros2_ws/install/my_package/share/my_package/package.ps1'
[1.912s] INFO:colcon.colcon_core.shell:Creating package descriptor '/home/a/experiment-AI/toTransfer/WebotsSimulations/ros2_ws/install/my_package/share/my_package/package.dsv'
[1.913s] INFO:colcon.colcon_core.shell:Creating package script '/home/a/experiment-AI/toTransfer/WebotsSimulations/ros2_ws/install/my_package/share/my_package/package.sh'
[1.913s] INFO:colcon.colcon_core.shell:Creating package script '/home/a/experiment-AI/toTransfer/WebotsSimulations/ros2_ws/install/my_package/share/my_package/package.bash'
[1.914s] INFO:colcon.colcon_core.shell:Creating package script '/home/a/experiment-AI/toTransfer/WebotsSimulations/ros2_ws/install/my_package/share/my_package/package.zsh'
[1.914s] Level 1:colcon.colcon_core.environment:create_file_with_runtime_dependencies(/home/a/experiment-AI/toTransfer/WebotsSimulations/ros2_ws/install/my_package/share/colcon-core/packages/my_package)
[1.930s] Level 1:colcon.colcon_core.environment:checking '/home/a/experiment-AI/toTransfer/WebotsSimulations/ros2_ws/install/hardware_nav_v1' for CMake module files
[1.931s] DEBUG:colcon.colcon_core.event_handler.log_command:Invoked command in '/home/a/experiment-AI/toTransfer/WebotsSimulations/ros2_ws/src/hardware_nav_v1' returned '0': PYTHONPATH=/home/a/experiment-AI/toTransfer/WebotsSimulations/ros2_ws/build/hardware_nav_v1/prefix_override:/home/a/experiment-AI/toTransfer/WebotsSimulations/ros2_ws/install/hardware_nav_v1/lib/python3.8/site-packages:${PYTHONPATH} /usr/bin/python3 setup.py egg_info --egg-base ../../build/hardware_nav_v1 build --build-base /home/a/experiment-AI/toTransfer/WebotsSimulations/ros2_ws/build/hardware_nav_v1/build install --record /home/a/experiment-AI/toTransfer/WebotsSimulations/ros2_ws/build/hardware_nav_v1/install.log --install-scripts $base/lib/hardware_nav_v1 --single-version-externally-managed
[1.931s] Level 1:colcon.colcon_core.environment:checking '/home/a/experiment-AI/toTransfer/WebotsSimulations/ros2_ws/install/hardware_nav_v1' for CMake config files
[1.932s] Level 1:colcon.colcon_core.environment:checking '/home/a/experiment-AI/toTransfer/WebotsSimulations/ros2_ws/install/hardware_nav_v1/lib'
[1.932s] Level 1:colcon.colcon_core.environment:checking '/home/a/experiment-AI/toTransfer/WebotsSimulations/ros2_ws/install/hardware_nav_v1/bin'
[1.932s] Level 1:colcon.colcon_core.environment:checking '/home/a/experiment-AI/toTransfer/WebotsSimulations/ros2_ws/install/hardware_nav_v1/lib/pkgconfig/hardware_nav_v1.pc'
[1.932s] Level 1:colcon.colcon_core.environment:checking '/home/a/experiment-AI/toTransfer/WebotsSimulations/ros2_ws/install/hardware_nav_v1/lib/python3.8/site-packages'
[1.932s] Level 1:colcon.colcon_core.shell:create_environment_hook('hardware_nav_v1', 'pythonpath')
[1.934s] INFO:colcon.colcon_core.shell:Creating environment hook '/home/a/experiment-AI/toTransfer/WebotsSimulations/ros2_ws/install/hardware_nav_v1/share/hardware_nav_v1/hook/pythonpath.ps1'
[1.934s] INFO:colcon.colcon_core.shell:Creating environment descriptor '/home/a/experiment-AI/toTransfer/WebotsSimulations/ros2_ws/install/hardware_nav_v1/share/hardware_nav_v1/hook/pythonpath.dsv'
[1.935s] INFO:colcon.colcon_core.shell:Creating environment hook '/home/a/experiment-AI/toTransfer/WebotsSimulations/ros2_ws/install/hardware_nav_v1/share/hardware_nav_v1/hook/pythonpath.sh'
[1.935s] Level 1:colcon.colcon_core.environment:checking '/home/a/experiment-AI/toTransfer/WebotsSimulations/ros2_ws/install/hardware_nav_v1/bin'
[1.935s] Level 1:colcon.colcon_core.environment:create_environment_scripts_only(hardware_nav_v1)
[1.938s] INFO:colcon.colcon_core.shell:Creating package script '/home/a/experiment-AI/toTransfer/WebotsSimulations/ros2_ws/install/hardware_nav_v1/share/hardware_nav_v1/package.ps1'
[1.938s] INFO:colcon.colcon_core.shell:Creating package descriptor '/home/a/experiment-AI/toTransfer/WebotsSimulations/ros2_ws/install/hardware_nav_v1/share/hardware_nav_v1/package.dsv'
[1.939s] INFO:colcon.colcon_core.shell:Creating package script '/home/a/experiment-AI/toTransfer/WebotsSimulations/ros2_ws/install/hardware_nav_v1/share/hardware_nav_v1/package.sh'
[1.939s] INFO:colcon.colcon_core.shell:Creating package script '/home/a/experiment-AI/toTransfer/WebotsSimulations/ros2_ws/install/hardware_nav_v1/share/hardware_nav_v1/package.bash'
[1.939s] INFO:colcon.colcon_core.shell:Creating package script '/home/a/experiment-AI/toTransfer/WebotsSimulations/ros2_ws/install/hardware_nav_v1/share/hardware_nav_v1/package.zsh'
[1.940s] Level 1:colcon.colcon_core.environment:create_file_with_runtime_dependencies(/home/a/experiment-AI/toTransfer/WebotsSimulations/ros2_ws/install/hardware_nav_v1/share/colcon-core/packages/hardware_nav_v1)
[2.291s] DEBUG:colcon.colcon_core.event_handler.log_command:Invoked command in '/home/a/experiment-AI/toTransfer/WebotsSimulations/ros2_ws/build/interfaces' returned '0': CMAKE_PREFIX_PATH=/opt/ros/foxy /usr/bin/cmake /home/a/experiment-AI/toTransfer/WebotsSimulations/ros2_ws/src/interfaces -DCMAKE_INSTALL_PREFIX=/home/a/experiment-AI/toTransfer/WebotsSimulations/ros2_ws/install/interfaces
[2.293s] DEBUG:colcon.colcon_core.event_handler.log_command:Invoking command in '/home/a/experiment-AI/toTransfer/WebotsSimulations/ros2_ws/build/interfaces': CMAKE_PREFIX_PATH=/opt/ros/foxy /usr/bin/cmake --build /home/a/experiment-AI/toTransfer/WebotsSimulations/ros2_ws/build/interfaces -- -j16 -l16
[2.592s] DEBUG:colcon.colcon_core.event_handler.log_command:Invoked command in '/home/a/experiment-AI/toTransfer/WebotsSimulations/ros2_ws/build/rplidar_ros' returned '0': CMAKE_PREFIX_PATH=/opt/ros/foxy /usr/bin/cmake /home/a/experiment-AI/toTransfer/WebotsSimulations/ros2_ws/src/rplidar_ros2-ros2 -DCMAKE_INSTALL_PREFIX=/home/a/experiment-AI/toTransfer/WebotsSimulations/ros2_ws/install/rplidar_ros
[2.595s] DEBUG:colcon.colcon_core.event_handler.log_command:Invoking command in '/home/a/experiment-AI/toTransfer/WebotsSimulations/ros2_ws/build/rplidar_ros': CMAKE_PREFIX_PATH=/opt/ros/foxy /usr/bin/cmake --build /home/a/experiment-AI/toTransfer/WebotsSimulations/ros2_ws/build/rplidar_ros -- -j16 -l16
[2.623s] DEBUG:colcon.colcon_core.event_handler.log_command:Invoked command in '/home/a/experiment-AI/toTransfer/WebotsSimulations/ros2_ws/build/sllidar_ros2' returned '0': CMAKE_PREFIX_PATH=/opt/ros/foxy /usr/bin/cmake /home/a/experiment-AI/toTransfer/WebotsSimulations/ros2_ws/src/sllidar_ros2-main -DCMAKE_INSTALL_PREFIX=/home/a/experiment-AI/toTransfer/WebotsSimulations/ros2_ws/install/sllidar_ros2
[2.625s] DEBUG:colcon.colcon_core.event_handler.log_command:Invoking command in '/home/a/experiment-AI/toTransfer/WebotsSimulations/ros2_ws/build/sllidar_ros2': CMAKE_PREFIX_PATH=/opt/ros/foxy /usr/bin/cmake --build /home/a/experiment-AI/toTransfer/WebotsSimulations/ros2_ws/build/sllidar_ros2 -- -j16 -l16
[9.596s] DEBUG:colcon.colcon_core.event_handler.log_command:Invoked command in '/home/a/experiment-AI/toTransfer/WebotsSimulations/ros2_ws/build/sllidar_ros2' returned '0': CMAKE_PREFIX_PATH=/opt/ros/foxy /usr/bin/cmake --build /home/a/experiment-AI/toTransfer/WebotsSimulations/ros2_ws/build/sllidar_ros2 -- -j16 -l16
[9.636s] DEBUG:colcon.colcon_core.event_handler.log_command:Invoking command in '/home/a/experiment-AI/toTransfer/WebotsSimulations/ros2_ws/build/sllidar_ros2': CMAKE_PREFIX_PATH=/opt/ros/foxy /usr/bin/cmake --install /home/a/experiment-AI/toTransfer/WebotsSimulations/ros2_ws/build/sllidar_ros2
[9.649s] Level 1:colcon.colcon_core.environment:create_environment_scripts_only(sllidar_ros2)
[9.653s] Level 1:colcon.colcon_core.environment:checking '/home/a/experiment-AI/toTransfer/WebotsSimulations/ros2_ws/install/sllidar_ros2' for CMake module files
[9.654s] DEBUG:colcon.colcon_core.event_handler.log_command:Invoked command in '/home/a/experiment-AI/toTransfer/WebotsSimulations/ros2_ws/build/sllidar_ros2' returned '0': CMAKE_PREFIX_PATH=/opt/ros/foxy /usr/bin/cmake --install /home/a/experiment-AI/toTransfer/WebotsSimulations/ros2_ws/build/sllidar_ros2
[9.654s] Level 1:colcon.colcon_core.environment:checking '/home/a/experiment-AI/toTransfer/WebotsSimulations/ros2_ws/install/sllidar_ros2' for CMake config files
[9.654s] Level 1:colcon.colcon_core.shell:create_environment_hook('sllidar_ros2', 'cmake_prefix_path')
[9.656s] INFO:colcon.colcon_core.shell:Creating environment hook '/home/a/experiment-AI/toTransfer/WebotsSimulations/ros2_ws/install/sllidar_ros2/share/sllidar_ros2/hook/cmake_prefix_path.ps1'
[9.657s] INFO:colcon.colcon_core.shell:Creating environment descriptor '/home/a/experiment-AI/toTransfer/WebotsSimulations/ros2_ws/install/sllidar_ros2/share/sllidar_ros2/hook/cmake_prefix_path.dsv'
[9.657s] INFO:colcon.colcon_core.shell:Creating environment hook '/home/a/experiment-AI/toTransfer/WebotsSimulations/ros2_ws/install/sllidar_ros2/share/sllidar_ros2/hook/cmake_prefix_path.sh'
[9.658s] Level 1:colcon.colcon_core.environment:checking '/home/a/experiment-AI/toTransfer/WebotsSimulations/ros2_ws/install/sllidar_ros2/lib'
[9.658s] Level 1:colcon.colcon_core.environment:checking '/home/a/experiment-AI/toTransfer/WebotsSimulations/ros2_ws/install/sllidar_ros2/bin'
[9.658s] Level 1:colcon.colcon_core.environment:checking '/home/a/experiment-AI/toTransfer/WebotsSimulations/ros2_ws/install/sllidar_ros2/lib/pkgconfig/sllidar_ros2.pc'
[9.658s] Level 1:colcon.colcon_core.environment:checking '/home/a/experiment-AI/toTransfer/WebotsSimulations/ros2_ws/install/sllidar_ros2/lib/python3.8/site-packages'
[9.659s] Level 1:colcon.colcon_core.environment:checking '/home/a/experiment-AI/toTransfer/WebotsSimulations/ros2_ws/install/sllidar_ros2/bin'
[9.661s] INFO:colcon.colcon_core.shell:Creating package script '/home/a/experiment-AI/toTransfer/WebotsSimulations/ros2_ws/install/sllidar_ros2/share/sllidar_ros2/package.ps1'
[9.661s] INFO:colcon.colcon_core.shell:Creating package descriptor '/home/a/experiment-AI/toTransfer/WebotsSimulations/ros2_ws/install/sllidar_ros2/share/sllidar_ros2/package.dsv'
[9.662s] INFO:colcon.colcon_core.shell:Creating package script '/home/a/experiment-AI/toTransfer/WebotsSimulations/ros2_ws/install/sllidar_ros2/share/sllidar_ros2/package.sh'
[9.662s] INFO:colcon.colcon_core.shell:Creating package script '/home/a/experiment-AI/toTransfer/WebotsSimulations/ros2_ws/install/sllidar_ros2/share/sllidar_ros2/package.bash'
[9.662s] INFO:colcon.colcon_core.shell:Creating package script '/home/a/experiment-AI/toTransfer/WebotsSimulations/ros2_ws/install/sllidar_ros2/share/sllidar_ros2/package.zsh'
[9.663s] Level 1:colcon.colcon_core.environment:create_file_with_runtime_dependencies(/home/a/experiment-AI/toTransfer/WebotsSimulations/ros2_ws/install/sllidar_ros2/share/colcon-core/packages/sllidar_ros2)
[9.694s] Level 1:colcon.colcon_core.environment:create_environment_scripts_only(sllidar_ros2)
[9.696s] Level 1:colcon.colcon_core.environment:checking '/home/a/experiment-AI/toTransfer/WebotsSimulations/ros2_ws/install/sllidar_ros2' for CMake module files
[9.696s] Level 1:colcon.colcon_core.environment:checking '/home/a/experiment-AI/toTransfer/WebotsSimulations/ros2_ws/install/sllidar_ros2' for CMake config files
[9.697s] Level 1:colcon.colcon_core.shell:create_environment_hook('sllidar_ros2', 'cmake_prefix_path')
[9.698s] INFO:colcon.colcon_core.shell:Creating environment hook '/home/a/experiment-AI/toTransfer/WebotsSimulations/ros2_ws/install/sllidar_ros2/share/sllidar_ros2/hook/cmake_prefix_path.ps1'
[9.698s] INFO:colcon.colcon_core.shell:Creating environment descriptor '/home/a/experiment-AI/toTransfer/WebotsSimulations/ros2_ws/install/sllidar_ros2/share/sllidar_ros2/hook/cmake_prefix_path.dsv'
[9.698s] INFO:colcon.colcon_core.shell:Creating environment hook '/home/a/experiment-AI/toTransfer/WebotsSimulations/ros2_ws/install/sllidar_ros2/share/sllidar_ros2/hook/cmake_prefix_path.sh'
[9.699s] Level 1:colcon.colcon_core.environment:checking '/home/a/experiment-AI/toTransfer/WebotsSimulations/ros2_ws/install/sllidar_ros2/lib'
[9.699s] Level 1:colcon.colcon_core.environment:checking '/home/a/experiment-AI/toTransfer/WebotsSimulations/ros2_ws/install/sllidar_ros2/bin'
[9.699s] Level 1:colcon.colcon_core.environment:checking '/home/a/experiment-AI/toTransfer/WebotsSimulations/ros2_ws/install/sllidar_ros2/lib/pkgconfig/sllidar_ros2.pc'
[9.699s] Level 1:colcon.colcon_core.environment:checking '/home/a/experiment-AI/toTransfer/WebotsSimulations/ros2_ws/install/sllidar_ros2/lib/python3.8/site-packages'
[9.699s] Level 1:colcon.colcon_core.environment:checking '/home/a/experiment-AI/toTransfer/WebotsSimulations/ros2_ws/install/sllidar_ros2/bin'
[9.701s] INFO:colcon.colcon_core.shell:Creating package script '/home/a/experiment-AI/toTransfer/WebotsSimulations/ros2_ws/install/sllidar_ros2/share/sllidar_ros2/package.ps1'
[9.701s] INFO:colcon.colcon_core.shell:Creating package descriptor '/home/a/experiment-AI/toTransfer/WebotsSimulations/ros2_ws/install/sllidar_ros2/share/sllidar_ros2/package.dsv'
[9.701s] INFO:colcon.colcon_core.shell:Creating package script '/home/a/experiment-AI/toTransfer/WebotsSimulations/ros2_ws/install/sllidar_ros2/share/sllidar_ros2/package.sh'
[9.702s] INFO:colcon.colcon_core.shell:Creating package script '/home/a/experiment-AI/toTransfer/WebotsSimulations/ros2_ws/install/sllidar_ros2/share/sllidar_ros2/package.bash'
[9.702s] INFO:colcon.colcon_core.shell:Creating package script '/home/a/experiment-AI/toTransfer/WebotsSimulations/ros2_ws/install/sllidar_ros2/share/sllidar_ros2/package.zsh'
[9.702s] Level 1:colcon.colcon_core.environment:create_file_with_runtime_dependencies(/home/a/experiment-AI/toTransfer/WebotsSimulations/ros2_ws/install/sllidar_ros2/share/colcon-core/packages/sllidar_ros2)
[10.438s] DEBUG:colcon.colcon_core.event_handler.log_command:Invoked command in '/home/a/experiment-AI/toTransfer/WebotsSimulations/ros2_ws/build/interfaces' returned '0': CMAKE_PREFIX_PATH=/opt/ros/foxy /usr/bin/cmake --build /home/a/experiment-AI/toTransfer/WebotsSimulations/ros2_ws/build/interfaces -- -j16 -l16
[10.526s] DEBUG:colcon.colcon_core.event_handler.log_command:Invoking command in '/home/a/experiment-AI/toTransfer/WebotsSimulations/ros2_ws/build/interfaces': CMAKE_PREFIX_PATH=/opt/ros/foxy /usr/bin/cmake --install /home/a/experiment-AI/toTransfer/WebotsSimulations/ros2_ws/build/interfaces
[10.582s] Level 1:colcon.colcon_core.environment:create_environment_scripts_only(interfaces)
[10.584s] Level 1:colcon.colcon_core.environment:checking '/home/a/experiment-AI/toTransfer/WebotsSimulations/ros2_ws/install/interfaces' for CMake module files
[10.585s] DEBUG:colcon.colcon_core.event_handler.log_command:Invoked command in '/home/a/experiment-AI/toTransfer/WebotsSimulations/ros2_ws/build/interfaces' returned '0': CMAKE_PREFIX_PATH=/opt/ros/foxy /usr/bin/cmake --install /home/a/experiment-AI/toTransfer/WebotsSimulations/ros2_ws/build/interfaces
[10.585s] Level 1:colcon.colcon_core.environment:checking '/home/a/experiment-AI/toTransfer/WebotsSimulations/ros2_ws/install/interfaces' for CMake config files
[10.586s] Level 1:colcon.colcon_core.shell:create_environment_hook('interfaces', 'cmake_prefix_path')
[10.587s] INFO:colcon.colcon_core.shell:Creating environment hook '/home/a/experiment-AI/toTransfer/WebotsSimulations/ros2_ws/install/interfaces/share/interfaces/hook/cmake_prefix_path.ps1'
[10.587s] INFO:colcon.colcon_core.shell:Creating environment descriptor '/home/a/experiment-AI/toTransfer/WebotsSimulations/ros2_ws/install/interfaces/share/interfaces/hook/cmake_prefix_path.dsv'
[10.587s] INFO:colcon.colcon_core.shell:Creating environment hook '/home/a/experiment-AI/toTransfer/WebotsSimulations/ros2_ws/install/interfaces/share/interfaces/hook/cmake_prefix_path.sh'
[10.588s] Level 1:colcon.colcon_core.environment:checking '/home/a/experiment-AI/toTransfer/WebotsSimulations/ros2_ws/install/interfaces/lib'
[10.588s] Level 1:colcon.colcon_core.shell:create_environment_hook('interfaces', 'ld_library_path_lib')
[10.589s] INFO:colcon.colcon_core.shell:Creating environment hook '/home/a/experiment-AI/toTransfer/WebotsSimulations/ros2_ws/install/interfaces/share/interfaces/hook/ld_library_path_lib.ps1'
[10.589s] INFO:colcon.colcon_core.shell:Creating environment descriptor '/home/a/experiment-AI/toTransfer/WebotsSimulations/ros2_ws/install/interfaces/share/interfaces/hook/ld_library_path_lib.dsv'
[10.590s] INFO:colcon.colcon_core.shell:Creating environment hook '/home/a/experiment-AI/toTransfer/WebotsSimulations/ros2_ws/install/interfaces/share/interfaces/hook/ld_library_path_lib.sh'
[10.590s] Level 1:colcon.colcon_core.environment:checking '/home/a/experiment-AI/toTransfer/WebotsSimulations/ros2_ws/install/interfaces/bin'
[10.590s] Level 1:colcon.colcon_core.environment:checking '/home/a/experiment-AI/toTransfer/WebotsSimulations/ros2_ws/install/interfaces/lib/pkgconfig/interfaces.pc'
[10.590s] Level 1:colcon.colcon_core.environment:checking '/home/a/experiment-AI/toTransfer/WebotsSimulations/ros2_ws/install/interfaces/lib/python3.8/site-packages'
[10.590s] Level 1:colcon.colcon_core.shell:create_environment_hook('interfaces', 'pythonpath')
[10.591s] INFO:colcon.colcon_core.shell:Creating environment hook '/home/a/experiment-AI/toTransfer/WebotsSimulations/ros2_ws/install/interfaces/share/interfaces/hook/pythonpath.ps1'
[10.592s] INFO:colcon.colcon_core.shell:Creating environment descriptor '/home/a/experiment-AI/toTransfer/WebotsSimulations/ros2_ws/install/interfaces/share/interfaces/hook/pythonpath.dsv'
[10.592s] INFO:colcon.colcon_core.shell:Creating environment hook '/home/a/experiment-AI/toTransfer/WebotsSimulations/ros2_ws/install/interfaces/share/interfaces/hook/pythonpath.sh'
[10.592s] Level 1:colcon.colcon_core.environment:checking '/home/a/experiment-AI/toTransfer/WebotsSimulations/ros2_ws/install/interfaces/bin'
[10.593s] INFO:colcon.colcon_core.shell:Creating package script '/home/a/experiment-AI/toTransfer/WebotsSimulations/ros2_ws/install/interfaces/share/interfaces/package.ps1'
[10.594s] INFO:colcon.colcon_core.shell:Creating package descriptor '/home/a/experiment-AI/toTransfer/WebotsSimulations/ros2_ws/install/interfaces/share/interfaces/package.dsv'
[10.594s] INFO:colcon.colcon_core.shell:Creating package script '/home/a/experiment-AI/toTransfer/WebotsSimulations/ros2_ws/install/interfaces/share/interfaces/package.sh'
[10.595s] INFO:colcon.colcon_core.shell:Creating package script '/home/a/experiment-AI/toTransfer/WebotsSimulations/ros2_ws/install/interfaces/share/interfaces/package.bash'
[10.595s] INFO:colcon.colcon_core.shell:Creating package script '/home/a/experiment-AI/toTransfer/WebotsSimulations/ros2_ws/install/interfaces/share/interfaces/package.zsh'
[10.595s] Level 1:colcon.colcon_core.environment:create_file_with_runtime_dependencies(/home/a/experiment-AI/toTransfer/WebotsSimulations/ros2_ws/install/interfaces/share/colcon-core/packages/interfaces)
[10.685s] Level 1:colcon.colcon_core.environment:create_environment_scripts_only(interfaces)
[10.687s] Level 1:colcon.colcon_core.environment:checking '/home/a/experiment-AI/toTransfer/WebotsSimulations/ros2_ws/install/interfaces' for CMake module files
[10.687s] Level 1:colcon.colcon_core.environment:checking '/home/a/experiment-AI/toTransfer/WebotsSimulations/ros2_ws/install/interfaces' for CMake config files
[10.688s] Level 1:colcon.colcon_core.shell:create_environment_hook('interfaces', 'cmake_prefix_path')
[10.689s] INFO:colcon.colcon_core.shell:Creating environment hook '/home/a/experiment-AI/toTransfer/WebotsSimulations/ros2_ws/install/interfaces/share/interfaces/hook/cmake_prefix_path.ps1'
[10.690s] INFO:colcon.colcon_core.shell:Creating environment descriptor '/home/a/experiment-AI/toTransfer/WebotsSimulations/ros2_ws/install/interfaces/share/interfaces/hook/cmake_prefix_path.dsv'
[10.690s] INFO:colcon.colcon_core.shell:Creating environment hook '/home/a/experiment-AI/toTransfer/WebotsSimulations/ros2_ws/install/interfaces/share/interfaces/hook/cmake_prefix_path.sh'
[10.690s] Level 1:colcon.colcon_core.environment:checking '/home/a/experiment-AI/toTransfer/WebotsSimulations/ros2_ws/install/interfaces/lib'
[10.690s] Level 1:colcon.colcon_core.shell:create_environment_hook('interfaces', 'ld_library_path_lib')
[10.691s] INFO:colcon.colcon_core.shell:Creating environment hook '/home/a/experiment-AI/toTransfer/WebotsSimulations/ros2_ws/install/interfaces/share/interfaces/hook/ld_library_path_lib.ps1'
[10.692s] INFO:colcon.colcon_core.shell:Creating environment descriptor '/home/a/experiment-AI/toTransfer/WebotsSimulations/ros2_ws/install/interfaces/share/interfaces/hook/ld_library_path_lib.dsv'
[10.692s] INFO:colcon.colcon_core.shell:Creating environment hook '/home/a/experiment-AI/toTransfer/WebotsSimulations/ros2_ws/install/interfaces/share/interfaces/hook/ld_library_path_lib.sh'
[10.692s] Level 1:colcon.colcon_core.environment:checking '/home/a/experiment-AI/toTransfer/WebotsSimulations/ros2_ws/install/interfaces/bin'
[10.692s] Level 1:colcon.colcon_core.environment:checking '/home/a/experiment-AI/toTransfer/WebotsSimulations/ros2_ws/install/interfaces/lib/pkgconfig/interfaces.pc'
[10.693s] Level 1:colcon.colcon_core.environment:checking '/home/a/experiment-AI/toTransfer/WebotsSimulations/ros2_ws/install/interfaces/lib/python3.8/site-packages'
[10.693s] Level 1:colcon.colcon_core.shell:create_environment_hook('interfaces', 'pythonpath')
[10.694s] INFO:colcon.colcon_core.shell:Creating environment hook '/home/a/experiment-AI/toTransfer/WebotsSimulations/ros2_ws/install/interfaces/share/interfaces/hook/pythonpath.ps1'
[10.694s] INFO:colcon.colcon_core.shell:Creating environment descriptor '/home/a/experiment-AI/toTransfer/WebotsSimulations/ros2_ws/install/interfaces/share/interfaces/hook/pythonpath.dsv'
[10.694s] INFO:colcon.colcon_core.shell:Creating environment hook '/home/a/experiment-AI/toTransfer/WebotsSimulations/ros2_ws/install/interfaces/share/interfaces/hook/pythonpath.sh'
[10.695s] Level 1:colcon.colcon_core.environment:checking '/home/a/experiment-AI/toTransfer/WebotsSimulations/ros2_ws/install/interfaces/bin'
[10.696s] INFO:colcon.colcon_core.shell:Creating package script '/home/a/experiment-AI/toTransfer/WebotsSimulations/ros2_ws/install/interfaces/share/interfaces/package.ps1'
[10.697s] INFO:colcon.colcon_core.shell:Creating package descriptor '/home/a/experiment-AI/toTransfer/WebotsSimulations/ros2_ws/install/interfaces/share/interfaces/package.dsv'
[10.697s] INFO:colcon.colcon_core.shell:Creating package script '/home/a/experiment-AI/toTransfer/WebotsSimulations/ros2_ws/install/interfaces/share/interfaces/package.sh'
[10.697s] INFO:colcon.colcon_core.shell:Creating package script '/home/a/experiment-AI/toTransfer/WebotsSimulations/ros2_ws/install/interfaces/share/interfaces/package.bash'
[10.698s] INFO:colcon.colcon_core.shell:Creating package script '/home/a/experiment-AI/toTransfer/WebotsSimulations/ros2_ws/install/interfaces/share/interfaces/package.zsh'
[10.698s] Level 1:colcon.colcon_core.environment:create_file_with_runtime_dependencies(/home/a/experiment-AI/toTransfer/WebotsSimulations/ros2_ws/install/interfaces/share/colcon-core/packages/interfaces)
[10.790s] DEBUG:colcon.colcon_core.event_handler.log_command:Invoked command in '/home/a/experiment-AI/toTransfer/WebotsSimulations/ros2_ws/build/rplidar_ros' returned '0': CMAKE_PREFIX_PATH=/opt/ros/foxy /usr/bin/cmake --build /home/a/experiment-AI/toTransfer/WebotsSimulations/ros2_ws/build/rplidar_ros -- -j16 -l16
[10.816s] DEBUG:colcon.colcon_core.event_handler.log_command:Invoking command in '/home/a/experiment-AI/toTransfer/WebotsSimulations/ros2_ws/build/rplidar_ros': CMAKE_PREFIX_PATH=/opt/ros/foxy /usr/bin/cmake --install /home/a/experiment-AI/toTransfer/WebotsSimulations/ros2_ws/build/rplidar_ros
[10.830s] Level 1:colcon.colcon_core.environment:create_environment_scripts_only(rplidar_ros)
[10.832s] Level 1:colcon.colcon_core.environment:checking '/home/a/experiment-AI/toTransfer/WebotsSimulations/ros2_ws/install/rplidar_ros' for CMake module files
[10.832s] DEBUG:colcon.colcon_core.event_handler.log_command:Invoked command in '/home/a/experiment-AI/toTransfer/WebotsSimulations/ros2_ws/build/rplidar_ros' returned '0': CMAKE_PREFIX_PATH=/opt/ros/foxy /usr/bin/cmake --install /home/a/experiment-AI/toTransfer/WebotsSimulations/ros2_ws/build/rplidar_ros
[10.833s] Level 1:colcon.colcon_core.environment:checking '/home/a/experiment-AI/toTransfer/WebotsSimulations/ros2_ws/install/rplidar_ros' for CMake config files
[10.833s] Level 1:colcon.colcon_core.shell:create_environment_hook('rplidar_ros', 'cmake_prefix_path')
[10.834s] INFO:colcon.colcon_core.shell:Creating environment hook '/home/a/experiment-AI/toTransfer/WebotsSimulations/ros2_ws/install/rplidar_ros/share/rplidar_ros/hook/cmake_prefix_path.ps1'
[10.834s] INFO:colcon.colcon_core.shell:Creating environment descriptor '/home/a/experiment-AI/toTransfer/WebotsSimulations/ros2_ws/install/rplidar_ros/share/rplidar_ros/hook/cmake_prefix_path.dsv'
[10.834s] INFO:colcon.colcon_core.shell:Creating environment hook '/home/a/experiment-AI/toTransfer/WebotsSimulations/ros2_ws/install/rplidar_ros/share/rplidar_ros/hook/cmake_prefix_path.sh'
[10.835s] Level 1:colcon.colcon_core.environment:checking '/home/a/experiment-AI/toTransfer/WebotsSimulations/ros2_ws/install/rplidar_ros/lib'
[10.835s] Level 1:colcon.colcon_core.shell:create_environment_hook('rplidar_ros', 'ld_library_path_lib')
[10.836s] INFO:colcon.colcon_core.shell:Creating environment hook '/home/a/experiment-AI/toTransfer/WebotsSimulations/ros2_ws/install/rplidar_ros/share/rplidar_ros/hook/ld_library_path_lib.ps1'
[10.836s] INFO:colcon.colcon_core.shell:Creating environment descriptor '/home/a/experiment-AI/toTransfer/WebotsSimulations/ros2_ws/install/rplidar_ros/share/rplidar_ros/hook/ld_library_path_lib.dsv'
[10.836s] INFO:colcon.colcon_core.shell:Creating environment hook '/home/a/experiment-AI/toTransfer/WebotsSimulations/ros2_ws/install/rplidar_ros/share/rplidar_ros/hook/ld_library_path_lib.sh'
[10.836s] Level 1:colcon.colcon_core.environment:checking '/home/a/experiment-AI/toTransfer/WebotsSimulations/ros2_ws/install/rplidar_ros/bin'
[10.837s] Level 1:colcon.colcon_core.environment:checking '/home/a/experiment-AI/toTransfer/WebotsSimulations/ros2_ws/install/rplidar_ros/lib/pkgconfig/rplidar_ros.pc'
[10.837s] Level 1:colcon.colcon_core.environment:checking '/home/a/experiment-AI/toTransfer/WebotsSimulations/ros2_ws/install/rplidar_ros/lib/python3.8/site-packages'
[10.837s] Level 1:colcon.colcon_core.environment:checking '/home/a/experiment-AI/toTransfer/WebotsSimulations/ros2_ws/install/rplidar_ros/bin'
[10.838s] INFO:colcon.colcon_core.shell:Creating package script '/home/a/experiment-AI/toTransfer/WebotsSimulations/ros2_ws/install/rplidar_ros/share/rplidar_ros/package.ps1'
[10.838s] INFO:colcon.colcon_core.shell:Creating package descriptor '/home/a/experiment-AI/toTransfer/WebotsSimulations/ros2_ws/install/rplidar_ros/share/rplidar_ros/package.dsv'
[10.839s] INFO:colcon.colcon_core.shell:Creating package script '/home/a/experiment-AI/toTransfer/WebotsSimulations/ros2_ws/install/rplidar_ros/share/rplidar_ros/package.sh'
[10.839s] INFO:colcon.colcon_core.shell:Creating package script '/home/a/experiment-AI/toTransfer/WebotsSimulations/ros2_ws/install/rplidar_ros/share/rplidar_ros/package.bash'
[10.839s] INFO:colcon.colcon_core.shell:Creating package script '/home/a/experiment-AI/toTransfer/WebotsSimulations/ros2_ws/install/rplidar_ros/share/rplidar_ros/package.zsh'
[10.839s] Level 1:colcon.colcon_core.environment:create_file_with_runtime_dependencies(/home/a/experiment-AI/toTransfer/WebotsSimulations/ros2_ws/install/rplidar_ros/share/colcon-core/packages/rplidar_ros)
[10.863s] Level 1:colcon.colcon_core.environment:create_environment_scripts_only(rplidar_ros)
[10.865s] Level 1:colcon.colcon_core.environment:checking '/home/a/experiment-AI/toTransfer/WebotsSimulations/ros2_ws/install/rplidar_ros' for CMake module files
[10.865s] Level 1:colcon.colcon_core.environment:checking '/home/a/experiment-AI/toTransfer/WebotsSimulations/ros2_ws/install/rplidar_ros' for CMake config files
[10.865s] Level 1:colcon.colcon_core.shell:create_environment_hook('rplidar_ros', 'cmake_prefix_path')
[10.866s] INFO:colcon.colcon_core.shell:Creating environment hook '/home/a/experiment-AI/toTransfer/WebotsSimulations/ros2_ws/install/rplidar_ros/share/rplidar_ros/hook/cmake_prefix_path.ps1'
[10.867s] INFO:colcon.colcon_core.shell:Creating environment descriptor '/home/a/experiment-AI/toTransfer/WebotsSimulations/ros2_ws/install/rplidar_ros/share/rplidar_ros/hook/cmake_prefix_path.dsv'
[10.867s] INFO:colcon.colcon_core.shell:Creating environment hook '/home/a/experiment-AI/toTransfer/WebotsSimulations/ros2_ws/install/rplidar_ros/share/rplidar_ros/hook/cmake_prefix_path.sh'
[10.867s] Level 1:colcon.colcon_core.environment:checking '/home/a/experiment-AI/toTransfer/WebotsSimulations/ros2_ws/install/rplidar_ros/lib'
[10.867s] Level 1:colcon.colcon_core.shell:create_environment_hook('rplidar_ros', 'ld_library_path_lib')
[10.868s] INFO:colcon.colcon_core.shell:Creating environment hook '/home/a/experiment-AI/toTransfer/WebotsSimulations/ros2_ws/install/rplidar_ros/share/rplidar_ros/hook/ld_library_path_lib.ps1'
[10.868s] INFO:colcon.colcon_core.shell:Creating environment descriptor '/home/a/experiment-AI/toTransfer/WebotsSimulations/ros2_ws/install/rplidar_ros/share/rplidar_ros/hook/ld_library_path_lib.dsv'
[10.869s] INFO:colcon.colcon_core.shell:Creating environment hook '/home/a/experiment-AI/toTransfer/WebotsSimulations/ros2_ws/install/rplidar_ros/share/rplidar_ros/hook/ld_library_path_lib.sh'
[10.869s] Level 1:colcon.colcon_core.environment:checking '/home/a/experiment-AI/toTransfer/WebotsSimulations/ros2_ws/install/rplidar_ros/bin'
[10.869s] Level 1:colcon.colcon_core.environment:checking '/home/a/experiment-AI/toTransfer/WebotsSimulations/ros2_ws/install/rplidar_ros/lib/pkgconfig/rplidar_ros.pc'
[10.869s] Level 1:colcon.colcon_core.environment:checking '/home/a/experiment-AI/toTransfer/WebotsSimulations/ros2_ws/install/rplidar_ros/lib/python3.8/site-packages'
[10.869s] Level 1:colcon.colcon_core.environment:checking '/home/a/experiment-AI/toTransfer/WebotsSimulations/ros2_ws/install/rplidar_ros/bin'
[10.870s] INFO:colcon.colcon_core.shell:Creating package script '/home/a/experiment-AI/toTransfer/WebotsSimulations/ros2_ws/install/rplidar_ros/share/rplidar_ros/package.ps1'
[10.871s] INFO:colcon.colcon_core.shell:Creating package descriptor '/home/a/experiment-AI/toTransfer/WebotsSimulations/ros2_ws/install/rplidar_ros/share/rplidar_ros/package.dsv'
[10.871s] INFO:colcon.colcon_core.shell:Creating package script '/home/a/experiment-AI/toTransfer/WebotsSimulations/ros2_ws/install/rplidar_ros/share/rplidar_ros/package.sh'
[10.871s] INFO:colcon.colcon_core.shell:Creating package script '/home/a/experiment-AI/toTransfer/WebotsSimulations/ros2_ws/install/rplidar_ros/share/rplidar_ros/package.bash'
[10.871s] INFO:colcon.colcon_core.shell:Creating package script '/home/a/experiment-AI/toTransfer/WebotsSimulations/ros2_ws/install/rplidar_ros/share/rplidar_ros/package.zsh'
[10.872s] Level 1:colcon.colcon_core.environment:create_file_with_runtime_dependencies(/home/a/experiment-AI/toTransfer/WebotsSimulations/ros2_ws/install/rplidar_ros/share/colcon-core/packages/rplidar_ros)
[10.872s] DEBUG:colcon.colcon_parallel_executor.executor.parallel:closing loop
[10.872s] DEBUG:colcon.colcon_parallel_executor.executor.parallel:loop closed
[10.872s] DEBUG:colcon.colcon_parallel_executor.executor.parallel:run_until_complete finished with '0'
[10.873s] DEBUG:colcon.colcon_core.event_reactor:joining thread
[10.896s] INFO:colcon.colcon_core.plugin_system:Skipping extension 'colcon_notification.desktop_notification.terminal_notifier': Not used on non-Darwin systems
[10.896s] INFO:colcon.colcon_core.plugin_system:Skipping extension 'colcon_notification.desktop_notification.win32': Not used on non-Windows systems
[10.896s] INFO:colcon.colcon_notification.desktop_notification:Sending desktop notification using 'notify2'
[10.929s] DEBUG:colcon.colcon_core.event_reactor:joined thread
[10.932s] INFO:colcon.colcon_core.shell:Creating prefix script '/home/a/experiment-AI/toTransfer/WebotsSimulations/ros2_ws/install/local_setup.ps1'
[10.933s] INFO:colcon.colcon_core.shell:Creating prefix util module '/home/a/experiment-AI/toTransfer/WebotsSimulations/ros2_ws/install/_local_setup_util_ps1.py'
[10.935s] INFO:colcon.colcon_core.shell:Creating prefix chain script '/home/a/experiment-AI/toTransfer/WebotsSimulations/ros2_ws/install/setup.ps1'
[10.936s] INFO:colcon.colcon_core.shell:Creating prefix script '/home/a/experiment-AI/toTransfer/WebotsSimulations/ros2_ws/install/local_setup.sh'
[10.937s] INFO:colcon.colcon_core.shell:Creating prefix util module '/home/a/experiment-AI/toTransfer/WebotsSimulations/ros2_ws/install/_local_setup_util_sh.py'
[10.937s] INFO:colcon.colcon_core.shell:Creating prefix chain script '/home/a/experiment-AI/toTransfer/WebotsSimulations/ros2_ws/install/setup.sh'
[10.939s] INFO:colcon.colcon_core.shell:Creating prefix script '/home/a/experiment-AI/toTransfer/WebotsSimulations/ros2_ws/install/local_setup.bash'
[10.939s] INFO:colcon.colcon_core.shell:Creating prefix chain script '/home/a/experiment-AI/toTransfer/WebotsSimulations/ros2_ws/install/setup.bash'
[10.941s] INFO:colcon.colcon_core.shell:Creating prefix script '/home/a/experiment-AI/toTransfer/WebotsSimulations/ros2_ws/install/local_setup.zsh'
[10.941s] INFO:colcon.colcon_core.shell:Creating prefix chain script '/home/a/experiment-AI/toTransfer/WebotsSimulations/ros2_ws/install/setup.zsh'
