[0.356s] Invoking command in '/home/a/experiment-AI/toTransfer/WebotsSimulations/ros2_ws/build/interfaces': CMAKE_PREFIX_PATH=/opt/ros/foxy /usr/bin/cmake /home/a/experiment-AI/toTransfer/WebotsSimulations/ros2_ws/src/interfaces -DCMAKE_INSTALL_PREFIX=/home/a/experiment-AI/toTransfer/WebotsSimulations/ros2_ws/install/interfaces
[0.755s] -- The C compiler identification is GNU 9.4.0
[0.755s] -- The CXX compiler identification is GNU 9.4.0
[0.756s] -- Check for working C compiler: /usr/bin/cc
[0.756s] -- Check for working C compiler: /usr/bin/cc -- works
[0.756s] -- Detecting C compiler ABI info
[0.756s] -- Detecting C compiler ABI info - done
[0.757s] -- Detecting C compile features
[0.758s] -- Detecting C compile features - done
[0.758s] -- Check for working CXX compiler: /usr/bin/c++
[0.759s] -- Check for working CXX compiler: /usr/bin/c++ -- works
[0.759s] -- Detecting CXX compiler ABI info
[0.759s] -- Detecting CXX compiler ABI info - done
[0.761s] -- Detecting CXX compile features
[0.761s] -- Detecting CXX compile features - done
[0.763s] -- Found ament_cmake: 0.9.11 (/opt/ros/foxy/share/ament_cmake/cmake)
[0.763s] -- Found PythonInterp: /usr/bin/python3 (found suitable version "3.8.10", minimum required is "3") 
[0.763s] -- Using PYTHON_EXECUTABLE: /usr/bin/python3
[0.946s] -- Found ament_lint_auto: 0.9.7 (/opt/ros/foxy/share/ament_lint_auto/cmake)
[1.038s] -- Found rosidl_default_generators: 1.0.1 (/opt/ros/foxy/share/rosidl_default_generators/cmake)
[1.045s] -- Using all available rosidl_typesupport_c: rosidl_typesupport_fastrtps_c;rosidl_typesupport_introspection_c
[1.059s] -- Found rosidl_adapter: 1.3.0 (/opt/ros/foxy/share/rosidl_adapter/cmake)
[1.204s] -- Found OpenSSL: /usr/lib/x86_64-linux-gnu/libcrypto.so (found version "1.1.1f")  
[1.244s] -- Found FastRTPS: /opt/ros/foxy/include  
[1.339s] -- Using all available rosidl_typesupport_cpp: rosidl_typesupport_fastrtps_cpp;rosidl_typesupport_introspection_cpp
[1.416s] -- Found PythonInterp: /usr/bin/python3 (found version "3.8.10") 
[1.597s] -- Found ament_cmake_ros: 0.9.2 (/opt/ros/foxy/share/ament_cmake_ros/cmake)
[1.709s] -- Using all available rosidl_typesupport_c: rosidl_typesupport_fastrtps_c;rosidl_typesupport_introspection_c
[1.734s] -- Using all available rosidl_typesupport_cpp: rosidl_typesupport_fastrtps_cpp;rosidl_typesupport_introspection_cpp
[1.762s] -- Found PythonInterp: /usr/bin/python3 (found suitable version "3.8.10", minimum required is "3.5") 
[1.764s] -- Found python_cmake_module: 0.8.1 (/opt/ros/foxy/share/python_cmake_module/cmake)
[1.793s] -- Found PythonLibs: /usr/lib/x86_64-linux-gnu/libpython3.8.so (found suitable version "3.8.10", minimum required is "3.5") 
[1.793s] -- Using PYTHON_EXECUTABLE: /usr/bin/python3
[1.793s] -- Using PYTHON_INCLUDE_DIRS: /usr/include/python3.8
[1.793s] -- Using PYTHON_LIBRARIES: /usr/lib/x86_64-linux-gnu/libpython3.8.so
[1.810s] -- Found PythonExtra: .so  
[1.856s] -- Added test 'copyright' to check source files copyright and LICENSE
[1.858s] -- Added test 'lint_cmake' to check CMake code style
[1.859s] -- Added test 'xmllint' to check XML markup files
[1.867s] -- Configuring done
[1.927s] -- Generating done
[1.929s] -- Build files have been written to: /home/a/experiment-AI/toTransfer/WebotsSimulations/ros2_ws/build/interfaces
[1.936s] Invoked command in '/home/a/experiment-AI/toTransfer/WebotsSimulations/ros2_ws/build/interfaces' returned '0': CMAKE_PREFIX_PATH=/opt/ros/foxy /usr/bin/cmake /home/a/experiment-AI/toTransfer/WebotsSimulations/ros2_ws/src/interfaces -DCMAKE_INSTALL_PREFIX=/home/a/experiment-AI/toTransfer/WebotsSimulations/ros2_ws/install/interfaces
[1.939s] Invoking command in '/home/a/experiment-AI/toTransfer/WebotsSimulations/ros2_ws/build/interfaces': CMAKE_PREFIX_PATH=/opt/ros/foxy /usr/bin/cmake --build /home/a/experiment-AI/toTransfer/WebotsSimulations/ros2_ws/build/interfaces -- -j16 -l16
[1.969s] [35m[1mScanning dependencies of target interfaces__cpp[0m
[1.970s] [  1%] [34m[1mGenerating C code for ROS interfaces[0m
[1.978s] [  2%] [34m[1mGenerating C++ code for ROS interfaces[0m
[3.682s] [  2%] Built target interfaces__cpp
[3.697s] [  4%] [34m[1mGenerating C++ introspection for ROS interfaces[0m
[3.698s] [  4%] [34m[1mGenerating C++ type support dispatch for ROS interfaces[0m
[3.698s] [  5%] [34m[1mGenerating C++ type support for eProsima Fast-RTPS[0m
[3.995s] [35m[1mScanning dependencies of target interfaces__rosidl_generator_c[0m
[4.017s] [  6%] [32mBuilding C object CMakeFiles/interfaces__rosidl_generator_c.dir/rosidl_generator_c/interfaces/msg/detail/driving_instruction__functions.c.o[0m
[4.017s] [  8%] [32mBuilding C object CMakeFiles/interfaces__rosidl_generator_c.dir/rosidl_generator_c/interfaces/msg/detail/client_command__functions.c.o[0m
[4.017s] [  9%] [32mBuilding C object CMakeFiles/interfaces__rosidl_generator_c.dir/rosidl_generator_c/interfaces/msg/detail/sensors__functions.c.o[0m
[4.018s] [ 10%] [32mBuilding C object CMakeFiles/interfaces__rosidl_generator_c.dir/rosidl_generator_c/interfaces/msg/detail/driving_feedback__functions.c.o[0m
[4.018s] [ 11%] [32mBuilding C object CMakeFiles/interfaces__rosidl_generator_c.dir/rosidl_generator_c/interfaces/msg/detail/driving_result__functions.c.o[0m
[4.025s] [ 12%] [32mBuilding C object CMakeFiles/interfaces__rosidl_generator_c.dir/rosidl_generator_c/interfaces/msg/detail/mon_ackermann_drive__functions.c.o[0m
[4.026s] [ 13%] [32mBuilding C object CMakeFiles/interfaces__rosidl_generator_c.dir/rosidl_generator_c/interfaces/action/detail/driver_action__functions.c.o[0m
[4.029s] [ 14%] [32mBuilding C object CMakeFiles/interfaces__rosidl_generator_c.dir/rosidl_generator_c/interfaces/msg/detail/race_params__functions.c.o[0m
[4.226s] [ 16%] [32m[1mLinking C shared library libinterfaces__rosidl_generator_c.so[0m
[4.268s] [ 16%] Built target interfaces__rosidl_generator_c
[4.278s] [ 17%] [34m[1mGenerating C type support dispatch for ROS interfaces[0m
[4.283s] [ 18%] [34m[1mGenerating C introspection for ROS interfaces[0m
[4.528s] [35m[1mScanning dependencies of target interfaces__rosidl_typesupport_introspection_cpp[0m
[4.553s] [ 20%] [32mBuilding CXX object CMakeFiles/interfaces__rosidl_typesupport_introspection_cpp.dir/rosidl_typesupport_introspection_cpp/interfaces/msg/detail/driving_feedback__type_support.cpp.o[0m
[4.553s] [ 21%] [32mBuilding CXX object CMakeFiles/interfaces__rosidl_typesupport_introspection_cpp.dir/rosidl_typesupport_introspection_cpp/interfaces/msg/detail/sensors__type_support.cpp.o[0m
[4.553s] [ 20%] [32mBuilding CXX object CMakeFiles/interfaces__rosidl_typesupport_introspection_cpp.dir/rosidl_typesupport_introspection_cpp/interfaces/msg/detail/driving_result__type_support.cpp.o[0m
[4.553s] [ 22%] [32mBuilding CXX object CMakeFiles/interfaces__rosidl_typesupport_introspection_cpp.dir/rosidl_typesupport_introspection_cpp/interfaces/msg/detail/driving_instruction__type_support.cpp.o[0m
[4.555s] [ 24%] [32mBuilding CXX object CMakeFiles/interfaces__rosidl_typesupport_introspection_cpp.dir/rosidl_typesupport_introspection_cpp/interfaces/msg/detail/race_params__type_support.cpp.o[0m
[4.555s] [ 25%] [32mBuilding CXX object CMakeFiles/interfaces__rosidl_typesupport_introspection_cpp.dir/rosidl_typesupport_introspection_cpp/interfaces/msg/detail/mon_ackermann_drive__type_support.cpp.o[0m
[4.561s] [ 26%] [32mBuilding CXX object CMakeFiles/interfaces__rosidl_typesupport_introspection_cpp.dir/rosidl_typesupport_introspection_cpp/interfaces/msg/detail/client_command__type_support.cpp.o[0m
[4.567s] [ 27%] [32mBuilding CXX object CMakeFiles/interfaces__rosidl_typesupport_introspection_cpp.dir/rosidl_typesupport_introspection_cpp/interfaces/action/detail/driver_action__type_support.cpp.o[0m
[4.865s] [35m[1mScanning dependencies of target interfaces__rosidl_typesupport_cpp[0m
[4.971s] [ 28%] [32mBuilding CXX object CMakeFiles/interfaces__rosidl_typesupport_cpp.dir/rosidl_typesupport_cpp/interfaces/msg/driving_feedback__type_support.cpp.o[0m
[4.979s] [ 31%] [32mBuilding CXX object CMakeFiles/interfaces__rosidl_typesupport_cpp.dir/rosidl_typesupport_cpp/interfaces/msg/driving_result__type_support.cpp.o[0m
[4.983s] [ 29%] [32mBuilding CXX object CMakeFiles/interfaces__rosidl_typesupport_cpp.dir/rosidl_typesupport_cpp/interfaces/msg/driving_instruction__type_support.cpp.o[0m
[4.984s] [35m[1mScanning dependencies of target interfaces__rosidl_typesupport_fastrtps_cpp[0m
[5.003s] [ 32%] [32mBuilding CXX object CMakeFiles/interfaces__rosidl_typesupport_cpp.dir/rosidl_typesupport_cpp/interfaces/msg/mon_ackermann_drive__type_support.cpp.o[0m
[5.023s] [ 33%] [32mBuilding CXX object CMakeFiles/interfaces__rosidl_typesupport_cpp.dir/rosidl_typesupport_cpp/interfaces/msg/sensors__type_support.cpp.o[0m
[5.092s] [ 34%] [32mBuilding CXX object CMakeFiles/interfaces__rosidl_typesupport_fastrtps_cpp.dir/rosidl_typesupport_fastrtps_cpp/interfaces/msg/detail/dds_fastrtps/driving_feedback__type_support.cpp.o[0m
[5.106s] [ 35%] [32mBuilding CXX object CMakeFiles/interfaces__rosidl_typesupport_fastrtps_cpp.dir/rosidl_typesupport_fastrtps_cpp/interfaces/msg/detail/dds_fastrtps/driving_instruction__type_support.cpp.o[0m
[5.108s] [ 36%] [32mBuilding CXX object CMakeFiles/interfaces__rosidl_typesupport_cpp.dir/rosidl_typesupport_cpp/interfaces/msg/client_command__type_support.cpp.o[0m
[5.125s] [ 37%] [32mBuilding CXX object CMakeFiles/interfaces__rosidl_typesupport_cpp.dir/rosidl_typesupport_cpp/interfaces/msg/race_params__type_support.cpp.o[0m
[5.139s] [ 39%] [32mBuilding CXX object CMakeFiles/interfaces__rosidl_typesupport_fastrtps_cpp.dir/rosidl_typesupport_fastrtps_cpp/interfaces/msg/detail/dds_fastrtps/mon_ackermann_drive__type_support.cpp.o[0m
[5.143s] [ 40%] [32mBuilding CXX object CMakeFiles/interfaces__rosidl_typesupport_fastrtps_cpp.dir/rosidl_typesupport_fastrtps_cpp/interfaces/msg/detail/dds_fastrtps/driving_result__type_support.cpp.o[0m
[5.158s] [ 41%] [32mBuilding CXX object CMakeFiles/interfaces__rosidl_typesupport_fastrtps_cpp.dir/rosidl_typesupport_fastrtps_cpp/interfaces/msg/detail/dds_fastrtps/sensors__type_support.cpp.o[0m
[5.251s] [ 42%] [32mBuilding CXX object CMakeFiles/interfaces__rosidl_typesupport_fastrtps_cpp.dir/rosidl_typesupport_fastrtps_cpp/interfaces/msg/detail/dds_fastrtps/client_command__type_support.cpp.o[0m
[5.536s] [ 43%] [32m[1mLinking CXX shared library libinterfaces__rosidl_typesupport_introspection_cpp.so[0m
[5.590s] [35m[1mScanning dependencies of target interfaces__rosidl_typesupport_c[0m
[5.642s] [ 44%] [32mBuilding CXX object CMakeFiles/interfaces__rosidl_typesupport_cpp.dir/rosidl_typesupport_cpp/interfaces/action/driver_action__type_support.cpp.o[0m
[5.660s] [ 45%] [32mBuilding CXX object CMakeFiles/interfaces__rosidl_typesupport_c.dir/rosidl_typesupport_c/interfaces/msg/driving_feedback__type_support.cpp.o[0m
[5.737s] [ 47%] [32mBuilding CXX object CMakeFiles/interfaces__rosidl_typesupport_fastrtps_cpp.dir/rosidl_typesupport_fastrtps_cpp/interfaces/msg/detail/dds_fastrtps/race_params__type_support.cpp.o[0m
[5.762s] [ 48%] [32mBuilding CXX object CMakeFiles/interfaces__rosidl_typesupport_c.dir/rosidl_typesupport_c/interfaces/msg/driving_instruction__type_support.cpp.o[0m
[5.772s] [ 49%] [32mBuilding CXX object CMakeFiles/interfaces__rosidl_typesupport_fastrtps_cpp.dir/rosidl_typesupport_fastrtps_cpp/interfaces/action/detail/dds_fastrtps/driver_action__type_support.cpp.o[0m
[5.796s] [ 49%] Built target interfaces__rosidl_typesupport_introspection_cpp
[5.797s] [ 50%] [32mBuilding CXX object CMakeFiles/interfaces__rosidl_typesupport_c.dir/rosidl_typesupport_c/interfaces/msg/driving_result__type_support.cpp.o[0m
[5.843s] [ 51%] [32mBuilding CXX object CMakeFiles/interfaces__rosidl_typesupport_c.dir/rosidl_typesupport_c/interfaces/msg/sensors__type_support.cpp.o[0m
[5.853s] [ 52%] [32mBuilding CXX object CMakeFiles/interfaces__rosidl_typesupport_c.dir/rosidl_typesupport_c/interfaces/msg/mon_ackermann_drive__type_support.cpp.o[0m
[5.858s] [ 54%] [32mBuilding CXX object CMakeFiles/interfaces__rosidl_typesupport_c.dir/rosidl_typesupport_c/interfaces/msg/client_command__type_support.cpp.o[0m
[5.934s] [ 55%] [32mBuilding CXX object CMakeFiles/interfaces__rosidl_typesupport_c.dir/rosidl_typesupport_c/interfaces/msg/race_params__type_support.cpp.o[0m
[5.956s] [ 56%] [32mBuilding CXX object CMakeFiles/interfaces__rosidl_typesupport_c.dir/rosidl_typesupport_c/interfaces/action/driver_action__type_support.cpp.o[0m
[6.075s] [35m[1mScanning dependencies of target interfaces__rosidl_typesupport_introspection_c[0m
[6.079s] [ 57%] [32m[1mLinking CXX shared library libinterfaces__rosidl_typesupport_c.so[0m
[6.104s] [ 58%] [32mBuilding C object CMakeFiles/interfaces__rosidl_typesupport_introspection_c.dir/rosidl_typesupport_introspection_c/interfaces/msg/detail/driving_feedback__type_support.c.o[0m
[6.104s] [ 59%] [32mBuilding C object CMakeFiles/interfaces__rosidl_typesupport_introspection_c.dir/rosidl_typesupport_introspection_c/interfaces/msg/detail/mon_ackermann_drive__type_support.c.o[0m
[6.104s] [ 60%] [32mBuilding C object CMakeFiles/interfaces__rosidl_typesupport_introspection_c.dir/rosidl_typesupport_introspection_c/interfaces/msg/detail/driving_instruction__type_support.c.o[0m
[6.115s] [ 62%] [32mBuilding C object CMakeFiles/interfaces__rosidl_typesupport_introspection_c.dir/rosidl_typesupport_introspection_c/interfaces/msg/detail/driving_result__type_support.c.o[0m
[6.119s] [ 63%] [32mBuilding C object CMakeFiles/interfaces__rosidl_typesupport_introspection_c.dir/rosidl_typesupport_introspection_c/interfaces/msg/detail/client_command__type_support.c.o[0m
[6.128s] [ 64%] [32mBuilding C object CMakeFiles/interfaces__rosidl_typesupport_introspection_c.dir/rosidl_typesupport_introspection_c/interfaces/msg/detail/sensors__type_support.c.o[0m
[6.144s] [ 65%] [32mBuilding C object CMakeFiles/interfaces__rosidl_typesupport_introspection_c.dir/rosidl_typesupport_introspection_c/interfaces/msg/detail/race_params__type_support.c.o[0m
[6.165s] [ 65%] Built target interfaces__rosidl_typesupport_c
[6.178s] [ 66%] [32mBuilding C object CMakeFiles/interfaces__rosidl_typesupport_introspection_c.dir/rosidl_typesupport_introspection_c/interfaces/action/detail/driver_action__type_support.c.o[0m
[6.240s] [ 67%] [32m[1mLinking C shared library libinterfaces__rosidl_typesupport_introspection_c.so[0m
[6.240s] [ 68%] [32m[1mLinking CXX shared library libinterfaces__rosidl_typesupport_cpp.so[0m
[6.272s] [ 68%] Built target interfaces__rosidl_typesupport_introspection_c
[6.282s] [ 68%] Built target interfaces__rosidl_typesupport_cpp
[6.587s] [ 70%] [32m[1mLinking CXX shared library libinterfaces__rosidl_typesupport_fastrtps_cpp.so[0m
[6.674s] [ 70%] Built target interfaces__rosidl_typesupport_fastrtps_cpp
[6.684s] [ 71%] [34m[1mGenerating C type support for eProsima Fast-RTPS[0m
[7.373s] [35m[1mScanning dependencies of target interfaces__rosidl_typesupport_fastrtps_c[0m
[7.404s] [ 72%] [32mBuilding CXX object CMakeFiles/interfaces__rosidl_typesupport_fastrtps_c.dir/rosidl_typesupport_fastrtps_c/interfaces/msg/detail/client_command__type_support_c.cpp.o[0m
[7.405s] [ 75%] [32mBuilding CXX object CMakeFiles/interfaces__rosidl_typesupport_fastrtps_c.dir/rosidl_typesupport_fastrtps_c/interfaces/msg/detail/driving_result__type_support_c.cpp.o[0m
[7.405s] [ 75%] [32mBuilding CXX object CMakeFiles/interfaces__rosidl_typesupport_fastrtps_c.dir/rosidl_typesupport_fastrtps_c/interfaces/msg/detail/driving_instruction__type_support_c.cpp.o[0m
[7.405s] [ 75%] [32mBuilding CXX object CMakeFiles/interfaces__rosidl_typesupport_fastrtps_c.dir/rosidl_typesupport_fastrtps_c/interfaces/msg/detail/driving_feedback__type_support_c.cpp.o[0m
[7.405s] [ 77%] [32mBuilding CXX object CMakeFiles/interfaces__rosidl_typesupport_fastrtps_c.dir/rosidl_typesupport_fastrtps_c/interfaces/msg/detail/mon_ackermann_drive__type_support_c.cpp.o[0m
[7.405s] [ 78%] [32mBuilding CXX object CMakeFiles/interfaces__rosidl_typesupport_fastrtps_c.dir/rosidl_typesupport_fastrtps_c/interfaces/msg/detail/sensors__type_support_c.cpp.o[0m
[7.405s] [ 79%] [32mBuilding CXX object CMakeFiles/interfaces__rosidl_typesupport_fastrtps_c.dir/rosidl_typesupport_fastrtps_c/interfaces/msg/detail/race_params__type_support_c.cpp.o[0m
[7.406s] [ 80%] [32mBuilding CXX object CMakeFiles/interfaces__rosidl_typesupport_fastrtps_c.dir/rosidl_typesupport_fastrtps_c/interfaces/action/detail/driver_action__type_support_c.cpp.o[0m
[8.048s] [ 81%] [32m[1mLinking CXX shared library libinterfaces__rosidl_typesupport_fastrtps_c.so[0m
[8.132s] [ 81%] Built target interfaces__rosidl_typesupport_fastrtps_c
[8.141s] [35m[1mScanning dependencies of target interfaces[0m
[8.151s] [ 81%] Built target interfaces
[8.160s] [35m[1mScanning dependencies of target interfaces__py[0m
[8.172s] [ 82%] [34m[1mGenerating Python code for ROS interfaces[0m
[9.626s] [ 82%] Built target interfaces__py
[9.633s] [35m[1mScanning dependencies of target interfaces__python[0m
[9.668s] [ 86%] [32mBuilding C object CMakeFiles/interfaces__python.dir/rosidl_generator_py/interfaces/msg/_driving_result_s.c.o[0m
[9.668s] [ 86%] [32mBuilding C object CMakeFiles/interfaces__python.dir/rosidl_generator_py/interfaces/msg/_sensors_s.c.o[0m
[9.668s] [ 86%] [32mBuilding C object CMakeFiles/interfaces__python.dir/rosidl_generator_py/interfaces/msg/_mon_ackermann_drive_s.c.o[0m
[9.670s] [ 87%] [32mBuilding C object CMakeFiles/interfaces__python.dir/rosidl_generator_py/interfaces/msg/_driving_feedback_s.c.o[0m
[9.670s] [ 88%] [32mBuilding C object CMakeFiles/interfaces__python.dir/rosidl_generator_py/interfaces/msg/_driving_instruction_s.c.o[0m
[9.671s] [ 89%] [32mBuilding C object CMakeFiles/interfaces__python.dir/rosidl_generator_py/interfaces/msg/_client_command_s.c.o[0m
[9.671s] [ 91%] [32mBuilding C object CMakeFiles/interfaces__python.dir/rosidl_generator_py/interfaces/msg/_race_params_s.c.o[0m
[9.671s] [ 91%] [32mBuilding C object CMakeFiles/interfaces__python.dir/rosidl_generator_py/interfaces/action/_driver_action_s.c.o[0m
[9.834s] [ 93%] [32m[1mLinking C shared library rosidl_generator_py/interfaces/libinterfaces__python.so[0m
[9.872s] [ 93%] Built target interfaces__python
[9.880s] [35m[1mScanning dependencies of target interfaces__rosidl_typesupport_c__pyext[0m
[9.880s] [35m[1mScanning dependencies of target interfaces__rosidl_typesupport_introspection_c__pyext[0m
[9.880s] [35m[1mScanning dependencies of target interfaces__rosidl_typesupport_fastrtps_c__pyext[0m
[9.896s] [ 95%] [32mBuilding C object CMakeFiles/interfaces__rosidl_typesupport_c__pyext.dir/rosidl_generator_py/interfaces/_interfaces_s.ep.rosidl_typesupport_c.c.o[0m
[9.896s] [ 95%] [32mBuilding C object CMakeFiles/interfaces__rosidl_typesupport_introspection_c__pyext.dir/rosidl_generator_py/interfaces/_interfaces_s.ep.rosidl_typesupport_introspection_c.c.o[0m
[9.897s] [ 96%] [32mBuilding C object CMakeFiles/interfaces__rosidl_typesupport_fastrtps_c__pyext.dir/rosidl_generator_py/interfaces/_interfaces_s.ep.rosidl_typesupport_fastrtps_c.c.o[0m
[10.012s] [ 97%] [32m[1mLinking C shared library rosidl_generator_py/interfaces/interfaces_s__rosidl_typesupport_c.cpython-38-x86_64-linux-gnu.so[0m
[10.013s] [ 98%] [32m[1mLinking CXX shared library rosidl_generator_py/interfaces/interfaces_s__rosidl_typesupport_fastrtps_c.cpython-38-x86_64-linux-gnu.so[0m
[10.015s] [100%] [32m[1mLinking C shared library rosidl_generator_py/interfaces/interfaces_s__rosidl_typesupport_introspection_c.cpython-38-x86_64-linux-gnu.so[0m
[10.049s] [100%] Built target interfaces__rosidl_typesupport_c__pyext
[10.051s] [100%] Built target interfaces__rosidl_typesupport_introspection_c__pyext
[10.075s] [100%] Built target interfaces__rosidl_typesupport_fastrtps_c__pyext
[10.084s] Invoked command in '/home/a/experiment-AI/toTransfer/WebotsSimulations/ros2_ws/build/interfaces' returned '0': CMAKE_PREFIX_PATH=/opt/ros/foxy /usr/bin/cmake --build /home/a/experiment-AI/toTransfer/WebotsSimulations/ros2_ws/build/interfaces -- -j16 -l16
[10.172s] Invoking command in '/home/a/experiment-AI/toTransfer/WebotsSimulations/ros2_ws/build/interfaces': CMAKE_PREFIX_PATH=/opt/ros/foxy /usr/bin/cmake --install /home/a/experiment-AI/toTransfer/WebotsSimulations/ros2_ws/build/interfaces
[10.179s] -- Install configuration: ""
[10.179s] -- Installing: /home/a/experiment-AI/toTransfer/WebotsSimulations/ros2_ws/install/interfaces/share/ament_index/resource_index/rosidl_interfaces/interfaces
[10.179s] -- Installing: /home/a/experiment-AI/toTransfer/WebotsSimulations/ros2_ws/install/interfaces/include/interfaces
[10.180s] -- Installing: /home/a/experiment-AI/toTransfer/WebotsSimulations/ros2_ws/install/interfaces/include/interfaces/msg
[10.180s] -- Installing: /home/a/experiment-AI/toTransfer/WebotsSimulations/ros2_ws/install/interfaces/include/interfaces/msg/driving_result.h
[10.180s] -- Installing: /home/a/experiment-AI/toTransfer/WebotsSimulations/ros2_ws/install/interfaces/include/interfaces/msg/detail
[10.180s] -- Installing: /home/a/experiment-AI/toTransfer/WebotsSimulations/ros2_ws/install/interfaces/include/interfaces/msg/detail/client_command__functions.h
[10.180s] -- Installing: /home/a/experiment-AI/toTransfer/WebotsSimulations/ros2_ws/install/interfaces/include/interfaces/msg/detail/driving_result__functions.h
[10.180s] -- Installing: /home/a/experiment-AI/toTransfer/WebotsSimulations/ros2_ws/install/interfaces/include/interfaces/msg/detail/client_command__struct.h
[10.180s] -- Installing: /home/a/experiment-AI/toTransfer/WebotsSimulations/ros2_ws/install/interfaces/include/interfaces/msg/detail/driving_instruction__functions.c
[10.180s] -- Installing: /home/a/experiment-AI/toTransfer/WebotsSimulations/ros2_ws/install/interfaces/include/interfaces/msg/detail/mon_ackermann_drive__functions.h
[10.180s] -- Installing: /home/a/experiment-AI/toTransfer/WebotsSimulations/ros2_ws/install/interfaces/include/interfaces/msg/detail/mon_ackermann_drive__functions.c
[10.180s] -- Installing: /home/a/experiment-AI/toTransfer/WebotsSimulations/ros2_ws/install/interfaces/include/interfaces/msg/detail/driving_feedback__struct.h
[10.180s] -- Installing: /home/a/experiment-AI/toTransfer/WebotsSimulations/ros2_ws/install/interfaces/include/interfaces/msg/detail/driving_instruction__struct.h
[10.181s] -- Installing: /home/a/experiment-AI/toTransfer/WebotsSimulations/ros2_ws/install/interfaces/include/interfaces/msg/detail/race_params__functions.h
[10.181s] -- Installing: /home/a/experiment-AI/toTransfer/WebotsSimulations/ros2_ws/install/interfaces/include/interfaces/msg/detail/driving_instruction__type_support.h
[10.181s] -- Installing: /home/a/experiment-AI/toTransfer/WebotsSimulations/ros2_ws/install/interfaces/include/interfaces/msg/detail/sensors__functions.h
[10.181s] -- Installing: /home/a/experiment-AI/toTransfer/WebotsSimulations/ros2_ws/install/interfaces/include/interfaces/msg/detail/driving_feedback__type_support.h
[10.181s] -- Installing: /home/a/experiment-AI/toTransfer/WebotsSimulations/ros2_ws/install/interfaces/include/interfaces/msg/detail/mon_ackermann_drive__type_support.h
[10.181s] -- Installing: /home/a/experiment-AI/toTransfer/WebotsSimulations/ros2_ws/install/interfaces/include/interfaces/msg/detail/mon_ackermann_drive__struct.h
[10.181s] -- Installing: /home/a/experiment-AI/toTransfer/WebotsSimulations/ros2_ws/install/interfaces/include/interfaces/msg/detail/sensors__struct.h
[10.181s] -- Installing: /home/a/experiment-AI/toTransfer/WebotsSimulations/ros2_ws/install/interfaces/include/interfaces/msg/detail/race_params__type_support.h
[10.181s] -- Installing: /home/a/experiment-AI/toTransfer/WebotsSimulations/ros2_ws/install/interfaces/include/interfaces/msg/detail/driving_feedback__functions.c
[10.181s] -- Installing: /home/a/experiment-AI/toTransfer/WebotsSimulations/ros2_ws/install/interfaces/include/interfaces/msg/detail/driving_result__type_support.h
[10.182s] -- Installing: /home/a/experiment-AI/toTransfer/WebotsSimulations/ros2_ws/install/interfaces/include/interfaces/msg/detail/race_params__functions.c
[10.182s] -- Installing: /home/a/experiment-AI/toTransfer/WebotsSimulations/ros2_ws/install/interfaces/include/interfaces/msg/detail/driving_feedback__functions.h
[10.182s] -- Installing: /home/a/experiment-AI/toTransfer/WebotsSimulations/ros2_ws/install/interfaces/include/interfaces/msg/detail/sensors__functions.c
[10.182s] -- Installing: /home/a/experiment-AI/toTransfer/WebotsSimulations/ros2_ws/install/interfaces/include/interfaces/msg/detail/driving_result__functions.c
[10.182s] -- Installing: /home/a/experiment-AI/toTransfer/WebotsSimulations/ros2_ws/install/interfaces/include/interfaces/msg/detail/race_params__struct.h
[10.182s] -- Installing: /home/a/experiment-AI/toTransfer/WebotsSimulations/ros2_ws/install/interfaces/include/interfaces/msg/detail/client_command__type_support.h
[10.182s] -- Installing: /home/a/experiment-AI/toTransfer/WebotsSimulations/ros2_ws/install/interfaces/include/interfaces/msg/detail/client_command__functions.c
[10.182s] -- Installing: /home/a/experiment-AI/toTransfer/WebotsSimulations/ros2_ws/install/interfaces/include/interfaces/msg/detail/driving_instruction__functions.h
[10.182s] -- Installing: /home/a/experiment-AI/toTransfer/WebotsSimulations/ros2_ws/install/interfaces/include/interfaces/msg/detail/driving_result__struct.h
[10.182s] -- Installing: /home/a/experiment-AI/toTransfer/WebotsSimulations/ros2_ws/install/interfaces/include/interfaces/msg/detail/sensors__type_support.h
[10.182s] -- Installing: /home/a/experiment-AI/toTransfer/WebotsSimulations/ros2_ws/install/interfaces/include/interfaces/msg/sensors.h
[10.182s] -- Installing: /home/a/experiment-AI/toTransfer/WebotsSimulations/ros2_ws/install/interfaces/include/interfaces/msg/rosidl_generator_c__visibility_control.h
[10.183s] -- Installing: /home/a/experiment-AI/toTransfer/WebotsSimulations/ros2_ws/install/interfaces/include/interfaces/msg/driving_feedback.h
[10.183s] -- Installing: /home/a/experiment-AI/toTransfer/WebotsSimulations/ros2_ws/install/interfaces/include/interfaces/msg/race_params.h
[10.183s] -- Installing: /home/a/experiment-AI/toTransfer/WebotsSimulations/ros2_ws/install/interfaces/include/interfaces/msg/client_command.h
[10.183s] -- Installing: /home/a/experiment-AI/toTransfer/WebotsSimulations/ros2_ws/install/interfaces/include/interfaces/msg/mon_ackermann_drive.h
[10.183s] -- Installing: /home/a/experiment-AI/toTransfer/WebotsSimulations/ros2_ws/install/interfaces/include/interfaces/msg/driving_instruction.h
[10.183s] -- Installing: /home/a/experiment-AI/toTransfer/WebotsSimulations/ros2_ws/install/interfaces/include/interfaces/action
[10.183s] -- Installing: /home/a/experiment-AI/toTransfer/WebotsSimulations/ros2_ws/install/interfaces/include/interfaces/action/detail
[10.183s] -- Installing: /home/a/experiment-AI/toTransfer/WebotsSimulations/ros2_ws/install/interfaces/include/interfaces/action/detail/driver_action__type_support.h
[10.183s] -- Installing: /home/a/experiment-AI/toTransfer/WebotsSimulations/ros2_ws/install/interfaces/include/interfaces/action/detail/driver_action__functions.c
[10.183s] -- Installing: /home/a/experiment-AI/toTransfer/WebotsSimulations/ros2_ws/install/interfaces/include/interfaces/action/detail/driver_action__functions.h
[10.183s] -- Installing: /home/a/experiment-AI/toTransfer/WebotsSimulations/ros2_ws/install/interfaces/include/interfaces/action/detail/driver_action__struct.h
[10.183s] -- Installing: /home/a/experiment-AI/toTransfer/WebotsSimulations/ros2_ws/install/interfaces/include/interfaces/action/driver_action.h
[10.183s] -- Installing: /home/a/experiment-AI/toTransfer/WebotsSimulations/ros2_ws/install/interfaces/share/interfaces/environment/library_path.sh
[10.184s] -- Installing: /home/a/experiment-AI/toTransfer/WebotsSimulations/ros2_ws/install/interfaces/share/interfaces/environment/library_path.dsv
[10.184s] -- Installing: /home/a/experiment-AI/toTransfer/WebotsSimulations/ros2_ws/install/interfaces/lib/libinterfaces__rosidl_generator_c.so
[10.184s] -- Set runtime path of "/home/a/experiment-AI/toTransfer/WebotsSimulations/ros2_ws/install/interfaces/lib/libinterfaces__rosidl_generator_c.so" to ""
[10.184s] -- Up-to-date: /home/a/experiment-AI/toTransfer/WebotsSimulations/ros2_ws/install/interfaces/include/interfaces
[10.184s] -- Up-to-date: /home/a/experiment-AI/toTransfer/WebotsSimulations/ros2_ws/install/interfaces/include/interfaces/msg
[10.184s] -- Up-to-date: /home/a/experiment-AI/toTransfer/WebotsSimulations/ros2_ws/install/interfaces/include/interfaces/msg/detail
[10.184s] -- Installing: /home/a/experiment-AI/toTransfer/WebotsSimulations/ros2_ws/install/interfaces/include/interfaces/msg/detail/client_command__rosidl_typesupport_fastrtps_c.h
[10.184s] -- Installing: /home/a/experiment-AI/toTransfer/WebotsSimulations/ros2_ws/install/interfaces/include/interfaces/msg/detail/race_params__rosidl_typesupport_fastrtps_c.h
[10.184s] -- Installing: /home/a/experiment-AI/toTransfer/WebotsSimulations/ros2_ws/install/interfaces/include/interfaces/msg/detail/mon_ackermann_drive__rosidl_typesupport_fastrtps_c.h
[10.184s] -- Installing: /home/a/experiment-AI/toTransfer/WebotsSimulations/ros2_ws/install/interfaces/include/interfaces/msg/detail/sensors__rosidl_typesupport_fastrtps_c.h
[10.184s] -- Installing: /home/a/experiment-AI/toTransfer/WebotsSimulations/ros2_ws/install/interfaces/include/interfaces/msg/detail/driving_result__rosidl_typesupport_fastrtps_c.h
[10.185s] -- Installing: /home/a/experiment-AI/toTransfer/WebotsSimulations/ros2_ws/install/interfaces/include/interfaces/msg/detail/driving_instruction__rosidl_typesupport_fastrtps_c.h
[10.185s] -- Installing: /home/a/experiment-AI/toTransfer/WebotsSimulations/ros2_ws/install/interfaces/include/interfaces/msg/detail/driving_feedback__rosidl_typesupport_fastrtps_c.h
[10.185s] -- Installing: /home/a/experiment-AI/toTransfer/WebotsSimulations/ros2_ws/install/interfaces/include/interfaces/msg/rosidl_typesupport_fastrtps_c__visibility_control.h
[10.185s] -- Up-to-date: /home/a/experiment-AI/toTransfer/WebotsSimulations/ros2_ws/install/interfaces/include/interfaces/action
[10.185s] -- Up-to-date: /home/a/experiment-AI/toTransfer/WebotsSimulations/ros2_ws/install/interfaces/include/interfaces/action/detail
[10.185s] -- Installing: /home/a/experiment-AI/toTransfer/WebotsSimulations/ros2_ws/install/interfaces/include/interfaces/action/detail/driver_action__rosidl_typesupport_fastrtps_c.h
[10.185s] -- Installing: /home/a/experiment-AI/toTransfer/WebotsSimulations/ros2_ws/install/interfaces/lib/libinterfaces__rosidl_typesupport_fastrtps_c.so
[10.185s] -- Set runtime path of "/home/a/experiment-AI/toTransfer/WebotsSimulations/ros2_ws/install/interfaces/lib/libinterfaces__rosidl_typesupport_fastrtps_c.so" to ""
[10.185s] -- Up-to-date: /home/a/experiment-AI/toTransfer/WebotsSimulations/ros2_ws/install/interfaces/include/interfaces
[10.185s] -- Up-to-date: /home/a/experiment-AI/toTransfer/WebotsSimulations/ros2_ws/install/interfaces/include/interfaces/msg
[10.185s] -- Up-to-date: /home/a/experiment-AI/toTransfer/WebotsSimulations/ros2_ws/install/interfaces/include/interfaces/msg/detail
[10.185s] -- Installing: /home/a/experiment-AI/toTransfer/WebotsSimulations/ros2_ws/install/interfaces/include/interfaces/msg/detail/race_params__rosidl_typesupport_fastrtps_cpp.hpp
[10.186s] -- Installing: /home/a/experiment-AI/toTransfer/WebotsSimulations/ros2_ws/install/interfaces/include/interfaces/msg/detail/client_command__rosidl_typesupport_fastrtps_cpp.hpp
[10.186s] -- Installing: /home/a/experiment-AI/toTransfer/WebotsSimulations/ros2_ws/install/interfaces/include/interfaces/msg/detail/sensors__rosidl_typesupport_fastrtps_cpp.hpp
[10.186s] -- Installing: /home/a/experiment-AI/toTransfer/WebotsSimulations/ros2_ws/install/interfaces/include/interfaces/msg/detail/driving_feedback__rosidl_typesupport_fastrtps_cpp.hpp
[10.186s] -- Installing: /home/a/experiment-AI/toTransfer/WebotsSimulations/ros2_ws/install/interfaces/include/interfaces/msg/detail/mon_ackermann_drive__rosidl_typesupport_fastrtps_cpp.hpp
[10.186s] -- Installing: /home/a/experiment-AI/toTransfer/WebotsSimulations/ros2_ws/install/interfaces/include/interfaces/msg/detail/dds_fastrtps
[10.186s] -- Installing: /home/a/experiment-AI/toTransfer/WebotsSimulations/ros2_ws/install/interfaces/include/interfaces/msg/detail/driving_result__rosidl_typesupport_fastrtps_cpp.hpp
[10.186s] -- Installing: /home/a/experiment-AI/toTransfer/WebotsSimulations/ros2_ws/install/interfaces/include/interfaces/msg/detail/driving_instruction__rosidl_typesupport_fastrtps_cpp.hpp
[10.186s] -- Installing: /home/a/experiment-AI/toTransfer/WebotsSimulations/ros2_ws/install/interfaces/include/interfaces/msg/rosidl_typesupport_fastrtps_cpp__visibility_control.h
[10.186s] -- Up-to-date: /home/a/experiment-AI/toTransfer/WebotsSimulations/ros2_ws/install/interfaces/include/interfaces/action
[10.187s] -- Up-to-date: /home/a/experiment-AI/toTransfer/WebotsSimulations/ros2_ws/install/interfaces/include/interfaces/action/detail
[10.187s] -- Installing: /home/a/experiment-AI/toTransfer/WebotsSimulations/ros2_ws/install/interfaces/include/interfaces/action/detail/driver_action__rosidl_typesupport_fastrtps_cpp.hpp
[10.187s] -- Installing: /home/a/experiment-AI/toTransfer/WebotsSimulations/ros2_ws/install/interfaces/include/interfaces/action/detail/dds_fastrtps
[10.187s] -- Installing: /home/a/experiment-AI/toTransfer/WebotsSimulations/ros2_ws/install/interfaces/lib/libinterfaces__rosidl_typesupport_fastrtps_cpp.so
[10.187s] -- Set runtime path of "/home/a/experiment-AI/toTransfer/WebotsSimulations/ros2_ws/install/interfaces/lib/libinterfaces__rosidl_typesupport_fastrtps_cpp.so" to ""
[10.187s] -- Up-to-date: /home/a/experiment-AI/toTransfer/WebotsSimulations/ros2_ws/install/interfaces/include/interfaces
[10.187s] -- Up-to-date: /home/a/experiment-AI/toTransfer/WebotsSimulations/ros2_ws/install/interfaces/include/interfaces/msg
[10.187s] -- Up-to-date: /home/a/experiment-AI/toTransfer/WebotsSimulations/ros2_ws/install/interfaces/include/interfaces/msg/detail
[10.187s] -- Installing: /home/a/experiment-AI/toTransfer/WebotsSimulations/ros2_ws/install/interfaces/include/interfaces/msg/detail/driving_result__type_support.c
[10.188s] -- Installing: /home/a/experiment-AI/toTransfer/WebotsSimulations/ros2_ws/install/interfaces/include/interfaces/msg/detail/driving_result__rosidl_typesupport_introspection_c.h
[10.188s] -- Installing: /home/a/experiment-AI/toTransfer/WebotsSimulations/ros2_ws/install/interfaces/include/interfaces/msg/detail/driving_feedback__rosidl_typesupport_introspection_c.h
[10.188s] -- Installing: /home/a/experiment-AI/toTransfer/WebotsSimulations/ros2_ws/install/interfaces/include/interfaces/msg/detail/client_command__type_support.c
[10.188s] -- Installing: /home/a/experiment-AI/toTransfer/WebotsSimulations/ros2_ws/install/interfaces/include/interfaces/msg/detail/driving_instruction__type_support.c
[10.188s] -- Installing: /home/a/experiment-AI/toTransfer/WebotsSimulations/ros2_ws/install/interfaces/include/interfaces/msg/detail/sensors__rosidl_typesupport_introspection_c.h
[10.188s] -- Installing: /home/a/experiment-AI/toTransfer/WebotsSimulations/ros2_ws/install/interfaces/include/interfaces/msg/detail/mon_ackermann_drive__type_support.c
[10.188s] -- Installing: /home/a/experiment-AI/toTransfer/WebotsSimulations/ros2_ws/install/interfaces/include/interfaces/msg/detail/driving_feedback__type_support.c
[10.188s] -- Installing: /home/a/experiment-AI/toTransfer/WebotsSimulations/ros2_ws/install/interfaces/include/interfaces/msg/detail/race_params__rosidl_typesupport_introspection_c.h
[10.188s] -- Installing: /home/a/experiment-AI/toTransfer/WebotsSimulations/ros2_ws/install/interfaces/include/interfaces/msg/detail/mon_ackermann_drive__rosidl_typesupport_introspection_c.h
[10.188s] -- Installing: /home/a/experiment-AI/toTransfer/WebotsSimulations/ros2_ws/install/interfaces/include/interfaces/msg/detail/race_params__type_support.c
[10.188s] -- Installing: /home/a/experiment-AI/toTransfer/WebotsSimulations/ros2_ws/install/interfaces/include/interfaces/msg/detail/sensors__type_support.c
[10.188s] -- Installing: /home/a/experiment-AI/toTransfer/WebotsSimulations/ros2_ws/install/interfaces/include/interfaces/msg/detail/driving_instruction__rosidl_typesupport_introspection_c.h
[10.189s] -- Installing: /home/a/experiment-AI/toTransfer/WebotsSimulations/ros2_ws/install/interfaces/include/interfaces/msg/detail/client_command__rosidl_typesupport_introspection_c.h
[10.189s] -- Installing: /home/a/experiment-AI/toTransfer/WebotsSimulations/ros2_ws/install/interfaces/include/interfaces/msg/rosidl_typesupport_introspection_c__visibility_control.h
[10.189s] -- Up-to-date: /home/a/experiment-AI/toTransfer/WebotsSimulations/ros2_ws/install/interfaces/include/interfaces/action
[10.189s] -- Up-to-date: /home/a/experiment-AI/toTransfer/WebotsSimulations/ros2_ws/install/interfaces/include/interfaces/action/detail
[10.189s] -- Installing: /home/a/experiment-AI/toTransfer/WebotsSimulations/ros2_ws/install/interfaces/include/interfaces/action/detail/driver_action__rosidl_typesupport_introspection_c.h
[10.189s] -- Installing: /home/a/experiment-AI/toTransfer/WebotsSimulations/ros2_ws/install/interfaces/include/interfaces/action/detail/driver_action__type_support.c
[10.189s] -- Installing: /home/a/experiment-AI/toTransfer/WebotsSimulations/ros2_ws/install/interfaces/lib/libinterfaces__rosidl_typesupport_introspection_c.so
[10.189s] -- Set runtime path of "/home/a/experiment-AI/toTransfer/WebotsSimulations/ros2_ws/install/interfaces/lib/libinterfaces__rosidl_typesupport_introspection_c.so" to ""
[10.189s] -- Installing: /home/a/experiment-AI/toTransfer/WebotsSimulations/ros2_ws/install/interfaces/lib/libinterfaces__rosidl_typesupport_c.so
[10.189s] -- Set runtime path of "/home/a/experiment-AI/toTransfer/WebotsSimulations/ros2_ws/install/interfaces/lib/libinterfaces__rosidl_typesupport_c.so" to ""
[10.189s] -- Up-to-date: /home/a/experiment-AI/toTransfer/WebotsSimulations/ros2_ws/install/interfaces/include/interfaces
[10.189s] -- Up-to-date: /home/a/experiment-AI/toTransfer/WebotsSimulations/ros2_ws/install/interfaces/include/interfaces/msg
[10.190s] -- Installing: /home/a/experiment-AI/toTransfer/WebotsSimulations/ros2_ws/install/interfaces/include/interfaces/msg/driving_instruction.hpp
[10.190s] -- Up-to-date: /home/a/experiment-AI/toTransfer/WebotsSimulations/ros2_ws/install/interfaces/include/interfaces/msg/detail
[10.190s] -- Installing: /home/a/experiment-AI/toTransfer/WebotsSimulations/ros2_ws/install/interfaces/include/interfaces/msg/detail/driving_instruction__struct.hpp
[10.190s] -- Installing: /home/a/experiment-AI/toTransfer/WebotsSimulations/ros2_ws/install/interfaces/include/interfaces/msg/detail/driving_result__struct.hpp
[10.190s] -- Installing: /home/a/experiment-AI/toTransfer/WebotsSimulations/ros2_ws/install/interfaces/include/interfaces/msg/detail/mon_ackermann_drive__struct.hpp
[10.190s] -- Installing: /home/a/experiment-AI/toTransfer/WebotsSimulations/ros2_ws/install/interfaces/include/interfaces/msg/detail/driving_feedback__traits.hpp
[10.190s] -- Installing: /home/a/experiment-AI/toTransfer/WebotsSimulations/ros2_ws/install/interfaces/include/interfaces/msg/detail/race_params__struct.hpp
[10.190s] -- Installing: /home/a/experiment-AI/toTransfer/WebotsSimulations/ros2_ws/install/interfaces/include/interfaces/msg/detail/driving_result__builder.hpp
[10.190s] -- Installing: /home/a/experiment-AI/toTransfer/WebotsSimulations/ros2_ws/install/interfaces/include/interfaces/msg/detail/client_command__builder.hpp
[10.190s] -- Installing: /home/a/experiment-AI/toTransfer/WebotsSimulations/ros2_ws/install/interfaces/include/interfaces/msg/detail/mon_ackermann_drive__builder.hpp
[10.190s] -- Installing: /home/a/experiment-AI/toTransfer/WebotsSimulations/ros2_ws/install/interfaces/include/interfaces/msg/detail/mon_ackermann_drive__traits.hpp
[10.190s] -- Installing: /home/a/experiment-AI/toTransfer/WebotsSimulations/ros2_ws/install/interfaces/include/interfaces/msg/detail/driving_feedback__struct.hpp
[10.190s] -- Installing: /home/a/experiment-AI/toTransfer/WebotsSimulations/ros2_ws/install/interfaces/include/interfaces/msg/detail/sensors__traits.hpp
[10.190s] -- Installing: /home/a/experiment-AI/toTransfer/WebotsSimulations/ros2_ws/install/interfaces/include/interfaces/msg/detail/driving_result__traits.hpp
[10.191s] -- Installing: /home/a/experiment-AI/toTransfer/WebotsSimulations/ros2_ws/install/interfaces/include/interfaces/msg/detail/race_params__builder.hpp
[10.191s] -- Installing: /home/a/experiment-AI/toTransfer/WebotsSimulations/ros2_ws/install/interfaces/include/interfaces/msg/detail/client_command__struct.hpp
[10.191s] -- Installing: /home/a/experiment-AI/toTransfer/WebotsSimulations/ros2_ws/install/interfaces/include/interfaces/msg/detail/driving_feedback__builder.hpp
[10.191s] -- Installing: /home/a/experiment-AI/toTransfer/WebotsSimulations/ros2_ws/install/interfaces/include/interfaces/msg/detail/driving_instruction__traits.hpp
[10.191s] -- Installing: /home/a/experiment-AI/toTransfer/WebotsSimulations/ros2_ws/install/interfaces/include/interfaces/msg/detail/driving_instruction__builder.hpp
[10.191s] -- Installing: /home/a/experiment-AI/toTransfer/WebotsSimulations/ros2_ws/install/interfaces/include/interfaces/msg/detail/client_command__traits.hpp
[10.191s] -- Installing: /home/a/experiment-AI/toTransfer/WebotsSimulations/ros2_ws/install/interfaces/include/interfaces/msg/detail/race_params__traits.hpp
[10.191s] -- Installing: /home/a/experiment-AI/toTransfer/WebotsSimulations/ros2_ws/install/interfaces/include/interfaces/msg/detail/sensors__builder.hpp
[10.191s] -- Installing: /home/a/experiment-AI/toTransfer/WebotsSimulations/ros2_ws/install/interfaces/include/interfaces/msg/detail/sensors__struct.hpp
[10.191s] -- Installing: /home/a/experiment-AI/toTransfer/WebotsSimulations/ros2_ws/install/interfaces/include/interfaces/msg/race_params.hpp
[10.191s] -- Installing: /home/a/experiment-AI/toTransfer/WebotsSimulations/ros2_ws/install/interfaces/include/interfaces/msg/driving_result.hpp
[10.191s] -- Installing: /home/a/experiment-AI/toTransfer/WebotsSimulations/ros2_ws/install/interfaces/include/interfaces/msg/mon_ackermann_drive.hpp
[10.191s] -- Installing: /home/a/experiment-AI/toTransfer/WebotsSimulations/ros2_ws/install/interfaces/include/interfaces/msg/client_command.hpp
[10.192s] -- Installing: /home/a/experiment-AI/toTransfer/WebotsSimulations/ros2_ws/install/interfaces/include/interfaces/msg/driving_feedback.hpp
[10.192s] -- Installing: /home/a/experiment-AI/toTransfer/WebotsSimulations/ros2_ws/install/interfaces/include/interfaces/msg/sensors.hpp
[10.192s] -- Up-to-date: /home/a/experiment-AI/toTransfer/WebotsSimulations/ros2_ws/install/interfaces/include/interfaces/action
[10.192s] -- Up-to-date: /home/a/experiment-AI/toTransfer/WebotsSimulations/ros2_ws/install/interfaces/include/interfaces/action/detail
[10.192s] -- Installing: /home/a/experiment-AI/toTransfer/WebotsSimulations/ros2_ws/install/interfaces/include/interfaces/action/detail/driver_action__builder.hpp
[10.192s] -- Installing: /home/a/experiment-AI/toTransfer/WebotsSimulations/ros2_ws/install/interfaces/include/interfaces/action/detail/driver_action__traits.hpp
[10.192s] -- Installing: /home/a/experiment-AI/toTransfer/WebotsSimulations/ros2_ws/install/interfaces/include/interfaces/action/detail/driver_action__struct.hpp
[10.192s] -- Installing: /home/a/experiment-AI/toTransfer/WebotsSimulations/ros2_ws/install/interfaces/include/interfaces/action/driver_action.hpp
[10.192s] -- Up-to-date: /home/a/experiment-AI/toTransfer/WebotsSimulations/ros2_ws/install/interfaces/include/interfaces
[10.192s] -- Up-to-date: /home/a/experiment-AI/toTransfer/WebotsSimulations/ros2_ws/install/interfaces/include/interfaces/msg
[10.192s] -- Up-to-date: /home/a/experiment-AI/toTransfer/WebotsSimulations/ros2_ws/install/interfaces/include/interfaces/msg/detail
[10.192s] -- Installing: /home/a/experiment-AI/toTransfer/WebotsSimulations/ros2_ws/install/interfaces/include/interfaces/msg/detail/mon_ackermann_drive__rosidl_typesupport_introspection_cpp.hpp
[10.192s] -- Installing: /home/a/experiment-AI/toTransfer/WebotsSimulations/ros2_ws/install/interfaces/include/interfaces/msg/detail/driving_result__rosidl_typesupport_introspection_cpp.hpp
[10.192s] -- Installing: /home/a/experiment-AI/toTransfer/WebotsSimulations/ros2_ws/install/interfaces/include/interfaces/msg/detail/sensors__rosidl_typesupport_introspection_cpp.hpp
[10.193s] -- Installing: /home/a/experiment-AI/toTransfer/WebotsSimulations/ros2_ws/install/interfaces/include/interfaces/msg/detail/race_params__type_support.cpp
[10.193s] -- Installing: /home/a/experiment-AI/toTransfer/WebotsSimulations/ros2_ws/install/interfaces/include/interfaces/msg/detail/driving_instruction__type_support.cpp
[10.193s] -- Installing: /home/a/experiment-AI/toTransfer/WebotsSimulations/ros2_ws/install/interfaces/include/interfaces/msg/detail/driving_feedback__type_support.cpp
[10.193s] -- Installing: /home/a/experiment-AI/toTransfer/WebotsSimulations/ros2_ws/install/interfaces/include/interfaces/msg/detail/driving_instruction__rosidl_typesupport_introspection_cpp.hpp
[10.193s] -- Installing: /home/a/experiment-AI/toTransfer/WebotsSimulations/ros2_ws/install/interfaces/include/interfaces/msg/detail/driving_feedback__rosidl_typesupport_introspection_cpp.hpp
[10.193s] -- Installing: /home/a/experiment-AI/toTransfer/WebotsSimulations/ros2_ws/install/interfaces/include/interfaces/msg/detail/mon_ackermann_drive__type_support.cpp
[10.193s] -- Installing: /home/a/experiment-AI/toTransfer/WebotsSimulations/ros2_ws/install/interfaces/include/interfaces/msg/detail/client_command__rosidl_typesupport_introspection_cpp.hpp
[10.193s] -- Installing: /home/a/experiment-AI/toTransfer/WebotsSimulations/ros2_ws/install/interfaces/include/interfaces/msg/detail/client_command__type_support.cpp
[10.193s] -- Installing: /home/a/experiment-AI/toTransfer/WebotsSimulations/ros2_ws/install/interfaces/include/interfaces/msg/detail/race_params__rosidl_typesupport_introspection_cpp.hpp
[10.193s] -- Installing: /home/a/experiment-AI/toTransfer/WebotsSimulations/ros2_ws/install/interfaces/include/interfaces/msg/detail/driving_result__type_support.cpp
[10.193s] -- Installing: /home/a/experiment-AI/toTransfer/WebotsSimulations/ros2_ws/install/interfaces/include/interfaces/msg/detail/sensors__type_support.cpp
[10.193s] -- Up-to-date: /home/a/experiment-AI/toTransfer/WebotsSimulations/ros2_ws/install/interfaces/include/interfaces/action
[10.193s] -- Up-to-date: /home/a/experiment-AI/toTransfer/WebotsSimulations/ros2_ws/install/interfaces/include/interfaces/action/detail
[10.193s] -- Installing: /home/a/experiment-AI/toTransfer/WebotsSimulations/ros2_ws/install/interfaces/include/interfaces/action/detail/driver_action__type_support.cpp
[10.193s] -- Installing: /home/a/experiment-AI/toTransfer/WebotsSimulations/ros2_ws/install/interfaces/include/interfaces/action/detail/driver_action__rosidl_typesupport_introspection_cpp.hpp
[10.193s] -- Installing: /home/a/experiment-AI/toTransfer/WebotsSimulations/ros2_ws/install/interfaces/lib/libinterfaces__rosidl_typesupport_introspection_cpp.so
[10.194s] -- Set runtime path of "/home/a/experiment-AI/toTransfer/WebotsSimulations/ros2_ws/install/interfaces/lib/libinterfaces__rosidl_typesupport_introspection_cpp.so" to ""
[10.194s] -- Installing: /home/a/experiment-AI/toTransfer/WebotsSimulations/ros2_ws/install/interfaces/lib/libinterfaces__rosidl_typesupport_cpp.so
[10.194s] -- Set runtime path of "/home/a/experiment-AI/toTransfer/WebotsSimulations/ros2_ws/install/interfaces/lib/libinterfaces__rosidl_typesupport_cpp.so" to ""
[10.194s] -- Installing: /home/a/experiment-AI/toTransfer/WebotsSimulations/ros2_ws/install/interfaces/share/interfaces/environment/pythonpath.sh
[10.194s] -- Installing: /home/a/experiment-AI/toTransfer/WebotsSimulations/ros2_ws/install/interfaces/share/interfaces/environment/pythonpath.dsv
[10.194s] -- Installing: /home/a/experiment-AI/toTransfer/WebotsSimulations/ros2_ws/install/interfaces/lib/python3.8/site-packages/interfaces/__init__.py
[10.215s] Compiling '/home/a/experiment-AI/toTransfer/WebotsSimulations/ros2_ws/install/interfaces/lib/python3.8/site-packages/interfaces/__init__.py'...
[10.218s] -- Installing: /home/a/experiment-AI/toTransfer/WebotsSimulations/ros2_ws/install/interfaces/lib/python3.8/site-packages/interfaces/msg
[10.218s] -- Installing: /home/a/experiment-AI/toTransfer/WebotsSimulations/ros2_ws/install/interfaces/lib/python3.8/site-packages/interfaces/msg/_sensors.py
[10.218s] -- Installing: /home/a/experiment-AI/toTransfer/WebotsSimulations/ros2_ws/install/interfaces/lib/python3.8/site-packages/interfaces/msg/_driving_feedback.py
[10.218s] -- Installing: /home/a/experiment-AI/toTransfer/WebotsSimulations/ros2_ws/install/interfaces/lib/python3.8/site-packages/interfaces/msg/_driving_result_s.c
[10.218s] -- Installing: /home/a/experiment-AI/toTransfer/WebotsSimulations/ros2_ws/install/interfaces/lib/python3.8/site-packages/interfaces/msg/_race_params_s.c
[10.218s] -- Installing: /home/a/experiment-AI/toTransfer/WebotsSimulations/ros2_ws/install/interfaces/lib/python3.8/site-packages/interfaces/msg/_mon_ackermann_drive.py
[10.219s] -- Installing: /home/a/experiment-AI/toTransfer/WebotsSimulations/ros2_ws/install/interfaces/lib/python3.8/site-packages/interfaces/msg/_mon_ackermann_drive_s.c
[10.219s] -- Installing: /home/a/experiment-AI/toTransfer/WebotsSimulations/ros2_ws/install/interfaces/lib/python3.8/site-packages/interfaces/msg/_sensors_s.c
[10.219s] -- Installing: /home/a/experiment-AI/toTransfer/WebotsSimulations/ros2_ws/install/interfaces/lib/python3.8/site-packages/interfaces/msg/__init__.py
[10.219s] -- Installing: /home/a/experiment-AI/toTransfer/WebotsSimulations/ros2_ws/install/interfaces/lib/python3.8/site-packages/interfaces/msg/_driving_result.py
[10.219s] -- Installing: /home/a/experiment-AI/toTransfer/WebotsSimulations/ros2_ws/install/interfaces/lib/python3.8/site-packages/interfaces/msg/_driving_feedback_s.c
[10.219s] -- Installing: /home/a/experiment-AI/toTransfer/WebotsSimulations/ros2_ws/install/interfaces/lib/python3.8/site-packages/interfaces/msg/_driving_instruction_s.c
[10.219s] -- Installing: /home/a/experiment-AI/toTransfer/WebotsSimulations/ros2_ws/install/interfaces/lib/python3.8/site-packages/interfaces/msg/_client_command_s.c
[10.219s] -- Installing: /home/a/experiment-AI/toTransfer/WebotsSimulations/ros2_ws/install/interfaces/lib/python3.8/site-packages/interfaces/msg/_client_command.py
[10.219s] -- Installing: /home/a/experiment-AI/toTransfer/WebotsSimulations/ros2_ws/install/interfaces/lib/python3.8/site-packages/interfaces/msg/_driving_instruction.py
[10.219s] -- Installing: /home/a/experiment-AI/toTransfer/WebotsSimulations/ros2_ws/install/interfaces/lib/python3.8/site-packages/interfaces/msg/_race_params.py
[10.219s] -- Installing: /home/a/experiment-AI/toTransfer/WebotsSimulations/ros2_ws/install/interfaces/lib/python3.8/site-packages/interfaces/action
[10.219s] -- Installing: /home/a/experiment-AI/toTransfer/WebotsSimulations/ros2_ws/install/interfaces/lib/python3.8/site-packages/interfaces/action/__init__.py
[10.220s] -- Installing: /home/a/experiment-AI/toTransfer/WebotsSimulations/ros2_ws/install/interfaces/lib/python3.8/site-packages/interfaces/action/_driver_action_s.c
[10.220s] -- Installing: /home/a/experiment-AI/toTransfer/WebotsSimulations/ros2_ws/install/interfaces/lib/python3.8/site-packages/interfaces/action/_driver_action.py
[10.220s] -- Installing: /home/a/experiment-AI/toTransfer/WebotsSimulations/ros2_ws/install/interfaces/lib/python3.8/site-packages/interfaces/interfaces_s__rosidl_typesupport_fastrtps_c.cpython-38-x86_64-linux-gnu.so
[10.220s] -- Set runtime path of "/home/a/experiment-AI/toTransfer/WebotsSimulations/ros2_ws/install/interfaces/lib/python3.8/site-packages/interfaces/interfaces_s__rosidl_typesupport_fastrtps_c.cpython-38-x86_64-linux-gnu.so" to ""
[10.220s] -- Installing: /home/a/experiment-AI/toTransfer/WebotsSimulations/ros2_ws/install/interfaces/lib/python3.8/site-packages/interfaces/interfaces_s__rosidl_typesupport_introspection_c.cpython-38-x86_64-linux-gnu.so
[10.220s] -- Set runtime path of "/home/a/experiment-AI/toTransfer/WebotsSimulations/ros2_ws/install/interfaces/lib/python3.8/site-packages/interfaces/interfaces_s__rosidl_typesupport_introspection_c.cpython-38-x86_64-linux-gnu.so" to ""
[10.220s] -- Installing: /home/a/experiment-AI/toTransfer/WebotsSimulations/ros2_ws/install/interfaces/lib/python3.8/site-packages/interfaces/interfaces_s__rosidl_typesupport_c.cpython-38-x86_64-linux-gnu.so
[10.221s] -- Set runtime path of "/home/a/experiment-AI/toTransfer/WebotsSimulations/ros2_ws/install/interfaces/lib/python3.8/site-packages/interfaces/interfaces_s__rosidl_typesupport_c.cpython-38-x86_64-linux-gnu.so" to ""
[10.221s] -- Installing: /home/a/experiment-AI/toTransfer/WebotsSimulations/ros2_ws/install/interfaces/lib/libinterfaces__python.so
[10.221s] -- Set runtime path of "/home/a/experiment-AI/toTransfer/WebotsSimulations/ros2_ws/install/interfaces/lib/libinterfaces__python.so" to ""
[10.221s] -- Installing: /home/a/experiment-AI/toTransfer/WebotsSimulations/ros2_ws/install/interfaces/share/interfaces/msg/DrivingFeedback.idl
[10.221s] -- Installing: /home/a/experiment-AI/toTransfer/WebotsSimulations/ros2_ws/install/interfaces/share/interfaces/msg/DrivingInstruction.idl
[10.221s] -- Installing: /home/a/experiment-AI/toTransfer/WebotsSimulations/ros2_ws/install/interfaces/share/interfaces/msg/DrivingResult.idl
[10.221s] -- Installing: /home/a/experiment-AI/toTransfer/WebotsSimulations/ros2_ws/install/interfaces/share/interfaces/msg/MonAckermannDrive.idl
[10.221s] -- Installing: /home/a/experiment-AI/toTransfer/WebotsSimulations/ros2_ws/install/interfaces/share/interfaces/msg/Sensors.idl
[10.222s] -- Installing: /home/a/experiment-AI/toTransfer/WebotsSimulations/ros2_ws/install/interfaces/share/interfaces/msg/ClientCommand.idl
[10.222s] -- Installing: /home/a/experiment-AI/toTransfer/WebotsSimulations/ros2_ws/install/interfaces/share/interfaces/msg/RaceParams.idl
[10.222s] -- Installing: /home/a/experiment-AI/toTransfer/WebotsSimulations/ros2_ws/install/interfaces/share/interfaces/action/DriverAction.idl
[10.222s] -- Installing: /home/a/experiment-AI/toTransfer/WebotsSimulations/ros2_ws/install/interfaces/share/interfaces/msg/DrivingFeedback.msg
[10.222s] -- Installing: /home/a/experiment-AI/toTransfer/WebotsSimulations/ros2_ws/install/interfaces/share/interfaces/msg/DrivingInstruction.msg
[10.222s] -- Installing: /home/a/experiment-AI/toTransfer/WebotsSimulations/ros2_ws/install/interfaces/share/interfaces/msg/DrivingResult.msg
[10.222s] -- Installing: /home/a/experiment-AI/toTransfer/WebotsSimulations/ros2_ws/install/interfaces/share/interfaces/msg/MonAckermannDrive.msg
[10.222s] -- Installing: /home/a/experiment-AI/toTransfer/WebotsSimulations/ros2_ws/install/interfaces/share/interfaces/msg/Sensors.msg
[10.222s] -- Installing: /home/a/experiment-AI/toTransfer/WebotsSimulations/ros2_ws/install/interfaces/share/interfaces/msg/ClientCommand.msg
[10.222s] -- Installing: /home/a/experiment-AI/toTransfer/WebotsSimulations/ros2_ws/install/interfaces/share/interfaces/msg/RaceParams.msg
[10.222s] -- Installing: /home/a/experiment-AI/toTransfer/WebotsSimulations/ros2_ws/install/interfaces/share/interfaces/action/DriverAction.action
[10.222s] -- Installing: /home/a/experiment-AI/toTransfer/WebotsSimulations/ros2_ws/install/interfaces/share/ament_index/resource_index/package_run_dependencies/interfaces
[10.223s] -- Installing: /home/a/experiment-AI/toTransfer/WebotsSimulations/ros2_ws/install/interfaces/share/ament_index/resource_index/parent_prefix_path/interfaces
[10.223s] -- Installing: /home/a/experiment-AI/toTransfer/WebotsSimulations/ros2_ws/install/interfaces/share/interfaces/environment/ament_prefix_path.sh
[10.223s] -- Installing: /home/a/experiment-AI/toTransfer/WebotsSimulations/ros2_ws/install/interfaces/share/interfaces/environment/ament_prefix_path.dsv
[10.223s] -- Installing: /home/a/experiment-AI/toTransfer/WebotsSimulations/ros2_ws/install/interfaces/share/interfaces/environment/path.sh
[10.223s] -- Installing: /home/a/experiment-AI/toTransfer/WebotsSimulations/ros2_ws/install/interfaces/share/interfaces/environment/path.dsv
[10.223s] -- Installing: /home/a/experiment-AI/toTransfer/WebotsSimulations/ros2_ws/install/interfaces/share/interfaces/local_setup.bash
[10.223s] -- Installing: /home/a/experiment-AI/toTransfer/WebotsSimulations/ros2_ws/install/interfaces/share/interfaces/local_setup.sh
[10.223s] -- Installing: /home/a/experiment-AI/toTransfer/WebotsSimulations/ros2_ws/install/interfaces/share/interfaces/local_setup.zsh
[10.223s] -- Installing: /home/a/experiment-AI/toTransfer/WebotsSimulations/ros2_ws/install/interfaces/share/interfaces/local_setup.dsv
[10.223s] -- Installing: /home/a/experiment-AI/toTransfer/WebotsSimulations/ros2_ws/install/interfaces/share/interfaces/package.dsv
[10.224s] -- Installing: /home/a/experiment-AI/toTransfer/WebotsSimulations/ros2_ws/install/interfaces/share/ament_index/resource_index/packages/interfaces
[10.224s] -- Installing: /home/a/experiment-AI/toTransfer/WebotsSimulations/ros2_ws/install/interfaces/share/interfaces/cmake/interfaces__rosidl_generator_cExport.cmake
[10.224s] -- Installing: /home/a/experiment-AI/toTransfer/WebotsSimulations/ros2_ws/install/interfaces/share/interfaces/cmake/interfaces__rosidl_generator_cExport-noconfig.cmake
[10.224s] -- Installing: /home/a/experiment-AI/toTransfer/WebotsSimulations/ros2_ws/install/interfaces/share/interfaces/cmake/interfaces__rosidl_typesupport_introspection_cExport.cmake
[10.224s] -- Installing: /home/a/experiment-AI/toTransfer/WebotsSimulations/ros2_ws/install/interfaces/share/interfaces/cmake/interfaces__rosidl_typesupport_introspection_cExport-noconfig.cmake
[10.224s] -- Installing: /home/a/experiment-AI/toTransfer/WebotsSimulations/ros2_ws/install/interfaces/share/interfaces/cmake/interfaces__rosidl_typesupport_cExport.cmake
[10.224s] -- Installing: /home/a/experiment-AI/toTransfer/WebotsSimulations/ros2_ws/install/interfaces/share/interfaces/cmake/interfaces__rosidl_typesupport_cExport-noconfig.cmake
[10.224s] -- Installing: /home/a/experiment-AI/toTransfer/WebotsSimulations/ros2_ws/install/interfaces/share/interfaces/cmake/interfaces__rosidl_generator_cppExport.cmake
[10.225s] -- Installing: /home/a/experiment-AI/toTransfer/WebotsSimulations/ros2_ws/install/interfaces/share/interfaces/cmake/interfaces__rosidl_typesupport_introspection_cppExport.cmake
[10.225s] -- Installing: /home/a/experiment-AI/toTransfer/WebotsSimulations/ros2_ws/install/interfaces/share/interfaces/cmake/interfaces__rosidl_typesupport_introspection_cppExport-noconfig.cmake
[10.225s] -- Installing: /home/a/experiment-AI/toTransfer/WebotsSimulations/ros2_ws/install/interfaces/share/interfaces/cmake/interfaces__rosidl_typesupport_cppExport.cmake
[10.225s] -- Installing: /home/a/experiment-AI/toTransfer/WebotsSimulations/ros2_ws/install/interfaces/share/interfaces/cmake/interfaces__rosidl_typesupport_cppExport-noconfig.cmake
[10.225s] -- Installing: /home/a/experiment-AI/toTransfer/WebotsSimulations/ros2_ws/install/interfaces/share/interfaces/cmake/rosidl_cmake-extras.cmake
[10.225s] -- Installing: /home/a/experiment-AI/toTransfer/WebotsSimulations/ros2_ws/install/interfaces/share/interfaces/cmake/ament_cmake_export_dependencies-extras.cmake
[10.225s] -- Installing: /home/a/experiment-AI/toTransfer/WebotsSimulations/ros2_ws/install/interfaces/share/interfaces/cmake/ament_cmake_export_libraries-extras.cmake
[10.225s] -- Installing: /home/a/experiment-AI/toTransfer/WebotsSimulations/ros2_ws/install/interfaces/share/interfaces/cmake/ament_cmake_export_targets-extras.cmake
[10.225s] -- Installing: /home/a/experiment-AI/toTransfer/WebotsSimulations/ros2_ws/install/interfaces/share/interfaces/cmake/ament_cmake_export_include_directories-extras.cmake
[10.225s] -- Installing: /home/a/experiment-AI/toTransfer/WebotsSimulations/ros2_ws/install/interfaces/share/interfaces/cmake/rosidl_cmake_export_typesupport_libraries-extras.cmake
[10.226s] -- Installing: /home/a/experiment-AI/toTransfer/WebotsSimulations/ros2_ws/install/interfaces/share/interfaces/cmake/rosidl_cmake_export_typesupport_targets-extras.cmake
[10.226s] -- Installing: /home/a/experiment-AI/toTransfer/WebotsSimulations/ros2_ws/install/interfaces/share/interfaces/cmake/interfacesConfig.cmake
[10.226s] -- Installing: /home/a/experiment-AI/toTransfer/WebotsSimulations/ros2_ws/install/interfaces/share/interfaces/cmake/interfacesConfig-version.cmake
[10.226s] -- Installing: /home/a/experiment-AI/toTransfer/WebotsSimulations/ros2_ws/install/interfaces/share/interfaces/package.xml
[10.228s] Invoked command in '/home/a/experiment-AI/toTransfer/WebotsSimulations/ros2_ws/build/interfaces' returned '0': CMAKE_PREFIX_PATH=/opt/ros/foxy /usr/bin/cmake --install /home/a/experiment-AI/toTransfer/WebotsSimulations/ros2_ws/build/interfaces
