/home/a/experiment-AI/toTransfer/WebotsSimulations/ros2_ws/install/sim_nav_v1/lib/python3.8/site-packages/sim_nav_v1/__init__.py
/home/a/experiment-AI/toTransfer/WebotsSimulations/ros2_ws/install/sim_nav_v1/lib/python3.8/site-packages/sim_nav_v1/my_robot_driver.py
/home/a/experiment-AI/toTransfer/WebotsSimulations/ros2_ws/install/sim_nav_v1/lib/python3.8/site-packages/sim_nav_v1/__pycache__/__init__.cpython-38.pyc
/home/a/experiment-AI/toTransfer/WebotsSimulations/ros2_ws/install/sim_nav_v1/lib/python3.8/site-packages/sim_nav_v1/__pycache__/my_robot_driver.cpython-38.pyc
/home/a/experiment-AI/toTransfer/WebotsSimulations/ros2_ws/install/sim_nav_v1/share/ament_index/resource_index/packages/sim_nav_v1
/home/a/experiment-AI/toTransfer/WebotsSimulations/ros2_ws/install/sim_nav_v1/share/sim_nav_v1/launch/sim_driver_launch.py
/home/a/experiment-AI/toTransfer/WebotsSimulations/ros2_ws/install/sim_nav_v1/share/sim_nav_v1/resource/my_robot.urdf
/home/a/experiment-AI/toTransfer/WebotsSimulations/ros2_ws/install/sim_nav_v1/share/sim_nav_v1/config/my_robot.tf2
/home/a/experiment-AI/toTransfer/WebotsSimulations/ros2_ws/install/sim_nav_v1/share/sim_nav_v1/worlds/my_world.wbt
/home/a/experiment-AI/toTransfer/WebotsSimulations/ros2_ws/install/sim_nav_v1/share/sim_nav_v1/protos/TT02.proto
/home/a/experiment-AI/toTransfer/WebotsSimulations/ros2_ws/install/sim_nav_v1/share/sim_nav_v1/protos/016.2-Carrosserie realiste.stl
/home/a/experiment-AI/toTransfer/WebotsSimulations/ros2_ws/install/sim_nav_v1/share/sim_nav_v1/protos/TT02Wheel.proto
/home/a/experiment-AI/toTransfer/WebotsSimulations/ros2_ws/install/sim_nav_v1/share/sim_nav_v1/package.xml
/home/a/experiment-AI/toTransfer/WebotsSimulations/ros2_ws/install/sim_nav_v1/lib/python3.8/site-packages/sim_nav_v1-0.0.0-py3.8.egg-info/dependency_links.txt
/home/a/experiment-AI/toTransfer/WebotsSimulations/ros2_ws/install/sim_nav_v1/lib/python3.8/site-packages/sim_nav_v1-0.0.0-py3.8.egg-info/requires.txt
/home/a/experiment-AI/toTransfer/WebotsSimulations/ros2_ws/install/sim_nav_v1/lib/python3.8/site-packages/sim_nav_v1-0.0.0-py3.8.egg-info/SOURCES.txt
/home/a/experiment-AI/toTransfer/WebotsSimulations/ros2_ws/install/sim_nav_v1/lib/python3.8/site-packages/sim_nav_v1-0.0.0-py3.8.egg-info/top_level.txt
/home/a/experiment-AI/toTransfer/WebotsSimulations/ros2_ws/install/sim_nav_v1/lib/python3.8/site-packages/sim_nav_v1-0.0.0-py3.8.egg-info/zip-safe
/home/a/experiment-AI/toTransfer/WebotsSimulations/ros2_ws/install/sim_nav_v1/lib/python3.8/site-packages/sim_nav_v1-0.0.0-py3.8.egg-info/entry_points.txt
/home/a/experiment-AI/toTransfer/WebotsSimulations/ros2_ws/install/sim_nav_v1/lib/python3.8/site-packages/sim_nav_v1-0.0.0-py3.8.egg-info/PKG-INFO
/home/a/experiment-AI/toTransfer/WebotsSimulations/ros2_ws/install/sim_nav_v1/lib/sim_nav_v1/my_robot_driver
