/home/a/experiment-AI/toTransfer/WebotsSimulations/ros2_ws/install/hardware_nav_v1/lib/python3.8/site-packages/hardware_nav_v1/motor.py
/home/a/experiment-AI/toTransfer/WebotsSimulations/ros2_ws/install/hardware_nav_v1/lib/python3.8/site-packages/hardware_nav_v1/__init__.py
/home/a/experiment-AI/toTransfer/WebotsSimulations/ros2_ws/install/hardware_nav_v1/lib/python3.8/site-packages/hardware_nav_v1/servo.py
/home/a/experiment-AI/toTransfer/WebotsSimulations/ros2_ws/install/hardware_nav_v1/lib/python3.8/site-packages/hardware_nav_v1/driver.py
/home/a/experiment-AI/toTransfer/WebotsSimulations/ros2_ws/install/hardware_nav_v1/lib/python3.8/site-packages/hardware_nav_v1/__pycache__/motor.cpython-38.pyc
/home/a/experiment-AI/toTransfer/WebotsSimulations/ros2_ws/install/hardware_nav_v1/lib/python3.8/site-packages/hardware_nav_v1/__pycache__/__init__.cpython-38.pyc
/home/a/experiment-AI/toTransfer/WebotsSimulations/ros2_ws/install/hardware_nav_v1/lib/python3.8/site-packages/hardware_nav_v1/__pycache__/servo.cpython-38.pyc
/home/a/experiment-AI/toTransfer/WebotsSimulations/ros2_ws/install/hardware_nav_v1/lib/python3.8/site-packages/hardware_nav_v1/__pycache__/driver.cpython-38.pyc
/home/a/experiment-AI/toTransfer/WebotsSimulations/ros2_ws/install/hardware_nav_v1/share/ament_index/resource_index/packages/hardware_nav_v1
/home/a/experiment-AI/toTransfer/WebotsSimulations/ros2_ws/install/hardware_nav_v1/share/hardware_nav_v1/launch/real_driver_launch.py
/home/a/experiment-AI/toTransfer/WebotsSimulations/ros2_ws/install/hardware_nav_v1/share/hardware_nav_v1/package.xml
/home/a/experiment-AI/toTransfer/WebotsSimulations/ros2_ws/install/hardware_nav_v1/lib/python3.8/site-packages/hardware_nav_v1-0.0.0-py3.8.egg-info/dependency_links.txt
/home/a/experiment-AI/toTransfer/WebotsSimulations/ros2_ws/install/hardware_nav_v1/lib/python3.8/site-packages/hardware_nav_v1-0.0.0-py3.8.egg-info/requires.txt
/home/a/experiment-AI/toTransfer/WebotsSimulations/ros2_ws/install/hardware_nav_v1/lib/python3.8/site-packages/hardware_nav_v1-0.0.0-py3.8.egg-info/SOURCES.txt
/home/a/experiment-AI/toTransfer/WebotsSimulations/ros2_ws/install/hardware_nav_v1/lib/python3.8/site-packages/hardware_nav_v1-0.0.0-py3.8.egg-info/top_level.txt
/home/a/experiment-AI/toTransfer/WebotsSimulations/ros2_ws/install/hardware_nav_v1/lib/python3.8/site-packages/hardware_nav_v1-0.0.0-py3.8.egg-info/zip-safe
/home/a/experiment-AI/toTransfer/WebotsSimulations/ros2_ws/install/hardware_nav_v1/lib/python3.8/site-packages/hardware_nav_v1-0.0.0-py3.8.egg-info/entry_points.txt
/home/a/experiment-AI/toTransfer/WebotsSimulations/ros2_ws/install/hardware_nav_v1/lib/python3.8/site-packages/hardware_nav_v1-0.0.0-py3.8.egg-info/PKG-INFO
/home/a/experiment-AI/toTransfer/WebotsSimulations/ros2_ws/install/hardware_nav_v1/lib/hardware_nav_v1/driver
/home/a/experiment-AI/toTransfer/WebotsSimulations/ros2_ws/install/hardware_nav_v1/lib/hardware_nav_v1/motor
/home/a/experiment-AI/toTransfer/WebotsSimulations/ros2_ws/install/hardware_nav_v1/lib/hardware_nav_v1/servo
