[1.199s] Invoking command in '/home/a/experiment-AI/toTransfer/WebotsSimulations/ros2_ws/src/hardware_nav_v1': PYTHONPATH=/home/a/experiment-AI/toTransfer/WebotsSimulations/ros2_ws/build/hardware_nav_v1/prefix_override:/home/a/experiment-AI/toTransfer/WebotsSimulations/ros2_ws/install/hardware_nav_v1/lib/python3.8/site-packages:${PYTHONPATH} /usr/bin/python3 setup.py egg_info --egg-base ../../build/hardware_nav_v1 build --build-base /home/a/experiment-AI/toTransfer/WebotsSimulations/ros2_ws/build/hardware_nav_v1/build install --record /home/a/experiment-AI/toTransfer/WebotsSimulations/ros2_ws/build/hardware_nav_v1/install.log --install-scripts $base/lib/hardware_nav_v1 --single-version-externally-managed
[1.396s] running egg_info
[1.396s] writing ../../build/hardware_nav_v1/hardware_nav_v1.egg-info/PKG-INFO
[1.396s] writing dependency_links to ../../build/hardware_nav_v1/hardware_nav_v1.egg-info/dependency_links.txt
[1.397s] writing entry points to ../../build/hardware_nav_v1/hardware_nav_v1.egg-info/entry_points.txt
[1.397s] writing requirements to ../../build/hardware_nav_v1/hardware_nav_v1.egg-info/requires.txt
[1.397s] writing top-level names to ../../build/hardware_nav_v1/hardware_nav_v1.egg-info/top_level.txt
[1.431s] reading manifest file '../../build/hardware_nav_v1/hardware_nav_v1.egg-info/SOURCES.txt'
[1.432s] writing manifest file '../../build/hardware_nav_v1/hardware_nav_v1.egg-info/SOURCES.txt'
[1.432s] running build
[1.432s] running build_py
[1.433s] running install
[1.433s] running install_lib
[1.435s] running install_data
[1.435s] running install_egg_info
[1.441s] removing '/home/a/experiment-AI/toTransfer/WebotsSimulations/ros2_ws/install/hardware_nav_v1/lib/python3.8/site-packages/hardware_nav_v1-0.0.0-py3.8.egg-info' (and everything under it)
[1.441s] Copying ../../build/hardware_nav_v1/hardware_nav_v1.egg-info to /home/a/experiment-AI/toTransfer/WebotsSimulations/ros2_ws/install/hardware_nav_v1/lib/python3.8/site-packages/hardware_nav_v1-0.0.0-py3.8.egg-info
[1.441s] running install_scripts
[1.454s] Installing driver script to /home/a/experiment-AI/toTransfer/WebotsSimulations/ros2_ws/install/hardware_nav_v1/lib/hardware_nav_v1
[1.454s] Installing motor script to /home/a/experiment-AI/toTransfer/WebotsSimulations/ros2_ws/install/hardware_nav_v1/lib/hardware_nav_v1
[1.454s] Installing servo script to /home/a/experiment-AI/toTransfer/WebotsSimulations/ros2_ws/install/hardware_nav_v1/lib/hardware_nav_v1
[1.454s] writing list of installed files to '/home/a/experiment-AI/toTransfer/WebotsSimulations/ros2_ws/build/hardware_nav_v1/install.log'
[1.471s] Invoked command in '/home/a/experiment-AI/toTransfer/WebotsSimulations/ros2_ws/src/hardware_nav_v1' returned '0': PYTHONPATH=/home/a/experiment-AI/toTransfer/WebotsSimulations/ros2_ws/build/hardware_nav_v1/prefix_override:/home/a/experiment-AI/toTransfer/WebotsSimulations/ros2_ws/install/hardware_nav_v1/lib/python3.8/site-packages:${PYTHONPATH} /usr/bin/python3 setup.py egg_info --egg-base ../../build/hardware_nav_v1 build --build-base /home/a/experiment-AI/toTransfer/WebotsSimulations/ros2_ws/build/hardware_nav_v1/build install --record /home/a/experiment-AI/toTransfer/WebotsSimulations/ros2_ws/build/hardware_nav_v1/install.log --install-scripts $base/lib/hardware_nav_v1 --single-version-externally-managed
