/home/a/experiment-AI/toTransfer/WebotsSimulations/ros2_ws/install/my_package/lib/python3.8/site-packages/my_package/brain_node_manual.py
/home/a/experiment-AI/toTransfer/WebotsSimulations/ros2_ws/install/my_package/lib/python3.8/site-packages/my_package/plotter_node.py
/home/a/experiment-AI/toTransfer/WebotsSimulations/ros2_ws/install/my_package/lib/python3.8/site-packages/my_package/__init__.py
/home/a/experiment-AI/toTransfer/WebotsSimulations/ros2_ws/install/my_package/lib/python3.8/site-packages/my_package/brain_node_calibrate.py
/home/a/experiment-AI/toTransfer/WebotsSimulations/ros2_ws/install/my_package/lib/python3.8/site-packages/my_package/lidar_preprocessing.py
/home/a/experiment-AI/toTransfer/WebotsSimulations/ros2_ws/install/my_package/lib/python3.8/site-packages/my_package/brain_node_MTD.py
/home/a/experiment-AI/toTransfer/WebotsSimulations/ros2_ws/install/my_package/lib/python3.8/site-packages/my_package/aeb.py
/home/a/experiment-AI/toTransfer/WebotsSimulations/ros2_ws/install/my_package/lib/python3.8/site-packages/my_package/communication_node.py
/home/a/experiment-AI/toTransfer/WebotsSimulations/ros2_ws/install/my_package/lib/python3.8/site-packages/my_package/brain_node_minimal.py
/home/a/experiment-AI/toTransfer/WebotsSimulations/ros2_ws/install/my_package/lib/python3.8/site-packages/my_package/brain_node.py
/home/a/experiment-AI/toTransfer/WebotsSimulations/ros2_ws/install/my_package/lib/python3.8/site-packages/my_package/__pycache__/brain_node_manual.cpython-38.pyc
/home/a/experiment-AI/toTransfer/WebotsSimulations/ros2_ws/install/my_package/lib/python3.8/site-packages/my_package/__pycache__/plotter_node.cpython-38.pyc
/home/a/experiment-AI/toTransfer/WebotsSimulations/ros2_ws/install/my_package/lib/python3.8/site-packages/my_package/__pycache__/__init__.cpython-38.pyc
/home/a/experiment-AI/toTransfer/WebotsSimulations/ros2_ws/install/my_package/lib/python3.8/site-packages/my_package/__pycache__/brain_node_calibrate.cpython-38.pyc
/home/a/experiment-AI/toTransfer/WebotsSimulations/ros2_ws/install/my_package/lib/python3.8/site-packages/my_package/__pycache__/lidar_preprocessing.cpython-38.pyc
/home/a/experiment-AI/toTransfer/WebotsSimulations/ros2_ws/install/my_package/lib/python3.8/site-packages/my_package/__pycache__/brain_node_MTD.cpython-38.pyc
/home/a/experiment-AI/toTransfer/WebotsSimulations/ros2_ws/install/my_package/lib/python3.8/site-packages/my_package/__pycache__/aeb.cpython-38.pyc
/home/a/experiment-AI/toTransfer/WebotsSimulations/ros2_ws/install/my_package/lib/python3.8/site-packages/my_package/__pycache__/communication_node.cpython-38.pyc
/home/a/experiment-AI/toTransfer/WebotsSimulations/ros2_ws/install/my_package/lib/python3.8/site-packages/my_package/__pycache__/brain_node_minimal.cpython-38.pyc
/home/a/experiment-AI/toTransfer/WebotsSimulations/ros2_ws/install/my_package/lib/python3.8/site-packages/my_package/__pycache__/brain_node.cpython-38.pyc
/home/a/experiment-AI/toTransfer/WebotsSimulations/ros2_ws/install/my_package/share/ament_index/resource_index/packages/my_package
/home/a/experiment-AI/toTransfer/WebotsSimulations/ros2_ws/install/my_package/share/my_package/launch/robot_launch.py
/home/a/experiment-AI/toTransfer/WebotsSimulations/ros2_ws/install/my_package/share/my_package/config/mapper_params_online_async.yaml
/home/a/experiment-AI/toTransfer/WebotsSimulations/ros2_ws/install/my_package/share/my_package/config/calibrate_activity_profiles.csv
/home/a/experiment-AI/toTransfer/WebotsSimulations/ros2_ws/install/my_package/share/my_package/package.xml
/home/a/experiment-AI/toTransfer/WebotsSimulations/ros2_ws/install/my_package/lib/python3.8/site-packages/my_package-0.0.0-py3.8.egg-info/dependency_links.txt
/home/a/experiment-AI/toTransfer/WebotsSimulations/ros2_ws/install/my_package/lib/python3.8/site-packages/my_package-0.0.0-py3.8.egg-info/requires.txt
/home/a/experiment-AI/toTransfer/WebotsSimulations/ros2_ws/install/my_package/lib/python3.8/site-packages/my_package-0.0.0-py3.8.egg-info/SOURCES.txt
/home/a/experiment-AI/toTransfer/WebotsSimulations/ros2_ws/install/my_package/lib/python3.8/site-packages/my_package-0.0.0-py3.8.egg-info/top_level.txt
/home/a/experiment-AI/toTransfer/WebotsSimulations/ros2_ws/install/my_package/lib/python3.8/site-packages/my_package-0.0.0-py3.8.egg-info/zip-safe
/home/a/experiment-AI/toTransfer/WebotsSimulations/ros2_ws/install/my_package/lib/python3.8/site-packages/my_package-0.0.0-py3.8.egg-info/entry_points.txt
/home/a/experiment-AI/toTransfer/WebotsSimulations/ros2_ws/install/my_package/lib/python3.8/site-packages/my_package-0.0.0-py3.8.egg-info/PKG-INFO
/home/a/experiment-AI/toTransfer/WebotsSimulations/ros2_ws/install/my_package/lib/my_package/brain_node
/home/a/experiment-AI/toTransfer/WebotsSimulations/ros2_ws/install/my_package/lib/my_package/brain_node_MTD
/home/a/experiment-AI/toTransfer/WebotsSimulations/ros2_ws/install/my_package/lib/my_package/brain_node_calibrate
/home/a/experiment-AI/toTransfer/WebotsSimulations/ros2_ws/install/my_package/lib/my_package/brain_node_manual
/home/a/experiment-AI/toTransfer/WebotsSimulations/ros2_ws/install/my_package/lib/my_package/brain_node_minimal
/home/a/experiment-AI/toTransfer/WebotsSimulations/ros2_ws/install/my_package/lib/my_package/communication_node
/home/a/experiment-AI/toTransfer/WebotsSimulations/ros2_ws/install/my_package/lib/my_package/lidar_preprocessing
/home/a/experiment-AI/toTransfer/WebotsSimulations/ros2_ws/install/my_package/lib/my_package/plotter_node
